[2020-05-12 22:28:10] This is codeql execute queries -J-Xmx1024M --off-heap-ram=1024 --verbosity=progress --logdir=/Users/alexoneill/Documents/GitHub/OSC-Code/Tools/LGTM/DB_Storage/packages_srcDB/log --ml-model-path=/Users/alexoneill/Documents/GitHub/OSC-Code/Tools/LGTM --native-library-path=/Users/alexoneill/Documents/GitHub/OSC-Code/Tools/LGTM --warnings=show --no-rerun --output=/Users/alexoneill/Documents/GitHub/OSC-Code/Tools/LGTM/DB_Storage/packages_srcDB/results -- /Users/alexoneill/Documents/GitHub/OSC-Code/Tools/LGTM/DB_Storage/packages_srcDB/db-javascript /Users/alexoneill/Documents/GitHub/OSC-Code/Tools/LGTM/OSC_CodeQueries/customCodeInjection2.ql
[2020-05-12 22:28:10] Calling plumbing command: codeql resolve queries --format=json -- /Users/alexoneill/Documents/GitHub/OSC-Code/Tools/LGTM/OSC_CodeQueries/customCodeInjection2.ql
[2020-05-12 22:28:10] Plumbing command codeql resolve queries completed:
                      [
                        "/Users/alexoneill/Documents/GitHub/OSC-Code/Tools/LGTM/OSC_CodeQueries/customCodeInjection2.ql"
                      ]
[2020-05-12 22:28:10] Creating executor with 1 threads.
[2020-05-12 22:28:11] Calling plumbing command: codeql resolve library-path --query=/Users/alexoneill/Documents/GitHub/OSC-Code/Tools/LGTM/OSC_CodeQueries/customCodeInjection2.ql --format=json
[2020-05-12 22:28:11] [DETAILS] resolve library-path> Resolving query at normalized path /Users/alexoneill/Documents/GitHub/OSC-Code/Tools/LGTM/OSC_CodeQueries/customCodeInjection2.ql.
[2020-05-12 22:28:11] [DETAILS] resolve library-path> Found enclosing pack 'OSC-codeql-javascript' at /Users/alexoneill/Documents/GitHub/OSC-Code/Tools/LGTM/OSC_CodeQueries.
[2020-05-12 22:28:11] [DETAILS] resolve library-path> Adding compilation cache at /Users/alexoneill/Documents/GitHub/OSC-Code/Tools/LGTM/OSC_CodeQueries/.cache.
[2020-05-12 22:28:11] [DETAILS] resolve library-path> Resolving library dependencies from /Users/alexoneill/Documents/GitHub/OSC-Code/Tools/LGTM/OSC_CodeQueries/qlpack.yml.
[2020-05-12 22:28:11] [SPAMMIER] resolve library-path> Recursing into /Users/alexoneill/Documents/GitHub/OSC-Code/Tools/LGTM.
[2020-05-12 22:28:11] [SPAMMIER] resolve library-path> Recursing into /Users/alexoneill/Documents/GitHub/OSC-Code/Tools/LGTM/ql.
[2020-05-12 22:28:11] [DETAILS] resolve library-path> QL pack dependencies for /Users/alexoneill/Documents/GitHub/OSC-Code/Tools/LGTM/OSC_CodeQueries resolved OK.
[2020-05-12 22:28:11] [DETAILS] resolve library-path> Found dbscheme through QL packs: /Users/alexoneill/Documents/GitHub/OSC-Code/Tools/LGTM/ql/javascript/ql/src/semmlecode.javascript.dbscheme.
[2020-05-12 22:28:11] Plumbing command codeql resolve library-path completed:
                      {
                        "libraryPath" : [
                          "/Users/alexoneill/Documents/GitHub/OSC-Code/Tools/LGTM/OSC_CodeQueries",
                          "/Users/alexoneill/Documents/GitHub/OSC-Code/Tools/LGTM/ql/javascript/ql/src"
                        ],
                        "dbscheme" : "/Users/alexoneill/Documents/GitHub/OSC-Code/Tools/LGTM/ql/javascript/ql/src/semmlecode.javascript.dbscheme",
                        "compilationCache" : [
                          "/Users/alexoneill/Documents/GitHub/OSC-Code/Tools/LGTM/OSC_CodeQueries/.cache"
                        ],
                        "relativeName" : "OSC-codeql-javascript/customCodeInjection2.ql"
                      }
[2020-05-12 22:28:11] [PROGRESS] execute queries> Compiling query plan for /Users/alexoneill/Documents/GitHub/OSC-Code/Tools/LGTM/OSC_CodeQueries/customCodeInjection2.ql.
[2020-05-12 22:28:11] [DETAILS] execute queries> Resolving imports for /Users/alexoneill/Documents/GitHub/OSC-Code/Tools/LGTM/OSC_CodeQueries/customCodeInjection2.ql.
[2020-05-12 22:28:12] Resolved file set for /Users/alexoneill/Documents/GitHub/OSC-Code/Tools/LGTM/OSC_CodeQueries/customCodeInjection2.ql hashes to 87637a4fe0b533e81a6d52666555596f1b76f7b3.
[2020-05-12 22:28:12] [DETAILS] execute queries> Compilation cache hit for /Users/alexoneill/Documents/GitHub/OSC-Code/Tools/LGTM/OSC_CodeQueries/customCodeInjection2.ql.
[2020-05-12 22:28:12] [PROGRESS] execute queries> [1/1] Compiled /Users/alexoneill/Documents/GitHub/OSC-Code/Tools/LGTM/OSC_CodeQueries/customCodeInjection2.ql (819ms).
[2020-05-12 22:28:12] Of 82 predicates, 0 are used in more than one query.
[2020-05-12 22:28:12] [PROGRESS] execute queries> Starting evaluation of OSC-codeql-javascript/customCodeInjection2.ql.
[2020-05-12 22:28:12] Starting evaluation of /Users/alexoneill/Documents/GitHub/OSC-Code/Tools/LGTM/OSC_CodeQueries/customCodeInjection2.ql
[2020-05-12 22:28:12] (0s) Start query execution
[2020-05-12 22:28:12] (0s) Prepared IMB program for execution: took 0ms
[2020-05-12 22:28:12] (0s) Beginning execution of program...
[2020-05-12 22:28:13] (1s)  >>> Wrote relation hasLocation with 4229376 rows and 2 columns.
[2020-05-12 22:28:13] (1s)  >>> Wrote relation exprs with 1351094 rows and 5 columns.
[2020-05-12 22:28:13] (1s) Starting to evaluate predicate exprs_10#join_rhs/2@265842
[2020-05-12 22:28:14] (1s)  >>> Wrote relation exprs_10#join_rhs with 1351094 rows and 2 columns.
[2020-05-12 22:28:14] (1s) Starting to evaluate predicate Expr::InvokeExpr#class#f/1@518887
[2020-05-12 22:28:14] (1s)  >>> Wrote relation Expr::InvokeExpr#class#f with 79367 rows and 1 columns.
[2020-05-12 22:28:14] (1s) Starting to evaluate predicate exprs_230#join_rhs/3@f7a3ae
[2020-05-12 22:28:14] (2s)  >>> Wrote relation exprs_230#join_rhs with 1351094 rows and 3 columns.
[2020-05-12 22:28:14] (2s) Starting to evaluate predicate TypeScript::TypeAssertion#class#f/1@972b9c
[2020-05-12 22:28:14] (2s)  >>> Wrote relation TypeScript::TypeAssertion#class#f with 1 rows and 1 columns.
[2020-05-12 22:28:14] (2s) Starting to evaluate predicate Expr::SeqExpr::getOperand_dispred#fff#antijoin_rhs/1@5410b8
[2020-05-12 22:28:14] (2s)  >>> Wrote relation Expr::SeqExpr::getOperand_dispred#fff#antijoin_rhs with 1992 rows and 1 columns.
[2020-05-12 22:28:14] (2s) Starting to evaluate predicate exprs_203#join_rhs/3@dc63c1
[2020-05-12 22:28:14] (2s)  >>> Wrote relation exprs_203#join_rhs with 1351094 rows and 3 columns.
[2020-05-12 22:28:14] (2s) Starting to evaluate predicate Expr::SeqExpr::getOperand_dispred#fff/3@14bb8b
[2020-05-12 22:28:14] (2s)  >>> Wrote relation Expr::SeqExpr::getOperand_dispred#fff with 5589 rows and 3 columns.
[2020-05-12 22:28:14] (2s) Starting to evaluate predicate project#Expr::SeqExpr::getOperand_dispred#fff/1@441dcc
[2020-05-12 22:28:14] (2s)  >>> Wrote relation project#Expr::SeqExpr::getOperand_dispred#fff with 1992 rows and 1 columns.
[2020-05-12 22:28:14] (2s) Starting to evaluate predicate Expr::SeqExpr::getOperand_dispred#fff_02#count_range/2@465fc6
[2020-05-12 22:28:14] (2s)  >>> Wrote relation Expr::SeqExpr::getOperand_dispred#fff_02#count_range with 5589 rows and 2 columns.
[2020-05-12 22:28:14] (2s) Starting to evaluate predicate Expr::SeqExpr::getNumOperands_dispred#ff#join_rhs/2@ae202c
[2020-05-12 22:28:14] (2s)  >>> Wrote relation Expr::SeqExpr::getNumOperands_dispred#ff#join_rhs with 1992 rows and 2 columns.
[2020-05-12 22:28:14] (2s) Starting to evaluate predicate Expr::SeqExpr::getNumOperands_dispred#ff/2@eecc9c
[2020-05-12 22:28:14] (2s)  >>> Wrote relation Expr::SeqExpr::getNumOperands_dispred#ff with 1992 rows and 2 columns.
[2020-05-12 22:28:14] (2s) Starting to evaluate predicate Expr::SeqExpr::getLastOperand_dispred#bf/2@418475
[2020-05-12 22:28:14] (2s)  >>> Wrote relation Expr::SeqExpr::getLastOperand_dispred#bf with 1992 rows and 2 columns.
[2020-05-12 22:28:14] (2s) Starting to evaluate predicate Expr::SeqExpr::getLastOperand_dispred#bf_10#join_rhs/2@5382b9
[2020-05-12 22:28:14] (2s)  >>> Wrote relation Expr::SeqExpr::getLastOperand_dispred#bf_10#join_rhs with 1992 rows and 2 columns.
[2020-05-12 22:28:14] (2s) Starting to evaluate predicate exprs_032#join_rhs/3@6d0b98
[2020-05-12 22:28:14] (2s)  >>> Wrote relation exprs_032#join_rhs with 1351094 rows and 3 columns.
[2020-05-12 22:28:14] (2s) Starting to evaluate predicate m#Expr::ExprOrType::getUnderlyingValue_dispred#bf#join_rhs#1/1@bb1502
[2020-05-12 22:28:14] (2s)  >>> Wrote relation m#Expr::ExprOrType::getUnderlyingValue_dispred#bf#join_rhs#1 with 10566 rows and 1 columns.
[2020-05-12 22:28:14] (2s) Starting to evaluate predicate m#Expr::ExprOrType::getUnderlyingValue_dispred#bf#join_rhs/1@65eb3d
[2020-05-12 22:28:14] (2s)  >>> Wrote relation m#Expr::ExprOrType::getUnderlyingValue_dispred#bf#join_rhs with 51035 rows and 1 columns.
[2020-05-12 22:28:14] (2s) Starting to evaluate predicate m#Expr::ExprOrType::getUnderlyingValue_dispred#bf#cur_delta/1[1]@7408cb (iteration 1)
[2020-05-12 22:28:14] (2s) 			 - m#Expr::ExprOrType::getUnderlyingValue_dispred#bf_delta has 79367 rows (order for disjuncts: delta=<standard>).
[2020-05-12 22:28:14] (2s) Starting to evaluate predicate m#Expr::ExprOrType::getUnderlyingValue_dispred#bf#cur_delta/1[2]@1d4910 (iteration 2)
[2020-05-12 22:28:14] (2s) 			 - m#Expr::ExprOrType::getUnderlyingValue_dispred#bf_delta has 694 rows (order for disjuncts: delta=10000).
[2020-05-12 22:28:14] (2s) Starting to evaluate predicate m#Expr::ExprOrType::getUnderlyingValue_dispred#bf#cur_delta/1[3]@e79dcf (iteration 3)
[2020-05-12 22:28:14] (2s) 			 - m#Expr::ExprOrType::getUnderlyingValue_dispred#bf_delta has 387 rows (order for disjuncts: delta=1000).
[2020-05-12 22:28:14] (2s) Starting to evaluate predicate m#Expr::ExprOrType::getUnderlyingValue_dispred#bf#cur_delta/1[4]@064204 (iteration 4)
[2020-05-12 22:28:14] (2s) Empty delta for m#Expr::ExprOrType::getUnderlyingValue_dispred#bf_delta (order for disjuncts: delta=100).
[2020-05-12 22:28:14] (2s) Accumulating deltas
[2020-05-12 22:28:14] (2s)  >>> Wrote relation m#Expr::ExprOrType::getUnderlyingValue_dispred#bf with 80448 rows and 1 columns.
[2020-05-12 22:28:14] (2s) Starting to evaluate predicate Expr::ExprOrType::getUnderlyingValue_dispred#bf#join_rhs#3/2@15a788
[2020-05-12 22:28:14] (2s)  >>> Wrote relation Expr::ExprOrType::getUnderlyingValue_dispred#bf#join_rhs#3 with 0 rows and 2 columns.
[2020-05-12 22:28:14] (2s) Starting to evaluate predicate Expr::ExprOrType::getUnderlyingValue_dispred#bf#join_rhs#2/2@71470e
[2020-05-12 22:28:14] (2s)  >>> Wrote relation Expr::ExprOrType::getUnderlyingValue_dispred#bf#join_rhs#2 with 385 rows and 2 columns.
[2020-05-12 22:28:14] (2s) Starting to evaluate predicate Expr::ExprOrType::getUnderlyingValue_dispred#bf#join_rhs#1/2@7b63f8
[2020-05-12 22:28:14] (2s)  >>> Wrote relation Expr::ExprOrType::getUnderlyingValue_dispred#bf#join_rhs#1 with 694 rows and 2 columns.
[2020-05-12 22:28:14] (2s) Starting to evaluate predicate Expr::ExprOrType::getUnderlyingValue_dispred#bf#join_rhs/2@38aba1
[2020-05-12 22:28:14] (2s)  >>> Wrote relation Expr::ExprOrType::getUnderlyingValue_dispred#bf#join_rhs with 2 rows and 2 columns.
[2020-05-12 22:28:14] (2s) Starting to evaluate predicate Expr::ExprOrType_not_AssignExpr_ParExpr_SeqExpr_TypeAssertion#b/1@510907
[2020-05-12 22:28:14] (2s)  >>> Wrote relation Expr::ExprOrType_not_AssignExpr_ParExpr_SeqExpr_TypeAssertion#b with 79367 rows and 1 columns.
[2020-05-12 22:28:14] (2s) Starting to evaluate predicate Expr::ExprOrType::getUnderlyingValue_dispred#bf#cur_delta/2[1]@f648d3 (iteration 1)
[2020-05-12 22:28:14] (2s) 			 - Expr::ExprOrType::getUnderlyingValue_dispred#bf_delta has 79367 rows (order for disjuncts: delta=<standard>).
[2020-05-12 22:28:14] (2s) Starting to evaluate predicate Expr::ExprOrType::getUnderlyingValue_dispred#bf#cur_delta/2[2]@efde60 (iteration 2)
[2020-05-12 22:28:14] (2s) 			 - Expr::ExprOrType::getUnderlyingValue_dispred#bf_delta has 694 rows (order for disjuncts: delta=10000).
[2020-05-12 22:28:14] (2s) Starting to evaluate predicate Expr::ExprOrType::getUnderlyingValue_dispred#bf#cur_delta/2[3]@0575dc (iteration 3)
[2020-05-12 22:28:14] (2s) 			 - Expr::ExprOrType::getUnderlyingValue_dispred#bf_delta has 387 rows (order for disjuncts: delta=1000).
[2020-05-12 22:28:14] (2s) Starting to evaluate predicate Expr::ExprOrType::getUnderlyingValue_dispred#bf#cur_delta/2[4]@82fa56 (iteration 4)
[2020-05-12 22:28:14] (2s) Empty delta for Expr::ExprOrType::getUnderlyingValue_dispred#bf_delta (order for disjuncts: delta=100).
[2020-05-12 22:28:14] (2s) Accumulating deltas
[2020-05-12 22:28:14] (2s)  >>> Wrote relation Expr::ExprOrType::getUnderlyingValue_dispred#bf with 80448 rows and 2 columns.
[2020-05-12 22:28:14] (2s)  >>> Wrote relation literals with 772530 rows and 3 columns.
[2020-05-12 22:28:14] (2s) Starting to evaluate predicate literals_02#join_rhs/2@fa79e1
[2020-05-12 22:28:15] (2s)  >>> Wrote relation literals_02#join_rhs with 772530 rows and 2 columns.
[2020-05-12 22:28:15] (2s) Starting to evaluate predicate Expr::Literal#class#b/1@15ba84
[2020-05-12 22:28:15] (2s)  >>> Wrote relation Expr::Literal#class#b with 6741 rows and 1 columns.
[2020-05-12 22:28:15] (2s) Starting to evaluate predicate @varref#f/1@69ec91
[2020-05-12 22:28:15] (2s)  >>> Wrote relation @varref#f with 372664 rows and 1 columns.
[2020-05-12 22:28:15] (2s) Starting to evaluate predicate Expr::Identifier#class#f/1@fb5f36
[2020-05-12 22:28:15] (2s)  >>> Wrote relation Expr::Identifier#class#f with 612153 rows and 1 columns.
[2020-05-12 22:28:15] (2s) Starting to evaluate predicate Expr::Identifier::getName#ff/2@971baa
[2020-05-12 22:28:15] (3s)  >>> Wrote relation Expr::Identifier::getName#ff with 612153 rows and 2 columns.
[2020-05-12 22:28:15] (3s) Starting to evaluate predicate Expr::Identifier::getName_dispred#ff/2@22d21e
[2020-05-12 22:28:15] (3s)  >>> Wrote relation Expr::Identifier::getName_dispred#ff with 612153 rows and 2 columns.
[2020-05-12 22:28:15] (3s) Starting to evaluate predicate Expr::PropAccess::getPropertyName_dispred#fb/2@d7612a
[2020-05-12 22:28:15] (3s)  >>> Wrote relation Expr::PropAccess::getPropertyName_dispred#fb with 6 rows and 2 columns.
[2020-05-12 22:28:15] (3s) Starting to evaluate predicate Expr::InvokeExpr::getCalleeName_dispred#fb#cpe#1/1@c9efd9
[2020-05-12 22:28:15] (3s)  >>> Wrote relation Expr::InvokeExpr::getCalleeName_dispred#fb#cpe#1 with 10 rows and 1 columns.
[2020-05-12 22:28:15] (3s) Starting to evaluate predicate AST::ASTNode::getLocation_dispred#bf/2@c7d881
[2020-05-12 22:28:15] (3s)  >>> Wrote relation AST::ASTNode::getLocation_dispred#bf with 10 rows and 2 columns.
[2020-05-12 22:28:15] (3s) Starting to evaluate predicate exprs_0#antijoin_rhs/1@7d20bb
[2020-05-12 22:28:15] (3s)  >>> Wrote relation exprs_0#antijoin_rhs with 1351094 rows and 1 columns.
[2020-05-12 22:28:15] (3s) Starting to evaluate predicate #select#query#ffffffff#shared#1/2@181991
[2020-05-12 22:28:15] (3s)  >>> Wrote relation #select#query#ffffffff#shared#1 with 0 rows and 2 columns.
[2020-05-12 22:28:15] (3s) Starting to evaluate predicate #select#query#ffffffff#shared/2@567a6c
[2020-05-12 22:28:15] (3s)  >>> Wrote relation #select#query#ffffffff#shared with 10 rows and 2 columns.
[2020-05-12 22:28:15] (3s) Starting to evaluate predicate #select#query#ffffffff#shared#2/4@187e9f
[2020-05-12 22:28:15] (3s)  >>> Wrote relation #select#query#ffffffff#shared#2 with 10 rows and 4 columns.
[2020-05-12 22:28:16] (4s)  >>> Wrote relation locations_default with 3313663 rows and 6 columns.
[2020-05-12 22:28:16] (4s)  >>> Wrote relation files with 1131 rows and 5 columns.
[2020-05-12 22:28:16] (4s) Starting to evaluate predicate Locations::Location::hasLocationInfo_dispred#bfffff/6@8d2803
[2020-05-12 22:28:16] (4s)  >>> Wrote relation Locations::Location::hasLocationInfo_dispred#bfffff with 10 rows and 6 columns.
[2020-05-12 22:28:16] (4s) Starting to evaluate predicate #select#query#ffffffff#antijoin_rhs/3@0f1869
[2020-05-12 22:28:16] (4s)  >>> Wrote relation #select#query#ffffffff#antijoin_rhs with 10 rows and 3 columns.
[2020-05-12 22:28:16] (4s) Starting to evaluate predicate #select#query#ffffffff/8@a4f61b
[2020-05-12 22:28:16] (4s)  >>> Wrote relation #select#query#ffffffff with 10 rows and 8 columns.
[2020-05-12 22:28:16] (4s) Query done
[2020-05-12 22:28:16] CSV_CACHE_DIFF: Operation,Overall time,NONE,LOAD_EXTENSIONAL,PAGE_RELATION,SORT_RELATION,NODUPS_RELATION,GLOBAL_DISK_SYNC,GLOBAL_TRIM_DISK,GLOBAL_TRIM_STRINGS,GLOBAL_EVICTOR,SCAN_DISK,IO_TRIMMING,IO_WRITING
[2020-05-12 22:28:16] CSV_CACHE_DIFF: #select#query#ffffffff (customCodeInjection2.ql),4.068,1.087,2.25,0.35,0.266,0.08,0,0,0,0,0,0,0
[2020-05-12 22:28:16] (4s) Sequence stamp origin is -6727736024128267503
[2020-05-12 22:28:16] (4s) Stopped the world to sync to disk at sequence stamp o+0
[2020-05-12 22:28:16] (4s) Starting the world again
[2020-05-12 22:28:16] CSV_IMB_QUERIES: Query type,Query predicate,Query name,Stage,Success,Time,Number of results,Cumulative time in query
[2020-05-12 22:28:16] CSV_IMB_QUERIES: Query,#select#query#ffffffff,customCodeInjection2.ql,1,Success,4.068,10,4101
[2020-05-12 22:28:16] Evaluation of /Users/alexoneill/Documents/GitHub/OSC-Code/Tools/LGTM/OSC_CodeQueries/customCodeInjection2.ql produced BQRS results
[2020-05-12 22:28:16] [PROGRESS] execute queries> [1/1] Evaluation done (4.2s); writing results to OSC-codeql-javascript/customCodeInjection2.bqrs.
[2020-05-12 22:28:16] [PROGRESS] execute queries> Shutting down query evaluator.
[2020-05-12 22:28:16] Stopped the world to close the cache at sequence stamp o+1
[2020-05-12 22:28:16] The disk cache is freshly trimmed; leave it be.
[2020-05-12 22:28:16] Starting the world again
[2020-05-12 22:28:16] Terminating normally.
