[2020-05-13 17:00:25] This is codeql database create --language=javascript --source-root /Users/alexoneill/Documents/GitHub/OSC-Code/Tools/LGTM/ext_JS_src/jquery-migrate-3.1.0 /Users/alexoneill/Documents/GitHub/OSC-Code/Tools/LGTM/DB_Storage/jquery-migrate-3-1-0DB
[2020-05-13 17:00:25] Log file was started late.
[2020-05-13 17:00:25] Using autobuild script /Users/alexoneill/Documents/GitHub/OSC-Code/Tools/LGTM/codeql/javascript/tools/autobuild.sh.
[2020-05-13 17:00:25] [DETAILS] database create> Detected autobuild command: /Users/alexoneill/Documents/GitHub/OSC-Code/Tools/LGTM/codeql/javascript/tools/autobuild.sh.
[2020-05-13 17:00:25] [PROGRESS] database create> Running command [/Users/alexoneill/Documents/GitHub/OSC-Code/Tools/LGTM/codeql/javascript/tools/autobuild.sh] in /Users/alexoneill/Documents/GitHub/OSC-Code/Tools/LGTM/ext_JS_src/jquery-migrate-3.1.0.
[2020-05-13 17:00:25] Running plumbing command: codeql database trace-command --working-dir=/Users/alexoneill/Documents/GitHub/OSC-Code/Tools/LGTM/ext_JS_src/jquery-migrate-3.1.0 -- /Users/alexoneill/Documents/GitHub/OSC-Code/Tools/LGTM/DB_Storage/jquery-migrate-3-1-0DB /Users/alexoneill/Documents/GitHub/OSC-Code/Tools/LGTM/codeql/javascript/tools/autobuild.sh
[2020-05-13 17:00:25] [PROGRESS] database trace-command> /Users/alexoneill/Documents/GitHub/OSC-Code/Tools/LGTM/DB_Storage/jquery-migrate-3-1-0DB: Running in /Users/alexoneill/Documents/GitHub/OSC-Code/Tools/LGTM/ext_JS_src/jquery-migrate-3.1.0: [/Users/alexoneill/Documents/GitHub/OSC-Code/Tools/LGTM/codeql/javascript/tools/autobuild.sh]
[2020-05-13 17:00:26] [build] Single-threaded extraction.
[2020-05-13 17:00:26] [build] Extracting /Users/alexoneill/Documents/GitHub/OSC-Code/Tools/LGTM/ext_JS_src/jquery-migrate-3.1.0/package/Gruntfile.js
[2020-05-13 17:00:26] [build] Done extracting /Users/alexoneill/Documents/GitHub/OSC-Code/Tools/LGTM/ext_JS_src/jquery-migrate-3.1.0/package/Gruntfile.js (190 ms)
[2020-05-13 17:00:26] [build] Extracting /Users/alexoneill/Documents/GitHub/OSC-Code/Tools/LGTM/ext_JS_src/jquery-migrate-3.1.0/package/test/testinit.js
[2020-05-13 17:00:26] [build] Done extracting /Users/alexoneill/Documents/GitHub/OSC-Code/Tools/LGTM/ext_JS_src/jquery-migrate-3.1.0/package/test/testinit.js (51 ms)
[2020-05-13 17:00:26] [build] Extracting /Users/alexoneill/Documents/GitHub/OSC-Code/Tools/LGTM/ext_JS_src/jquery-migrate-3.1.0/package/test/event-props-concat.html
[2020-05-13 17:00:26] [build] Done extracting /Users/alexoneill/Documents/GitHub/OSC-Code/Tools/LGTM/ext_JS_src/jquery-migrate-3.1.0/package/test/event-props-concat.html (40 ms)
[2020-05-13 17:00:26] [build] Extracting /Users/alexoneill/Documents/GitHub/OSC-Code/Tools/LGTM/ext_JS_src/jquery-migrate-3.1.0/package/test/event-ready.html
[2020-05-13 17:00:26] [build] Done extracting /Users/alexoneill/Documents/GitHub/OSC-Code/Tools/LGTM/ext_JS_src/jquery-migrate-3.1.0/package/test/event-ready.html (7 ms)
[2020-05-13 17:00:26] [build] Extracting /Users/alexoneill/Documents/GitHub/OSC-Code/Tools/LGTM/ext_JS_src/jquery-migrate-3.1.0/package/test/index.html
[2020-05-13 17:00:26] [build] Done extracting /Users/alexoneill/Documents/GitHub/OSC-Code/Tools/LGTM/ext_JS_src/jquery-migrate-3.1.0/package/test/index.html (6 ms)
[2020-05-13 17:00:26] [build] Extracting /Users/alexoneill/Documents/GitHub/OSC-Code/Tools/LGTM/ext_JS_src/jquery-migrate-3.1.0/package/test/offset.js
[2020-05-13 17:00:26] [build] Done extracting /Users/alexoneill/Documents/GitHub/OSC-Code/Tools/LGTM/ext_JS_src/jquery-migrate-3.1.0/package/test/offset.js (14 ms)
[2020-05-13 17:00:26] [build] Extracting /Users/alexoneill/Documents/GitHub/OSC-Code/Tools/LGTM/ext_JS_src/jquery-migrate-3.1.0/package/test/iframeTest.js
[2020-05-13 17:00:26] [build] Done extracting /Users/alexoneill/Documents/GitHub/OSC-Code/Tools/LGTM/ext_JS_src/jquery-migrate-3.1.0/package/test/iframeTest.js (12 ms)
[2020-05-13 17:00:26] [build] Extracting /Users/alexoneill/Documents/GitHub/OSC-Code/Tools/LGTM/ext_JS_src/jquery-migrate-3.1.0/package/test/event-props.html
[2020-05-13 17:00:26] [build] Done extracting /Users/alexoneill/Documents/GitHub/OSC-Code/Tools/LGTM/ext_JS_src/jquery-migrate-3.1.0/package/test/event-props.html (15 ms)
[2020-05-13 17:00:26] [build] Extracting /Users/alexoneill/Documents/GitHub/OSC-Code/Tools/LGTM/ext_JS_src/jquery-migrate-3.1.0/package/test/core-jquery2.html
[2020-05-13 17:00:26] [build] Done extracting /Users/alexoneill/Documents/GitHub/OSC-Code/Tools/LGTM/ext_JS_src/jquery-migrate-3.1.0/package/test/core-jquery2.html (13 ms)
[2020-05-13 17:00:26] [build] Extracting /Users/alexoneill/Documents/GitHub/OSC-Code/Tools/LGTM/ext_JS_src/jquery-migrate-3.1.0/package/test/core.js
[2020-05-13 17:00:26] [build] Done extracting /Users/alexoneill/Documents/GitHub/OSC-Code/Tools/LGTM/ext_JS_src/jquery-migrate-3.1.0/package/test/core.js (86 ms)
[2020-05-13 17:00:26] [build] Extracting /Users/alexoneill/Documents/GitHub/OSC-Code/Tools/LGTM/ext_JS_src/jquery-migrate-3.1.0/package/test/event.js
[2020-05-13 17:00:26] [build] Done extracting /Users/alexoneill/Documents/GitHub/OSC-Code/Tools/LGTM/ext_JS_src/jquery-migrate-3.1.0/package/test/event.js (40 ms)
[2020-05-13 17:00:26] [build] Extracting /Users/alexoneill/Documents/GitHub/OSC-Code/Tools/LGTM/ext_JS_src/jquery-migrate-3.1.0/package/test/event-lateload.html
[2020-05-13 17:00:26] [build] Done extracting /Users/alexoneill/Documents/GitHub/OSC-Code/Tools/LGTM/ext_JS_src/jquery-migrate-3.1.0/package/test/event-lateload.html (5 ms)
[2020-05-13 17:00:26] [build] Extracting /Users/alexoneill/Documents/GitHub/OSC-Code/Tools/LGTM/ext_JS_src/jquery-migrate-3.1.0/package/test/effects.js
[2020-05-13 17:00:26] [build] Done extracting /Users/alexoneill/Documents/GitHub/OSC-Code/Tools/LGTM/ext_JS_src/jquery-migrate-3.1.0/package/test/effects.js (17 ms)
[2020-05-13 17:00:26] [build] Extracting /Users/alexoneill/Documents/GitHub/OSC-Code/Tools/LGTM/ext_JS_src/jquery-migrate-3.1.0/package/test/serialize.js
[2020-05-13 17:00:26] [build] Done extracting /Users/alexoneill/Documents/GitHub/OSC-Code/Tools/LGTM/ext_JS_src/jquery-migrate-3.1.0/package/test/serialize.js (9 ms)
[2020-05-13 17:00:26] [build] Extracting /Users/alexoneill/Documents/GitHub/OSC-Code/Tools/LGTM/ext_JS_src/jquery-migrate-3.1.0/package/test/attributes.js
[2020-05-13 17:00:26] [build] Done extracting /Users/alexoneill/Documents/GitHub/OSC-Code/Tools/LGTM/ext_JS_src/jquery-migrate-3.1.0/package/test/attributes.js (24 ms)
[2020-05-13 17:00:26] [build] Extracting /Users/alexoneill/Documents/GitHub/OSC-Code/Tools/LGTM/ext_JS_src/jquery-migrate-3.1.0/package/test/traversing.js
[2020-05-13 17:00:26] [build] Done extracting /Users/alexoneill/Documents/GitHub/OSC-Code/Tools/LGTM/ext_JS_src/jquery-migrate-3.1.0/package/test/traversing.js (3 ms)
[2020-05-13 17:00:26] [build] Extracting /Users/alexoneill/Documents/GitHub/OSC-Code/Tools/LGTM/ext_JS_src/jquery-migrate-3.1.0/package/test/event-fixHooks.html
[2020-05-13 17:00:26] [build] Done extracting /Users/alexoneill/Documents/GitHub/OSC-Code/Tools/LGTM/ext_JS_src/jquery-migrate-3.1.0/package/test/event-fixHooks.html (12 ms)
[2020-05-13 17:00:26] [build] Extracting /Users/alexoneill/Documents/GitHub/OSC-Code/Tools/LGTM/ext_JS_src/jquery-migrate-3.1.0/package/test/ajax.js
[2020-05-13 17:00:26] [build] Done extracting /Users/alexoneill/Documents/GitHub/OSC-Code/Tools/LGTM/ext_JS_src/jquery-migrate-3.1.0/package/test/ajax.js (7 ms)
[2020-05-13 17:00:26] [build] Extracting /Users/alexoneill/Documents/GitHub/OSC-Code/Tools/LGTM/ext_JS_src/jquery-migrate-3.1.0/package/test/data.js
[2020-05-13 17:00:26] [build] Done extracting /Users/alexoneill/Documents/GitHub/OSC-Code/Tools/LGTM/ext_JS_src/jquery-migrate-3.1.0/package/test/data.js (34 ms)
[2020-05-13 17:00:26] [build] Extracting /Users/alexoneill/Documents/GitHub/OSC-Code/Tools/LGTM/ext_JS_src/jquery-migrate-3.1.0/package/test/migrate.js
[2020-05-13 17:00:26] [build] Done extracting /Users/alexoneill/Documents/GitHub/OSC-Code/Tools/LGTM/ext_JS_src/jquery-migrate-3.1.0/package/test/migrate.js (11 ms)
[2020-05-13 17:00:26] [build] Extracting /Users/alexoneill/Documents/GitHub/OSC-Code/Tools/LGTM/ext_JS_src/jquery-migrate-3.1.0/package/test/deferred.js
[2020-05-13 17:00:26] [build] Done extracting /Users/alexoneill/Documents/GitHub/OSC-Code/Tools/LGTM/ext_JS_src/jquery-migrate-3.1.0/package/test/deferred.js (36 ms)
[2020-05-13 17:00:26] [build] Extracting /Users/alexoneill/Documents/GitHub/OSC-Code/Tools/LGTM/ext_JS_src/jquery-migrate-3.1.0/package/test/css.js
[2020-05-13 17:00:26] [build] Done extracting /Users/alexoneill/Documents/GitHub/OSC-Code/Tools/LGTM/ext_JS_src/jquery-migrate-3.1.0/package/test/css.js (8 ms)
[2020-05-13 17:00:26] [build] Extracting /Users/alexoneill/Documents/GitHub/OSC-Code/Tools/LGTM/ext_JS_src/jquery-migrate-3.1.0/package/test/data/jquery-2.2.3.js
[2020-05-13 17:00:28] [build] Done extracting /Users/alexoneill/Documents/GitHub/OSC-Code/Tools/LGTM/ext_JS_src/jquery-migrate-3.1.0/package/test/data/jquery-2.2.3.js (1767 ms)
[2020-05-13 17:00:28] [build] Extracting /Users/alexoneill/Documents/GitHub/OSC-Code/Tools/LGTM/ext_JS_src/jquery-migrate-3.1.0/package/test/.eslintrc.json
[2020-05-13 17:00:28] [build] Done extracting /Users/alexoneill/Documents/GitHub/OSC-Code/Tools/LGTM/ext_JS_src/jquery-migrate-3.1.0/package/test/.eslintrc.json (5 ms)
[2020-05-13 17:00:28] [build] Extracting /Users/alexoneill/Documents/GitHub/OSC-Code/Tools/LGTM/ext_JS_src/jquery-migrate-3.1.0/package/dist/jquery-migrate.js
[2020-05-13 17:00:28] [build] Done extracting /Users/alexoneill/Documents/GitHub/OSC-Code/Tools/LGTM/ext_JS_src/jquery-migrate-3.1.0/package/dist/jquery-migrate.js (113 ms)
[2020-05-13 17:00:28] [build] Extracting /Users/alexoneill/Documents/GitHub/OSC-Code/Tools/LGTM/ext_JS_src/jquery-migrate-3.1.0/package/dist/.eslintrc.json
[2020-05-13 17:00:28] [build] Done extracting /Users/alexoneill/Documents/GitHub/OSC-Code/Tools/LGTM/ext_JS_src/jquery-migrate-3.1.0/package/dist/.eslintrc.json (2 ms)
[2020-05-13 17:00:28] [build] Extracting /Users/alexoneill/Documents/GitHub/OSC-Code/Tools/LGTM/ext_JS_src/jquery-migrate-3.1.0/package/package.json
[2020-05-13 17:00:28] [build] Done extracting /Users/alexoneill/Documents/GitHub/OSC-Code/Tools/LGTM/ext_JS_src/jquery-migrate-3.1.0/package/package.json (3 ms)
[2020-05-13 17:00:28] [build] Extracting /Users/alexoneill/Documents/GitHub/OSC-Code/Tools/LGTM/ext_JS_src/jquery-migrate-3.1.0/package/build/tasks/testswarm.js
[2020-05-13 17:00:28] [build] Done extracting /Users/alexoneill/Documents/GitHub/OSC-Code/Tools/LGTM/ext_JS_src/jquery-migrate-3.1.0/package/build/tasks/testswarm.js (13 ms)
[2020-05-13 17:00:28] [build] Extracting /Users/alexoneill/Documents/GitHub/OSC-Code/Tools/LGTM/ext_JS_src/jquery-migrate-3.1.0/package/build/release.js
[2020-05-13 17:00:28] [build] Done extracting /Users/alexoneill/Documents/GitHub/OSC-Code/Tools/LGTM/ext_JS_src/jquery-migrate-3.1.0/package/build/release.js (54 ms)
[2020-05-13 17:00:28] [build] Extracting /Users/alexoneill/Documents/GitHub/OSC-Code/Tools/LGTM/ext_JS_src/jquery-migrate-3.1.0/package/.travis.yml
[2020-05-13 17:00:28] [build] Done extracting /Users/alexoneill/Documents/GitHub/OSC-Code/Tools/LGTM/ext_JS_src/jquery-migrate-3.1.0/package/.travis.yml (26 ms)
[2020-05-13 17:00:28] [build] Extracting /Users/alexoneill/Documents/GitHub/OSC-Code/Tools/LGTM/ext_JS_src/jquery-migrate-3.1.0/package/.eslintrc.json
[2020-05-13 17:00:28] [build] Done extracting /Users/alexoneill/Documents/GitHub/OSC-Code/Tools/LGTM/ext_JS_src/jquery-migrate-3.1.0/package/.eslintrc.json (1 ms)
[2020-05-13 17:00:28] [build] Extracting /Users/alexoneill/Documents/GitHub/OSC-Code/Tools/LGTM/ext_JS_src/jquery-migrate-3.1.0/package/src/offset.js
[2020-05-13 17:00:28] [build] Done extracting /Users/alexoneill/Documents/GitHub/OSC-Code/Tools/LGTM/ext_JS_src/jquery-migrate-3.1.0/package/src/offset.js (17 ms)
[2020-05-13 17:00:28] [build] Extracting /Users/alexoneill/Documents/GitHub/OSC-Code/Tools/LGTM/ext_JS_src/jquery-migrate-3.1.0/package/src/core.js
[2020-05-13 17:00:28] [build] Done extracting /Users/alexoneill/Documents/GitHub/OSC-Code/Tools/LGTM/ext_JS_src/jquery-migrate-3.1.0/package/src/core.js (22 ms)
[2020-05-13 17:00:28] [build] Extracting /Users/alexoneill/Documents/GitHub/OSC-Code/Tools/LGTM/ext_JS_src/jquery-migrate-3.1.0/package/src/event.js
[2020-05-13 17:00:29] [build] Done extracting /Users/alexoneill/Documents/GitHub/OSC-Code/Tools/LGTM/ext_JS_src/jquery-migrate-3.1.0/package/src/event.js (36 ms)
[2020-05-13 17:00:29] [build] Extracting /Users/alexoneill/Documents/GitHub/OSC-Code/Tools/LGTM/ext_JS_src/jquery-migrate-3.1.0/package/src/effects.js
[2020-05-13 17:00:29] [build] Done extracting /Users/alexoneill/Documents/GitHub/OSC-Code/Tools/LGTM/ext_JS_src/jquery-migrate-3.1.0/package/src/effects.js (7 ms)
[2020-05-13 17:00:29] [build] Extracting /Users/alexoneill/Documents/GitHub/OSC-Code/Tools/LGTM/ext_JS_src/jquery-migrate-3.1.0/package/src/serialize.js
[2020-05-13 17:00:29] [build] Done extracting /Users/alexoneill/Documents/GitHub/OSC-Code/Tools/LGTM/ext_JS_src/jquery-migrate-3.1.0/package/src/serialize.js (5 ms)
[2020-05-13 17:00:29] [build] Extracting /Users/alexoneill/Documents/GitHub/OSC-Code/Tools/LGTM/ext_JS_src/jquery-migrate-3.1.0/package/src/attributes.js
[2020-05-13 17:00:29] [build] Done extracting /Users/alexoneill/Documents/GitHub/OSC-Code/Tools/LGTM/ext_JS_src/jquery-migrate-3.1.0/package/src/attributes.js (8 ms)
[2020-05-13 17:00:29] [build] Extracting /Users/alexoneill/Documents/GitHub/OSC-Code/Tools/LGTM/ext_JS_src/jquery-migrate-3.1.0/package/src/traversing.js
[2020-05-13 17:00:29] [build] Done extracting /Users/alexoneill/Documents/GitHub/OSC-Code/Tools/LGTM/ext_JS_src/jquery-migrate-3.1.0/package/src/traversing.js (2 ms)
[2020-05-13 17:00:29] [build] Extracting /Users/alexoneill/Documents/GitHub/OSC-Code/Tools/LGTM/ext_JS_src/jquery-migrate-3.1.0/package/src/version.js
[2020-05-13 17:00:29] [build] Done extracting /Users/alexoneill/Documents/GitHub/OSC-Code/Tools/LGTM/ext_JS_src/jquery-migrate-3.1.0/package/src/version.js (1 ms)
[2020-05-13 17:00:29] [build] Extracting /Users/alexoneill/Documents/GitHub/OSC-Code/Tools/LGTM/ext_JS_src/jquery-migrate-3.1.0/package/src/ajax.js
[2020-05-13 17:00:29] [build] Done extracting /Users/alexoneill/Documents/GitHub/OSC-Code/Tools/LGTM/ext_JS_src/jquery-migrate-3.1.0/package/src/ajax.js (3 ms)
[2020-05-13 17:00:29] [build] Extracting /Users/alexoneill/Documents/GitHub/OSC-Code/Tools/LGTM/ext_JS_src/jquery-migrate-3.1.0/package/src/data.js
[2020-05-13 17:00:29] [build] Done extracting /Users/alexoneill/Documents/GitHub/OSC-Code/Tools/LGTM/ext_JS_src/jquery-migrate-3.1.0/package/src/data.js (7 ms)
[2020-05-13 17:00:29] [build] Extracting /Users/alexoneill/Documents/GitHub/OSC-Code/Tools/LGTM/ext_JS_src/jquery-migrate-3.1.0/package/src/intro.js
[2020-05-13 17:00:29] [build] Done extracting /Users/alexoneill/Documents/GitHub/OSC-Code/Tools/LGTM/ext_JS_src/jquery-migrate-3.1.0/package/src/intro.js (2 ms)
[2020-05-13 17:00:29] [build] Extracting /Users/alexoneill/Documents/GitHub/OSC-Code/Tools/LGTM/ext_JS_src/jquery-migrate-3.1.0/package/src/migrate.js
[2020-05-13 17:00:29] [build] Done extracting /Users/alexoneill/Documents/GitHub/OSC-Code/Tools/LGTM/ext_JS_src/jquery-migrate-3.1.0/package/src/migrate.js (11 ms)
[2020-05-13 17:00:29] [build] Extracting /Users/alexoneill/Documents/GitHub/OSC-Code/Tools/LGTM/ext_JS_src/jquery-migrate-3.1.0/package/src/deferred.js
[2020-05-13 17:00:29] [build] Done extracting /Users/alexoneill/Documents/GitHub/OSC-Code/Tools/LGTM/ext_JS_src/jquery-migrate-3.1.0/package/src/deferred.js (12 ms)
[2020-05-13 17:00:29] [build] Extracting /Users/alexoneill/Documents/GitHub/OSC-Code/Tools/LGTM/ext_JS_src/jquery-migrate-3.1.0/package/src/css.js
[2020-05-13 17:00:29] [build] Done extracting /Users/alexoneill/Documents/GitHub/OSC-Code/Tools/LGTM/ext_JS_src/jquery-migrate-3.1.0/package/src/css.js (6 ms)
[2020-05-13 17:00:29] [build] Extracting /Users/alexoneill/Documents/GitHub/OSC-Code/Tools/LGTM/ext_JS_src/jquery-migrate-3.1.0/package/src/.eslintrc.json
[2020-05-13 17:00:29] [build] Done extracting /Users/alexoneill/Documents/GitHub/OSC-Code/Tools/LGTM/ext_JS_src/jquery-migrate-3.1.0/package/src/.eslintrc.json (2 ms)
[2020-05-13 17:00:29] [build] Extracting /Users/alexoneill/Documents/GitHub/OSC-Code/Tools/LGTM/ext_JS_src/jquery-migrate-3.1.0/package/src/compareVersions.js
[2020-05-13 17:00:29] [build] Done extracting /Users/alexoneill/Documents/GitHub/OSC-Code/Tools/LGTM/ext_JS_src/jquery-migrate-3.1.0/package/src/compareVersions.js (4 ms)
[2020-05-13 17:00:29] [build] Extracting /Users/alexoneill/Documents/GitHub/OSC-Code/Tools/LGTM/ext_JS_src/jquery-migrate-3.1.0/package/src/outro.js
[2020-05-13 17:00:29] [build] Done extracting /Users/alexoneill/Documents/GitHub/OSC-Code/Tools/LGTM/ext_JS_src/jquery-migrate-3.1.0/package/src/outro.js (1 ms)
[2020-05-13 17:00:29] [build] Extracting /Users/alexoneill/Documents/GitHub/OSC-Code/Tools/LGTM/ext_JS_src/jquery-migrate-3.1.0/package/src/migratemute.js
[2020-05-13 17:00:29] [build] Done extracting /Users/alexoneill/Documents/GitHub/OSC-Code/Tools/LGTM/ext_JS_src/jquery-migrate-3.1.0/package/src/migratemute.js (2 ms)
[2020-05-13 17:00:29] [build-err] No externs trap cache found
[2020-05-13 17:00:29] [build] Extracting /Users/alexoneill/Documents/GitHub/OSC-Code/Tools/LGTM/codeql/javascript/tools/data/externs/nodejs/constants.js
[2020-05-13 17:00:29] [build] Done extracting /Users/alexoneill/Documents/GitHub/OSC-Code/Tools/LGTM/codeql/javascript/tools/data/externs/nodejs/constants.js (177 ms)
[2020-05-13 17:00:29] [build] Extracting /Users/alexoneill/Documents/GitHub/OSC-Code/Tools/LGTM/codeql/javascript/tools/data/externs/nodejs/net.js
[2020-05-13 17:00:29] [build] Done extracting /Users/alexoneill/Documents/GitHub/OSC-Code/Tools/LGTM/codeql/javascript/tools/data/externs/nodejs/net.js (49 ms)
[2020-05-13 17:00:29] [build] Extracting /Users/alexoneill/Documents/GitHub/OSC-Code/Tools/LGTM/codeql/javascript/tools/data/externs/nodejs/globals.js
[2020-05-13 17:00:29] [build] Done extracting /Users/alexoneill/Documents/GitHub/OSC-Code/Tools/LGTM/codeql/javascript/tools/data/externs/nodejs/globals.js (204 ms)
[2020-05-13 17:00:29] [build] Extracting /Users/alexoneill/Documents/GitHub/OSC-Code/Tools/LGTM/codeql/javascript/tools/data/externs/nodejs/events.js
[2020-05-13 17:00:29] [build] Done extracting /Users/alexoneill/Documents/GitHub/OSC-Code/Tools/LGTM/codeql/javascript/tools/data/externs/nodejs/events.js (16 ms)
[2020-05-13 17:00:29] [build] Extracting /Users/alexoneill/Documents/GitHub/OSC-Code/Tools/LGTM/codeql/javascript/tools/data/externs/nodejs/repl.js
[2020-05-13 17:00:29] [build] Done extracting /Users/alexoneill/Documents/GitHub/OSC-Code/Tools/LGTM/codeql/javascript/tools/data/externs/nodejs/repl.js (11 ms)
[2020-05-13 17:00:29] [build] Extracting /Users/alexoneill/Documents/GitHub/OSC-Code/Tools/LGTM/codeql/javascript/tools/data/externs/nodejs/util.js
[2020-05-13 17:00:29] [build] Done extracting /Users/alexoneill/Documents/GitHub/OSC-Code/Tools/LGTM/codeql/javascript/tools/data/externs/nodejs/util.js (27 ms)
[2020-05-13 17:00:29] [build] Extracting /Users/alexoneill/Documents/GitHub/OSC-Code/Tools/LGTM/codeql/javascript/tools/data/externs/nodejs/dgram.js
[2020-05-13 17:00:29] [build] Done extracting /Users/alexoneill/Documents/GitHub/OSC-Code/Tools/LGTM/codeql/javascript/tools/data/externs/nodejs/dgram.js (19 ms)
[2020-05-13 17:00:29] [build] Extracting /Users/alexoneill/Documents/GitHub/OSC-Code/Tools/LGTM/codeql/javascript/tools/data/externs/nodejs/vm.js
[2020-05-13 17:00:29] [build] Done extracting /Users/alexoneill/Documents/GitHub/OSC-Code/Tools/LGTM/codeql/javascript/tools/data/externs/nodejs/vm.js (18 ms)
[2020-05-13 17:00:29] [build] Extracting /Users/alexoneill/Documents/GitHub/OSC-Code/Tools/LGTM/codeql/javascript/tools/data/externs/nodejs/stream.js
[2020-05-13 17:00:29] [build] Done extracting /Users/alexoneill/Documents/GitHub/OSC-Code/Tools/LGTM/codeql/javascript/tools/data/externs/nodejs/stream.js (83 ms)
[2020-05-13 17:00:29] [build] Extracting /Users/alexoneill/Documents/GitHub/OSC-Code/Tools/LGTM/codeql/javascript/tools/data/externs/nodejs/child_process.js
[2020-05-13 17:00:29] [build] Done extracting /Users/alexoneill/Documents/GitHub/OSC-Code/Tools/LGTM/codeql/javascript/tools/data/externs/nodejs/child_process.js (91 ms)
[2020-05-13 17:00:29] [build] Extracting /Users/alexoneill/Documents/GitHub/OSC-Code/Tools/LGTM/codeql/javascript/tools/data/externs/nodejs/assert.js
[2020-05-13 17:00:29] [build] Done extracting /Users/alexoneill/Documents/GitHub/OSC-Code/Tools/LGTM/codeql/javascript/tools/data/externs/nodejs/assert.js (14 ms)
[2020-05-13 17:00:29] [build] Extracting /Users/alexoneill/Documents/GitHub/OSC-Code/Tools/LGTM/codeql/javascript/tools/data/externs/nodejs/os.js
[2020-05-13 17:00:29] [build] Done extracting /Users/alexoneill/Documents/GitHub/OSC-Code/Tools/LGTM/codeql/javascript/tools/data/externs/nodejs/os.js (29 ms)
[2020-05-13 17:00:29] [build] Extracting /Users/alexoneill/Documents/GitHub/OSC-Code/Tools/LGTM/codeql/javascript/tools/data/externs/nodejs/console.js
[2020-05-13 17:00:29] [build] Done extracting /Users/alexoneill/Documents/GitHub/OSC-Code/Tools/LGTM/codeql/javascript/tools/data/externs/nodejs/console.js (3 ms)
[2020-05-13 17:00:29] [build] Extracting /Users/alexoneill/Documents/GitHub/OSC-Code/Tools/LGTM/codeql/javascript/tools/data/externs/nodejs/readline.js
[2020-05-13 17:00:29] [build] Done extracting /Users/alexoneill/Documents/GitHub/OSC-Code/Tools/LGTM/codeql/javascript/tools/data/externs/nodejs/readline.js (19 ms)
[2020-05-13 17:00:29] [build] Extracting /Users/alexoneill/Documents/GitHub/OSC-Code/Tools/LGTM/codeql/javascript/tools/data/externs/nodejs/punycode.js
[2020-05-13 17:00:29] [build] Done extracting /Users/alexoneill/Documents/GitHub/OSC-Code/Tools/LGTM/codeql/javascript/tools/data/externs/nodejs/punycode.js (11 ms)
[2020-05-13 17:00:29] [build] Extracting /Users/alexoneill/Documents/GitHub/OSC-Code/Tools/LGTM/codeql/javascript/tools/data/externs/nodejs/https.js
[2020-05-13 17:00:29] [build] Done extracting /Users/alexoneill/Documents/GitHub/OSC-Code/Tools/LGTM/codeql/javascript/tools/data/externs/nodejs/https.js (23 ms)
[2020-05-13 17:00:29] [build] Extracting /Users/alexoneill/Documents/GitHub/OSC-Code/Tools/LGTM/codeql/javascript/tools/data/externs/nodejs/domain.js
[2020-05-13 17:00:29] [build] Done extracting /Users/alexoneill/Documents/GitHub/OSC-Code/Tools/LGTM/codeql/javascript/tools/data/externs/nodejs/domain.js (9 ms)
[2020-05-13 17:00:29] [build] Extracting /Users/alexoneill/Documents/GitHub/OSC-Code/Tools/LGTM/codeql/javascript/tools/data/externs/nodejs/dns.js
[2020-05-13 17:00:29] [build] Done extracting /Users/alexoneill/Documents/GitHub/OSC-Code/Tools/LGTM/codeql/javascript/tools/data/externs/nodejs/dns.js (30 ms)
[2020-05-13 17:00:29] [build] Extracting /Users/alexoneill/Documents/GitHub/OSC-Code/Tools/LGTM/codeql/javascript/tools/data/externs/nodejs/assert_legacy.js
[2020-05-13 17:00:29] [build] Done extracting /Users/alexoneill/Documents/GitHub/OSC-Code/Tools/LGTM/codeql/javascript/tools/data/externs/nodejs/assert_legacy.js (2 ms)
[2020-05-13 17:00:29] [build] Extracting /Users/alexoneill/Documents/GitHub/OSC-Code/Tools/LGTM/codeql/javascript/tools/data/externs/nodejs/tty.js
[2020-05-13 17:00:29] [build] Done extracting /Users/alexoneill/Documents/GitHub/OSC-Code/Tools/LGTM/codeql/javascript/tools/data/externs/nodejs/tty.js (19 ms)
[2020-05-13 17:00:29] [build] Extracting /Users/alexoneill/Documents/GitHub/OSC-Code/Tools/LGTM/codeql/javascript/tools/data/externs/nodejs/timers.js
[2020-05-13 17:00:29] [build] Done extracting /Users/alexoneill/Documents/GitHub/OSC-Code/Tools/LGTM/codeql/javascript/tools/data/externs/nodejs/timers.js (10 ms)
[2020-05-13 17:00:29] [build] Extracting /Users/alexoneill/Documents/GitHub/OSC-Code/Tools/LGTM/codeql/javascript/tools/data/externs/nodejs/querystring.js
[2020-05-13 17:00:29] [build] Done extracting /Users/alexoneill/Documents/GitHub/OSC-Code/Tools/LGTM/codeql/javascript/tools/data/externs/nodejs/querystring.js (9 ms)
[2020-05-13 17:00:29] [build] Extracting /Users/alexoneill/Documents/GitHub/OSC-Code/Tools/LGTM/codeql/javascript/tools/data/externs/nodejs/module.js
[2020-05-13 17:00:29] [build] Done extracting /Users/alexoneill/Documents/GitHub/OSC-Code/Tools/LGTM/codeql/javascript/tools/data/externs/nodejs/module.js (8 ms)
[2020-05-13 17:00:29] [build] Extracting /Users/alexoneill/Documents/GitHub/OSC-Code/Tools/LGTM/codeql/javascript/tools/data/externs/nodejs/sys.js
[2020-05-13 17:00:29] [build] Done extracting /Users/alexoneill/Documents/GitHub/OSC-Code/Tools/LGTM/codeql/javascript/tools/data/externs/nodejs/sys.js (3 ms)
[2020-05-13 17:00:29] [build] Extracting /Users/alexoneill/Documents/GitHub/OSC-Code/Tools/LGTM/codeql/javascript/tools/data/externs/nodejs/path.js
[2020-05-13 17:00:30] [build] Done extracting /Users/alexoneill/Documents/GitHub/OSC-Code/Tools/LGTM/codeql/javascript/tools/data/externs/nodejs/path.js (42 ms)
[2020-05-13 17:00:30] [build] Extracting /Users/alexoneill/Documents/GitHub/OSC-Code/Tools/LGTM/codeql/javascript/tools/data/externs/nodejs/string_decoder.js
[2020-05-13 17:00:30] [build] Done extracting /Users/alexoneill/Documents/GitHub/OSC-Code/Tools/LGTM/codeql/javascript/tools/data/externs/nodejs/string_decoder.js (7 ms)
[2020-05-13 17:00:30] [build] Extracting /Users/alexoneill/Documents/GitHub/OSC-Code/Tools/LGTM/codeql/javascript/tools/data/externs/nodejs/cluster.js
[2020-05-13 17:00:30] [build] Done extracting /Users/alexoneill/Documents/GitHub/OSC-Code/Tools/LGTM/codeql/javascript/tools/data/externs/nodejs/cluster.js (95 ms)
[2020-05-13 17:00:30] [build] Extracting /Users/alexoneill/Documents/GitHub/OSC-Code/Tools/LGTM/codeql/javascript/tools/data/externs/nodejs/v8.js
[2020-05-13 17:00:30] [build] Done extracting /Users/alexoneill/Documents/GitHub/OSC-Code/Tools/LGTM/codeql/javascript/tools/data/externs/nodejs/v8.js (6 ms)
[2020-05-13 17:00:30] [build] Extracting /Users/alexoneill/Documents/GitHub/OSC-Code/Tools/LGTM/codeql/javascript/tools/data/externs/nodejs/crypto.js
[2020-05-13 17:00:30] [build] Done extracting /Users/alexoneill/Documents/GitHub/OSC-Code/Tools/LGTM/codeql/javascript/tools/data/externs/nodejs/crypto.js (91 ms)
[2020-05-13 17:00:30] [build] Extracting /Users/alexoneill/Documents/GitHub/OSC-Code/Tools/LGTM/codeql/javascript/tools/data/externs/nodejs/zlib.js
[2020-05-13 17:00:30] [build] Done extracting /Users/alexoneill/Documents/GitHub/OSC-Code/Tools/LGTM/codeql/javascript/tools/data/externs/nodejs/zlib.js (52 ms)
[2020-05-13 17:00:30] [build] Extracting /Users/alexoneill/Documents/GitHub/OSC-Code/Tools/LGTM/codeql/javascript/tools/data/externs/nodejs/url.js
[2020-05-13 17:00:30] [build] Done extracting /Users/alexoneill/Documents/GitHub/OSC-Code/Tools/LGTM/codeql/javascript/tools/data/externs/nodejs/url.js (9 ms)
[2020-05-13 17:00:30] [build] Extracting /Users/alexoneill/Documents/GitHub/OSC-Code/Tools/LGTM/codeql/javascript/tools/data/externs/nodejs/tls.js
[2020-05-13 17:00:30] [build] Done extracting /Users/alexoneill/Documents/GitHub/OSC-Code/Tools/LGTM/codeql/javascript/tools/data/externs/nodejs/tls.js (42 ms)
[2020-05-13 17:00:30] [build] Extracting /Users/alexoneill/Documents/GitHub/OSC-Code/Tools/LGTM/codeql/javascript/tools/data/externs/nodejs/process.js
[2020-05-13 17:00:30] [build] Done extracting /Users/alexoneill/Documents/GitHub/OSC-Code/Tools/LGTM/codeql/javascript/tools/data/externs/nodejs/process.js (2 ms)
[2020-05-13 17:00:30] [build] Extracting /Users/alexoneill/Documents/GitHub/OSC-Code/Tools/LGTM/codeql/javascript/tools/data/externs/nodejs/http.js
[2020-05-13 17:00:30] [build] Done extracting /Users/alexoneill/Documents/GitHub/OSC-Code/Tools/LGTM/codeql/javascript/tools/data/externs/nodejs/http.js (43 ms)
[2020-05-13 17:00:30] [build] Extracting /Users/alexoneill/Documents/GitHub/OSC-Code/Tools/LGTM/codeql/javascript/tools/data/externs/nodejs/buffer.js
[2020-05-13 17:00:30] [build] Done extracting /Users/alexoneill/Documents/GitHub/OSC-Code/Tools/LGTM/codeql/javascript/tools/data/externs/nodejs/buffer.js (10 ms)
[2020-05-13 17:00:30] [build] Extracting /Users/alexoneill/Documents/GitHub/OSC-Code/Tools/LGTM/codeql/javascript/tools/data/externs/nodejs/fs.js
[2020-05-13 17:00:30] [build] Done extracting /Users/alexoneill/Documents/GitHub/OSC-Code/Tools/LGTM/codeql/javascript/tools/data/externs/nodejs/fs.js (142 ms)
[2020-05-13 17:00:30] [build] Extracting /Users/alexoneill/Documents/GitHub/OSC-Code/Tools/LGTM/codeql/javascript/tools/data/externs/web/ie_dom.js
[2020-05-13 17:00:30] [build] Done extracting /Users/alexoneill/Documents/GitHub/OSC-Code/Tools/LGTM/codeql/javascript/tools/data/externs/web/ie_dom.js (80 ms)
[2020-05-13 17:00:30] [build] Extracting /Users/alexoneill/Documents/GitHub/OSC-Code/Tools/LGTM/codeql/javascript/tools/data/externs/web/mediasource.js
[2020-05-13 17:00:30] [build] Done extracting /Users/alexoneill/Documents/GitHub/OSC-Code/Tools/LGTM/codeql/javascript/tools/data/externs/web/mediasource.js (10 ms)
[2020-05-13 17:00:30] [build] Extracting /Users/alexoneill/Documents/GitHub/OSC-Code/Tools/LGTM/codeql/javascript/tools/data/externs/web/html5.js
[2020-05-13 17:00:30] [build] Done extracting /Users/alexoneill/Documents/GitHub/OSC-Code/Tools/LGTM/codeql/javascript/tools/data/externs/web/html5.js (259 ms)
[2020-05-13 17:00:30] [build] Extracting /Users/alexoneill/Documents/GitHub/OSC-Code/Tools/LGTM/codeql/javascript/tools/data/externs/web/w3c_anim_timing.js
[2020-05-13 17:00:30] [build] Done extracting /Users/alexoneill/Documents/GitHub/OSC-Code/Tools/LGTM/codeql/javascript/tools/data/externs/web/w3c_anim_timing.js (5 ms)
[2020-05-13 17:00:30] [build] Extracting /Users/alexoneill/Documents/GitHub/OSC-Code/Tools/LGTM/codeql/javascript/tools/data/externs/web/w3c_dom3.js
[2020-05-13 17:00:30] [build] Done extracting /Users/alexoneill/Documents/GitHub/OSC-Code/Tools/LGTM/codeql/javascript/tools/data/externs/web/w3c_dom3.js (55 ms)
[2020-05-13 17:00:30] [build] Extracting /Users/alexoneill/Documents/GitHub/OSC-Code/Tools/LGTM/codeql/javascript/tools/data/externs/web/fetchapi.js
[2020-05-13 17:00:30] [build] Done extracting /Users/alexoneill/Documents/GitHub/OSC-Code/Tools/LGTM/codeql/javascript/tools/data/externs/web/fetchapi.js (28 ms)
[2020-05-13 17:00:30] [build] Extracting /Users/alexoneill/Documents/GitHub/OSC-Code/Tools/LGTM/codeql/javascript/tools/data/externs/web/streamsapi.js
[2020-05-13 17:00:31] [build] Done extracting /Users/alexoneill/Documents/GitHub/OSC-Code/Tools/LGTM/codeql/javascript/tools/data/externs/web/streamsapi.js (26 ms)
[2020-05-13 17:00:31] [build] Extracting /Users/alexoneill/Documents/GitHub/OSC-Code/Tools/LGTM/codeql/javascript/tools/data/externs/web/fileapi.js
[2020-05-13 17:00:31] [build] Done extracting /Users/alexoneill/Documents/GitHub/OSC-Code/Tools/LGTM/codeql/javascript/tools/data/externs/web/fileapi.js (56 ms)
[2020-05-13 17:00:31] [build] Extracting /Users/alexoneill/Documents/GitHub/OSC-Code/Tools/LGTM/codeql/javascript/tools/data/externs/web/w3c_navigation_timing.js
[2020-05-13 17:00:31] [build] Done extracting /Users/alexoneill/Documents/GitHub/OSC-Code/Tools/LGTM/codeql/javascript/tools/data/externs/web/w3c_navigation_timing.js (18 ms)
[2020-05-13 17:00:31] [build] Extracting /Users/alexoneill/Documents/GitHub/OSC-Code/Tools/LGTM/codeql/javascript/tools/data/externs/web/w3c_range.js
[2020-05-13 17:00:31] [build] Done extracting /Users/alexoneill/Documents/GitHub/OSC-Code/Tools/LGTM/codeql/javascript/tools/data/externs/web/w3c_range.js (13 ms)
[2020-05-13 17:00:31] [build] Extracting /Users/alexoneill/Documents/GitHub/OSC-Code/Tools/LGTM/codeql/javascript/tools/data/externs/web/w3c_indexeddb.js
[2020-05-13 17:00:31] [build] Done extracting /Users/alexoneill/Documents/GitHub/OSC-Code/Tools/LGTM/codeql/javascript/tools/data/externs/web/w3c_indexeddb.js (62 ms)
[2020-05-13 17:00:31] [build] Extracting /Users/alexoneill/Documents/GitHub/OSC-Code/Tools/LGTM/codeql/javascript/tools/data/externs/web/w3c_dom2.js
[2020-05-13 17:00:31] [build] Done extracting /Users/alexoneill/Documents/GitHub/OSC-Code/Tools/LGTM/codeql/javascript/tools/data/externs/web/w3c_dom2.js (147 ms)
[2020-05-13 17:00:31] [build] Extracting /Users/alexoneill/Documents/GitHub/OSC-Code/Tools/LGTM/codeql/javascript/tools/data/externs/web/w3c_elementtraversal.js
[2020-05-13 17:00:31] [build] Done extracting /Users/alexoneill/Documents/GitHub/OSC-Code/Tools/LGTM/codeql/javascript/tools/data/externs/web/w3c_elementtraversal.js (4 ms)
[2020-05-13 17:00:31] [build] Extracting /Users/alexoneill/Documents/GitHub/OSC-Code/Tools/LGTM/codeql/javascript/tools/data/externs/web/w3c_webcrypto.js
[2020-05-13 17:00:31] [build] Done extracting /Users/alexoneill/Documents/GitHub/OSC-Code/Tools/LGTM/codeql/javascript/tools/data/externs/web/w3c_webcrypto.js (20 ms)
[2020-05-13 17:00:31] [build] Extracting /Users/alexoneill/Documents/GitHub/OSC-Code/Tools/LGTM/codeql/javascript/tools/data/externs/web/ie_vml.js
[2020-05-13 17:00:31] [build] Done extracting /Users/alexoneill/Documents/GitHub/OSC-Code/Tools/LGTM/codeql/javascript/tools/data/externs/web/ie_vml.js (3 ms)
[2020-05-13 17:00:31] [build] Extracting /Users/alexoneill/Documents/GitHub/OSC-Code/Tools/LGTM/codeql/javascript/tools/data/externs/web/intl.js
[2020-05-13 17:00:31] [build] Done extracting /Users/alexoneill/Documents/GitHub/OSC-Code/Tools/LGTM/codeql/javascript/tools/data/externs/web/intl.js (13 ms)
[2020-05-13 17:00:31] [build] Extracting /Users/alexoneill/Documents/GitHub/OSC-Code/Tools/LGTM/codeql/javascript/tools/data/externs/web/w3c_rtc.js
[2020-05-13 17:00:31] [build] Done extracting /Users/alexoneill/Documents/GitHub/OSC-Code/Tools/LGTM/codeql/javascript/tools/data/externs/web/w3c_rtc.js (145 ms)
[2020-05-13 17:00:31] [build] Extracting /Users/alexoneill/Documents/GitHub/OSC-Code/Tools/LGTM/codeql/javascript/tools/data/externs/web/w3c_requestidlecallback.js
[2020-05-13 17:00:31] [build] Done extracting /Users/alexoneill/Documents/GitHub/OSC-Code/Tools/LGTM/codeql/javascript/tools/data/externs/web/w3c_requestidlecallback.js (3 ms)
[2020-05-13 17:00:31] [build] Extracting /Users/alexoneill/Documents/GitHub/OSC-Code/Tools/LGTM/codeql/javascript/tools/data/externs/web/w3c_geolocation.js
[2020-05-13 17:00:31] [build] Done extracting /Users/alexoneill/Documents/GitHub/OSC-Code/Tools/LGTM/codeql/javascript/tools/data/externs/web/w3c_geolocation.js (8 ms)
[2020-05-13 17:00:31] [build] Extracting /Users/alexoneill/Documents/GitHub/OSC-Code/Tools/LGTM/codeql/javascript/tools/data/externs/web/webstorage.js
[2020-05-13 17:00:31] [build] Done extracting /Users/alexoneill/Documents/GitHub/OSC-Code/Tools/LGTM/codeql/javascript/tools/data/externs/web/webstorage.js (8 ms)
[2020-05-13 17:00:31] [build] Extracting /Users/alexoneill/Documents/GitHub/OSC-Code/Tools/LGTM/codeql/javascript/tools/data/externs/web/webkit_usercontent.js
[2020-05-13 17:00:31] [build] Done extracting /Users/alexoneill/Documents/GitHub/OSC-Code/Tools/LGTM/codeql/javascript/tools/data/externs/web/webkit_usercontent.js (3 ms)
[2020-05-13 17:00:31] [build] Extracting /Users/alexoneill/Documents/GitHub/OSC-Code/Tools/LGTM/codeql/javascript/tools/data/externs/web/window.js
[2020-05-13 17:00:31] [build] Done extracting /Users/alexoneill/Documents/GitHub/OSC-Code/Tools/LGTM/codeql/javascript/tools/data/externs/web/window.js (7 ms)
[2020-05-13 17:00:31] [build] Extracting /Users/alexoneill/Documents/GitHub/OSC-Code/Tools/LGTM/codeql/javascript/tools/data/externs/web/page_visibility.js
[2020-05-13 17:00:31] [build] Done extracting /Users/alexoneill/Documents/GitHub/OSC-Code/Tools/LGTM/codeql/javascript/tools/data/externs/web/page_visibility.js (1 ms)
[2020-05-13 17:00:31] [build] Extracting /Users/alexoneill/Documents/GitHub/OSC-Code/Tools/LGTM/codeql/javascript/tools/data/externs/web/webgl.js
[2020-05-13 17:00:31] [build] Done extracting /Users/alexoneill/Documents/GitHub/OSC-Code/Tools/LGTM/codeql/javascript/tools/data/externs/web/webgl.js (217 ms)
[2020-05-13 17:00:31] [build] Extracting /Users/alexoneill/Documents/GitHub/OSC-Code/Tools/LGTM/codeql/javascript/tools/data/externs/web/w3c_touch_event.js
[2020-05-13 17:00:31] [build] Done extracting /Users/alexoneill/Documents/GitHub/OSC-Code/Tools/LGTM/codeql/javascript/tools/data/externs/web/w3c_touch_event.js (12 ms)
[2020-05-13 17:00:31] [build] Extracting /Users/alexoneill/Documents/GitHub/OSC-Code/Tools/LGTM/codeql/javascript/tools/data/externs/web/w3c_event.js
[2020-05-13 17:00:31] [build] Done extracting /Users/alexoneill/Documents/GitHub/OSC-Code/Tools/LGTM/codeql/javascript/tools/data/externs/web/w3c_event.js (37 ms)
[2020-05-13 17:00:31] [build] Extracting /Users/alexoneill/Documents/GitHub/OSC-Code/Tools/LGTM/codeql/javascript/tools/data/externs/web/whatwg_encoding.js
[2020-05-13 17:00:31] [build] Done extracting /Users/alexoneill/Documents/GitHub/OSC-Code/Tools/LGTM/codeql/javascript/tools/data/externs/web/whatwg_encoding.js (3 ms)
[2020-05-13 17:00:31] [build] Extracting /Users/alexoneill/Documents/GitHub/OSC-Code/Tools/LGTM/codeql/javascript/tools/data/externs/web/w3c_event3.js
[2020-05-13 17:00:31] [build] Done extracting /Users/alexoneill/Documents/GitHub/OSC-Code/Tools/LGTM/codeql/javascript/tools/data/externs/web/w3c_event3.js (4 ms)
[2020-05-13 17:00:31] [build] Extracting /Users/alexoneill/Documents/GitHub/OSC-Code/Tools/LGTM/codeql/javascript/tools/data/externs/web/gecko_xml.js
[2020-05-13 17:00:31] [build] Done extracting /Users/alexoneill/Documents/GitHub/OSC-Code/Tools/LGTM/codeql/javascript/tools/data/externs/web/gecko_xml.js (7 ms)
[2020-05-13 17:00:31] [build] Extracting /Users/alexoneill/Documents/GitHub/OSC-Code/Tools/LGTM/codeql/javascript/tools/data/externs/web/ie_event.js
[2020-05-13 17:00:31] [build] Done extracting /Users/alexoneill/Documents/GitHub/OSC-Code/Tools/LGTM/codeql/javascript/tools/data/externs/web/ie_event.js (14 ms)
[2020-05-13 17:00:31] [build] Extracting /Users/alexoneill/Documents/GitHub/OSC-Code/Tools/LGTM/codeql/javascript/tools/data/externs/web/w3c_css.js
[2020-05-13 17:00:31] [build] Done extracting /Users/alexoneill/Documents/GitHub/OSC-Code/Tools/LGTM/codeql/javascript/tools/data/externs/web/w3c_css.js (102 ms)
[2020-05-13 17:00:31] [build] Extracting /Users/alexoneill/Documents/GitHub/OSC-Code/Tools/LGTM/codeql/javascript/tools/data/externs/web/ie_css.js
[2020-05-13 17:00:31] [build] Done extracting /Users/alexoneill/Documents/GitHub/OSC-Code/Tools/LGTM/codeql/javascript/tools/data/externs/web/ie_css.js (12 ms)
[2020-05-13 17:00:31] [build] Extracting /Users/alexoneill/Documents/GitHub/OSC-Code/Tools/LGTM/codeql/javascript/tools/data/externs/web/webkit_css.js
[2020-05-13 17:00:32] [build] Done extracting /Users/alexoneill/Documents/GitHub/OSC-Code/Tools/LGTM/codeql/javascript/tools/data/externs/web/webkit_css.js (88 ms)
[2020-05-13 17:00:32] [build] Extracting /Users/alexoneill/Documents/GitHub/OSC-Code/Tools/LGTM/codeql/javascript/tools/data/externs/web/w3c_xml.js
[2020-05-13 17:00:32] [build] Done extracting /Users/alexoneill/Documents/GitHub/OSC-Code/Tools/LGTM/codeql/javascript/tools/data/externs/web/w3c_xml.js (21 ms)
[2020-05-13 17:00:32] [build] Extracting /Users/alexoneill/Documents/GitHub/OSC-Code/Tools/LGTM/codeql/javascript/tools/data/externs/web/gecko_css.js
[2020-05-13 17:00:32] [build] Done extracting /Users/alexoneill/Documents/GitHub/OSC-Code/Tools/LGTM/codeql/javascript/tools/data/externs/web/gecko_css.js (16 ms)
[2020-05-13 17:00:32] [build] Extracting /Users/alexoneill/Documents/GitHub/OSC-Code/Tools/LGTM/codeql/javascript/tools/data/externs/web/iphone.js
[2020-05-13 17:00:32] [build] Done extracting /Users/alexoneill/Documents/GitHub/OSC-Code/Tools/LGTM/codeql/javascript/tools/data/externs/web/iphone.js (12 ms)
[2020-05-13 17:00:32] [build] Extracting /Users/alexoneill/Documents/GitHub/OSC-Code/Tools/LGTM/codeql/javascript/tools/data/externs/web/w3c_selectors.js
[2020-05-13 17:00:32] [build] Done extracting /Users/alexoneill/Documents/GitHub/OSC-Code/Tools/LGTM/codeql/javascript/tools/data/externs/web/w3c_selectors.js (7 ms)
[2020-05-13 17:00:32] [build] Extracting /Users/alexoneill/Documents/GitHub/OSC-Code/Tools/LGTM/codeql/javascript/tools/data/externs/web/chrome.js
[2020-05-13 17:00:32] [build] Done extracting /Users/alexoneill/Documents/GitHub/OSC-Code/Tools/LGTM/codeql/javascript/tools/data/externs/web/chrome.js (30 ms)
[2020-05-13 17:00:32] [build] Extracting /Users/alexoneill/Documents/GitHub/OSC-Code/Tools/LGTM/codeql/javascript/tools/data/externs/web/w3c_batterystatus.js
[2020-05-13 17:00:32] [build] Done extracting /Users/alexoneill/Documents/GitHub/OSC-Code/Tools/LGTM/codeql/javascript/tools/data/externs/web/w3c_batterystatus.js (3 ms)
[2020-05-13 17:00:32] [build] Extracting /Users/alexoneill/Documents/GitHub/OSC-Code/Tools/LGTM/codeql/javascript/tools/data/externs/web/webkit_notifications.js
[2020-05-13 17:00:32] [build] Done extracting /Users/alexoneill/Documents/GitHub/OSC-Code/Tools/LGTM/codeql/javascript/tools/data/externs/web/webkit_notifications.js (11 ms)
[2020-05-13 17:00:32] [build] Extracting /Users/alexoneill/Documents/GitHub/OSC-Code/Tools/LGTM/codeql/javascript/tools/data/externs/web/w3c_screen_orientation.js
[2020-05-13 17:00:32] [build] Done extracting /Users/alexoneill/Documents/GitHub/OSC-Code/Tools/LGTM/codeql/javascript/tools/data/externs/web/w3c_screen_orientation.js (4 ms)
[2020-05-13 17:00:32] [build] Extracting /Users/alexoneill/Documents/GitHub/OSC-Code/Tools/LGTM/codeql/javascript/tools/data/externs/web/w3c_midi.js
[2020-05-13 17:00:32] [build] Done extracting /Users/alexoneill/Documents/GitHub/OSC-Code/Tools/LGTM/codeql/javascript/tools/data/externs/web/w3c_midi.js (14 ms)
[2020-05-13 17:00:32] [build] Extracting /Users/alexoneill/Documents/GitHub/OSC-Code/Tools/LGTM/codeql/javascript/tools/data/externs/web/w3c_serviceworker.js
[2020-05-13 17:00:32] [build] Done extracting /Users/alexoneill/Documents/GitHub/OSC-Code/Tools/LGTM/codeql/javascript/tools/data/externs/web/w3c_serviceworker.js (31 ms)
[2020-05-13 17:00:32] [build] Extracting /Users/alexoneill/Documents/GitHub/OSC-Code/Tools/LGTM/codeql/javascript/tools/data/externs/web/w3c_device_sensor_event.js
[2020-05-13 17:00:32] [build] Done extracting /Users/alexoneill/Documents/GitHub/OSC-Code/Tools/LGTM/codeql/javascript/tools/data/externs/web/w3c_device_sensor_event.js (5 ms)
[2020-05-13 17:00:32] [build] Extracting /Users/alexoneill/Documents/GitHub/OSC-Code/Tools/LGTM/codeql/javascript/tools/data/externs/web/webkit_event.js
[2020-05-13 17:00:32] [build] Done extracting /Users/alexoneill/Documents/GitHub/OSC-Code/Tools/LGTM/codeql/javascript/tools/data/externs/web/webkit_event.js (2 ms)
[2020-05-13 17:00:32] [build] Extracting /Users/alexoneill/Documents/GitHub/OSC-Code/Tools/LGTM/codeql/javascript/tools/data/externs/web/w3c_permissions.js
[2020-05-13 17:00:32] [build] Done extracting /Users/alexoneill/Documents/GitHub/OSC-Code/Tools/LGTM/codeql/javascript/tools/data/externs/web/w3c_permissions.js (5 ms)
[2020-05-13 17:00:32] [build] Extracting /Users/alexoneill/Documents/GitHub/OSC-Code/Tools/LGTM/codeql/javascript/tools/data/externs/web/w3c_gamepad.js
[2020-05-13 17:00:32] [build] Done extracting /Users/alexoneill/Documents/GitHub/OSC-Code/Tools/LGTM/codeql/javascript/tools/data/externs/web/w3c_gamepad.js (4 ms)
[2020-05-13 17:00:32] [build] Extracting /Users/alexoneill/Documents/GitHub/OSC-Code/Tools/LGTM/codeql/javascript/tools/data/externs/web/w3c_dom1.js
[2020-05-13 17:00:32] [build] Done extracting /Users/alexoneill/Documents/GitHub/OSC-Code/Tools/LGTM/codeql/javascript/tools/data/externs/web/w3c_dom1.js (50 ms)
[2020-05-13 17:00:32] [build] Extracting /Users/alexoneill/Documents/GitHub/OSC-Code/Tools/LGTM/codeql/javascript/tools/data/externs/web/url.js
[2020-05-13 17:00:32] [build] Done extracting /Users/alexoneill/Documents/GitHub/OSC-Code/Tools/LGTM/codeql/javascript/tools/data/externs/web/url.js (9 ms)
[2020-05-13 17:00:32] [build] Extracting /Users/alexoneill/Documents/GitHub/OSC-Code/Tools/LGTM/codeql/javascript/tools/data/externs/web/gecko_event.js
[2020-05-13 17:00:32] [build] Done extracting /Users/alexoneill/Documents/GitHub/OSC-Code/Tools/LGTM/codeql/javascript/tools/data/externs/web/gecko_event.js (15 ms)
[2020-05-13 17:00:32] [build] Extracting /Users/alexoneill/Documents/GitHub/OSC-Code/Tools/LGTM/codeql/javascript/tools/data/externs/web/w3c_encoding.js
[2020-05-13 17:00:32] [build] Done extracting /Users/alexoneill/Documents/GitHub/OSC-Code/Tools/LGTM/codeql/javascript/tools/data/externs/web/w3c_encoding.js (5 ms)
[2020-05-13 17:00:32] [build] Extracting /Users/alexoneill/Documents/GitHub/OSC-Code/Tools/LGTM/codeql/javascript/tools/data/externs/web/flash.js
[2020-05-13 17:00:32] [build] Done extracting /Users/alexoneill/Documents/GitHub/OSC-Code/Tools/LGTM/codeql/javascript/tools/data/externs/web/flash.js (14 ms)
[2020-05-13 17:00:32] [build] Extracting /Users/alexoneill/Documents/GitHub/OSC-Code/Tools/LGTM/codeql/javascript/tools/data/externs/web/w3c_pointer_events.js
[2020-05-13 17:00:32] [build] Done extracting /Users/alexoneill/Documents/GitHub/OSC-Code/Tools/LGTM/codeql/javascript/tools/data/externs/web/w3c_pointer_events.js (6 ms)
[2020-05-13 17:00:32] [build] Extracting /Users/alexoneill/Documents/GitHub/OSC-Code/Tools/LGTM/codeql/javascript/tools/data/externs/web/gecko_ext.js
[2020-05-13 17:00:32] [build] Done extracting /Users/alexoneill/Documents/GitHub/OSC-Code/Tools/LGTM/codeql/javascript/tools/data/externs/web/gecko_ext.js (1 ms)
[2020-05-13 17:00:32] [build] Extracting /Users/alexoneill/Documents/GitHub/OSC-Code/Tools/LGTM/codeql/javascript/tools/data/externs/web/gecko_dom.js
[2020-05-13 17:00:32] [build] Done extracting /Users/alexoneill/Documents/GitHub/OSC-Code/Tools/LGTM/codeql/javascript/tools/data/externs/web/gecko_dom.js (49 ms)
[2020-05-13 17:00:32] [build] Extracting /Users/alexoneill/Documents/GitHub/OSC-Code/Tools/LGTM/codeql/javascript/tools/data/externs/web/webkit_dom.js
[2020-05-13 17:00:32] [build] Done extracting /Users/alexoneill/Documents/GitHub/OSC-Code/Tools/LGTM/codeql/javascript/tools/data/externs/web/webkit_dom.js (20 ms)
[2020-05-13 17:00:32] [build] Extracting /Users/alexoneill/Documents/GitHub/OSC-Code/Tools/LGTM/codeql/javascript/tools/data/externs/web/w3c_css3d.js
[2020-05-13 17:00:32] [build] Done extracting /Users/alexoneill/Documents/GitHub/OSC-Code/Tools/LGTM/codeql/javascript/tools/data/externs/web/w3c_css3d.js (9 ms)
[2020-05-13 17:00:32] [build] Extracting /Users/alexoneill/Documents/GitHub/OSC-Code/Tools/LGTM/codeql/javascript/tools/data/externs/web/w3c_dom4.js
[2020-05-13 17:00:32] [build] Done extracting /Users/alexoneill/Documents/GitHub/OSC-Code/Tools/LGTM/codeql/javascript/tools/data/externs/web/w3c_dom4.js (3 ms)
[2020-05-13 17:00:32] [build] Extracting /Users/alexoneill/Documents/GitHub/OSC-Code/Tools/LGTM/codeql/javascript/tools/data/externs/vm/rhino.js
[2020-05-13 17:00:32] [build] Done extracting /Users/alexoneill/Documents/GitHub/OSC-Code/Tools/LGTM/codeql/javascript/tools/data/externs/vm/rhino.js (4 ms)
[2020-05-13 17:00:32] [build] Extracting /Users/alexoneill/Documents/GitHub/OSC-Code/Tools/LGTM/codeql/javascript/tools/data/externs/vm/v8.js
[2020-05-13 17:00:32] [build] Done extracting /Users/alexoneill/Documents/GitHub/OSC-Code/Tools/LGTM/codeql/javascript/tools/data/externs/vm/v8.js (5 ms)
[2020-05-13 17:00:32] [build] Extracting /Users/alexoneill/Documents/GitHub/OSC-Code/Tools/LGTM/codeql/javascript/tools/data/externs/vm/spidermonkey.js
[2020-05-13 17:00:32] [build] Done extracting /Users/alexoneill/Documents/GitHub/OSC-Code/Tools/LGTM/codeql/javascript/tools/data/externs/vm/spidermonkey.js (1 ms)
[2020-05-13 17:00:32] [build] Extracting /Users/alexoneill/Documents/GitHub/OSC-Code/Tools/LGTM/codeql/javascript/tools/data/externs/vm/jsshell.js
[2020-05-13 17:00:32] [build] Done extracting /Users/alexoneill/Documents/GitHub/OSC-Code/Tools/LGTM/codeql/javascript/tools/data/externs/vm/jsshell.js (36 ms)
[2020-05-13 17:00:32] [build] Extracting /Users/alexoneill/Documents/GitHub/OSC-Code/Tools/LGTM/codeql/javascript/tools/data/externs/lib/jquery-3.2.js
[2020-05-13 17:00:32] [build] Done extracting /Users/alexoneill/Documents/GitHub/OSC-Code/Tools/LGTM/codeql/javascript/tools/data/externs/lib/jquery-3.2.js (175 ms)
[2020-05-13 17:00:32] [build] Extracting /Users/alexoneill/Documents/GitHub/OSC-Code/Tools/LGTM/codeql/javascript/tools/data/externs/lib/bdd.js
[2020-05-13 17:00:32] [build] Done extracting /Users/alexoneill/Documents/GitHub/OSC-Code/Tools/LGTM/codeql/javascript/tools/data/externs/lib/bdd.js (7 ms)
[2020-05-13 17:00:32] [build] Extracting /Users/alexoneill/Documents/GitHub/OSC-Code/Tools/LGTM/codeql/javascript/tools/data/externs/lib/should.js
[2020-05-13 17:00:32] [build] Done extracting /Users/alexoneill/Documents/GitHub/OSC-Code/Tools/LGTM/codeql/javascript/tools/data/externs/lib/should.js (15 ms)
[2020-05-13 17:00:32] [build] Extracting /Users/alexoneill/Documents/GitHub/OSC-Code/Tools/LGTM/codeql/javascript/tools/data/externs/lib/vows.js
[2020-05-13 17:00:32] [build] Done extracting /Users/alexoneill/Documents/GitHub/OSC-Code/Tools/LGTM/codeql/javascript/tools/data/externs/lib/vows.js (17 ms)
[2020-05-13 17:00:32] [build] Extracting /Users/alexoneill/Documents/GitHub/OSC-Code/Tools/LGTM/codeql/javascript/tools/data/externs/es/proxy.js
[2020-05-13 17:00:32] [build] Done extracting /Users/alexoneill/Documents/GitHub/OSC-Code/Tools/LGTM/codeql/javascript/tools/data/externs/es/proxy.js (2 ms)
[2020-05-13 17:00:32] [build] Extracting /Users/alexoneill/Documents/GitHub/OSC-Code/Tools/LGTM/codeql/javascript/tools/data/externs/es/es5.js
[2020-05-13 17:00:32] [build] Done extracting /Users/alexoneill/Documents/GitHub/OSC-Code/Tools/LGTM/codeql/javascript/tools/data/externs/es/es5.js (14 ms)
[2020-05-13 17:00:32] [build] Extracting /Users/alexoneill/Documents/GitHub/OSC-Code/Tools/LGTM/codeql/javascript/tools/data/externs/es/intl.js
[2020-05-13 17:00:32] [build] Done extracting /Users/alexoneill/Documents/GitHub/OSC-Code/Tools/LGTM/codeql/javascript/tools/data/externs/es/intl.js (10 ms)
[2020-05-13 17:00:32] [build] Extracting /Users/alexoneill/Documents/GitHub/OSC-Code/Tools/LGTM/codeql/javascript/tools/data/externs/es/es6_collections.js
[2020-05-13 17:00:32] [build] Done extracting /Users/alexoneill/Documents/GitHub/OSC-Code/Tools/LGTM/codeql/javascript/tools/data/externs/es/es6_collections.js (10 ms)
[2020-05-13 17:00:32] [build] Extracting /Users/alexoneill/Documents/GitHub/OSC-Code/Tools/LGTM/codeql/javascript/tools/data/externs/es/es6.js
[2020-05-13 17:00:32] [build] Done extracting /Users/alexoneill/Documents/GitHub/OSC-Code/Tools/LGTM/codeql/javascript/tools/data/externs/es/es6.js (88 ms)
[2020-05-13 17:00:32] [build] Extracting /Users/alexoneill/Documents/GitHub/OSC-Code/Tools/LGTM/codeql/javascript/tools/data/externs/es/es2017.js
[2020-05-13 17:00:32] [build] Done extracting /Users/alexoneill/Documents/GitHub/OSC-Code/Tools/LGTM/codeql/javascript/tools/data/externs/es/es2017.js (4 ms)
[2020-05-13 17:00:32] [build] Extracting /Users/alexoneill/Documents/GitHub/OSC-Code/Tools/LGTM/codeql/javascript/tools/data/externs/es/es3.js
[2020-05-13 17:00:32] [build] Done extracting /Users/alexoneill/Documents/GitHub/OSC-Code/Tools/LGTM/codeql/javascript/tools/data/externs/es/es3.js (120 ms)
[2020-05-13 17:00:32] [build] Extracting /Users/alexoneill/Documents/GitHub/OSC-Code/Tools/LGTM/codeql/javascript/tools/data/externs/es/es2016.js
[2020-05-13 17:00:32] [build] Done extracting /Users/alexoneill/Documents/GitHub/OSC-Code/Tools/LGTM/codeql/javascript/tools/data/externs/es/es2016.js (2 ms)
[2020-05-13 17:00:32] Plumbing command codeql database trace-command completed.
[2020-05-13 17:00:32] [PROGRESS] database create> Finalizing database at /Users/alexoneill/Documents/GitHub/OSC-Code/Tools/LGTM/DB_Storage/jquery-migrate-3-1-0DB.
[2020-05-13 17:00:32] Running plumbing command: codeql database finalize --mode=normal -- /Users/alexoneill/Documents/GitHub/OSC-Code/Tools/LGTM/DB_Storage/jquery-migrate-3-1-0DB
[2020-05-13 17:00:32] [PROGRESS] database finalize> Running TRAP import for CodeQL database at /Users/alexoneill/Documents/GitHub/OSC-Code/Tools/LGTM/DB_Storage/jquery-migrate-3-1-0DB...
[2020-05-13 17:00:32] Running plumbing command: codeql dataset import --dbscheme=/Users/alexoneill/Documents/GitHub/OSC-Code/Tools/LGTM/codeql/javascript/semmlecode.javascript.dbscheme -- /Users/alexoneill/Documents/GitHub/OSC-Code/Tools/LGTM/DB_Storage/jquery-migrate-3-1-0DB/db-javascript /Users/alexoneill/Documents/GitHub/OSC-Code/Tools/LGTM/DB_Storage/jquery-migrate-3-1-0DB/trap/javascript
[2020-05-13 17:00:33] Clearing disk cache since the version file /Users/alexoneill/Documents/GitHub/OSC-Code/Tools/LGTM/DB_Storage/jquery-migrate-3-1-0DB/db-javascript/default/cache/version does not exist
[2020-05-13 17:00:33] Tuple pool not found. Clearing relations with cached strings
[2020-05-13 17:00:33] Trimming disk cache at /Users/alexoneill/Documents/GitHub/OSC-Code/Tools/LGTM/DB_Storage/jquery-migrate-3-1-0DB/db-javascript/default/cache in mode brutal.
[2020-05-13 17:00:33] Sequence stamp origin is -6727449369340740846
[2020-05-13 17:00:33] Stopped the world to hard-clear memory at sequence stamp o+0
[2020-05-13 17:00:33] Starting the world again
[2020-05-13 17:00:33] Stopped the world to quickly trim disk at sequence stamp o+1
[2020-05-13 17:00:33] Starting the world again
[2020-05-13 17:00:33] Stopped the world to zealously trim disk at sequence stamp o+2
[2020-05-13 17:00:33] Starting the world again
[2020-05-13 17:00:33] Trimming completed (10ms): Purged everything.
[2020-05-13 17:00:33] Scanning for files in /Users/alexoneill/Documents/GitHub/OSC-Code/Tools/LGTM/DB_Storage/jquery-migrate-3-1-0DB/trap/javascript
[2020-05-13 17:00:33] Importing es2016.js.trap.gz (1 of 160)
[2020-05-13 17:00:33] Importing es2017.js.trap.gz (2 of 160)
[2020-05-13 17:00:33] Importing es3.js.trap.gz (3 of 160)
[2020-05-13 17:00:33] Importing es5.js.trap.gz (4 of 160)
[2020-05-13 17:00:33] Importing es6.js.trap.gz (5 of 160)
[2020-05-13 17:00:33] Importing es6_collections.js.trap.gz (6 of 160)
[2020-05-13 17:00:33] Importing intl.js.trap.gz (7 of 160)
[2020-05-13 17:00:33] Importing proxy.js.trap.gz (8 of 160)
[2020-05-13 17:00:33] Importing bdd.js.trap.gz (9 of 160)
[2020-05-13 17:00:33] Importing jquery-3.2.js.trap.gz (10 of 160)
[2020-05-13 17:00:34] Importing should.js.trap.gz (11 of 160)
[2020-05-13 17:00:34] Importing vows.js.trap.gz (12 of 160)
[2020-05-13 17:00:34] Importing assert.js.trap.gz (13 of 160)
[2020-05-13 17:00:34] Importing assert_legacy.js.trap.gz (14 of 160)
[2020-05-13 17:00:34] Importing buffer.js.trap.gz (15 of 160)
[2020-05-13 17:00:34] Importing child_process.js.trap.gz (16 of 160)
[2020-05-13 17:00:34] Importing cluster.js.trap.gz (17 of 160)
[2020-05-13 17:00:34] Importing console.js.trap.gz (18 of 160)
[2020-05-13 17:00:34] Importing constants.js.trap.gz (19 of 160)
[2020-05-13 17:00:34] Importing crypto.js.trap.gz (20 of 160)
[2020-05-13 17:00:34] Importing dgram.js.trap.gz (21 of 160)
[2020-05-13 17:00:34] Importing dns.js.trap.gz (22 of 160)
[2020-05-13 17:00:34] Importing domain.js.trap.gz (23 of 160)
[2020-05-13 17:00:34] Importing events.js.trap.gz (24 of 160)
[2020-05-13 17:00:34] Importing fs.js.trap.gz (25 of 160)
[2020-05-13 17:00:34] Importing globals.js.trap.gz (26 of 160)
[2020-05-13 17:00:34] Importing http.js.trap.gz (27 of 160)
[2020-05-13 17:00:34] Importing https.js.trap.gz (28 of 160)
[2020-05-13 17:00:34] Importing module.js.trap.gz (29 of 160)
[2020-05-13 17:00:34] Importing net.js.trap.gz (30 of 160)
[2020-05-13 17:00:34] Importing os.js.trap.gz (31 of 160)
[2020-05-13 17:00:34] Importing path.js.trap.gz (32 of 160)
[2020-05-13 17:00:34] Importing process.js.trap.gz (33 of 160)
[2020-05-13 17:00:34] Importing punycode.js.trap.gz (34 of 160)
[2020-05-13 17:00:34] Importing querystring.js.trap.gz (35 of 160)
[2020-05-13 17:00:34] Importing readline.js.trap.gz (36 of 160)
[2020-05-13 17:00:34] Importing repl.js.trap.gz (37 of 160)
[2020-05-13 17:00:34] Importing stream.js.trap.gz (38 of 160)
[2020-05-13 17:00:34] Importing string_decoder.js.trap.gz (39 of 160)
[2020-05-13 17:00:34] Importing sys.js.trap.gz (40 of 160)
[2020-05-13 17:00:34] Importing timers.js.trap.gz (41 of 160)
[2020-05-13 17:00:34] Importing tls.js.trap.gz (42 of 160)
[2020-05-13 17:00:34] Importing tty.js.trap.gz (43 of 160)
[2020-05-13 17:00:35] Importing url.js.trap.gz (44 of 160)
[2020-05-13 17:00:35] Importing util.js.trap.gz (45 of 160)
[2020-05-13 17:00:35] Importing v8.js.trap.gz (46 of 160)
[2020-05-13 17:00:35] Importing vm.js.trap.gz (47 of 160)
[2020-05-13 17:00:35] Importing zlib.js.trap.gz (48 of 160)
[2020-05-13 17:00:35] Importing jsshell.js.trap.gz (49 of 160)
[2020-05-13 17:00:35] Importing rhino.js.trap.gz (50 of 160)
[2020-05-13 17:00:35] Importing spidermonkey.js.trap.gz (51 of 160)
[2020-05-13 17:00:35] Importing v8.js.trap.gz (52 of 160)
[2020-05-13 17:00:35] Importing chrome.js.trap.gz (53 of 160)
[2020-05-13 17:00:35] Importing fetchapi.js.trap.gz (54 of 160)
[2020-05-13 17:00:35] Importing fileapi.js.trap.gz (55 of 160)
[2020-05-13 17:00:35] Importing flash.js.trap.gz (56 of 160)
[2020-05-13 17:00:35] Importing gecko_css.js.trap.gz (57 of 160)
[2020-05-13 17:00:35] Importing gecko_dom.js.trap.gz (58 of 160)
[2020-05-13 17:00:35] Importing gecko_event.js.trap.gz (59 of 160)
[2020-05-13 17:00:35] Importing gecko_ext.js.trap.gz (60 of 160)
[2020-05-13 17:00:35] Importing gecko_xml.js.trap.gz (61 of 160)
[2020-05-13 17:00:35] Importing html5.js.trap.gz (62 of 160)
[2020-05-13 17:00:35] Importing ie_css.js.trap.gz (63 of 160)
[2020-05-13 17:00:35] Importing ie_dom.js.trap.gz (64 of 160)
[2020-05-13 17:00:35] Importing ie_event.js.trap.gz (65 of 160)
[2020-05-13 17:00:35] Importing ie_vml.js.trap.gz (66 of 160)
[2020-05-13 17:00:35] Importing intl.js.trap.gz (67 of 160)
[2020-05-13 17:00:35] Importing iphone.js.trap.gz (68 of 160)
[2020-05-13 17:00:35] Importing mediasource.js.trap.gz (69 of 160)
[2020-05-13 17:00:35] Importing page_visibility.js.trap.gz (70 of 160)
[2020-05-13 17:00:35] Importing streamsapi.js.trap.gz (71 of 160)
[2020-05-13 17:00:35] Importing url.js.trap.gz (72 of 160)
[2020-05-13 17:00:35] Importing w3c_anim_timing.js.trap.gz (73 of 160)
[2020-05-13 17:00:35] Importing w3c_batterystatus.js.trap.gz (74 of 160)
[2020-05-13 17:00:35] Importing w3c_css.js.trap.gz (75 of 160)
[2020-05-13 17:00:35] Importing w3c_css3d.js.trap.gz (76 of 160)
[2020-05-13 17:00:35] Importing w3c_device_sensor_event.js.trap.gz (77 of 160)
[2020-05-13 17:00:35] Importing w3c_dom1.js.trap.gz (78 of 160)
[2020-05-13 17:00:35] Importing w3c_dom2.js.trap.gz (79 of 160)
[2020-05-13 17:00:35] Importing w3c_dom3.js.trap.gz (80 of 160)
[2020-05-13 17:00:35] Importing w3c_dom4.js.trap.gz (81 of 160)
[2020-05-13 17:00:35] Importing w3c_elementtraversal.js.trap.gz (82 of 160)
[2020-05-13 17:00:35] Importing w3c_encoding.js.trap.gz (83 of 160)
[2020-05-13 17:00:35] Importing w3c_event.js.trap.gz (84 of 160)
[2020-05-13 17:00:35] Importing w3c_event3.js.trap.gz (85 of 160)
[2020-05-13 17:00:35] Importing w3c_gamepad.js.trap.gz (86 of 160)
[2020-05-13 17:00:35] Importing w3c_geolocation.js.trap.gz (87 of 160)
[2020-05-13 17:00:35] Importing w3c_indexeddb.js.trap.gz (88 of 160)
[2020-05-13 17:00:35] Importing w3c_midi.js.trap.gz (89 of 160)
[2020-05-13 17:00:35] Importing w3c_navigation_timing.js.trap.gz (90 of 160)
[2020-05-13 17:00:35] Importing w3c_permissions.js.trap.gz (91 of 160)
[2020-05-13 17:00:35] Importing w3c_pointer_events.js.trap.gz (92 of 160)
[2020-05-13 17:00:35] Importing w3c_range.js.trap.gz (93 of 160)
[2020-05-13 17:00:35] Importing w3c_requestidlecallback.js.trap.gz (94 of 160)
[2020-05-13 17:00:35] Importing w3c_rtc.js.trap.gz (95 of 160)
[2020-05-13 17:00:35] Importing w3c_screen_orientation.js.trap.gz (96 of 160)
[2020-05-13 17:00:35] Importing w3c_selectors.js.trap.gz (97 of 160)
[2020-05-13 17:00:35] Importing w3c_serviceworker.js.trap.gz (98 of 160)
[2020-05-13 17:00:36] Importing w3c_touch_event.js.trap.gz (99 of 160)
[2020-05-13 17:00:36] Importing w3c_webcrypto.js.trap.gz (100 of 160)
[2020-05-13 17:00:36] Importing w3c_xml.js.trap.gz (101 of 160)
[2020-05-13 17:00:36] Importing webgl.js.trap.gz (102 of 160)
[2020-05-13 17:00:36] Importing webkit_css.js.trap.gz (103 of 160)
[2020-05-13 17:00:36] Importing webkit_dom.js.trap.gz (104 of 160)
[2020-05-13 17:00:36] Importing webkit_event.js.trap.gz (105 of 160)
[2020-05-13 17:00:36] Importing webkit_notifications.js.trap.gz (106 of 160)
[2020-05-13 17:00:36] Importing webkit_usercontent.js.trap.gz (107 of 160)
[2020-05-13 17:00:36] Importing webstorage.js.trap.gz (108 of 160)
[2020-05-13 17:00:36] Importing whatwg_encoding.js.trap.gz (109 of 160)
[2020-05-13 17:00:36] Importing window.js.trap.gz (110 of 160)
[2020-05-13 17:00:36] Importing .eslintrc.json.trap.gz (111 of 160)
[2020-05-13 17:00:36] Importing .travis.yml.trap.gz (112 of 160)
[2020-05-13 17:00:36] Importing Gruntfile.js.trap.gz (113 of 160)
[2020-05-13 17:00:36] Importing release.js.trap.gz (114 of 160)
[2020-05-13 17:00:36] Importing testswarm.js.trap.gz (115 of 160)
[2020-05-13 17:00:36] Importing .eslintrc.json.trap.gz (116 of 160)
[2020-05-13 17:00:36] Importing jquery-migrate.js.trap.gz (117 of 160)
[2020-05-13 17:00:36] Importing package.json.trap.gz (118 of 160)
[2020-05-13 17:00:36] Importing .eslintrc.json.trap.gz (119 of 160)
[2020-05-13 17:00:36] Importing ajax.js.trap.gz (120 of 160)
[2020-05-13 17:00:36] Importing attributes.js.trap.gz (121 of 160)
[2020-05-13 17:00:36] Importing compareVersions.js.trap.gz (122 of 160)
[2020-05-13 17:00:36] Importing core.js.trap.gz (123 of 160)
[2020-05-13 17:00:36] Importing css.js.trap.gz (124 of 160)
[2020-05-13 17:00:36] Importing data.js.trap.gz (125 of 160)
[2020-05-13 17:00:36] Importing deferred.js.trap.gz (126 of 160)
[2020-05-13 17:00:36] Importing effects.js.trap.gz (127 of 160)
[2020-05-13 17:00:36] Importing event.js.trap.gz (128 of 160)
[2020-05-13 17:00:36] Importing intro.js.trap.gz (129 of 160)
[2020-05-13 17:00:36] Importing migrate.js.trap.gz (130 of 160)
[2020-05-13 17:00:36] Importing migratemute.js.trap.gz (131 of 160)
[2020-05-13 17:00:36] Importing offset.js.trap.gz (132 of 160)
[2020-05-13 17:00:36] Importing outro.js.trap.gz (133 of 160)
[2020-05-13 17:00:36] Importing serialize.js.trap.gz (134 of 160)
[2020-05-13 17:00:36] Importing traversing.js.trap.gz (135 of 160)
[2020-05-13 17:00:36] Importing version.js.trap.gz (136 of 160)
[2020-05-13 17:00:36] Importing .eslintrc.json.trap.gz (137 of 160)
[2020-05-13 17:00:36] Importing ajax.js.trap.gz (138 of 160)
[2020-05-13 17:00:36] Importing attributes.js.trap.gz (139 of 160)
[2020-05-13 17:00:36] Importing core-jquery2.html.trap.gz (140 of 160)
[2020-05-13 17:00:36] Importing core.js.trap.gz (141 of 160)
[2020-05-13 17:00:36] Importing css.js.trap.gz (142 of 160)
[2020-05-13 17:00:36] Importing jquery-2.2.3.js.trap.gz (143 of 160)
[2020-05-13 17:00:37] Importing data.js.trap.gz (144 of 160)
[2020-05-13 17:00:37] Importing deferred.js.trap.gz (145 of 160)
[2020-05-13 17:00:37] Importing effects.js.trap.gz (146 of 160)
[2020-05-13 17:00:37] Importing event-fixHooks.html.trap.gz (147 of 160)
[2020-05-13 17:00:37] Importing event-lateload.html.trap.gz (148 of 160)
[2020-05-13 17:00:37] Importing event-props-concat.html.trap.gz (149 of 160)
[2020-05-13 17:00:37] Importing event-props.html.trap.gz (150 of 160)
[2020-05-13 17:00:37] Importing event-ready.html.trap.gz (151 of 160)
[2020-05-13 17:00:37] Importing event.js.trap.gz (152 of 160)
[2020-05-13 17:00:37] Importing iframeTest.js.trap.gz (153 of 160)
[2020-05-13 17:00:37] Importing index.html.trap.gz (154 of 160)
[2020-05-13 17:00:37] Importing migrate.js.trap.gz (155 of 160)
[2020-05-13 17:00:37] Importing offset.js.trap.gz (156 of 160)
[2020-05-13 17:00:37] Importing serialize.js.trap.gz (157 of 160)
[2020-05-13 17:00:37] Importing testinit.js.trap.gz (158 of 160)
[2020-05-13 17:00:37] Importing traversing.js.trap.gz (159 of 160)
[2020-05-13 17:00:37] Importing sourceLocationPrefix.trap.gz (160 of 160)
[2020-05-13 17:00:37] Merging 1 fragments for files.
[2020-05-13 17:00:37] Merging 1 fragments for folders.
[2020-05-13 17:00:37] Merging 1 fragments for containerparent.
[2020-05-13 17:00:37] Merging 3 fragments for locations_default.
[2020-05-13 17:00:37] Merging 4 fragments for hasLocation.
[2020-05-13 17:00:38] Merging 1 fragments for extraction_data.
[2020-05-13 17:00:38] Merging 1 fragments for scopes.
[2020-05-13 17:00:38] Merging 1 fragments for comments.
[2020-05-13 17:00:38] Merging 1 fragments for indentation.
[2020-05-13 17:00:38] Merging 1 fragments for numlines.
[2020-05-13 17:00:38] Merging 2 fragments for tokeninfo.
[2020-05-13 17:00:38] Merging 1 fragments for next_token.
[2020-05-13 17:00:38] Merging 1 fragments for jsdoc.
[2020-05-13 17:00:38] Merging 1 fragments for jsdoc_tags.
[2020-05-13 17:00:38] Merging 1 fragments for jsdoc_tag_descriptions.
[2020-05-13 17:00:38] Merging 1 fragments for jsdoc_tag_names.
[2020-05-13 17:00:38] Merging 1 fragments for jsdoc_type_exprs.
[2020-05-13 17:00:38] Merging 1 fragments for toplevels.
[2020-05-13 17:00:38] Merging 1 fragments for stmts.
[2020-05-13 17:00:38] Merging 1 fragments for stmtContainers.
[2020-05-13 17:00:38] Merging 1 fragments for exprs.
[2020-05-13 17:00:38] Merging 1 fragments for enclosingStmt.
[2020-05-13 17:00:38] Merging 1 fragments for exprContainers.
[2020-05-13 17:00:38] Merging 1 fragments for literals.
[2020-05-13 17:00:38] Merging 1 fragments for variables.
[2020-05-13 17:00:38] Merging 1 fragments for bind.
[2020-05-13 17:00:38] Merging 1 fragments for scopenodes.
[2020-05-13 17:00:38] Merging 1 fragments for scopenesting.
[2020-05-13 17:00:38] Merging 1 fragments for decl.
[2020-05-13 17:00:38] Merging 1 fragments for isArgumentsObject.
[2020-05-13 17:00:38] Merging 1 fragments for entry_cfg_node.
[2020-05-13 17:00:38] Merging 1 fragments for exit_cfg_node.
[2020-05-13 17:00:38] Merging 2 fragments for successor.
[2020-05-13 17:00:38] Merging 1 fragments for isExterns.
[2020-05-13 17:00:38] Merging 1 fragments for filetype.
[2020-05-13 17:00:38] Merging 1 fragments for extraction_time.
[2020-05-13 17:00:38] Merging 1 fragments for jsdoc_prefix_qualifier.
[2020-05-13 17:00:38] Merging 1 fragments for jsdoc_errors.
[2020-05-13 17:00:38] Merging 1 fragments for jsdoc_record_field_name.
[2020-05-13 17:00:38] Merging 1 fragments for jsdoc_has_new_parameter.
[2020-05-13 17:00:38] Merging 1 fragments for properties.
[2020-05-13 17:00:38] Merging 1 fragments for regexpterm.
[2020-05-13 17:00:38] Merging 1 fragments for regexpConstValue.
[2020-05-13 17:00:38] Merging 1 fragments for guard_node.
[2020-05-13 17:00:38] Merging 1 fragments for isModule.
[2020-05-13 17:00:38] Merging 1 fragments for isNodejs.
[2020-05-13 17:00:38] Merging 1 fragments for json.
[2020-05-13 17:00:38] Merging 1 fragments for json_locations.
[2020-05-13 17:00:38] Merging 1 fragments for json_literals.
[2020-05-13 17:00:38] Merging 1 fragments for json_properties.
[2020-05-13 17:00:38] Merging 1 fragments for yaml_scalars.
[2020-05-13 17:00:38] Merging 1 fragments for yaml.
[2020-05-13 17:00:38] Merging 1 fragments for yaml_locations.
[2020-05-13 17:00:38] Merging 1 fragments for arraySize.
[2020-05-13 17:00:38] Merging 1 fragments for isGreedy.
[2020-05-13 17:00:38] Merging 1 fragments for isCapture.
[2020-05-13 17:00:38] Merging 1 fragments for charClassEscape.
[2020-05-13 17:00:38] Merging 1 fragments for isInverted.
[2020-05-13 17:00:38] Merging 1 fragments for json_errors.
[2020-05-13 17:00:38] Merging 1 fragments for jsParseErrors.
[2020-05-13 17:00:38] Merging 1 fragments for xmlElements.
[2020-05-13 17:00:38] Merging 1 fragments for xmllocations.
[2020-05-13 17:00:38] Merging 1 fragments for xmlComments.
[2020-05-13 17:00:38] Merging 1 fragments for xmlAttrs.
[2020-05-13 17:00:38] Merging 1 fragments for jumpTargets.
[2020-05-13 17:00:38] Merging 1 fragments for backref.
[2020-05-13 17:00:38] Merging 1 fragments for sourceLocationPrefix.
[2020-05-13 17:00:38] Saving string and id pools to disk.
[2020-05-13 17:00:38] Finished importing trap files.
[2020-05-13 17:00:38] Stopped the world to close the cache at sequence stamp o+3
[2020-05-13 17:00:38] The disk cache is freshly trimmed; leave it be.
[2020-05-13 17:00:38] Starting the world again
[2020-05-13 17:00:38] Plumbing command codeql dataset import completed.
[2020-05-13 17:00:38] [PROGRESS] database finalize> TRAP import complete (5.6s).
[2020-05-13 17:00:38] Running plumbing command: codeql database cleanup --mode=normal -- /Users/alexoneill/Documents/GitHub/OSC-Code/Tools/LGTM/DB_Storage/jquery-migrate-3-1-0DB
[2020-05-13 17:00:38] [PROGRESS] database cleanup> Cleaning up existing TRAP files after import...
[2020-05-13 17:00:38] [PROGRESS] database cleanup> TRAP files cleaned up (39ms).
[2020-05-13 17:00:38] Running plumbing command: codeql dataset cleanup --mode=normal -- /Users/alexoneill/Documents/GitHub/OSC-Code/Tools/LGTM/DB_Storage/jquery-migrate-3-1-0DB/db-javascript
[2020-05-13 17:00:38] [PROGRESS] dataset cleanup> Cleaning up dataset in /Users/alexoneill/Documents/GitHub/OSC-Code/Tools/LGTM/DB_Storage/jquery-migrate-3-1-0DB/db-javascript.
[2020-05-13 17:00:38] Trimming disk cache at /Users/alexoneill/Documents/GitHub/OSC-Code/Tools/LGTM/DB_Storage/jquery-migrate-3-1-0DB/db-javascript/default/cache in mode normal.
[2020-05-13 17:00:38] Sequence stamp origin is -6727449344595656137
[2020-05-13 17:00:38] Stopped the world to zealously trim disk at sequence stamp o+0
[2020-05-13 17:00:38] Starting the world again
[2020-05-13 17:00:38] Trimming completed (1ms): Trimmed disposable data from cache.
[2020-05-13 17:00:38] Stopped the world to close the cache at sequence stamp o+1
[2020-05-13 17:00:38] The disk cache is freshly trimmed; leave it be.
[2020-05-13 17:00:38] Starting the world again
[2020-05-13 17:00:38] [PROGRESS] dataset cleanup> Trimmed disposable data from cache.
[2020-05-13 17:00:38] Plumbing command codeql dataset cleanup completed.
[2020-05-13 17:00:38] Plumbing command codeql database cleanup completed with status 0.
[2020-05-13 17:00:38] Plumbing command codeql database finalize completed with status 0.
[2020-05-13 17:00:38] [PROGRESS] database create> Successfully created database at /Users/alexoneill/Documents/GitHub/OSC-Code/Tools/LGTM/DB_Storage/jquery-migrate-3-1-0DB.
[2020-05-13 17:00:38] Terminating normally.
