[2020-05-13 17:04:50] This is codeql database create --language=javascript --source-root /Users/alexoneill/Documents/GitHub/OSC-Code/Tools/LGTM/ext_JS_src/twitter-bootstrap-2.1.1 /Users/alexoneill/Documents/GitHub/OSC-Code/Tools/LGTM/DB_Storage/twitter-bootstrap-2-1-1DB
[2020-05-13 17:04:50] Log file was started late.
[2020-05-13 17:04:51] Using autobuild script /Users/alexoneill/Documents/GitHub/OSC-Code/Tools/LGTM/codeql/javascript/tools/autobuild.sh.
[2020-05-13 17:04:51] [DETAILS] database create> Detected autobuild command: /Users/alexoneill/Documents/GitHub/OSC-Code/Tools/LGTM/codeql/javascript/tools/autobuild.sh.
[2020-05-13 17:04:51] [PROGRESS] database create> Running command [/Users/alexoneill/Documents/GitHub/OSC-Code/Tools/LGTM/codeql/javascript/tools/autobuild.sh] in /Users/alexoneill/Documents/GitHub/OSC-Code/Tools/LGTM/ext_JS_src/twitter-bootstrap-2.1.1.
[2020-05-13 17:04:51] Running plumbing command: codeql database trace-command --working-dir=/Users/alexoneill/Documents/GitHub/OSC-Code/Tools/LGTM/ext_JS_src/twitter-bootstrap-2.1.1 -- /Users/alexoneill/Documents/GitHub/OSC-Code/Tools/LGTM/DB_Storage/twitter-bootstrap-2-1-1DB /Users/alexoneill/Documents/GitHub/OSC-Code/Tools/LGTM/codeql/javascript/tools/autobuild.sh
[2020-05-13 17:04:51] [PROGRESS] database trace-command> /Users/alexoneill/Documents/GitHub/OSC-Code/Tools/LGTM/DB_Storage/twitter-bootstrap-2-1-1DB: Running in /Users/alexoneill/Documents/GitHub/OSC-Code/Tools/LGTM/ext_JS_src/twitter-bootstrap-2.1.1: [/Users/alexoneill/Documents/GitHub/OSC-Code/Tools/LGTM/codeql/javascript/tools/autobuild.sh]
[2020-05-13 17:04:51] [build] Single-threaded extraction.
[2020-05-13 17:04:51] [build] Extracting /Users/alexoneill/Documents/GitHub/OSC-Code/Tools/LGTM/ext_JS_src/twitter-bootstrap-2.1.1/package/less/tests/navbar.html
[2020-05-13 17:04:51] [build] Done extracting /Users/alexoneill/Documents/GitHub/OSC-Code/Tools/LGTM/ext_JS_src/twitter-bootstrap-2.1.1/package/less/tests/navbar.html (101 ms)
[2020-05-13 17:04:51] [build] Extracting /Users/alexoneill/Documents/GitHub/OSC-Code/Tools/LGTM/ext_JS_src/twitter-bootstrap-2.1.1/package/less/tests/forms.html
[2020-05-13 17:04:51] [build] Done extracting /Users/alexoneill/Documents/GitHub/OSC-Code/Tools/LGTM/ext_JS_src/twitter-bootstrap-2.1.1/package/less/tests/forms.html (10 ms)
[2020-05-13 17:04:51] [build] Extracting /Users/alexoneill/Documents/GitHub/OSC-Code/Tools/LGTM/ext_JS_src/twitter-bootstrap-2.1.1/package/less/tests/css-tests.html
[2020-05-13 17:04:51] [build] Done extracting /Users/alexoneill/Documents/GitHub/OSC-Code/Tools/LGTM/ext_JS_src/twitter-bootstrap-2.1.1/package/less/tests/css-tests.html (110 ms)
[2020-05-13 17:04:51] [build] Extracting /Users/alexoneill/Documents/GitHub/OSC-Code/Tools/LGTM/ext_JS_src/twitter-bootstrap-2.1.1/package/js/bootstrap-button.js
[2020-05-13 17:04:51] [build] Done extracting /Users/alexoneill/Documents/GitHub/OSC-Code/Tools/LGTM/ext_JS_src/twitter-bootstrap-2.1.1/package/js/bootstrap-button.js (122 ms)
[2020-05-13 17:04:51] [build] Extracting /Users/alexoneill/Documents/GitHub/OSC-Code/Tools/LGTM/ext_JS_src/twitter-bootstrap-2.1.1/package/js/bootstrap-scrollspy.js
[2020-05-13 17:04:51] [build] Done extracting /Users/alexoneill/Documents/GitHub/OSC-Code/Tools/LGTM/ext_JS_src/twitter-bootstrap-2.1.1/package/js/bootstrap-scrollspy.js (50 ms)
[2020-05-13 17:04:51] [build] Extracting /Users/alexoneill/Documents/GitHub/OSC-Code/Tools/LGTM/ext_JS_src/twitter-bootstrap-2.1.1/package/js/bootstrap-alert.js
[2020-05-13 17:04:51] [build] Done extracting /Users/alexoneill/Documents/GitHub/OSC-Code/Tools/LGTM/ext_JS_src/twitter-bootstrap-2.1.1/package/js/bootstrap-alert.js (16 ms)
[2020-05-13 17:04:51] [build] Extracting /Users/alexoneill/Documents/GitHub/OSC-Code/Tools/LGTM/ext_JS_src/twitter-bootstrap-2.1.1/package/js/bootstrap-dropdown.js
[2020-05-13 17:04:51] [build] Done extracting /Users/alexoneill/Documents/GitHub/OSC-Code/Tools/LGTM/ext_JS_src/twitter-bootstrap-2.1.1/package/js/bootstrap-dropdown.js (46 ms)
[2020-05-13 17:04:51] [build] Extracting /Users/alexoneill/Documents/GitHub/OSC-Code/Tools/LGTM/ext_JS_src/twitter-bootstrap-2.1.1/package/js/bootstrap-typeahead.js
[2020-05-13 17:04:51] [build] Done extracting /Users/alexoneill/Documents/GitHub/OSC-Code/Tools/LGTM/ext_JS_src/twitter-bootstrap-2.1.1/package/js/bootstrap-typeahead.js (59 ms)
[2020-05-13 17:04:51] [build] Extracting /Users/alexoneill/Documents/GitHub/OSC-Code/Tools/LGTM/ext_JS_src/twitter-bootstrap-2.1.1/package/js/bootstrap-popover.js
[2020-05-13 17:04:51] [build] Done extracting /Users/alexoneill/Documents/GitHub/OSC-Code/Tools/LGTM/ext_JS_src/twitter-bootstrap-2.1.1/package/js/bootstrap-popover.js (19 ms)
[2020-05-13 17:04:51] [build] Extracting /Users/alexoneill/Documents/GitHub/OSC-Code/Tools/LGTM/ext_JS_src/twitter-bootstrap-2.1.1/package/js/tests/unit/bootstrap-button.js
[2020-05-13 17:04:51] [build] Done extracting /Users/alexoneill/Documents/GitHub/OSC-Code/Tools/LGTM/ext_JS_src/twitter-bootstrap-2.1.1/package/js/tests/unit/bootstrap-button.js (28 ms)
[2020-05-13 17:04:51] [build] Extracting /Users/alexoneill/Documents/GitHub/OSC-Code/Tools/LGTM/ext_JS_src/twitter-bootstrap-2.1.1/package/js/tests/unit/bootstrap-scrollspy.js
[2020-05-13 17:04:51] [build] Done extracting /Users/alexoneill/Documents/GitHub/OSC-Code/Tools/LGTM/ext_JS_src/twitter-bootstrap-2.1.1/package/js/tests/unit/bootstrap-scrollspy.js (7 ms)
[2020-05-13 17:04:51] [build] Extracting /Users/alexoneill/Documents/GitHub/OSC-Code/Tools/LGTM/ext_JS_src/twitter-bootstrap-2.1.1/package/js/tests/unit/bootstrap-alert.js
[2020-05-13 17:04:51] [build] Done extracting /Users/alexoneill/Documents/GitHub/OSC-Code/Tools/LGTM/ext_JS_src/twitter-bootstrap-2.1.1/package/js/tests/unit/bootstrap-alert.js (19 ms)
[2020-05-13 17:04:51] [build] Extracting /Users/alexoneill/Documents/GitHub/OSC-Code/Tools/LGTM/ext_JS_src/twitter-bootstrap-2.1.1/package/js/tests/unit/bootstrap-dropdown.js
[2020-05-13 17:04:51] [build] Done extracting /Users/alexoneill/Documents/GitHub/OSC-Code/Tools/LGTM/ext_JS_src/twitter-bootstrap-2.1.1/package/js/tests/unit/bootstrap-dropdown.js (23 ms)
[2020-05-13 17:04:51] [build] Extracting /Users/alexoneill/Documents/GitHub/OSC-Code/Tools/LGTM/ext_JS_src/twitter-bootstrap-2.1.1/package/js/tests/unit/bootstrap-typeahead.js
[2020-05-13 17:04:52] [build] Done extracting /Users/alexoneill/Documents/GitHub/OSC-Code/Tools/LGTM/ext_JS_src/twitter-bootstrap-2.1.1/package/js/tests/unit/bootstrap-typeahead.js (51 ms)
[2020-05-13 17:04:52] [build] Extracting /Users/alexoneill/Documents/GitHub/OSC-Code/Tools/LGTM/ext_JS_src/twitter-bootstrap-2.1.1/package/js/tests/unit/bootstrap-popover.js
[2020-05-13 17:04:52] [build] Done extracting /Users/alexoneill/Documents/GitHub/OSC-Code/Tools/LGTM/ext_JS_src/twitter-bootstrap-2.1.1/package/js/tests/unit/bootstrap-popover.js (36 ms)
[2020-05-13 17:04:52] [build] Extracting /Users/alexoneill/Documents/GitHub/OSC-Code/Tools/LGTM/ext_JS_src/twitter-bootstrap-2.1.1/package/js/tests/unit/bootstrap-modal.js
[2020-05-13 17:04:52] [build] Done extracting /Users/alexoneill/Documents/GitHub/OSC-Code/Tools/LGTM/ext_JS_src/twitter-bootstrap-2.1.1/package/js/tests/unit/bootstrap-modal.js (36 ms)
[2020-05-13 17:04:52] [build] Extracting /Users/alexoneill/Documents/GitHub/OSC-Code/Tools/LGTM/ext_JS_src/twitter-bootstrap-2.1.1/package/js/tests/unit/bootstrap-carousel.js
[2020-05-13 17:04:52] [build] Done extracting /Users/alexoneill/Documents/GitHub/OSC-Code/Tools/LGTM/ext_JS_src/twitter-bootstrap-2.1.1/package/js/tests/unit/bootstrap-carousel.js (10 ms)
[2020-05-13 17:04:52] [build] Extracting /Users/alexoneill/Documents/GitHub/OSC-Code/Tools/LGTM/ext_JS_src/twitter-bootstrap-2.1.1/package/js/tests/unit/bootstrap-affix.js
[2020-05-13 17:04:52] [build] Done extracting /Users/alexoneill/Documents/GitHub/OSC-Code/Tools/LGTM/ext_JS_src/twitter-bootstrap-2.1.1/package/js/tests/unit/bootstrap-affix.js (8 ms)
[2020-05-13 17:04:52] [build] Extracting /Users/alexoneill/Documents/GitHub/OSC-Code/Tools/LGTM/ext_JS_src/twitter-bootstrap-2.1.1/package/js/tests/unit/bootstrap-phantom.js
[2020-05-13 17:04:52] [build] Done extracting /Users/alexoneill/Documents/GitHub/OSC-Code/Tools/LGTM/ext_JS_src/twitter-bootstrap-2.1.1/package/js/tests/unit/bootstrap-phantom.js (7 ms)
[2020-05-13 17:04:52] [build] Extracting /Users/alexoneill/Documents/GitHub/OSC-Code/Tools/LGTM/ext_JS_src/twitter-bootstrap-2.1.1/package/js/tests/unit/bootstrap-tab.js
[2020-05-13 17:04:52] [build] Done extracting /Users/alexoneill/Documents/GitHub/OSC-Code/Tools/LGTM/ext_JS_src/twitter-bootstrap-2.1.1/package/js/tests/unit/bootstrap-tab.js (14 ms)
[2020-05-13 17:04:52] [build] Extracting /Users/alexoneill/Documents/GitHub/OSC-Code/Tools/LGTM/ext_JS_src/twitter-bootstrap-2.1.1/package/js/tests/unit/bootstrap-collapse.js
[2020-05-13 17:04:52] [build] Done extracting /Users/alexoneill/Documents/GitHub/OSC-Code/Tools/LGTM/ext_JS_src/twitter-bootstrap-2.1.1/package/js/tests/unit/bootstrap-collapse.js (17 ms)
[2020-05-13 17:04:52] [build] Extracting /Users/alexoneill/Documents/GitHub/OSC-Code/Tools/LGTM/ext_JS_src/twitter-bootstrap-2.1.1/package/js/tests/unit/bootstrap-transition.js
[2020-05-13 17:04:52] [build] Done extracting /Users/alexoneill/Documents/GitHub/OSC-Code/Tools/LGTM/ext_JS_src/twitter-bootstrap-2.1.1/package/js/tests/unit/bootstrap-transition.js (3 ms)
[2020-05-13 17:04:52] [build] Extracting /Users/alexoneill/Documents/GitHub/OSC-Code/Tools/LGTM/ext_JS_src/twitter-bootstrap-2.1.1/package/js/tests/unit/bootstrap-tooltip.js
[2020-05-13 17:04:52] [build] Done extracting /Users/alexoneill/Documents/GitHub/OSC-Code/Tools/LGTM/ext_JS_src/twitter-bootstrap-2.1.1/package/js/tests/unit/bootstrap-tooltip.js (36 ms)
[2020-05-13 17:04:52] [build] Extracting /Users/alexoneill/Documents/GitHub/OSC-Code/Tools/LGTM/ext_JS_src/twitter-bootstrap-2.1.1/package/js/tests/index.html
[2020-05-13 17:04:52] [build] Done extracting /Users/alexoneill/Documents/GitHub/OSC-Code/Tools/LGTM/ext_JS_src/twitter-bootstrap-2.1.1/package/js/tests/index.html (5 ms)
[2020-05-13 17:04:52] [build] Extracting /Users/alexoneill/Documents/GitHub/OSC-Code/Tools/LGTM/ext_JS_src/twitter-bootstrap-2.1.1/package/js/tests/phantom.js
[2020-05-13 17:04:52] [build] Done extracting /Users/alexoneill/Documents/GitHub/OSC-Code/Tools/LGTM/ext_JS_src/twitter-bootstrap-2.1.1/package/js/tests/phantom.js (13 ms)
[2020-05-13 17:04:52] [build] Extracting /Users/alexoneill/Documents/GitHub/OSC-Code/Tools/LGTM/ext_JS_src/twitter-bootstrap-2.1.1/package/js/tests/server.js
[2020-05-13 17:04:52] [build] Done extracting /Users/alexoneill/Documents/GitHub/OSC-Code/Tools/LGTM/ext_JS_src/twitter-bootstrap-2.1.1/package/js/tests/server.js (4 ms)
[2020-05-13 17:04:52] [build] Extracting /Users/alexoneill/Documents/GitHub/OSC-Code/Tools/LGTM/ext_JS_src/twitter-bootstrap-2.1.1/package/js/tests/vendor/qunit.js
[2020-05-13 17:04:52] [build] Done extracting /Users/alexoneill/Documents/GitHub/OSC-Code/Tools/LGTM/ext_JS_src/twitter-bootstrap-2.1.1/package/js/tests/vendor/qunit.js (337 ms)
[2020-05-13 17:04:52] [build] Extracting /Users/alexoneill/Documents/GitHub/OSC-Code/Tools/LGTM/ext_JS_src/twitter-bootstrap-2.1.1/package/js/tests/vendor/jquery.js
[2020-05-13 17:04:54] [build] Done extracting /Users/alexoneill/Documents/GitHub/OSC-Code/Tools/LGTM/ext_JS_src/twitter-bootstrap-2.1.1/package/js/tests/vendor/jquery.js (1506 ms)
[2020-05-13 17:04:54] [build] Extracting /Users/alexoneill/Documents/GitHub/OSC-Code/Tools/LGTM/ext_JS_src/twitter-bootstrap-2.1.1/package/js/bootstrap-modal.js
[2020-05-13 17:04:54] [build] Done extracting /Users/alexoneill/Documents/GitHub/OSC-Code/Tools/LGTM/ext_JS_src/twitter-bootstrap-2.1.1/package/js/bootstrap-modal.js (31 ms)
[2020-05-13 17:04:54] [build] Extracting /Users/alexoneill/Documents/GitHub/OSC-Code/Tools/LGTM/ext_JS_src/twitter-bootstrap-2.1.1/package/js/bootstrap-carousel.js
[2020-05-13 17:04:54] [build] Done extracting /Users/alexoneill/Documents/GitHub/OSC-Code/Tools/LGTM/ext_JS_src/twitter-bootstrap-2.1.1/package/js/bootstrap-carousel.js (32 ms)
[2020-05-13 17:04:54] [build] Extracting /Users/alexoneill/Documents/GitHub/OSC-Code/Tools/LGTM/ext_JS_src/twitter-bootstrap-2.1.1/package/js/bootstrap-affix.js
[2020-05-13 17:04:54] [build] Done extracting /Users/alexoneill/Documents/GitHub/OSC-Code/Tools/LGTM/ext_JS_src/twitter-bootstrap-2.1.1/package/js/bootstrap-affix.js (15 ms)
[2020-05-13 17:04:54] [build] Extracting /Users/alexoneill/Documents/GitHub/OSC-Code/Tools/LGTM/ext_JS_src/twitter-bootstrap-2.1.1/package/js/bootstrap-tab.js
[2020-05-13 17:04:54] [build] Done extracting /Users/alexoneill/Documents/GitHub/OSC-Code/Tools/LGTM/ext_JS_src/twitter-bootstrap-2.1.1/package/js/bootstrap-tab.js (13 ms)
[2020-05-13 17:04:54] [build] Extracting /Users/alexoneill/Documents/GitHub/OSC-Code/Tools/LGTM/ext_JS_src/twitter-bootstrap-2.1.1/package/js/bootstrap-collapse.js
[2020-05-13 17:04:54] [build] Done extracting /Users/alexoneill/Documents/GitHub/OSC-Code/Tools/LGTM/ext_JS_src/twitter-bootstrap-2.1.1/package/js/bootstrap-collapse.js (17 ms)
[2020-05-13 17:04:54] [build] Extracting /Users/alexoneill/Documents/GitHub/OSC-Code/Tools/LGTM/ext_JS_src/twitter-bootstrap-2.1.1/package/js/bootstrap-transition.js
[2020-05-13 17:04:54] [build] Done extracting /Users/alexoneill/Documents/GitHub/OSC-Code/Tools/LGTM/ext_JS_src/twitter-bootstrap-2.1.1/package/js/bootstrap-transition.js (4 ms)
[2020-05-13 17:04:54] [build] Extracting /Users/alexoneill/Documents/GitHub/OSC-Code/Tools/LGTM/ext_JS_src/twitter-bootstrap-2.1.1/package/js/bootstrap-tooltip.js
[2020-05-13 17:04:54] [build] Done extracting /Users/alexoneill/Documents/GitHub/OSC-Code/Tools/LGTM/ext_JS_src/twitter-bootstrap-2.1.1/package/js/bootstrap-tooltip.js (36 ms)
[2020-05-13 17:04:54] [build] Extracting /Users/alexoneill/Documents/GitHub/OSC-Code/Tools/LGTM/ext_JS_src/twitter-bootstrap-2.1.1/package/docs/index.html
[2020-05-13 17:04:54] [build] Done extracting /Users/alexoneill/Documents/GitHub/OSC-Code/Tools/LGTM/ext_JS_src/twitter-bootstrap-2.1.1/package/docs/index.html (19 ms)
[2020-05-13 17:04:54] [build] Extracting /Users/alexoneill/Documents/GitHub/OSC-Code/Tools/LGTM/ext_JS_src/twitter-bootstrap-2.1.1/package/docs/base-css.html
[2020-05-13 17:04:54] [build] Done extracting /Users/alexoneill/Documents/GitHub/OSC-Code/Tools/LGTM/ext_JS_src/twitter-bootstrap-2.1.1/package/docs/base-css.html (133 ms)
[2020-05-13 17:04:54] [build] Extracting /Users/alexoneill/Documents/GitHub/OSC-Code/Tools/LGTM/ext_JS_src/twitter-bootstrap-2.1.1/package/docs/components.html
[2020-05-13 17:04:54] [build] Done extracting /Users/alexoneill/Documents/GitHub/OSC-Code/Tools/LGTM/ext_JS_src/twitter-bootstrap-2.1.1/package/docs/components.html (67 ms)
[2020-05-13 17:04:54] [build] Extracting /Users/alexoneill/Documents/GitHub/OSC-Code/Tools/LGTM/ext_JS_src/twitter-bootstrap-2.1.1/package/docs/javascript.html
[2020-05-13 17:04:54] [build] Done extracting /Users/alexoneill/Documents/GitHub/OSC-Code/Tools/LGTM/ext_JS_src/twitter-bootstrap-2.1.1/package/docs/javascript.html (50 ms)
[2020-05-13 17:04:54] [build] Extracting /Users/alexoneill/Documents/GitHub/OSC-Code/Tools/LGTM/ext_JS_src/twitter-bootstrap-2.1.1/package/docs/scaffolding.html
[2020-05-13 17:04:54] [build] Done extracting /Users/alexoneill/Documents/GitHub/OSC-Code/Tools/LGTM/ext_JS_src/twitter-bootstrap-2.1.1/package/docs/scaffolding.html (14 ms)
[2020-05-13 17:04:54] [build] Extracting /Users/alexoneill/Documents/GitHub/OSC-Code/Tools/LGTM/ext_JS_src/twitter-bootstrap-2.1.1/package/docs/customize.html
[2020-05-13 17:04:54] [build] Done extracting /Users/alexoneill/Documents/GitHub/OSC-Code/Tools/LGTM/ext_JS_src/twitter-bootstrap-2.1.1/package/docs/customize.html (15 ms)
[2020-05-13 17:04:54] [build] Extracting /Users/alexoneill/Documents/GitHub/OSC-Code/Tools/LGTM/ext_JS_src/twitter-bootstrap-2.1.1/package/docs/extend.html
[2020-05-13 17:04:54] [build] Done extracting /Users/alexoneill/Documents/GitHub/OSC-Code/Tools/LGTM/ext_JS_src/twitter-bootstrap-2.1.1/package/docs/extend.html (6 ms)
[2020-05-13 17:04:54] [build] Extracting /Users/alexoneill/Documents/GitHub/OSC-Code/Tools/LGTM/ext_JS_src/twitter-bootstrap-2.1.1/package/docs/getting-started.html
[2020-05-13 17:04:54] [build] Done extracting /Users/alexoneill/Documents/GitHub/OSC-Code/Tools/LGTM/ext_JS_src/twitter-bootstrap-2.1.1/package/docs/getting-started.html (7 ms)
[2020-05-13 17:04:54] [build] Extracting /Users/alexoneill/Documents/GitHub/OSC-Code/Tools/LGTM/ext_JS_src/twitter-bootstrap-2.1.1/package/docs/examples/hero.html
[2020-05-13 17:04:54] [build] Done extracting /Users/alexoneill/Documents/GitHub/OSC-Code/Tools/LGTM/ext_JS_src/twitter-bootstrap-2.1.1/package/docs/examples/hero.html (5 ms)
[2020-05-13 17:04:54] [build] Extracting /Users/alexoneill/Documents/GitHub/OSC-Code/Tools/LGTM/ext_JS_src/twitter-bootstrap-2.1.1/package/docs/examples/fluid.html
[2020-05-13 17:04:54] [build] Done extracting /Users/alexoneill/Documents/GitHub/OSC-Code/Tools/LGTM/ext_JS_src/twitter-bootstrap-2.1.1/package/docs/examples/fluid.html (5 ms)
[2020-05-13 17:04:54] [build] Extracting /Users/alexoneill/Documents/GitHub/OSC-Code/Tools/LGTM/ext_JS_src/twitter-bootstrap-2.1.1/package/docs/examples/starter-template.html
[2020-05-13 17:04:54] [build] Done extracting /Users/alexoneill/Documents/GitHub/OSC-Code/Tools/LGTM/ext_JS_src/twitter-bootstrap-2.1.1/package/docs/examples/starter-template.html (3 ms)
[2020-05-13 17:04:54] [build] Extracting /Users/alexoneill/Documents/GitHub/OSC-Code/Tools/LGTM/ext_JS_src/twitter-bootstrap-2.1.1/package/docs/build/index.js
[2020-05-13 17:04:54] [build] Done extracting /Users/alexoneill/Documents/GitHub/OSC-Code/Tools/LGTM/ext_JS_src/twitter-bootstrap-2.1.1/package/docs/build/index.js (10 ms)
[2020-05-13 17:04:54] [build] Extracting /Users/alexoneill/Documents/GitHub/OSC-Code/Tools/LGTM/ext_JS_src/twitter-bootstrap-2.1.1/package/docs/build/package.json
[2020-05-13 17:04:54] [build] Done extracting /Users/alexoneill/Documents/GitHub/OSC-Code/Tools/LGTM/ext_JS_src/twitter-bootstrap-2.1.1/package/docs/build/package.json (4 ms)
[2020-05-13 17:04:54] [build] Extracting /Users/alexoneill/Documents/GitHub/OSC-Code/Tools/LGTM/ext_JS_src/twitter-bootstrap-2.1.1/package/docs/assets/js/bootstrap-button.js
[2020-05-13 17:04:54] [build] Done extracting /Users/alexoneill/Documents/GitHub/OSC-Code/Tools/LGTM/ext_JS_src/twitter-bootstrap-2.1.1/package/docs/assets/js/bootstrap-button.js (11 ms)
[2020-05-13 17:04:54] [build] Extracting /Users/alexoneill/Documents/GitHub/OSC-Code/Tools/LGTM/ext_JS_src/twitter-bootstrap-2.1.1/package/docs/assets/js/bootstrap-scrollspy.js
[2020-05-13 17:04:54] [build] Done extracting /Users/alexoneill/Documents/GitHub/OSC-Code/Tools/LGTM/ext_JS_src/twitter-bootstrap-2.1.1/package/docs/assets/js/bootstrap-scrollspy.js (18 ms)
[2020-05-13 17:04:54] [build] Extracting /Users/alexoneill/Documents/GitHub/OSC-Code/Tools/LGTM/ext_JS_src/twitter-bootstrap-2.1.1/package/docs/assets/js/bootstrap-alert.js
[2020-05-13 17:04:54] [build] Done extracting /Users/alexoneill/Documents/GitHub/OSC-Code/Tools/LGTM/ext_JS_src/twitter-bootstrap-2.1.1/package/docs/assets/js/bootstrap-alert.js (8 ms)
[2020-05-13 17:04:54] [build] Extracting /Users/alexoneill/Documents/GitHub/OSC-Code/Tools/LGTM/ext_JS_src/twitter-bootstrap-2.1.1/package/docs/assets/js/bootstrap-dropdown.js
[2020-05-13 17:04:54] [build] Done extracting /Users/alexoneill/Documents/GitHub/OSC-Code/Tools/LGTM/ext_JS_src/twitter-bootstrap-2.1.1/package/docs/assets/js/bootstrap-dropdown.js (15 ms)
[2020-05-13 17:04:54] [build] Extracting /Users/alexoneill/Documents/GitHub/OSC-Code/Tools/LGTM/ext_JS_src/twitter-bootstrap-2.1.1/package/docs/assets/js/bootstrap-typeahead.js
[2020-05-13 17:04:54] [build] Done extracting /Users/alexoneill/Documents/GitHub/OSC-Code/Tools/LGTM/ext_JS_src/twitter-bootstrap-2.1.1/package/docs/assets/js/bootstrap-typeahead.js (34 ms)
[2020-05-13 17:04:54] [build] Extracting /Users/alexoneill/Documents/GitHub/OSC-Code/Tools/LGTM/ext_JS_src/twitter-bootstrap-2.1.1/package/docs/assets/js/bootstrap.js
[2020-05-13 17:04:54] [build] Done extracting /Users/alexoneill/Documents/GitHub/OSC-Code/Tools/LGTM/ext_JS_src/twitter-bootstrap-2.1.1/package/docs/assets/js/bootstrap.js (242 ms)
[2020-05-13 17:04:54] [build] Extracting /Users/alexoneill/Documents/GitHub/OSC-Code/Tools/LGTM/ext_JS_src/twitter-bootstrap-2.1.1/package/docs/assets/js/bootstrap-popover.js
[2020-05-13 17:04:54] [build] Done extracting /Users/alexoneill/Documents/GitHub/OSC-Code/Tools/LGTM/ext_JS_src/twitter-bootstrap-2.1.1/package/docs/assets/js/bootstrap-popover.js (12 ms)
[2020-05-13 17:04:54] [build] Extracting /Users/alexoneill/Documents/GitHub/OSC-Code/Tools/LGTM/ext_JS_src/twitter-bootstrap-2.1.1/package/docs/assets/js/bootstrap-modal.js
[2020-05-13 17:04:54] [build] Done extracting /Users/alexoneill/Documents/GitHub/OSC-Code/Tools/LGTM/ext_JS_src/twitter-bootstrap-2.1.1/package/docs/assets/js/bootstrap-modal.js (42 ms)
[2020-05-13 17:04:54] [build] Extracting /Users/alexoneill/Documents/GitHub/OSC-Code/Tools/LGTM/ext_JS_src/twitter-bootstrap-2.1.1/package/docs/assets/js/bootstrap-carousel.js
[2020-05-13 17:04:54] [build] Done extracting /Users/alexoneill/Documents/GitHub/OSC-Code/Tools/LGTM/ext_JS_src/twitter-bootstrap-2.1.1/package/docs/assets/js/bootstrap-carousel.js (23 ms)
[2020-05-13 17:04:54] [build] Extracting /Users/alexoneill/Documents/GitHub/OSC-Code/Tools/LGTM/ext_JS_src/twitter-bootstrap-2.1.1/package/docs/assets/js/bootstrap-affix.js
[2020-05-13 17:04:54] [build] Done extracting /Users/alexoneill/Documents/GitHub/OSC-Code/Tools/LGTM/ext_JS_src/twitter-bootstrap-2.1.1/package/docs/assets/js/bootstrap-affix.js (12 ms)
[2020-05-13 17:04:54] [build] Extracting /Users/alexoneill/Documents/GitHub/OSC-Code/Tools/LGTM/ext_JS_src/twitter-bootstrap-2.1.1/package/docs/assets/js/bootstrap-tab.js
[2020-05-13 17:04:54] [build] Done extracting /Users/alexoneill/Documents/GitHub/OSC-Code/Tools/LGTM/ext_JS_src/twitter-bootstrap-2.1.1/package/docs/assets/js/bootstrap-tab.js (12 ms)
[2020-05-13 17:04:54] [build] Extracting /Users/alexoneill/Documents/GitHub/OSC-Code/Tools/LGTM/ext_JS_src/twitter-bootstrap-2.1.1/package/docs/assets/js/bootstrap-collapse.js
[2020-05-13 17:04:54] [build] Done extracting /Users/alexoneill/Documents/GitHub/OSC-Code/Tools/LGTM/ext_JS_src/twitter-bootstrap-2.1.1/package/docs/assets/js/bootstrap-collapse.js (18 ms)
[2020-05-13 17:04:54] [build] Extracting /Users/alexoneill/Documents/GitHub/OSC-Code/Tools/LGTM/ext_JS_src/twitter-bootstrap-2.1.1/package/docs/assets/js/google-code-prettify/prettify.js
[2020-05-13 17:04:55] [build] Done extracting /Users/alexoneill/Documents/GitHub/OSC-Code/Tools/LGTM/ext_JS_src/twitter-bootstrap-2.1.1/package/docs/assets/js/google-code-prettify/prettify.js (142 ms)
[2020-05-13 17:04:55] [build] Extracting /Users/alexoneill/Documents/GitHub/OSC-Code/Tools/LGTM/ext_JS_src/twitter-bootstrap-2.1.1/package/docs/assets/js/bootstrap-transition.js
[2020-05-13 17:04:55] [build] Done extracting /Users/alexoneill/Documents/GitHub/OSC-Code/Tools/LGTM/ext_JS_src/twitter-bootstrap-2.1.1/package/docs/assets/js/bootstrap-transition.js (5 ms)
[2020-05-13 17:04:55] [build] Extracting /Users/alexoneill/Documents/GitHub/OSC-Code/Tools/LGTM/ext_JS_src/twitter-bootstrap-2.1.1/package/docs/assets/js/application.js
[2020-05-13 17:04:55] [build] Done extracting /Users/alexoneill/Documents/GitHub/OSC-Code/Tools/LGTM/ext_JS_src/twitter-bootstrap-2.1.1/package/docs/assets/js/application.js (23 ms)
[2020-05-13 17:04:55] [build] Extracting /Users/alexoneill/Documents/GitHub/OSC-Code/Tools/LGTM/ext_JS_src/twitter-bootstrap-2.1.1/package/docs/assets/js/bootstrap-tooltip.js
[2020-05-13 17:04:55] [build] Done extracting /Users/alexoneill/Documents/GitHub/OSC-Code/Tools/LGTM/ext_JS_src/twitter-bootstrap-2.1.1/package/docs/assets/js/bootstrap-tooltip.js (50 ms)
[2020-05-13 17:04:55] [build] Extracting /Users/alexoneill/Documents/GitHub/OSC-Code/Tools/LGTM/ext_JS_src/twitter-bootstrap-2.1.1/package/docs/assets/js/jquery.js
[2020-05-13 17:04:56] [build] Done extracting /Users/alexoneill/Documents/GitHub/OSC-Code/Tools/LGTM/ext_JS_src/twitter-bootstrap-2.1.1/package/docs/assets/js/jquery.js (1199 ms)
[2020-05-13 17:04:56] [build] Extracting /Users/alexoneill/Documents/GitHub/OSC-Code/Tools/LGTM/ext_JS_src/twitter-bootstrap-2.1.1/package/package.json
[2020-05-13 17:04:56] [build] Done extracting /Users/alexoneill/Documents/GitHub/OSC-Code/Tools/LGTM/ext_JS_src/twitter-bootstrap-2.1.1/package/package.json (2 ms)
[2020-05-13 17:04:56] [build] Extracting /Users/alexoneill/Documents/GitHub/OSC-Code/Tools/LGTM/ext_JS_src/twitter-bootstrap-2.1.1/package/.issue-guidelines.js
[2020-05-13 17:04:56] [build] Done extracting /Users/alexoneill/Documents/GitHub/OSC-Code/Tools/LGTM/ext_JS_src/twitter-bootstrap-2.1.1/package/.issue-guidelines.js (10 ms)
[2020-05-13 17:04:56] [build] Extracting /Users/alexoneill/Documents/GitHub/OSC-Code/Tools/LGTM/ext_JS_src/twitter-bootstrap-2.1.1/package/.travis.yml
[2020-05-13 17:04:56] [build] Done extracting /Users/alexoneill/Documents/GitHub/OSC-Code/Tools/LGTM/ext_JS_src/twitter-bootstrap-2.1.1/package/.travis.yml (32 ms)
[2020-05-13 17:04:56] [build-err] No externs trap cache found
[2020-05-13 17:04:56] [build] Extracting /Users/alexoneill/Documents/GitHub/OSC-Code/Tools/LGTM/codeql/javascript/tools/data/externs/nodejs/constants.js
[2020-05-13 17:04:56] [build] Done extracting /Users/alexoneill/Documents/GitHub/OSC-Code/Tools/LGTM/codeql/javascript/tools/data/externs/nodejs/constants.js (122 ms)
[2020-05-13 17:04:56] [build] Extracting /Users/alexoneill/Documents/GitHub/OSC-Code/Tools/LGTM/codeql/javascript/tools/data/externs/nodejs/net.js
[2020-05-13 17:04:56] [build] Done extracting /Users/alexoneill/Documents/GitHub/OSC-Code/Tools/LGTM/codeql/javascript/tools/data/externs/nodejs/net.js (38 ms)
[2020-05-13 17:04:56] [build] Extracting /Users/alexoneill/Documents/GitHub/OSC-Code/Tools/LGTM/codeql/javascript/tools/data/externs/nodejs/globals.js
[2020-05-13 17:04:56] [build] Done extracting /Users/alexoneill/Documents/GitHub/OSC-Code/Tools/LGTM/codeql/javascript/tools/data/externs/nodejs/globals.js (156 ms)
[2020-05-13 17:04:56] [build] Extracting /Users/alexoneill/Documents/GitHub/OSC-Code/Tools/LGTM/codeql/javascript/tools/data/externs/nodejs/events.js
[2020-05-13 17:04:56] [build] Done extracting /Users/alexoneill/Documents/GitHub/OSC-Code/Tools/LGTM/codeql/javascript/tools/data/externs/nodejs/events.js (10 ms)
[2020-05-13 17:04:56] [build] Extracting /Users/alexoneill/Documents/GitHub/OSC-Code/Tools/LGTM/codeql/javascript/tools/data/externs/nodejs/repl.js
[2020-05-13 17:04:56] [build] Done extracting /Users/alexoneill/Documents/GitHub/OSC-Code/Tools/LGTM/codeql/javascript/tools/data/externs/nodejs/repl.js (9 ms)
[2020-05-13 17:04:56] [build] Extracting /Users/alexoneill/Documents/GitHub/OSC-Code/Tools/LGTM/codeql/javascript/tools/data/externs/nodejs/util.js
[2020-05-13 17:04:56] [build] Done extracting /Users/alexoneill/Documents/GitHub/OSC-Code/Tools/LGTM/codeql/javascript/tools/data/externs/nodejs/util.js (22 ms)
[2020-05-13 17:04:56] [build] Extracting /Users/alexoneill/Documents/GitHub/OSC-Code/Tools/LGTM/codeql/javascript/tools/data/externs/nodejs/dgram.js
[2020-05-13 17:04:56] [build] Done extracting /Users/alexoneill/Documents/GitHub/OSC-Code/Tools/LGTM/codeql/javascript/tools/data/externs/nodejs/dgram.js (15 ms)
[2020-05-13 17:04:56] [build] Extracting /Users/alexoneill/Documents/GitHub/OSC-Code/Tools/LGTM/codeql/javascript/tools/data/externs/nodejs/vm.js
[2020-05-13 17:04:56] [build] Done extracting /Users/alexoneill/Documents/GitHub/OSC-Code/Tools/LGTM/codeql/javascript/tools/data/externs/nodejs/vm.js (13 ms)
[2020-05-13 17:04:56] [build] Extracting /Users/alexoneill/Documents/GitHub/OSC-Code/Tools/LGTM/codeql/javascript/tools/data/externs/nodejs/stream.js
[2020-05-13 17:04:56] [build] Done extracting /Users/alexoneill/Documents/GitHub/OSC-Code/Tools/LGTM/codeql/javascript/tools/data/externs/nodejs/stream.js (69 ms)
[2020-05-13 17:04:56] [build] Extracting /Users/alexoneill/Documents/GitHub/OSC-Code/Tools/LGTM/codeql/javascript/tools/data/externs/nodejs/child_process.js
[2020-05-13 17:04:56] [build] Done extracting /Users/alexoneill/Documents/GitHub/OSC-Code/Tools/LGTM/codeql/javascript/tools/data/externs/nodejs/child_process.js (57 ms)
[2020-05-13 17:04:56] [build] Extracting /Users/alexoneill/Documents/GitHub/OSC-Code/Tools/LGTM/codeql/javascript/tools/data/externs/nodejs/assert.js
[2020-05-13 17:04:56] [build] Done extracting /Users/alexoneill/Documents/GitHub/OSC-Code/Tools/LGTM/codeql/javascript/tools/data/externs/nodejs/assert.js (13 ms)
[2020-05-13 17:04:56] [build] Extracting /Users/alexoneill/Documents/GitHub/OSC-Code/Tools/LGTM/codeql/javascript/tools/data/externs/nodejs/os.js
[2020-05-13 17:04:57] [build] Done extracting /Users/alexoneill/Documents/GitHub/OSC-Code/Tools/LGTM/codeql/javascript/tools/data/externs/nodejs/os.js (20 ms)
[2020-05-13 17:04:57] [build] Extracting /Users/alexoneill/Documents/GitHub/OSC-Code/Tools/LGTM/codeql/javascript/tools/data/externs/nodejs/console.js
[2020-05-13 17:04:57] [build] Done extracting /Users/alexoneill/Documents/GitHub/OSC-Code/Tools/LGTM/codeql/javascript/tools/data/externs/nodejs/console.js (2 ms)
[2020-05-13 17:04:57] [build] Extracting /Users/alexoneill/Documents/GitHub/OSC-Code/Tools/LGTM/codeql/javascript/tools/data/externs/nodejs/readline.js
[2020-05-13 17:04:57] [build] Done extracting /Users/alexoneill/Documents/GitHub/OSC-Code/Tools/LGTM/codeql/javascript/tools/data/externs/nodejs/readline.js (15 ms)
[2020-05-13 17:04:57] [build] Extracting /Users/alexoneill/Documents/GitHub/OSC-Code/Tools/LGTM/codeql/javascript/tools/data/externs/nodejs/punycode.js
[2020-05-13 17:04:57] [build] Done extracting /Users/alexoneill/Documents/GitHub/OSC-Code/Tools/LGTM/codeql/javascript/tools/data/externs/nodejs/punycode.js (6 ms)
[2020-05-13 17:04:57] [build] Extracting /Users/alexoneill/Documents/GitHub/OSC-Code/Tools/LGTM/codeql/javascript/tools/data/externs/nodejs/https.js
[2020-05-13 17:04:57] [build] Done extracting /Users/alexoneill/Documents/GitHub/OSC-Code/Tools/LGTM/codeql/javascript/tools/data/externs/nodejs/https.js (15 ms)
[2020-05-13 17:04:57] [build] Extracting /Users/alexoneill/Documents/GitHub/OSC-Code/Tools/LGTM/codeql/javascript/tools/data/externs/nodejs/domain.js
[2020-05-13 17:04:57] [build] Done extracting /Users/alexoneill/Documents/GitHub/OSC-Code/Tools/LGTM/codeql/javascript/tools/data/externs/nodejs/domain.js (7 ms)
[2020-05-13 17:04:57] [build] Extracting /Users/alexoneill/Documents/GitHub/OSC-Code/Tools/LGTM/codeql/javascript/tools/data/externs/nodejs/dns.js
[2020-05-13 17:04:57] [build] Done extracting /Users/alexoneill/Documents/GitHub/OSC-Code/Tools/LGTM/codeql/javascript/tools/data/externs/nodejs/dns.js (40 ms)
[2020-05-13 17:04:57] [build] Extracting /Users/alexoneill/Documents/GitHub/OSC-Code/Tools/LGTM/codeql/javascript/tools/data/externs/nodejs/assert_legacy.js
[2020-05-13 17:04:57] [build] Done extracting /Users/alexoneill/Documents/GitHub/OSC-Code/Tools/LGTM/codeql/javascript/tools/data/externs/nodejs/assert_legacy.js (3 ms)
[2020-05-13 17:04:57] [build] Extracting /Users/alexoneill/Documents/GitHub/OSC-Code/Tools/LGTM/codeql/javascript/tools/data/externs/nodejs/tty.js
[2020-05-13 17:04:57] [build] Done extracting /Users/alexoneill/Documents/GitHub/OSC-Code/Tools/LGTM/codeql/javascript/tools/data/externs/nodejs/tty.js (12 ms)
[2020-05-13 17:04:57] [build] Extracting /Users/alexoneill/Documents/GitHub/OSC-Code/Tools/LGTM/codeql/javascript/tools/data/externs/nodejs/timers.js
[2020-05-13 17:04:57] [build] Done extracting /Users/alexoneill/Documents/GitHub/OSC-Code/Tools/LGTM/codeql/javascript/tools/data/externs/nodejs/timers.js (9 ms)
[2020-05-13 17:04:57] [build] Extracting /Users/alexoneill/Documents/GitHub/OSC-Code/Tools/LGTM/codeql/javascript/tools/data/externs/nodejs/querystring.js
[2020-05-13 17:04:57] [build] Done extracting /Users/alexoneill/Documents/GitHub/OSC-Code/Tools/LGTM/codeql/javascript/tools/data/externs/nodejs/querystring.js (9 ms)
[2020-05-13 17:04:57] [build] Extracting /Users/alexoneill/Documents/GitHub/OSC-Code/Tools/LGTM/codeql/javascript/tools/data/externs/nodejs/module.js
[2020-05-13 17:04:57] [build] Done extracting /Users/alexoneill/Documents/GitHub/OSC-Code/Tools/LGTM/codeql/javascript/tools/data/externs/nodejs/module.js (6 ms)
[2020-05-13 17:04:57] [build] Extracting /Users/alexoneill/Documents/GitHub/OSC-Code/Tools/LGTM/codeql/javascript/tools/data/externs/nodejs/sys.js
[2020-05-13 17:04:57] [build] Done extracting /Users/alexoneill/Documents/GitHub/OSC-Code/Tools/LGTM/codeql/javascript/tools/data/externs/nodejs/sys.js (2 ms)
[2020-05-13 17:04:57] [build] Extracting /Users/alexoneill/Documents/GitHub/OSC-Code/Tools/LGTM/codeql/javascript/tools/data/externs/nodejs/path.js
[2020-05-13 17:04:57] [build] Done extracting /Users/alexoneill/Documents/GitHub/OSC-Code/Tools/LGTM/codeql/javascript/tools/data/externs/nodejs/path.js (27 ms)
[2020-05-13 17:04:57] [build] Extracting /Users/alexoneill/Documents/GitHub/OSC-Code/Tools/LGTM/codeql/javascript/tools/data/externs/nodejs/string_decoder.js
[2020-05-13 17:04:57] [build] Done extracting /Users/alexoneill/Documents/GitHub/OSC-Code/Tools/LGTM/codeql/javascript/tools/data/externs/nodejs/string_decoder.js (4 ms)
[2020-05-13 17:04:57] [build] Extracting /Users/alexoneill/Documents/GitHub/OSC-Code/Tools/LGTM/codeql/javascript/tools/data/externs/nodejs/cluster.js
[2020-05-13 17:04:57] [build] Done extracting /Users/alexoneill/Documents/GitHub/OSC-Code/Tools/LGTM/codeql/javascript/tools/data/externs/nodejs/cluster.js (90 ms)
[2020-05-13 17:04:57] [build] Extracting /Users/alexoneill/Documents/GitHub/OSC-Code/Tools/LGTM/codeql/javascript/tools/data/externs/nodejs/v8.js
[2020-05-13 17:04:57] [build] Done extracting /Users/alexoneill/Documents/GitHub/OSC-Code/Tools/LGTM/codeql/javascript/tools/data/externs/nodejs/v8.js (6 ms)
[2020-05-13 17:04:57] [build] Extracting /Users/alexoneill/Documents/GitHub/OSC-Code/Tools/LGTM/codeql/javascript/tools/data/externs/nodejs/crypto.js
[2020-05-13 17:04:57] [build] Done extracting /Users/alexoneill/Documents/GitHub/OSC-Code/Tools/LGTM/codeql/javascript/tools/data/externs/nodejs/crypto.js (73 ms)
[2020-05-13 17:04:57] [build] Extracting /Users/alexoneill/Documents/GitHub/OSC-Code/Tools/LGTM/codeql/javascript/tools/data/externs/nodejs/zlib.js
[2020-05-13 17:04:57] [build] Done extracting /Users/alexoneill/Documents/GitHub/OSC-Code/Tools/LGTM/codeql/javascript/tools/data/externs/nodejs/zlib.js (52 ms)
[2020-05-13 17:04:57] [build] Extracting /Users/alexoneill/Documents/GitHub/OSC-Code/Tools/LGTM/codeql/javascript/tools/data/externs/nodejs/url.js
[2020-05-13 17:04:57] [build] Done extracting /Users/alexoneill/Documents/GitHub/OSC-Code/Tools/LGTM/codeql/javascript/tools/data/externs/nodejs/url.js (9 ms)
[2020-05-13 17:04:57] [build] Extracting /Users/alexoneill/Documents/GitHub/OSC-Code/Tools/LGTM/codeql/javascript/tools/data/externs/nodejs/tls.js
[2020-05-13 17:04:57] [build] Done extracting /Users/alexoneill/Documents/GitHub/OSC-Code/Tools/LGTM/codeql/javascript/tools/data/externs/nodejs/tls.js (42 ms)
[2020-05-13 17:04:57] [build] Extracting /Users/alexoneill/Documents/GitHub/OSC-Code/Tools/LGTM/codeql/javascript/tools/data/externs/nodejs/process.js
[2020-05-13 17:04:57] [build] Done extracting /Users/alexoneill/Documents/GitHub/OSC-Code/Tools/LGTM/codeql/javascript/tools/data/externs/nodejs/process.js (2 ms)
[2020-05-13 17:04:57] [build] Extracting /Users/alexoneill/Documents/GitHub/OSC-Code/Tools/LGTM/codeql/javascript/tools/data/externs/nodejs/http.js
[2020-05-13 17:04:57] [build] Done extracting /Users/alexoneill/Documents/GitHub/OSC-Code/Tools/LGTM/codeql/javascript/tools/data/externs/nodejs/http.js (41 ms)
[2020-05-13 17:04:57] [build] Extracting /Users/alexoneill/Documents/GitHub/OSC-Code/Tools/LGTM/codeql/javascript/tools/data/externs/nodejs/buffer.js
[2020-05-13 17:04:57] [build] Done extracting /Users/alexoneill/Documents/GitHub/OSC-Code/Tools/LGTM/codeql/javascript/tools/data/externs/nodejs/buffer.js (10 ms)
[2020-05-13 17:04:57] [build] Extracting /Users/alexoneill/Documents/GitHub/OSC-Code/Tools/LGTM/codeql/javascript/tools/data/externs/nodejs/fs.js
[2020-05-13 17:04:57] [build] Done extracting /Users/alexoneill/Documents/GitHub/OSC-Code/Tools/LGTM/codeql/javascript/tools/data/externs/nodejs/fs.js (132 ms)
[2020-05-13 17:04:57] [build] Extracting /Users/alexoneill/Documents/GitHub/OSC-Code/Tools/LGTM/codeql/javascript/tools/data/externs/web/ie_dom.js
[2020-05-13 17:04:57] [build] Done extracting /Users/alexoneill/Documents/GitHub/OSC-Code/Tools/LGTM/codeql/javascript/tools/data/externs/web/ie_dom.js (86 ms)
[2020-05-13 17:04:57] [build] Extracting /Users/alexoneill/Documents/GitHub/OSC-Code/Tools/LGTM/codeql/javascript/tools/data/externs/web/mediasource.js
[2020-05-13 17:04:57] [build] Done extracting /Users/alexoneill/Documents/GitHub/OSC-Code/Tools/LGTM/codeql/javascript/tools/data/externs/web/mediasource.js (11 ms)
[2020-05-13 17:04:57] [build] Extracting /Users/alexoneill/Documents/GitHub/OSC-Code/Tools/LGTM/codeql/javascript/tools/data/externs/web/html5.js
[2020-05-13 17:04:57] [build] Done extracting /Users/alexoneill/Documents/GitHub/OSC-Code/Tools/LGTM/codeql/javascript/tools/data/externs/web/html5.js (250 ms)
[2020-05-13 17:04:57] [build] Extracting /Users/alexoneill/Documents/GitHub/OSC-Code/Tools/LGTM/codeql/javascript/tools/data/externs/web/w3c_anim_timing.js
[2020-05-13 17:04:57] [build] Done extracting /Users/alexoneill/Documents/GitHub/OSC-Code/Tools/LGTM/codeql/javascript/tools/data/externs/web/w3c_anim_timing.js (7 ms)
[2020-05-13 17:04:57] [build] Extracting /Users/alexoneill/Documents/GitHub/OSC-Code/Tools/LGTM/codeql/javascript/tools/data/externs/web/w3c_dom3.js
[2020-05-13 17:04:58] [build] Done extracting /Users/alexoneill/Documents/GitHub/OSC-Code/Tools/LGTM/codeql/javascript/tools/data/externs/web/w3c_dom3.js (66 ms)
[2020-05-13 17:04:58] [build] Extracting /Users/alexoneill/Documents/GitHub/OSC-Code/Tools/LGTM/codeql/javascript/tools/data/externs/web/fetchapi.js
[2020-05-13 17:04:58] [build] Done extracting /Users/alexoneill/Documents/GitHub/OSC-Code/Tools/LGTM/codeql/javascript/tools/data/externs/web/fetchapi.js (28 ms)
[2020-05-13 17:04:58] [build] Extracting /Users/alexoneill/Documents/GitHub/OSC-Code/Tools/LGTM/codeql/javascript/tools/data/externs/web/streamsapi.js
[2020-05-13 17:04:58] [build] Done extracting /Users/alexoneill/Documents/GitHub/OSC-Code/Tools/LGTM/codeql/javascript/tools/data/externs/web/streamsapi.js (26 ms)
[2020-05-13 17:04:58] [build] Extracting /Users/alexoneill/Documents/GitHub/OSC-Code/Tools/LGTM/codeql/javascript/tools/data/externs/web/fileapi.js
[2020-05-13 17:04:58] [build] Done extracting /Users/alexoneill/Documents/GitHub/OSC-Code/Tools/LGTM/codeql/javascript/tools/data/externs/web/fileapi.js (51 ms)
[2020-05-13 17:04:58] [build] Extracting /Users/alexoneill/Documents/GitHub/OSC-Code/Tools/LGTM/codeql/javascript/tools/data/externs/web/w3c_navigation_timing.js
[2020-05-13 17:04:58] [build] Done extracting /Users/alexoneill/Documents/GitHub/OSC-Code/Tools/LGTM/codeql/javascript/tools/data/externs/web/w3c_navigation_timing.js (16 ms)
[2020-05-13 17:04:58] [build] Extracting /Users/alexoneill/Documents/GitHub/OSC-Code/Tools/LGTM/codeql/javascript/tools/data/externs/web/w3c_range.js
[2020-05-13 17:04:58] [build] Done extracting /Users/alexoneill/Documents/GitHub/OSC-Code/Tools/LGTM/codeql/javascript/tools/data/externs/web/w3c_range.js (16 ms)
[2020-05-13 17:04:58] [build] Extracting /Users/alexoneill/Documents/GitHub/OSC-Code/Tools/LGTM/codeql/javascript/tools/data/externs/web/w3c_indexeddb.js
[2020-05-13 17:04:58] [build] Done extracting /Users/alexoneill/Documents/GitHub/OSC-Code/Tools/LGTM/codeql/javascript/tools/data/externs/web/w3c_indexeddb.js (50 ms)
[2020-05-13 17:04:58] [build] Extracting /Users/alexoneill/Documents/GitHub/OSC-Code/Tools/LGTM/codeql/javascript/tools/data/externs/web/w3c_dom2.js
[2020-05-13 17:04:58] [build] Done extracting /Users/alexoneill/Documents/GitHub/OSC-Code/Tools/LGTM/codeql/javascript/tools/data/externs/web/w3c_dom2.js (143 ms)
[2020-05-13 17:04:58] [build] Extracting /Users/alexoneill/Documents/GitHub/OSC-Code/Tools/LGTM/codeql/javascript/tools/data/externs/web/w3c_elementtraversal.js
[2020-05-13 17:04:58] [build] Done extracting /Users/alexoneill/Documents/GitHub/OSC-Code/Tools/LGTM/codeql/javascript/tools/data/externs/web/w3c_elementtraversal.js (4 ms)
[2020-05-13 17:04:58] [build] Extracting /Users/alexoneill/Documents/GitHub/OSC-Code/Tools/LGTM/codeql/javascript/tools/data/externs/web/w3c_webcrypto.js
[2020-05-13 17:04:58] [build] Done extracting /Users/alexoneill/Documents/GitHub/OSC-Code/Tools/LGTM/codeql/javascript/tools/data/externs/web/w3c_webcrypto.js (21 ms)
[2020-05-13 17:04:58] [build] Extracting /Users/alexoneill/Documents/GitHub/OSC-Code/Tools/LGTM/codeql/javascript/tools/data/externs/web/ie_vml.js
[2020-05-13 17:04:58] [build] Done extracting /Users/alexoneill/Documents/GitHub/OSC-Code/Tools/LGTM/codeql/javascript/tools/data/externs/web/ie_vml.js (3 ms)
[2020-05-13 17:04:58] [build] Extracting /Users/alexoneill/Documents/GitHub/OSC-Code/Tools/LGTM/codeql/javascript/tools/data/externs/web/intl.js
[2020-05-13 17:04:58] [build] Done extracting /Users/alexoneill/Documents/GitHub/OSC-Code/Tools/LGTM/codeql/javascript/tools/data/externs/web/intl.js (23 ms)
[2020-05-13 17:04:58] [build] Extracting /Users/alexoneill/Documents/GitHub/OSC-Code/Tools/LGTM/codeql/javascript/tools/data/externs/web/w3c_rtc.js
[2020-05-13 17:04:58] [build] Done extracting /Users/alexoneill/Documents/GitHub/OSC-Code/Tools/LGTM/codeql/javascript/tools/data/externs/web/w3c_rtc.js (132 ms)
[2020-05-13 17:04:58] [build] Extracting /Users/alexoneill/Documents/GitHub/OSC-Code/Tools/LGTM/codeql/javascript/tools/data/externs/web/w3c_requestidlecallback.js
[2020-05-13 17:04:58] [build] Done extracting /Users/alexoneill/Documents/GitHub/OSC-Code/Tools/LGTM/codeql/javascript/tools/data/externs/web/w3c_requestidlecallback.js (4 ms)
[2020-05-13 17:04:58] [build] Extracting /Users/alexoneill/Documents/GitHub/OSC-Code/Tools/LGTM/codeql/javascript/tools/data/externs/web/w3c_geolocation.js
[2020-05-13 17:04:58] [build] Done extracting /Users/alexoneill/Documents/GitHub/OSC-Code/Tools/LGTM/codeql/javascript/tools/data/externs/web/w3c_geolocation.js (10 ms)
[2020-05-13 17:04:58] [build] Extracting /Users/alexoneill/Documents/GitHub/OSC-Code/Tools/LGTM/codeql/javascript/tools/data/externs/web/webstorage.js
[2020-05-13 17:04:58] [build] Done extracting /Users/alexoneill/Documents/GitHub/OSC-Code/Tools/LGTM/codeql/javascript/tools/data/externs/web/webstorage.js (9 ms)
[2020-05-13 17:04:58] [build] Extracting /Users/alexoneill/Documents/GitHub/OSC-Code/Tools/LGTM/codeql/javascript/tools/data/externs/web/webkit_usercontent.js
[2020-05-13 17:04:58] [build] Done extracting /Users/alexoneill/Documents/GitHub/OSC-Code/Tools/LGTM/codeql/javascript/tools/data/externs/web/webkit_usercontent.js (6 ms)
[2020-05-13 17:04:58] [build] Extracting /Users/alexoneill/Documents/GitHub/OSC-Code/Tools/LGTM/codeql/javascript/tools/data/externs/web/window.js
[2020-05-13 17:04:58] [build] Done extracting /Users/alexoneill/Documents/GitHub/OSC-Code/Tools/LGTM/codeql/javascript/tools/data/externs/web/window.js (12 ms)
[2020-05-13 17:04:58] [build] Extracting /Users/alexoneill/Documents/GitHub/OSC-Code/Tools/LGTM/codeql/javascript/tools/data/externs/web/page_visibility.js
[2020-05-13 17:04:58] [build] Done extracting /Users/alexoneill/Documents/GitHub/OSC-Code/Tools/LGTM/codeql/javascript/tools/data/externs/web/page_visibility.js (3 ms)
[2020-05-13 17:04:58] [build] Extracting /Users/alexoneill/Documents/GitHub/OSC-Code/Tools/LGTM/codeql/javascript/tools/data/externs/web/webgl.js
[2020-05-13 17:04:58] [build] Done extracting /Users/alexoneill/Documents/GitHub/OSC-Code/Tools/LGTM/codeql/javascript/tools/data/externs/web/webgl.js (198 ms)
[2020-05-13 17:04:58] [build] Extracting /Users/alexoneill/Documents/GitHub/OSC-Code/Tools/LGTM/codeql/javascript/tools/data/externs/web/w3c_touch_event.js
[2020-05-13 17:04:58] [build] Done extracting /Users/alexoneill/Documents/GitHub/OSC-Code/Tools/LGTM/codeql/javascript/tools/data/externs/web/w3c_touch_event.js (12 ms)
[2020-05-13 17:04:58] [build] Extracting /Users/alexoneill/Documents/GitHub/OSC-Code/Tools/LGTM/codeql/javascript/tools/data/externs/web/w3c_event.js
[2020-05-13 17:04:58] [build] Done extracting /Users/alexoneill/Documents/GitHub/OSC-Code/Tools/LGTM/codeql/javascript/tools/data/externs/web/w3c_event.js (32 ms)
[2020-05-13 17:04:58] [build] Extracting /Users/alexoneill/Documents/GitHub/OSC-Code/Tools/LGTM/codeql/javascript/tools/data/externs/web/whatwg_encoding.js
[2020-05-13 17:04:58] [build] Done extracting /Users/alexoneill/Documents/GitHub/OSC-Code/Tools/LGTM/codeql/javascript/tools/data/externs/web/whatwg_encoding.js (4 ms)
[2020-05-13 17:04:58] [build] Extracting /Users/alexoneill/Documents/GitHub/OSC-Code/Tools/LGTM/codeql/javascript/tools/data/externs/web/w3c_event3.js
[2020-05-13 17:04:58] [build] Done extracting /Users/alexoneill/Documents/GitHub/OSC-Code/Tools/LGTM/codeql/javascript/tools/data/externs/web/w3c_event3.js (5 ms)
[2020-05-13 17:04:58] [build] Extracting /Users/alexoneill/Documents/GitHub/OSC-Code/Tools/LGTM/codeql/javascript/tools/data/externs/web/gecko_xml.js
[2020-05-13 17:04:58] [build] Done extracting /Users/alexoneill/Documents/GitHub/OSC-Code/Tools/LGTM/codeql/javascript/tools/data/externs/web/gecko_xml.js (3 ms)
[2020-05-13 17:04:58] [build] Extracting /Users/alexoneill/Documents/GitHub/OSC-Code/Tools/LGTM/codeql/javascript/tools/data/externs/web/ie_event.js
[2020-05-13 17:04:58] [build] Done extracting /Users/alexoneill/Documents/GitHub/OSC-Code/Tools/LGTM/codeql/javascript/tools/data/externs/web/ie_event.js (16 ms)
[2020-05-13 17:04:58] [build] Extracting /Users/alexoneill/Documents/GitHub/OSC-Code/Tools/LGTM/codeql/javascript/tools/data/externs/web/w3c_css.js
[2020-05-13 17:04:59] [build] Done extracting /Users/alexoneill/Documents/GitHub/OSC-Code/Tools/LGTM/codeql/javascript/tools/data/externs/web/w3c_css.js (106 ms)
[2020-05-13 17:04:59] [build] Extracting /Users/alexoneill/Documents/GitHub/OSC-Code/Tools/LGTM/codeql/javascript/tools/data/externs/web/ie_css.js
[2020-05-13 17:04:59] [build] Done extracting /Users/alexoneill/Documents/GitHub/OSC-Code/Tools/LGTM/codeql/javascript/tools/data/externs/web/ie_css.js (15 ms)
[2020-05-13 17:04:59] [build] Extracting /Users/alexoneill/Documents/GitHub/OSC-Code/Tools/LGTM/codeql/javascript/tools/data/externs/web/webkit_css.js
[2020-05-13 17:04:59] [build] Done extracting /Users/alexoneill/Documents/GitHub/OSC-Code/Tools/LGTM/codeql/javascript/tools/data/externs/web/webkit_css.js (83 ms)
[2020-05-13 17:04:59] [build] Extracting /Users/alexoneill/Documents/GitHub/OSC-Code/Tools/LGTM/codeql/javascript/tools/data/externs/web/w3c_xml.js
[2020-05-13 17:04:59] [build] Done extracting /Users/alexoneill/Documents/GitHub/OSC-Code/Tools/LGTM/codeql/javascript/tools/data/externs/web/w3c_xml.js (18 ms)
[2020-05-13 17:04:59] [build] Extracting /Users/alexoneill/Documents/GitHub/OSC-Code/Tools/LGTM/codeql/javascript/tools/data/externs/web/gecko_css.js
[2020-05-13 17:04:59] [build] Done extracting /Users/alexoneill/Documents/GitHub/OSC-Code/Tools/LGTM/codeql/javascript/tools/data/externs/web/gecko_css.js (15 ms)
[2020-05-13 17:04:59] [build] Extracting /Users/alexoneill/Documents/GitHub/OSC-Code/Tools/LGTM/codeql/javascript/tools/data/externs/web/iphone.js
[2020-05-13 17:04:59] [build] Done extracting /Users/alexoneill/Documents/GitHub/OSC-Code/Tools/LGTM/codeql/javascript/tools/data/externs/web/iphone.js (9 ms)
[2020-05-13 17:04:59] [build] Extracting /Users/alexoneill/Documents/GitHub/OSC-Code/Tools/LGTM/codeql/javascript/tools/data/externs/web/w3c_selectors.js
[2020-05-13 17:04:59] [build] Done extracting /Users/alexoneill/Documents/GitHub/OSC-Code/Tools/LGTM/codeql/javascript/tools/data/externs/web/w3c_selectors.js (6 ms)
[2020-05-13 17:04:59] [build] Extracting /Users/alexoneill/Documents/GitHub/OSC-Code/Tools/LGTM/codeql/javascript/tools/data/externs/web/chrome.js
[2020-05-13 17:04:59] [build] Done extracting /Users/alexoneill/Documents/GitHub/OSC-Code/Tools/LGTM/codeql/javascript/tools/data/externs/web/chrome.js (32 ms)
[2020-05-13 17:04:59] [build] Extracting /Users/alexoneill/Documents/GitHub/OSC-Code/Tools/LGTM/codeql/javascript/tools/data/externs/web/w3c_batterystatus.js
[2020-05-13 17:04:59] [build] Done extracting /Users/alexoneill/Documents/GitHub/OSC-Code/Tools/LGTM/codeql/javascript/tools/data/externs/web/w3c_batterystatus.js (3 ms)
[2020-05-13 17:04:59] [build] Extracting /Users/alexoneill/Documents/GitHub/OSC-Code/Tools/LGTM/codeql/javascript/tools/data/externs/web/webkit_notifications.js
[2020-05-13 17:04:59] [build] Done extracting /Users/alexoneill/Documents/GitHub/OSC-Code/Tools/LGTM/codeql/javascript/tools/data/externs/web/webkit_notifications.js (13 ms)
[2020-05-13 17:04:59] [build] Extracting /Users/alexoneill/Documents/GitHub/OSC-Code/Tools/LGTM/codeql/javascript/tools/data/externs/web/w3c_screen_orientation.js
[2020-05-13 17:04:59] [build] Done extracting /Users/alexoneill/Documents/GitHub/OSC-Code/Tools/LGTM/codeql/javascript/tools/data/externs/web/w3c_screen_orientation.js (3 ms)
[2020-05-13 17:04:59] [build] Extracting /Users/alexoneill/Documents/GitHub/OSC-Code/Tools/LGTM/codeql/javascript/tools/data/externs/web/w3c_midi.js
[2020-05-13 17:04:59] [build] Done extracting /Users/alexoneill/Documents/GitHub/OSC-Code/Tools/LGTM/codeql/javascript/tools/data/externs/web/w3c_midi.js (14 ms)
[2020-05-13 17:04:59] [build] Extracting /Users/alexoneill/Documents/GitHub/OSC-Code/Tools/LGTM/codeql/javascript/tools/data/externs/web/w3c_serviceworker.js
[2020-05-13 17:04:59] [build] Done extracting /Users/alexoneill/Documents/GitHub/OSC-Code/Tools/LGTM/codeql/javascript/tools/data/externs/web/w3c_serviceworker.js (32 ms)
[2020-05-13 17:04:59] [build] Extracting /Users/alexoneill/Documents/GitHub/OSC-Code/Tools/LGTM/codeql/javascript/tools/data/externs/web/w3c_device_sensor_event.js
[2020-05-13 17:04:59] [build] Done extracting /Users/alexoneill/Documents/GitHub/OSC-Code/Tools/LGTM/codeql/javascript/tools/data/externs/web/w3c_device_sensor_event.js (7 ms)
[2020-05-13 17:04:59] [build] Extracting /Users/alexoneill/Documents/GitHub/OSC-Code/Tools/LGTM/codeql/javascript/tools/data/externs/web/webkit_event.js
[2020-05-13 17:04:59] [build] Done extracting /Users/alexoneill/Documents/GitHub/OSC-Code/Tools/LGTM/codeql/javascript/tools/data/externs/web/webkit_event.js (2 ms)
[2020-05-13 17:04:59] [build] Extracting /Users/alexoneill/Documents/GitHub/OSC-Code/Tools/LGTM/codeql/javascript/tools/data/externs/web/w3c_permissions.js
[2020-05-13 17:04:59] [build] Done extracting /Users/alexoneill/Documents/GitHub/OSC-Code/Tools/LGTM/codeql/javascript/tools/data/externs/web/w3c_permissions.js (6 ms)
[2020-05-13 17:04:59] [build] Extracting /Users/alexoneill/Documents/GitHub/OSC-Code/Tools/LGTM/codeql/javascript/tools/data/externs/web/w3c_gamepad.js
[2020-05-13 17:04:59] [build] Done extracting /Users/alexoneill/Documents/GitHub/OSC-Code/Tools/LGTM/codeql/javascript/tools/data/externs/web/w3c_gamepad.js (4 ms)
[2020-05-13 17:04:59] [build] Extracting /Users/alexoneill/Documents/GitHub/OSC-Code/Tools/LGTM/codeql/javascript/tools/data/externs/web/w3c_dom1.js
[2020-05-13 17:04:59] [build] Done extracting /Users/alexoneill/Documents/GitHub/OSC-Code/Tools/LGTM/codeql/javascript/tools/data/externs/web/w3c_dom1.js (54 ms)
[2020-05-13 17:04:59] [build] Extracting /Users/alexoneill/Documents/GitHub/OSC-Code/Tools/LGTM/codeql/javascript/tools/data/externs/web/url.js
[2020-05-13 17:04:59] [build] Done extracting /Users/alexoneill/Documents/GitHub/OSC-Code/Tools/LGTM/codeql/javascript/tools/data/externs/web/url.js (8 ms)
[2020-05-13 17:04:59] [build] Extracting /Users/alexoneill/Documents/GitHub/OSC-Code/Tools/LGTM/codeql/javascript/tools/data/externs/web/gecko_event.js
[2020-05-13 17:04:59] [build] Done extracting /Users/alexoneill/Documents/GitHub/OSC-Code/Tools/LGTM/codeql/javascript/tools/data/externs/web/gecko_event.js (6 ms)
[2020-05-13 17:04:59] [build] Extracting /Users/alexoneill/Documents/GitHub/OSC-Code/Tools/LGTM/codeql/javascript/tools/data/externs/web/w3c_encoding.js
[2020-05-13 17:04:59] [build] Done extracting /Users/alexoneill/Documents/GitHub/OSC-Code/Tools/LGTM/codeql/javascript/tools/data/externs/web/w3c_encoding.js (4 ms)
[2020-05-13 17:04:59] [build] Extracting /Users/alexoneill/Documents/GitHub/OSC-Code/Tools/LGTM/codeql/javascript/tools/data/externs/web/flash.js
[2020-05-13 17:04:59] [build] Done extracting /Users/alexoneill/Documents/GitHub/OSC-Code/Tools/LGTM/codeql/javascript/tools/data/externs/web/flash.js (22 ms)
[2020-05-13 17:04:59] [build] Extracting /Users/alexoneill/Documents/GitHub/OSC-Code/Tools/LGTM/codeql/javascript/tools/data/externs/web/w3c_pointer_events.js
[2020-05-13 17:04:59] [build] Done extracting /Users/alexoneill/Documents/GitHub/OSC-Code/Tools/LGTM/codeql/javascript/tools/data/externs/web/w3c_pointer_events.js (7 ms)
[2020-05-13 17:04:59] [build] Extracting /Users/alexoneill/Documents/GitHub/OSC-Code/Tools/LGTM/codeql/javascript/tools/data/externs/web/gecko_ext.js
[2020-05-13 17:04:59] [build] Done extracting /Users/alexoneill/Documents/GitHub/OSC-Code/Tools/LGTM/codeql/javascript/tools/data/externs/web/gecko_ext.js (2 ms)
[2020-05-13 17:04:59] [build] Extracting /Users/alexoneill/Documents/GitHub/OSC-Code/Tools/LGTM/codeql/javascript/tools/data/externs/web/gecko_dom.js
[2020-05-13 17:04:59] [build] Done extracting /Users/alexoneill/Documents/GitHub/OSC-Code/Tools/LGTM/codeql/javascript/tools/data/externs/web/gecko_dom.js (42 ms)
[2020-05-13 17:04:59] [build] Extracting /Users/alexoneill/Documents/GitHub/OSC-Code/Tools/LGTM/codeql/javascript/tools/data/externs/web/webkit_dom.js
[2020-05-13 17:04:59] [build] Done extracting /Users/alexoneill/Documents/GitHub/OSC-Code/Tools/LGTM/codeql/javascript/tools/data/externs/web/webkit_dom.js (20 ms)
[2020-05-13 17:04:59] [build] Extracting /Users/alexoneill/Documents/GitHub/OSC-Code/Tools/LGTM/codeql/javascript/tools/data/externs/web/w3c_css3d.js
[2020-05-13 17:04:59] [build] Done extracting /Users/alexoneill/Documents/GitHub/OSC-Code/Tools/LGTM/codeql/javascript/tools/data/externs/web/w3c_css3d.js (9 ms)
[2020-05-13 17:04:59] [build] Extracting /Users/alexoneill/Documents/GitHub/OSC-Code/Tools/LGTM/codeql/javascript/tools/data/externs/web/w3c_dom4.js
[2020-05-13 17:04:59] [build] Done extracting /Users/alexoneill/Documents/GitHub/OSC-Code/Tools/LGTM/codeql/javascript/tools/data/externs/web/w3c_dom4.js (3 ms)
[2020-05-13 17:04:59] [build] Extracting /Users/alexoneill/Documents/GitHub/OSC-Code/Tools/LGTM/codeql/javascript/tools/data/externs/vm/rhino.js
[2020-05-13 17:04:59] [build] Done extracting /Users/alexoneill/Documents/GitHub/OSC-Code/Tools/LGTM/codeql/javascript/tools/data/externs/vm/rhino.js (5 ms)
[2020-05-13 17:04:59] [build] Extracting /Users/alexoneill/Documents/GitHub/OSC-Code/Tools/LGTM/codeql/javascript/tools/data/externs/vm/v8.js
[2020-05-13 17:04:59] [build] Done extracting /Users/alexoneill/Documents/GitHub/OSC-Code/Tools/LGTM/codeql/javascript/tools/data/externs/vm/v8.js (5 ms)
[2020-05-13 17:04:59] [build] Extracting /Users/alexoneill/Documents/GitHub/OSC-Code/Tools/LGTM/codeql/javascript/tools/data/externs/vm/spidermonkey.js
[2020-05-13 17:04:59] [build] Done extracting /Users/alexoneill/Documents/GitHub/OSC-Code/Tools/LGTM/codeql/javascript/tools/data/externs/vm/spidermonkey.js (1 ms)
[2020-05-13 17:04:59] [build] Extracting /Users/alexoneill/Documents/GitHub/OSC-Code/Tools/LGTM/codeql/javascript/tools/data/externs/vm/jsshell.js
[2020-05-13 17:04:59] [build] Done extracting /Users/alexoneill/Documents/GitHub/OSC-Code/Tools/LGTM/codeql/javascript/tools/data/externs/vm/jsshell.js (35 ms)
[2020-05-13 17:04:59] [build] Extracting /Users/alexoneill/Documents/GitHub/OSC-Code/Tools/LGTM/codeql/javascript/tools/data/externs/lib/jquery-3.2.js
[2020-05-13 17:04:59] [build] Done extracting /Users/alexoneill/Documents/GitHub/OSC-Code/Tools/LGTM/codeql/javascript/tools/data/externs/lib/jquery-3.2.js (140 ms)
[2020-05-13 17:04:59] [build] Extracting /Users/alexoneill/Documents/GitHub/OSC-Code/Tools/LGTM/codeql/javascript/tools/data/externs/lib/bdd.js
[2020-05-13 17:04:59] [build] Done extracting /Users/alexoneill/Documents/GitHub/OSC-Code/Tools/LGTM/codeql/javascript/tools/data/externs/lib/bdd.js (8 ms)
[2020-05-13 17:04:59] [build] Extracting /Users/alexoneill/Documents/GitHub/OSC-Code/Tools/LGTM/codeql/javascript/tools/data/externs/lib/should.js
[2020-05-13 17:04:59] [build] Done extracting /Users/alexoneill/Documents/GitHub/OSC-Code/Tools/LGTM/codeql/javascript/tools/data/externs/lib/should.js (24 ms)
[2020-05-13 17:04:59] [build] Extracting /Users/alexoneill/Documents/GitHub/OSC-Code/Tools/LGTM/codeql/javascript/tools/data/externs/lib/vows.js
[2020-05-13 17:04:59] [build] Done extracting /Users/alexoneill/Documents/GitHub/OSC-Code/Tools/LGTM/codeql/javascript/tools/data/externs/lib/vows.js (19 ms)
[2020-05-13 17:04:59] [build] Extracting /Users/alexoneill/Documents/GitHub/OSC-Code/Tools/LGTM/codeql/javascript/tools/data/externs/es/proxy.js
[2020-05-13 17:04:59] [build] Done extracting /Users/alexoneill/Documents/GitHub/OSC-Code/Tools/LGTM/codeql/javascript/tools/data/externs/es/proxy.js (4 ms)
[2020-05-13 17:04:59] [build] Extracting /Users/alexoneill/Documents/GitHub/OSC-Code/Tools/LGTM/codeql/javascript/tools/data/externs/es/es5.js
[2020-05-13 17:04:59] [build] Done extracting /Users/alexoneill/Documents/GitHub/OSC-Code/Tools/LGTM/codeql/javascript/tools/data/externs/es/es5.js (12 ms)
[2020-05-13 17:04:59] [build] Extracting /Users/alexoneill/Documents/GitHub/OSC-Code/Tools/LGTM/codeql/javascript/tools/data/externs/es/intl.js
[2020-05-13 17:04:59] [build] Done extracting /Users/alexoneill/Documents/GitHub/OSC-Code/Tools/LGTM/codeql/javascript/tools/data/externs/es/intl.js (10 ms)
[2020-05-13 17:04:59] [build] Extracting /Users/alexoneill/Documents/GitHub/OSC-Code/Tools/LGTM/codeql/javascript/tools/data/externs/es/es6_collections.js
[2020-05-13 17:04:59] [build] Done extracting /Users/alexoneill/Documents/GitHub/OSC-Code/Tools/LGTM/codeql/javascript/tools/data/externs/es/es6_collections.js (11 ms)
[2020-05-13 17:04:59] [build] Extracting /Users/alexoneill/Documents/GitHub/OSC-Code/Tools/LGTM/codeql/javascript/tools/data/externs/es/es6.js
[2020-05-13 17:04:59] [build] Done extracting /Users/alexoneill/Documents/GitHub/OSC-Code/Tools/LGTM/codeql/javascript/tools/data/externs/es/es6.js (86 ms)
[2020-05-13 17:04:59] [build] Extracting /Users/alexoneill/Documents/GitHub/OSC-Code/Tools/LGTM/codeql/javascript/tools/data/externs/es/es2017.js
[2020-05-13 17:04:59] [build] Done extracting /Users/alexoneill/Documents/GitHub/OSC-Code/Tools/LGTM/codeql/javascript/tools/data/externs/es/es2017.js (4 ms)
[2020-05-13 17:04:59] [build] Extracting /Users/alexoneill/Documents/GitHub/OSC-Code/Tools/LGTM/codeql/javascript/tools/data/externs/es/es3.js
[2020-05-13 17:04:59] [build] Done extracting /Users/alexoneill/Documents/GitHub/OSC-Code/Tools/LGTM/codeql/javascript/tools/data/externs/es/es3.js (119 ms)
[2020-05-13 17:04:59] [build] Extracting /Users/alexoneill/Documents/GitHub/OSC-Code/Tools/LGTM/codeql/javascript/tools/data/externs/es/es2016.js
[2020-05-13 17:04:59] [build] Done extracting /Users/alexoneill/Documents/GitHub/OSC-Code/Tools/LGTM/codeql/javascript/tools/data/externs/es/es2016.js (1 ms)
[2020-05-13 17:05:00] Plumbing command codeql database trace-command completed.
[2020-05-13 17:05:00] [PROGRESS] database create> Finalizing database at /Users/alexoneill/Documents/GitHub/OSC-Code/Tools/LGTM/DB_Storage/twitter-bootstrap-2-1-1DB.
[2020-05-13 17:05:00] Running plumbing command: codeql database finalize --mode=normal -- /Users/alexoneill/Documents/GitHub/OSC-Code/Tools/LGTM/DB_Storage/twitter-bootstrap-2-1-1DB
[2020-05-13 17:05:00] [PROGRESS] database finalize> Running TRAP import for CodeQL database at /Users/alexoneill/Documents/GitHub/OSC-Code/Tools/LGTM/DB_Storage/twitter-bootstrap-2-1-1DB...
[2020-05-13 17:05:00] Running plumbing command: codeql dataset import --dbscheme=/Users/alexoneill/Documents/GitHub/OSC-Code/Tools/LGTM/codeql/javascript/semmlecode.javascript.dbscheme -- /Users/alexoneill/Documents/GitHub/OSC-Code/Tools/LGTM/DB_Storage/twitter-bootstrap-2-1-1DB/db-javascript /Users/alexoneill/Documents/GitHub/OSC-Code/Tools/LGTM/DB_Storage/twitter-bootstrap-2-1-1DB/trap/javascript
[2020-05-13 17:05:00] Clearing disk cache since the version file /Users/alexoneill/Documents/GitHub/OSC-Code/Tools/LGTM/DB_Storage/twitter-bootstrap-2-1-1DB/db-javascript/default/cache/version does not exist
[2020-05-13 17:05:00] Tuple pool not found. Clearing relations with cached strings
[2020-05-13 17:05:00] Trimming disk cache at /Users/alexoneill/Documents/GitHub/OSC-Code/Tools/LGTM/DB_Storage/twitter-bootstrap-2-1-1DB/db-javascript/default/cache in mode brutal.
[2020-05-13 17:05:00] Sequence stamp origin is -6727448222238977055
[2020-05-13 17:05:00] Stopped the world to hard-clear memory at sequence stamp o+0
[2020-05-13 17:05:00] Starting the world again
[2020-05-13 17:05:00] Stopped the world to quickly trim disk at sequence stamp o+1
[2020-05-13 17:05:00] Starting the world again
[2020-05-13 17:05:00] Stopped the world to zealously trim disk at sequence stamp o+2
[2020-05-13 17:05:00] Starting the world again
[2020-05-13 17:05:00] Trimming completed (12ms): Purged everything.
[2020-05-13 17:05:00] Scanning for files in /Users/alexoneill/Documents/GitHub/OSC-Code/Tools/LGTM/DB_Storage/twitter-bootstrap-2-1-1DB/trap/javascript
[2020-05-13 17:05:00] Importing es2016.js.trap.gz (1 of 179)
[2020-05-13 17:05:00] Importing es2017.js.trap.gz (2 of 179)
[2020-05-13 17:05:00] Importing es3.js.trap.gz (3 of 179)
[2020-05-13 17:05:00] Importing es5.js.trap.gz (4 of 179)
[2020-05-13 17:05:00] Importing es6.js.trap.gz (5 of 179)
[2020-05-13 17:05:00] Importing es6_collections.js.trap.gz (6 of 179)
[2020-05-13 17:05:01] Importing intl.js.trap.gz (7 of 179)
[2020-05-13 17:05:01] Importing proxy.js.trap.gz (8 of 179)
[2020-05-13 17:05:01] Importing bdd.js.trap.gz (9 of 179)
[2020-05-13 17:05:01] Importing jquery-3.2.js.trap.gz (10 of 179)
[2020-05-13 17:05:01] Importing should.js.trap.gz (11 of 179)
[2020-05-13 17:05:01] Importing vows.js.trap.gz (12 of 179)
[2020-05-13 17:05:01] Importing assert.js.trap.gz (13 of 179)
[2020-05-13 17:05:01] Importing assert_legacy.js.trap.gz (14 of 179)
[2020-05-13 17:05:01] Importing buffer.js.trap.gz (15 of 179)
[2020-05-13 17:05:01] Importing child_process.js.trap.gz (16 of 179)
[2020-05-13 17:05:01] Importing cluster.js.trap.gz (17 of 179)
[2020-05-13 17:05:01] Importing console.js.trap.gz (18 of 179)
[2020-05-13 17:05:01] Importing constants.js.trap.gz (19 of 179)
[2020-05-13 17:05:01] Importing crypto.js.trap.gz (20 of 179)
[2020-05-13 17:05:01] Importing dgram.js.trap.gz (21 of 179)
[2020-05-13 17:05:01] Importing dns.js.trap.gz (22 of 179)
[2020-05-13 17:05:01] Importing domain.js.trap.gz (23 of 179)
[2020-05-13 17:05:01] Importing events.js.trap.gz (24 of 179)
[2020-05-13 17:05:01] Importing fs.js.trap.gz (25 of 179)
[2020-05-13 17:05:01] Importing globals.js.trap.gz (26 of 179)
[2020-05-13 17:05:01] Importing http.js.trap.gz (27 of 179)
[2020-05-13 17:05:01] Importing https.js.trap.gz (28 of 179)
[2020-05-13 17:05:01] Importing module.js.trap.gz (29 of 179)
[2020-05-13 17:05:01] Importing net.js.trap.gz (30 of 179)
[2020-05-13 17:05:01] Importing os.js.trap.gz (31 of 179)
[2020-05-13 17:05:01] Importing path.js.trap.gz (32 of 179)
[2020-05-13 17:05:01] Importing process.js.trap.gz (33 of 179)
[2020-05-13 17:05:01] Importing punycode.js.trap.gz (34 of 179)
[2020-05-13 17:05:01] Importing querystring.js.trap.gz (35 of 179)
[2020-05-13 17:05:01] Importing readline.js.trap.gz (36 of 179)
[2020-05-13 17:05:02] Importing repl.js.trap.gz (37 of 179)
[2020-05-13 17:05:02] Importing stream.js.trap.gz (38 of 179)
[2020-05-13 17:05:02] Importing string_decoder.js.trap.gz (39 of 179)
[2020-05-13 17:05:02] Importing sys.js.trap.gz (40 of 179)
[2020-05-13 17:05:02] Importing timers.js.trap.gz (41 of 179)
[2020-05-13 17:05:02] Importing tls.js.trap.gz (42 of 179)
[2020-05-13 17:05:02] Importing tty.js.trap.gz (43 of 179)
[2020-05-13 17:05:02] Importing url.js.trap.gz (44 of 179)
[2020-05-13 17:05:02] Importing util.js.trap.gz (45 of 179)
[2020-05-13 17:05:02] Importing v8.js.trap.gz (46 of 179)
[2020-05-13 17:05:02] Importing vm.js.trap.gz (47 of 179)
[2020-05-13 17:05:02] Importing zlib.js.trap.gz (48 of 179)
[2020-05-13 17:05:02] Importing jsshell.js.trap.gz (49 of 179)
[2020-05-13 17:05:02] Importing rhino.js.trap.gz (50 of 179)
[2020-05-13 17:05:02] Importing spidermonkey.js.trap.gz (51 of 179)
[2020-05-13 17:05:02] Importing v8.js.trap.gz (52 of 179)
[2020-05-13 17:05:02] Importing chrome.js.trap.gz (53 of 179)
[2020-05-13 17:05:02] Importing fetchapi.js.trap.gz (54 of 179)
[2020-05-13 17:05:02] Importing fileapi.js.trap.gz (55 of 179)
[2020-05-13 17:05:02] Importing flash.js.trap.gz (56 of 179)
[2020-05-13 17:05:02] Importing gecko_css.js.trap.gz (57 of 179)
[2020-05-13 17:05:02] Importing gecko_dom.js.trap.gz (58 of 179)
[2020-05-13 17:05:02] Importing gecko_event.js.trap.gz (59 of 179)
[2020-05-13 17:05:02] Importing gecko_ext.js.trap.gz (60 of 179)
[2020-05-13 17:05:02] Importing gecko_xml.js.trap.gz (61 of 179)
[2020-05-13 17:05:02] Importing html5.js.trap.gz (62 of 179)
[2020-05-13 17:05:02] Importing ie_css.js.trap.gz (63 of 179)
[2020-05-13 17:05:02] Importing ie_dom.js.trap.gz (64 of 179)
[2020-05-13 17:05:02] Importing ie_event.js.trap.gz (65 of 179)
[2020-05-13 17:05:02] Importing ie_vml.js.trap.gz (66 of 179)
[2020-05-13 17:05:02] Importing intl.js.trap.gz (67 of 179)
[2020-05-13 17:05:02] Importing iphone.js.trap.gz (68 of 179)
[2020-05-13 17:05:02] Importing mediasource.js.trap.gz (69 of 179)
[2020-05-13 17:05:02] Importing page_visibility.js.trap.gz (70 of 179)
[2020-05-13 17:05:02] Importing streamsapi.js.trap.gz (71 of 179)
[2020-05-13 17:05:02] Importing url.js.trap.gz (72 of 179)
[2020-05-13 17:05:02] Importing w3c_anim_timing.js.trap.gz (73 of 179)
[2020-05-13 17:05:02] Importing w3c_batterystatus.js.trap.gz (74 of 179)
[2020-05-13 17:05:02] Importing w3c_css.js.trap.gz (75 of 179)
[2020-05-13 17:05:02] Importing w3c_css3d.js.trap.gz (76 of 179)
[2020-05-13 17:05:02] Importing w3c_device_sensor_event.js.trap.gz (77 of 179)
[2020-05-13 17:05:02] Importing w3c_dom1.js.trap.gz (78 of 179)
[2020-05-13 17:05:02] Importing w3c_dom2.js.trap.gz (79 of 179)
[2020-05-13 17:05:02] Importing w3c_dom3.js.trap.gz (80 of 179)
[2020-05-13 17:05:02] Importing w3c_dom4.js.trap.gz (81 of 179)
[2020-05-13 17:05:02] Importing w3c_elementtraversal.js.trap.gz (82 of 179)
[2020-05-13 17:05:02] Importing w3c_encoding.js.trap.gz (83 of 179)
[2020-05-13 17:05:03] Importing w3c_event.js.trap.gz (84 of 179)
[2020-05-13 17:05:03] Importing w3c_event3.js.trap.gz (85 of 179)
[2020-05-13 17:05:03] Importing w3c_gamepad.js.trap.gz (86 of 179)
[2020-05-13 17:05:03] Importing w3c_geolocation.js.trap.gz (87 of 179)
[2020-05-13 17:05:03] Importing w3c_indexeddb.js.trap.gz (88 of 179)
[2020-05-13 17:05:03] Importing w3c_midi.js.trap.gz (89 of 179)
[2020-05-13 17:05:03] Importing w3c_navigation_timing.js.trap.gz (90 of 179)
[2020-05-13 17:05:03] Importing w3c_permissions.js.trap.gz (91 of 179)
[2020-05-13 17:05:03] Importing w3c_pointer_events.js.trap.gz (92 of 179)
[2020-05-13 17:05:03] Importing w3c_range.js.trap.gz (93 of 179)
[2020-05-13 17:05:03] Importing w3c_requestidlecallback.js.trap.gz (94 of 179)
[2020-05-13 17:05:03] Importing w3c_rtc.js.trap.gz (95 of 179)
[2020-05-13 17:05:03] Importing w3c_screen_orientation.js.trap.gz (96 of 179)
[2020-05-13 17:05:03] Importing w3c_selectors.js.trap.gz (97 of 179)
[2020-05-13 17:05:03] Importing w3c_serviceworker.js.trap.gz (98 of 179)
[2020-05-13 17:05:03] Importing w3c_touch_event.js.trap.gz (99 of 179)
[2020-05-13 17:05:03] Importing w3c_webcrypto.js.trap.gz (100 of 179)
[2020-05-13 17:05:03] Importing w3c_xml.js.trap.gz (101 of 179)
[2020-05-13 17:05:03] Importing webgl.js.trap.gz (102 of 179)
[2020-05-13 17:05:03] Importing webkit_css.js.trap.gz (103 of 179)
[2020-05-13 17:05:03] Importing webkit_dom.js.trap.gz (104 of 179)
[2020-05-13 17:05:03] Importing webkit_event.js.trap.gz (105 of 179)
[2020-05-13 17:05:03] Importing webkit_notifications.js.trap.gz (106 of 179)
[2020-05-13 17:05:03] Importing webkit_usercontent.js.trap.gz (107 of 179)
[2020-05-13 17:05:03] Importing webstorage.js.trap.gz (108 of 179)
[2020-05-13 17:05:03] Importing whatwg_encoding.js.trap.gz (109 of 179)
[2020-05-13 17:05:03] Importing window.js.trap.gz (110 of 179)
[2020-05-13 17:05:03] Importing .issue-guidelines.js.trap.gz (111 of 179)
[2020-05-13 17:05:03] Importing .travis.yml.trap.gz (112 of 179)
[2020-05-13 17:05:03] Importing application.js.trap.gz (113 of 179)
[2020-05-13 17:05:03] Importing bootstrap-affix.js.trap.gz (114 of 179)
[2020-05-13 17:05:03] Importing bootstrap-alert.js.trap.gz (115 of 179)
[2020-05-13 17:05:03] Importing bootstrap-button.js.trap.gz (116 of 179)
[2020-05-13 17:05:03] Importing bootstrap-carousel.js.trap.gz (117 of 179)
[2020-05-13 17:05:03] Importing bootstrap-collapse.js.trap.gz (118 of 179)
[2020-05-13 17:05:03] Importing bootstrap-dropdown.js.trap.gz (119 of 179)
[2020-05-13 17:05:03] Importing bootstrap-modal.js.trap.gz (120 of 179)
[2020-05-13 17:05:03] Importing bootstrap-popover.js.trap.gz (121 of 179)
[2020-05-13 17:05:03] Importing bootstrap-scrollspy.js.trap.gz (122 of 179)
[2020-05-13 17:05:03] Importing bootstrap-tab.js.trap.gz (123 of 179)
[2020-05-13 17:05:03] Importing bootstrap-tooltip.js.trap.gz (124 of 179)
[2020-05-13 17:05:03] Importing bootstrap-transition.js.trap.gz (125 of 179)
[2020-05-13 17:05:03] Importing bootstrap-typeahead.js.trap.gz (126 of 179)
[2020-05-13 17:05:03] Importing bootstrap.js.trap.gz (127 of 179)
[2020-05-13 17:05:03] Importing prettify.js.trap.gz (128 of 179)
[2020-05-13 17:05:03] Importing jquery.js.trap.gz (129 of 179)
[2020-05-13 17:05:04] Importing base-css.html.trap.gz (130 of 179)
[2020-05-13 17:05:04] Importing index.js.trap.gz (131 of 179)
[2020-05-13 17:05:04] Importing package.json.trap.gz (132 of 179)
[2020-05-13 17:05:04] Importing components.html.trap.gz (133 of 179)
[2020-05-13 17:05:04] Importing customize.html.trap.gz (134 of 179)
[2020-05-13 17:05:04] Importing fluid.html.trap.gz (135 of 179)
[2020-05-13 17:05:04] Importing hero.html.trap.gz (136 of 179)
[2020-05-13 17:05:04] Importing starter-template.html.trap.gz (137 of 179)
[2020-05-13 17:05:04] Importing extend.html.trap.gz (138 of 179)
[2020-05-13 17:05:04] Importing getting-started.html.trap.gz (139 of 179)
[2020-05-13 17:05:04] Importing index.html.trap.gz (140 of 179)
[2020-05-13 17:05:04] Importing javascript.html.trap.gz (141 of 179)
[2020-05-13 17:05:04] Importing scaffolding.html.trap.gz (142 of 179)
[2020-05-13 17:05:04] Importing bootstrap-affix.js.trap.gz (143 of 179)
[2020-05-13 17:05:04] Importing bootstrap-alert.js.trap.gz (144 of 179)
[2020-05-13 17:05:04] Importing bootstrap-button.js.trap.gz (145 of 179)
[2020-05-13 17:05:04] Importing bootstrap-carousel.js.trap.gz (146 of 179)
[2020-05-13 17:05:04] Importing bootstrap-collapse.js.trap.gz (147 of 179)
[2020-05-13 17:05:04] Importing bootstrap-dropdown.js.trap.gz (148 of 179)
[2020-05-13 17:05:04] Importing bootstrap-modal.js.trap.gz (149 of 179)
[2020-05-13 17:05:04] Importing bootstrap-popover.js.trap.gz (150 of 179)
[2020-05-13 17:05:04] Importing bootstrap-scrollspy.js.trap.gz (151 of 179)
[2020-05-13 17:05:04] Importing bootstrap-tab.js.trap.gz (152 of 179)
[2020-05-13 17:05:04] Importing bootstrap-tooltip.js.trap.gz (153 of 179)
[2020-05-13 17:05:04] Importing bootstrap-transition.js.trap.gz (154 of 179)
[2020-05-13 17:05:04] Importing bootstrap-typeahead.js.trap.gz (155 of 179)
[2020-05-13 17:05:04] Importing index.html.trap.gz (156 of 179)
[2020-05-13 17:05:04] Importing phantom.js.trap.gz (157 of 179)
[2020-05-13 17:05:04] Importing server.js.trap.gz (158 of 179)
[2020-05-13 17:05:04] Importing bootstrap-affix.js.trap.gz (159 of 179)
[2020-05-13 17:05:04] Importing bootstrap-alert.js.trap.gz (160 of 179)
[2020-05-13 17:05:04] Importing bootstrap-button.js.trap.gz (161 of 179)
[2020-05-13 17:05:04] Importing bootstrap-carousel.js.trap.gz (162 of 179)
[2020-05-13 17:05:04] Importing bootstrap-collapse.js.trap.gz (163 of 179)
[2020-05-13 17:05:04] Importing bootstrap-dropdown.js.trap.gz (164 of 179)
[2020-05-13 17:05:04] Importing bootstrap-modal.js.trap.gz (165 of 179)
[2020-05-13 17:05:05] Importing bootstrap-phantom.js.trap.gz (166 of 179)
[2020-05-13 17:05:05] Importing bootstrap-popover.js.trap.gz (167 of 179)
[2020-05-13 17:05:05] Importing bootstrap-scrollspy.js.trap.gz (168 of 179)
[2020-05-13 17:05:05] Importing bootstrap-tab.js.trap.gz (169 of 179)
[2020-05-13 17:05:05] Importing bootstrap-tooltip.js.trap.gz (170 of 179)
[2020-05-13 17:05:05] Importing bootstrap-transition.js.trap.gz (171 of 179)
[2020-05-13 17:05:05] Importing bootstrap-typeahead.js.trap.gz (172 of 179)
[2020-05-13 17:05:05] Importing jquery.js.trap.gz (173 of 179)
[2020-05-13 17:05:05] Importing qunit.js.trap.gz (174 of 179)
[2020-05-13 17:05:05] Importing css-tests.html.trap.gz (175 of 179)
[2020-05-13 17:05:05] Importing forms.html.trap.gz (176 of 179)
[2020-05-13 17:05:05] Importing navbar.html.trap.gz (177 of 179)
[2020-05-13 17:05:05] Importing package.json.trap.gz (178 of 179)
[2020-05-13 17:05:05] Importing sourceLocationPrefix.trap.gz (179 of 179)
[2020-05-13 17:05:06] Merging 1 fragments for files.
[2020-05-13 17:05:06] Merging 1 fragments for folders.
[2020-05-13 17:05:06] Merging 1 fragments for containerparent.
[2020-05-13 17:05:06] Merging 5 fragments for locations_default.
[2020-05-13 17:05:06] Merging 6 fragments for hasLocation.
[2020-05-13 17:05:06] Merging 1 fragments for extraction_data.
[2020-05-13 17:05:06] Merging 1 fragments for scopes.
[2020-05-13 17:05:06] Merging 1 fragments for comments.
[2020-05-13 17:05:06] Merging 1 fragments for indentation.
[2020-05-13 17:05:06] Merging 1 fragments for numlines.
[2020-05-13 17:05:06] Merging 3 fragments for tokeninfo.
[2020-05-13 17:05:07] Merging 1 fragments for next_token.
[2020-05-13 17:05:07] Merging 1 fragments for jsdoc.
[2020-05-13 17:05:07] Merging 1 fragments for jsdoc_tags.
[2020-05-13 17:05:07] Merging 1 fragments for jsdoc_tag_descriptions.
[2020-05-13 17:05:07] Merging 1 fragments for jsdoc_tag_names.
[2020-05-13 17:05:07] Merging 1 fragments for jsdoc_type_exprs.
[2020-05-13 17:05:07] Merging 1 fragments for toplevels.
[2020-05-13 17:05:07] Merging 1 fragments for stmts.
[2020-05-13 17:05:07] Merging 1 fragments for stmtContainers.
[2020-05-13 17:05:07] Merging 2 fragments for exprs.
[2020-05-13 17:05:07] Merging 2 fragments for enclosingStmt.
[2020-05-13 17:05:07] Merging 2 fragments for exprContainers.
[2020-05-13 17:05:07] Merging 1 fragments for literals.
[2020-05-13 17:05:07] Merging 1 fragments for variables.
[2020-05-13 17:05:07] Merging 1 fragments for bind.
[2020-05-13 17:05:07] Merging 1 fragments for scopenodes.
[2020-05-13 17:05:07] Merging 1 fragments for scopenesting.
[2020-05-13 17:05:07] Merging 1 fragments for decl.
[2020-05-13 17:05:07] Merging 1 fragments for isArgumentsObject.
[2020-05-13 17:05:07] Merging 1 fragments for entry_cfg_node.
[2020-05-13 17:05:07] Merging 1 fragments for exit_cfg_node.
[2020-05-13 17:05:07] Merging 3 fragments for successor.
[2020-05-13 17:05:07] Merging 1 fragments for isExterns.
[2020-05-13 17:05:07] Merging 1 fragments for filetype.
[2020-05-13 17:05:07] Merging 1 fragments for extraction_time.
[2020-05-13 17:05:07] Merging 1 fragments for jsdoc_prefix_qualifier.
[2020-05-13 17:05:07] Merging 1 fragments for jsdoc_errors.
[2020-05-13 17:05:07] Merging 1 fragments for jsdoc_record_field_name.
[2020-05-13 17:05:07] Merging 1 fragments for jsdoc_has_new_parameter.
[2020-05-13 17:05:07] Merging 1 fragments for properties.
[2020-05-13 17:05:07] Merging 1 fragments for regexpterm.
[2020-05-13 17:05:07] Merging 1 fragments for regexpConstValue.
[2020-05-13 17:05:07] Merging 1 fragments for guard_node.
[2020-05-13 17:05:07] Merging 1 fragments for isModule.
[2020-05-13 17:05:07] Merging 1 fragments for isNodejs.
[2020-05-13 17:05:07] Merging 1 fragments for isGreedy.
[2020-05-13 17:05:07] Merging 1 fragments for isInverted.
[2020-05-13 17:05:07] Merging 1 fragments for isCapture.
[2020-05-13 17:05:07] Merging 1 fragments for yaml_scalars.
[2020-05-13 17:05:07] Merging 1 fragments for yaml.
[2020-05-13 17:05:07] Merging 1 fragments for yaml_locations.
[2020-05-13 17:05:07] Merging 1 fragments for arraySize.
[2020-05-13 17:05:07] Merging 1 fragments for charClassEscape.
[2020-05-13 17:05:07] Merging 1 fragments for jumpTargets.
[2020-05-13 17:05:07] Merging 1 fragments for rangeQuantifierLowerBound.
[2020-05-13 17:05:07] Merging 1 fragments for rangeQuantifierUpperBound.
[2020-05-13 17:05:07] Merging 1 fragments for regexpParseErrors.
[2020-05-13 17:05:07] Merging 1 fragments for backref.
[2020-05-13 17:05:07] Merging 1 fragments for xmlElements.
[2020-05-13 17:05:07] Merging 1 fragments for xmllocations.
[2020-05-13 17:05:07] Merging 1 fragments for xmlAttrs.
[2020-05-13 17:05:07] Merging 1 fragments for xmlComments.
[2020-05-13 17:05:07] Merging 1 fragments for json.
[2020-05-13 17:05:07] Merging 1 fragments for json_locations.
[2020-05-13 17:05:07] Merging 1 fragments for json_literals.
[2020-05-13 17:05:07] Merging 1 fragments for json_properties.
[2020-05-13 17:05:07] Merging 1 fragments for sourceLocationPrefix.
[2020-05-13 17:05:07] Saving string and id pools to disk.
[2020-05-13 17:05:07] Finished importing trap files.
[2020-05-13 17:05:07] Stopped the world to close the cache at sequence stamp o+3
[2020-05-13 17:05:07] The disk cache is freshly trimmed; leave it be.
[2020-05-13 17:05:07] Starting the world again
[2020-05-13 17:05:07] Plumbing command codeql dataset import completed.
[2020-05-13 17:05:07] [PROGRESS] database finalize> TRAP import complete (7.6s).
[2020-05-13 17:05:07] Running plumbing command: codeql database cleanup --mode=normal -- /Users/alexoneill/Documents/GitHub/OSC-Code/Tools/LGTM/DB_Storage/twitter-bootstrap-2-1-1DB
[2020-05-13 17:05:07] [PROGRESS] database cleanup> Cleaning up existing TRAP files after import...
[2020-05-13 17:05:08] [PROGRESS] database cleanup> TRAP files cleaned up (34ms).
[2020-05-13 17:05:08] Running plumbing command: codeql dataset cleanup --mode=normal -- /Users/alexoneill/Documents/GitHub/OSC-Code/Tools/LGTM/DB_Storage/twitter-bootstrap-2-1-1DB/db-javascript
[2020-05-13 17:05:08] [PROGRESS] dataset cleanup> Cleaning up dataset in /Users/alexoneill/Documents/GitHub/OSC-Code/Tools/LGTM/DB_Storage/twitter-bootstrap-2-1-1DB/db-javascript.
[2020-05-13 17:05:08] Trimming disk cache at /Users/alexoneill/Documents/GitHub/OSC-Code/Tools/LGTM/DB_Storage/twitter-bootstrap-2-1-1DB/db-javascript/default/cache in mode normal.
[2020-05-13 17:05:08] Sequence stamp origin is -6727448188955402872
[2020-05-13 17:05:08] Stopped the world to zealously trim disk at sequence stamp o+0
[2020-05-13 17:05:08] Starting the world again
[2020-05-13 17:05:08] Trimming completed (2ms): Trimmed disposable data from cache.
[2020-05-13 17:05:08] Stopped the world to close the cache at sequence stamp o+1
[2020-05-13 17:05:08] The disk cache is freshly trimmed; leave it be.
[2020-05-13 17:05:08] Starting the world again
[2020-05-13 17:05:08] [PROGRESS] dataset cleanup> Trimmed disposable data from cache.
[2020-05-13 17:05:08] Plumbing command codeql dataset cleanup completed.
[2020-05-13 17:05:08] Plumbing command codeql database cleanup completed with status 0.
[2020-05-13 17:05:08] Plumbing command codeql database finalize completed with status 0.
[2020-05-13 17:05:08] [PROGRESS] database create> Successfully created database at /Users/alexoneill/Documents/GitHub/OSC-Code/Tools/LGTM/DB_Storage/twitter-bootstrap-2-1-1DB.
[2020-05-13 17:05:08] Terminating normally.
