[2020-05-13 16:57:32] This is codeql database create --language=javascript --source-root /Users/alexoneill/Documents/GitHub/OSC-Code/Tools/LGTM/ext_JS_src/flot-3.2.5 /Users/alexoneill/Documents/GitHub/OSC-Code/Tools/LGTM/DB_Storage/flot-3-2-5DB
[2020-05-13 16:57:32] Log file was started late.
[2020-05-13 16:57:32] Using autobuild script /Users/alexoneill/Documents/GitHub/OSC-Code/Tools/LGTM/codeql/javascript/tools/autobuild.sh.
[2020-05-13 16:57:32] [DETAILS] database create> Detected autobuild command: /Users/alexoneill/Documents/GitHub/OSC-Code/Tools/LGTM/codeql/javascript/tools/autobuild.sh.
[2020-05-13 16:57:32] [PROGRESS] database create> Running command [/Users/alexoneill/Documents/GitHub/OSC-Code/Tools/LGTM/codeql/javascript/tools/autobuild.sh] in /Users/alexoneill/Documents/GitHub/OSC-Code/Tools/LGTM/ext_JS_src/flot-3.2.5.
[2020-05-13 16:57:32] Running plumbing command: codeql database trace-command --working-dir=/Users/alexoneill/Documents/GitHub/OSC-Code/Tools/LGTM/ext_JS_src/flot-3.2.5 -- /Users/alexoneill/Documents/GitHub/OSC-Code/Tools/LGTM/DB_Storage/flot-3-2-5DB /Users/alexoneill/Documents/GitHub/OSC-Code/Tools/LGTM/codeql/javascript/tools/autobuild.sh
[2020-05-13 16:57:32] [PROGRESS] database trace-command> /Users/alexoneill/Documents/GitHub/OSC-Code/Tools/LGTM/DB_Storage/flot-3-2-5DB: Running in /Users/alexoneill/Documents/GitHub/OSC-Code/Tools/LGTM/ext_JS_src/flot-3.2.5: [/Users/alexoneill/Documents/GitHub/OSC-Code/Tools/LGTM/codeql/javascript/tools/autobuild.sh]
[2020-05-13 16:57:32] [build] Single-threaded extraction.
[2020-05-13 16:57:32] [build] Extracting /Users/alexoneill/Documents/GitHub/OSC-Code/Tools/LGTM/ext_JS_src/flot-3.2.5/package/dist/es5/jquery.flot.js
[2020-05-13 16:57:35] [build] Done extracting /Users/alexoneill/Documents/GitHub/OSC-Code/Tools/LGTM/ext_JS_src/flot-3.2.5/package/dist/es5/jquery.flot.js (2546 ms)
[2020-05-13 16:57:35] [build] Extracting /Users/alexoneill/Documents/GitHub/OSC-Code/Tools/LGTM/ext_JS_src/flot-3.2.5/package/source/jquery.flot.uiConstants.js
[2020-05-13 16:57:35] [build] Done extracting /Users/alexoneill/Documents/GitHub/OSC-Code/Tools/LGTM/ext_JS_src/flot-3.2.5/package/source/jquery.flot.uiConstants.js (5 ms)
[2020-05-13 16:57:35] [build] Extracting /Users/alexoneill/Documents/GitHub/OSC-Code/Tools/LGTM/ext_JS_src/flot-3.2.5/package/source/jquery.flot.image.js
[2020-05-13 16:57:35] [build] Done extracting /Users/alexoneill/Documents/GitHub/OSC-Code/Tools/LGTM/ext_JS_src/flot-3.2.5/package/source/jquery.flot.image.js (49 ms)
[2020-05-13 16:57:35] [build] Extracting /Users/alexoneill/Documents/GitHub/OSC-Code/Tools/LGTM/ext_JS_src/flot-3.2.5/package/source/jquery.flot.time.js
[2020-05-13 16:57:35] [build] Done extracting /Users/alexoneill/Documents/GitHub/OSC-Code/Tools/LGTM/ext_JS_src/flot-3.2.5/package/source/jquery.flot.time.js (184 ms)
[2020-05-13 16:57:35] [build] Extracting /Users/alexoneill/Documents/GitHub/OSC-Code/Tools/LGTM/ext_JS_src/flot-3.2.5/package/source/jquery.flot.composeImages.js
[2020-05-13 16:57:35] [build] Done extracting /Users/alexoneill/Documents/GitHub/OSC-Code/Tools/LGTM/ext_JS_src/flot-3.2.5/package/source/jquery.flot.composeImages.js (78 ms)
[2020-05-13 16:57:35] [build] Extracting /Users/alexoneill/Documents/GitHub/OSC-Code/Tools/LGTM/ext_JS_src/flot-3.2.5/package/source/jquery.flot.flatdata.js
[2020-05-13 16:57:35] [build] Done extracting /Users/alexoneill/Documents/GitHub/OSC-Code/Tools/LGTM/ext_JS_src/flot-3.2.5/package/source/jquery.flot.flatdata.js (8 ms)
[2020-05-13 16:57:35] [build] Extracting /Users/alexoneill/Documents/GitHub/OSC-Code/Tools/LGTM/ext_JS_src/flot-3.2.5/package/source/jquery.flot.hover.js
[2020-05-13 16:57:35] [build] Done extracting /Users/alexoneill/Documents/GitHub/OSC-Code/Tools/LGTM/ext_JS_src/flot-3.2.5/package/source/jquery.flot.hover.js (63 ms)
[2020-05-13 16:57:35] [build] Extracting /Users/alexoneill/Documents/GitHub/OSC-Code/Tools/LGTM/ext_JS_src/flot-3.2.5/package/source/jquery.canvaswrapper.js
[2020-05-13 16:57:35] [build] Done extracting /Users/alexoneill/Documents/GitHub/OSC-Code/Tools/LGTM/ext_JS_src/flot-3.2.5/package/source/jquery.canvaswrapper.js (81 ms)
[2020-05-13 16:57:35] [build] Extracting /Users/alexoneill/Documents/GitHub/OSC-Code/Tools/LGTM/ext_JS_src/flot-3.2.5/package/source/jquery.flot.fillbetween.js
[2020-05-13 16:57:35] [build] Done extracting /Users/alexoneill/Documents/GitHub/OSC-Code/Tools/LGTM/ext_JS_src/flot-3.2.5/package/source/jquery.flot.fillbetween.js (44 ms)
[2020-05-13 16:57:35] [build] Extracting /Users/alexoneill/Documents/GitHub/OSC-Code/Tools/LGTM/ext_JS_src/flot-3.2.5/package/source/jquery.colorhelpers.js
[2020-05-13 16:57:36] [build] Done extracting /Users/alexoneill/Documents/GitHub/OSC-Code/Tools/LGTM/ext_JS_src/flot-3.2.5/package/source/jquery.colorhelpers.js (58 ms)
[2020-05-13 16:57:36] [build] Extracting /Users/alexoneill/Documents/GitHub/OSC-Code/Tools/LGTM/ext_JS_src/flot-3.2.5/package/source/jquery.flot.browser.js
[2020-05-13 16:57:36] [build] Done extracting /Users/alexoneill/Documents/GitHub/OSC-Code/Tools/LGTM/ext_JS_src/flot-3.2.5/package/source/jquery.flot.browser.js (15 ms)
[2020-05-13 16:57:36] [build] Extracting /Users/alexoneill/Documents/GitHub/OSC-Code/Tools/LGTM/ext_JS_src/flot-3.2.5/package/source/jquery.flot.categories.js
[2020-05-13 16:57:36] [build] Done extracting /Users/alexoneill/Documents/GitHub/OSC-Code/Tools/LGTM/ext_JS_src/flot-3.2.5/package/source/jquery.flot.categories.js (41 ms)
[2020-05-13 16:57:36] [build] Extracting /Users/alexoneill/Documents/GitHub/OSC-Code/Tools/LGTM/ext_JS_src/flot-3.2.5/package/source/jquery.flot.touch.js
[2020-05-13 16:57:36] [build] Done extracting /Users/alexoneill/Documents/GitHub/OSC-Code/Tools/LGTM/ext_JS_src/flot-3.2.5/package/source/jquery.flot.touch.js (62 ms)
[2020-05-13 16:57:36] [build] Extracting /Users/alexoneill/Documents/GitHub/OSC-Code/Tools/LGTM/ext_JS_src/flot-3.2.5/package/source/jquery.flot.stack.js
[2020-05-13 16:57:36] [build] Done extracting /Users/alexoneill/Documents/GitHub/OSC-Code/Tools/LGTM/ext_JS_src/flot-3.2.5/package/source/jquery.flot.stack.js (47 ms)
[2020-05-13 16:57:36] [build] Extracting /Users/alexoneill/Documents/GitHub/OSC-Code/Tools/LGTM/ext_JS_src/flot-3.2.5/package/source/jquery.flot.navigate.js
[2020-05-13 16:57:36] [build] Done extracting /Users/alexoneill/Documents/GitHub/OSC-Code/Tools/LGTM/ext_JS_src/flot-3.2.5/package/source/jquery.flot.navigate.js (219 ms)
[2020-05-13 16:57:36] [build] Extracting /Users/alexoneill/Documents/GitHub/OSC-Code/Tools/LGTM/ext_JS_src/flot-3.2.5/package/source/jquery.flot.resize.js
[2020-05-13 16:57:36] [build] Done extracting /Users/alexoneill/Documents/GitHub/OSC-Code/Tools/LGTM/ext_JS_src/flot-3.2.5/package/source/jquery.flot.resize.js (36 ms)
[2020-05-13 16:57:36] [build] Extracting /Users/alexoneill/Documents/GitHub/OSC-Code/Tools/LGTM/ext_JS_src/flot-3.2.5/package/source/jquery.flot.errorbars.js
[2020-05-13 16:57:36] [build] Done extracting /Users/alexoneill/Documents/GitHub/OSC-Code/Tools/LGTM/ext_JS_src/flot-3.2.5/package/source/jquery.flot.errorbars.js (87 ms)
[2020-05-13 16:57:36] [build] Extracting /Users/alexoneill/Documents/GitHub/OSC-Code/Tools/LGTM/ext_JS_src/flot-3.2.5/package/source/jquery.flot.selection.js
[2020-05-13 16:57:36] [build] Done extracting /Users/alexoneill/Documents/GitHub/OSC-Code/Tools/LGTM/ext_JS_src/flot-3.2.5/package/source/jquery.flot.selection.js (83 ms)
[2020-05-13 16:57:36] [build] Extracting /Users/alexoneill/Documents/GitHub/OSC-Code/Tools/LGTM/ext_JS_src/flot-3.2.5/package/source/jquery.flot.saturated.js
[2020-05-13 16:57:36] [build] Done extracting /Users/alexoneill/Documents/GitHub/OSC-Code/Tools/LGTM/ext_JS_src/flot-3.2.5/package/source/jquery.flot.saturated.js (9 ms)
[2020-05-13 16:57:36] [build] Extracting /Users/alexoneill/Documents/GitHub/OSC-Code/Tools/LGTM/ext_JS_src/flot-3.2.5/package/source/jquery.flot.legend.js
[2020-05-13 16:57:36] [build] Done extracting /Users/alexoneill/Documents/GitHub/OSC-Code/Tools/LGTM/ext_JS_src/flot-3.2.5/package/source/jquery.flot.legend.js (61 ms)
[2020-05-13 16:57:36] [build] Extracting /Users/alexoneill/Documents/GitHub/OSC-Code/Tools/LGTM/ext_JS_src/flot-3.2.5/package/source/jquery.flot.symbol.js
[2020-05-13 16:57:36] [build] Done extracting /Users/alexoneill/Documents/GitHub/OSC-Code/Tools/LGTM/ext_JS_src/flot-3.2.5/package/source/jquery.flot.symbol.js (17 ms)
[2020-05-13 16:57:36] [build] Extracting /Users/alexoneill/Documents/GitHub/OSC-Code/Tools/LGTM/ext_JS_src/flot-3.2.5/package/source/jquery.flot.logaxis.js
[2020-05-13 16:57:36] [build] Done extracting /Users/alexoneill/Documents/GitHub/OSC-Code/Tools/LGTM/ext_JS_src/flot-3.2.5/package/source/jquery.flot.logaxis.js (38 ms)
[2020-05-13 16:57:36] [build] Extracting /Users/alexoneill/Documents/GitHub/OSC-Code/Tools/LGTM/ext_JS_src/flot-3.2.5/package/source/jquery.flot.crosshair.js
[2020-05-13 16:57:36] [build] Done extracting /Users/alexoneill/Documents/GitHub/OSC-Code/Tools/LGTM/ext_JS_src/flot-3.2.5/package/source/jquery.flot.crosshair.js (26 ms)
[2020-05-13 16:57:36] [build] Extracting /Users/alexoneill/Documents/GitHub/OSC-Code/Tools/LGTM/ext_JS_src/flot-3.2.5/package/source/jquery.flot.threshold.js
[2020-05-13 16:57:36] [build] Done extracting /Users/alexoneill/Documents/GitHub/OSC-Code/Tools/LGTM/ext_JS_src/flot-3.2.5/package/source/jquery.flot.threshold.js (17 ms)
[2020-05-13 16:57:36] [build] Extracting /Users/alexoneill/Documents/GitHub/OSC-Code/Tools/LGTM/ext_JS_src/flot-3.2.5/package/source/jquery.flot.pie.js
[2020-05-13 16:57:36] [build] Done extracting /Users/alexoneill/Documents/GitHub/OSC-Code/Tools/LGTM/ext_JS_src/flot-3.2.5/package/source/jquery.flot.pie.js (155 ms)
[2020-05-13 16:57:36] [build] Extracting /Users/alexoneill/Documents/GitHub/OSC-Code/Tools/LGTM/ext_JS_src/flot-3.2.5/package/source/jquery.flot.js
[2020-05-13 16:57:37] [build] Done extracting /Users/alexoneill/Documents/GitHub/OSC-Code/Tools/LGTM/ext_JS_src/flot-3.2.5/package/source/jquery.flot.js (611 ms)
[2020-05-13 16:57:37] [build] Extracting /Users/alexoneill/Documents/GitHub/OSC-Code/Tools/LGTM/ext_JS_src/flot-3.2.5/package/source/jquery.flot.touchNavigate.js
[2020-05-13 16:57:37] [build] Done extracting /Users/alexoneill/Documents/GitHub/OSC-Code/Tools/LGTM/ext_JS_src/flot-3.2.5/package/source/jquery.flot.touchNavigate.js (64 ms)
[2020-05-13 16:57:37] [build] Extracting /Users/alexoneill/Documents/GitHub/OSC-Code/Tools/LGTM/ext_JS_src/flot-3.2.5/package/source/jquery.flot.axislabels.js
[2020-05-13 16:57:37] [build] Done extracting /Users/alexoneill/Documents/GitHub/OSC-Code/Tools/LGTM/ext_JS_src/flot-3.2.5/package/source/jquery.flot.axislabels.js (30 ms)
[2020-05-13 16:57:37] [build] Extracting /Users/alexoneill/Documents/GitHub/OSC-Code/Tools/LGTM/ext_JS_src/flot-3.2.5/package/source/jquery.flot.drawSeries.js
[2020-05-13 16:57:37] [build] Done extracting /Users/alexoneill/Documents/GitHub/OSC-Code/Tools/LGTM/ext_JS_src/flot-3.2.5/package/source/jquery.flot.drawSeries.js (108 ms)
[2020-05-13 16:57:37] [build] Extracting /Users/alexoneill/Documents/GitHub/OSC-Code/Tools/LGTM/ext_JS_src/flot-3.2.5/package/source/jquery.js
[2020-05-13 16:57:39] [build] Done extracting /Users/alexoneill/Documents/GitHub/OSC-Code/Tools/LGTM/ext_JS_src/flot-3.2.5/package/source/jquery.js (1570 ms)
[2020-05-13 16:57:39] [build] Extracting /Users/alexoneill/Documents/GitHub/OSC-Code/Tools/LGTM/ext_JS_src/flot-3.2.5/package/package.json
[2020-05-13 16:57:39] [build] Done extracting /Users/alexoneill/Documents/GitHub/OSC-Code/Tools/LGTM/ext_JS_src/flot-3.2.5/package/package.json (5 ms)
[2020-05-13 16:57:39] [build] Extracting /Users/alexoneill/Documents/GitHub/OSC-Code/Tools/LGTM/ext_JS_src/flot-3.2.5/package/lib/jquery.mousewheel.js
[2020-05-13 16:57:39] [build] Done extracting /Users/alexoneill/Documents/GitHub/OSC-Code/Tools/LGTM/ext_JS_src/flot-3.2.5/package/lib/jquery.mousewheel.js (11 ms)
[2020-05-13 16:57:39] [build] Extracting /Users/alexoneill/Documents/GitHub/OSC-Code/Tools/LGTM/ext_JS_src/flot-3.2.5/package/lib/globalize.js
[2020-05-13 16:57:39] [build] Done extracting /Users/alexoneill/Documents/GitHub/OSC-Code/Tools/LGTM/ext_JS_src/flot-3.2.5/package/lib/globalize.js (210 ms)
[2020-05-13 16:57:39] [build] Extracting /Users/alexoneill/Documents/GitHub/OSC-Code/Tools/LGTM/ext_JS_src/flot-3.2.5/package/lib/jquery.event.drag.js
[2020-05-13 16:57:39] [build] Done extracting /Users/alexoneill/Documents/GitHub/OSC-Code/Tools/LGTM/ext_JS_src/flot-3.2.5/package/lib/jquery.event.drag.js (43 ms)
[2020-05-13 16:57:39] [build] Extracting /Users/alexoneill/Documents/GitHub/OSC-Code/Tools/LGTM/ext_JS_src/flot-3.2.5/package/lib/globalize.culture.en-US.js
[2020-05-13 16:57:39] [build] Done extracting /Users/alexoneill/Documents/GitHub/OSC-Code/Tools/LGTM/ext_JS_src/flot-3.2.5/package/lib/globalize.culture.en-US.js (5 ms)
[2020-05-13 16:57:39] [build-err] No externs trap cache found
[2020-05-13 16:57:39] [build] Extracting /Users/alexoneill/Documents/GitHub/OSC-Code/Tools/LGTM/codeql/javascript/tools/data/externs/nodejs/constants.js
[2020-05-13 16:57:39] [build] Done extracting /Users/alexoneill/Documents/GitHub/OSC-Code/Tools/LGTM/codeql/javascript/tools/data/externs/nodejs/constants.js (224 ms)
[2020-05-13 16:57:39] [build] Extracting /Users/alexoneill/Documents/GitHub/OSC-Code/Tools/LGTM/codeql/javascript/tools/data/externs/nodejs/net.js
[2020-05-13 16:57:39] [build] Done extracting /Users/alexoneill/Documents/GitHub/OSC-Code/Tools/LGTM/codeql/javascript/tools/data/externs/nodejs/net.js (46 ms)
[2020-05-13 16:57:39] [build] Extracting /Users/alexoneill/Documents/GitHub/OSC-Code/Tools/LGTM/codeql/javascript/tools/data/externs/nodejs/globals.js
[2020-05-13 16:57:40] [build] Done extracting /Users/alexoneill/Documents/GitHub/OSC-Code/Tools/LGTM/codeql/javascript/tools/data/externs/nodejs/globals.js (198 ms)
[2020-05-13 16:57:40] [build] Extracting /Users/alexoneill/Documents/GitHub/OSC-Code/Tools/LGTM/codeql/javascript/tools/data/externs/nodejs/events.js
[2020-05-13 16:57:40] [build] Done extracting /Users/alexoneill/Documents/GitHub/OSC-Code/Tools/LGTM/codeql/javascript/tools/data/externs/nodejs/events.js (13 ms)
[2020-05-13 16:57:40] [build] Extracting /Users/alexoneill/Documents/GitHub/OSC-Code/Tools/LGTM/codeql/javascript/tools/data/externs/nodejs/repl.js
[2020-05-13 16:57:40] [build] Done extracting /Users/alexoneill/Documents/GitHub/OSC-Code/Tools/LGTM/codeql/javascript/tools/data/externs/nodejs/repl.js (12 ms)
[2020-05-13 16:57:40] [build] Extracting /Users/alexoneill/Documents/GitHub/OSC-Code/Tools/LGTM/codeql/javascript/tools/data/externs/nodejs/util.js
[2020-05-13 16:57:40] [build] Done extracting /Users/alexoneill/Documents/GitHub/OSC-Code/Tools/LGTM/codeql/javascript/tools/data/externs/nodejs/util.js (27 ms)
[2020-05-13 16:57:40] [build] Extracting /Users/alexoneill/Documents/GitHub/OSC-Code/Tools/LGTM/codeql/javascript/tools/data/externs/nodejs/dgram.js
[2020-05-13 16:57:40] [build] Done extracting /Users/alexoneill/Documents/GitHub/OSC-Code/Tools/LGTM/codeql/javascript/tools/data/externs/nodejs/dgram.js (17 ms)
[2020-05-13 16:57:40] [build] Extracting /Users/alexoneill/Documents/GitHub/OSC-Code/Tools/LGTM/codeql/javascript/tools/data/externs/nodejs/vm.js
[2020-05-13 16:57:40] [build] Done extracting /Users/alexoneill/Documents/GitHub/OSC-Code/Tools/LGTM/codeql/javascript/tools/data/externs/nodejs/vm.js (20 ms)
[2020-05-13 16:57:40] [build] Extracting /Users/alexoneill/Documents/GitHub/OSC-Code/Tools/LGTM/codeql/javascript/tools/data/externs/nodejs/stream.js
[2020-05-13 16:57:40] [build] Done extracting /Users/alexoneill/Documents/GitHub/OSC-Code/Tools/LGTM/codeql/javascript/tools/data/externs/nodejs/stream.js (88 ms)
[2020-05-13 16:57:40] [build] Extracting /Users/alexoneill/Documents/GitHub/OSC-Code/Tools/LGTM/codeql/javascript/tools/data/externs/nodejs/child_process.js
[2020-05-13 16:57:40] [build] Done extracting /Users/alexoneill/Documents/GitHub/OSC-Code/Tools/LGTM/codeql/javascript/tools/data/externs/nodejs/child_process.js (97 ms)
[2020-05-13 16:57:40] [build] Extracting /Users/alexoneill/Documents/GitHub/OSC-Code/Tools/LGTM/codeql/javascript/tools/data/externs/nodejs/assert.js
[2020-05-13 16:57:40] [build] Done extracting /Users/alexoneill/Documents/GitHub/OSC-Code/Tools/LGTM/codeql/javascript/tools/data/externs/nodejs/assert.js (21 ms)
[2020-05-13 16:57:40] [build] Extracting /Users/alexoneill/Documents/GitHub/OSC-Code/Tools/LGTM/codeql/javascript/tools/data/externs/nodejs/os.js
[2020-05-13 16:57:40] [build] Done extracting /Users/alexoneill/Documents/GitHub/OSC-Code/Tools/LGTM/codeql/javascript/tools/data/externs/nodejs/os.js (22 ms)
[2020-05-13 16:57:40] [build] Extracting /Users/alexoneill/Documents/GitHub/OSC-Code/Tools/LGTM/codeql/javascript/tools/data/externs/nodejs/console.js
[2020-05-13 16:57:40] [build] Done extracting /Users/alexoneill/Documents/GitHub/OSC-Code/Tools/LGTM/codeql/javascript/tools/data/externs/nodejs/console.js (2 ms)
[2020-05-13 16:57:40] [build] Extracting /Users/alexoneill/Documents/GitHub/OSC-Code/Tools/LGTM/codeql/javascript/tools/data/externs/nodejs/readline.js
[2020-05-13 16:57:40] [build] Done extracting /Users/alexoneill/Documents/GitHub/OSC-Code/Tools/LGTM/codeql/javascript/tools/data/externs/nodejs/readline.js (19 ms)
[2020-05-13 16:57:40] [build] Extracting /Users/alexoneill/Documents/GitHub/OSC-Code/Tools/LGTM/codeql/javascript/tools/data/externs/nodejs/punycode.js
[2020-05-13 16:57:40] [build] Done extracting /Users/alexoneill/Documents/GitHub/OSC-Code/Tools/LGTM/codeql/javascript/tools/data/externs/nodejs/punycode.js (7 ms)
[2020-05-13 16:57:40] [build] Extracting /Users/alexoneill/Documents/GitHub/OSC-Code/Tools/LGTM/codeql/javascript/tools/data/externs/nodejs/https.js
[2020-05-13 16:57:40] [build] Done extracting /Users/alexoneill/Documents/GitHub/OSC-Code/Tools/LGTM/codeql/javascript/tools/data/externs/nodejs/https.js (19 ms)
[2020-05-13 16:57:40] [build] Extracting /Users/alexoneill/Documents/GitHub/OSC-Code/Tools/LGTM/codeql/javascript/tools/data/externs/nodejs/domain.js
[2020-05-13 16:57:40] [build] Done extracting /Users/alexoneill/Documents/GitHub/OSC-Code/Tools/LGTM/codeql/javascript/tools/data/externs/nodejs/domain.js (10 ms)
[2020-05-13 16:57:40] [build] Extracting /Users/alexoneill/Documents/GitHub/OSC-Code/Tools/LGTM/codeql/javascript/tools/data/externs/nodejs/dns.js
[2020-05-13 16:57:40] [build] Done extracting /Users/alexoneill/Documents/GitHub/OSC-Code/Tools/LGTM/codeql/javascript/tools/data/externs/nodejs/dns.js (47 ms)
[2020-05-13 16:57:40] [build] Extracting /Users/alexoneill/Documents/GitHub/OSC-Code/Tools/LGTM/codeql/javascript/tools/data/externs/nodejs/assert_legacy.js
[2020-05-13 16:57:40] [build] Done extracting /Users/alexoneill/Documents/GitHub/OSC-Code/Tools/LGTM/codeql/javascript/tools/data/externs/nodejs/assert_legacy.js (2 ms)
[2020-05-13 16:57:40] [build] Extracting /Users/alexoneill/Documents/GitHub/OSC-Code/Tools/LGTM/codeql/javascript/tools/data/externs/nodejs/tty.js
[2020-05-13 16:57:40] [build] Done extracting /Users/alexoneill/Documents/GitHub/OSC-Code/Tools/LGTM/codeql/javascript/tools/data/externs/nodejs/tty.js (11 ms)
[2020-05-13 16:57:40] [build] Extracting /Users/alexoneill/Documents/GitHub/OSC-Code/Tools/LGTM/codeql/javascript/tools/data/externs/nodejs/timers.js
[2020-05-13 16:57:40] [build] Done extracting /Users/alexoneill/Documents/GitHub/OSC-Code/Tools/LGTM/codeql/javascript/tools/data/externs/nodejs/timers.js (9 ms)
[2020-05-13 16:57:40] [build] Extracting /Users/alexoneill/Documents/GitHub/OSC-Code/Tools/LGTM/codeql/javascript/tools/data/externs/nodejs/querystring.js
[2020-05-13 16:57:40] [build] Done extracting /Users/alexoneill/Documents/GitHub/OSC-Code/Tools/LGTM/codeql/javascript/tools/data/externs/nodejs/querystring.js (9 ms)
[2020-05-13 16:57:40] [build] Extracting /Users/alexoneill/Documents/GitHub/OSC-Code/Tools/LGTM/codeql/javascript/tools/data/externs/nodejs/module.js
[2020-05-13 16:57:40] [build] Done extracting /Users/alexoneill/Documents/GitHub/OSC-Code/Tools/LGTM/codeql/javascript/tools/data/externs/nodejs/module.js (6 ms)
[2020-05-13 16:57:40] [build] Extracting /Users/alexoneill/Documents/GitHub/OSC-Code/Tools/LGTM/codeql/javascript/tools/data/externs/nodejs/sys.js
[2020-05-13 16:57:40] [build] Done extracting /Users/alexoneill/Documents/GitHub/OSC-Code/Tools/LGTM/codeql/javascript/tools/data/externs/nodejs/sys.js (3 ms)
[2020-05-13 16:57:40] [build] Extracting /Users/alexoneill/Documents/GitHub/OSC-Code/Tools/LGTM/codeql/javascript/tools/data/externs/nodejs/path.js
[2020-05-13 16:57:40] [build] Done extracting /Users/alexoneill/Documents/GitHub/OSC-Code/Tools/LGTM/codeql/javascript/tools/data/externs/nodejs/path.js (28 ms)
[2020-05-13 16:57:40] [build] Extracting /Users/alexoneill/Documents/GitHub/OSC-Code/Tools/LGTM/codeql/javascript/tools/data/externs/nodejs/string_decoder.js
[2020-05-13 16:57:40] [build] Done extracting /Users/alexoneill/Documents/GitHub/OSC-Code/Tools/LGTM/codeql/javascript/tools/data/externs/nodejs/string_decoder.js (6 ms)
[2020-05-13 16:57:40] [build] Extracting /Users/alexoneill/Documents/GitHub/OSC-Code/Tools/LGTM/codeql/javascript/tools/data/externs/nodejs/cluster.js
[2020-05-13 16:57:40] [build] Done extracting /Users/alexoneill/Documents/GitHub/OSC-Code/Tools/LGTM/codeql/javascript/tools/data/externs/nodejs/cluster.js (90 ms)
[2020-05-13 16:57:40] [build] Extracting /Users/alexoneill/Documents/GitHub/OSC-Code/Tools/LGTM/codeql/javascript/tools/data/externs/nodejs/v8.js
[2020-05-13 16:57:40] [build] Done extracting /Users/alexoneill/Documents/GitHub/OSC-Code/Tools/LGTM/codeql/javascript/tools/data/externs/nodejs/v8.js (5 ms)
[2020-05-13 16:57:40] [build] Extracting /Users/alexoneill/Documents/GitHub/OSC-Code/Tools/LGTM/codeql/javascript/tools/data/externs/nodejs/crypto.js
[2020-05-13 16:57:40] [build] Done extracting /Users/alexoneill/Documents/GitHub/OSC-Code/Tools/LGTM/codeql/javascript/tools/data/externs/nodejs/crypto.js (83 ms)
[2020-05-13 16:57:40] [build] Extracting /Users/alexoneill/Documents/GitHub/OSC-Code/Tools/LGTM/codeql/javascript/tools/data/externs/nodejs/zlib.js
[2020-05-13 16:57:40] [build] Done extracting /Users/alexoneill/Documents/GitHub/OSC-Code/Tools/LGTM/codeql/javascript/tools/data/externs/nodejs/zlib.js (30 ms)
[2020-05-13 16:57:40] [build] Extracting /Users/alexoneill/Documents/GitHub/OSC-Code/Tools/LGTM/codeql/javascript/tools/data/externs/nodejs/url.js
[2020-05-13 16:57:40] [build] Done extracting /Users/alexoneill/Documents/GitHub/OSC-Code/Tools/LGTM/codeql/javascript/tools/data/externs/nodejs/url.js (7 ms)
[2020-05-13 16:57:40] [build] Extracting /Users/alexoneill/Documents/GitHub/OSC-Code/Tools/LGTM/codeql/javascript/tools/data/externs/nodejs/tls.js
[2020-05-13 16:57:40] [build] Done extracting /Users/alexoneill/Documents/GitHub/OSC-Code/Tools/LGTM/codeql/javascript/tools/data/externs/nodejs/tls.js (34 ms)
[2020-05-13 16:57:40] [build] Extracting /Users/alexoneill/Documents/GitHub/OSC-Code/Tools/LGTM/codeql/javascript/tools/data/externs/nodejs/process.js
[2020-05-13 16:57:40] [build] Done extracting /Users/alexoneill/Documents/GitHub/OSC-Code/Tools/LGTM/codeql/javascript/tools/data/externs/nodejs/process.js (2 ms)
[2020-05-13 16:57:40] [build] Extracting /Users/alexoneill/Documents/GitHub/OSC-Code/Tools/LGTM/codeql/javascript/tools/data/externs/nodejs/http.js
[2020-05-13 16:57:40] [build] Done extracting /Users/alexoneill/Documents/GitHub/OSC-Code/Tools/LGTM/codeql/javascript/tools/data/externs/nodejs/http.js (41 ms)
[2020-05-13 16:57:40] [build] Extracting /Users/alexoneill/Documents/GitHub/OSC-Code/Tools/LGTM/codeql/javascript/tools/data/externs/nodejs/buffer.js
[2020-05-13 16:57:40] [build] Done extracting /Users/alexoneill/Documents/GitHub/OSC-Code/Tools/LGTM/codeql/javascript/tools/data/externs/nodejs/buffer.js (10 ms)
[2020-05-13 16:57:40] [build] Extracting /Users/alexoneill/Documents/GitHub/OSC-Code/Tools/LGTM/codeql/javascript/tools/data/externs/nodejs/fs.js
[2020-05-13 16:57:41] [build] Done extracting /Users/alexoneill/Documents/GitHub/OSC-Code/Tools/LGTM/codeql/javascript/tools/data/externs/nodejs/fs.js (139 ms)
[2020-05-13 16:57:41] [build] Extracting /Users/alexoneill/Documents/GitHub/OSC-Code/Tools/LGTM/codeql/javascript/tools/data/externs/web/ie_dom.js
[2020-05-13 16:57:41] [build] Done extracting /Users/alexoneill/Documents/GitHub/OSC-Code/Tools/LGTM/codeql/javascript/tools/data/externs/web/ie_dom.js (66 ms)
[2020-05-13 16:57:41] [build] Extracting /Users/alexoneill/Documents/GitHub/OSC-Code/Tools/LGTM/codeql/javascript/tools/data/externs/web/mediasource.js
[2020-05-13 16:57:41] [build] Done extracting /Users/alexoneill/Documents/GitHub/OSC-Code/Tools/LGTM/codeql/javascript/tools/data/externs/web/mediasource.js (19 ms)
[2020-05-13 16:57:41] [build] Extracting /Users/alexoneill/Documents/GitHub/OSC-Code/Tools/LGTM/codeql/javascript/tools/data/externs/web/html5.js
[2020-05-13 16:57:41] [build] Done extracting /Users/alexoneill/Documents/GitHub/OSC-Code/Tools/LGTM/codeql/javascript/tools/data/externs/web/html5.js (255 ms)
[2020-05-13 16:57:41] [build] Extracting /Users/alexoneill/Documents/GitHub/OSC-Code/Tools/LGTM/codeql/javascript/tools/data/externs/web/w3c_anim_timing.js
[2020-05-13 16:57:41] [build] Done extracting /Users/alexoneill/Documents/GitHub/OSC-Code/Tools/LGTM/codeql/javascript/tools/data/externs/web/w3c_anim_timing.js (8 ms)
[2020-05-13 16:57:41] [build] Extracting /Users/alexoneill/Documents/GitHub/OSC-Code/Tools/LGTM/codeql/javascript/tools/data/externs/web/w3c_dom3.js
[2020-05-13 16:57:41] [build] Done extracting /Users/alexoneill/Documents/GitHub/OSC-Code/Tools/LGTM/codeql/javascript/tools/data/externs/web/w3c_dom3.js (40 ms)
[2020-05-13 16:57:41] [build] Extracting /Users/alexoneill/Documents/GitHub/OSC-Code/Tools/LGTM/codeql/javascript/tools/data/externs/web/fetchapi.js
[2020-05-13 16:57:41] [build] Done extracting /Users/alexoneill/Documents/GitHub/OSC-Code/Tools/LGTM/codeql/javascript/tools/data/externs/web/fetchapi.js (26 ms)
[2020-05-13 16:57:41] [build] Extracting /Users/alexoneill/Documents/GitHub/OSC-Code/Tools/LGTM/codeql/javascript/tools/data/externs/web/streamsapi.js
[2020-05-13 16:57:41] [build] Done extracting /Users/alexoneill/Documents/GitHub/OSC-Code/Tools/LGTM/codeql/javascript/tools/data/externs/web/streamsapi.js (28 ms)
[2020-05-13 16:57:41] [build] Extracting /Users/alexoneill/Documents/GitHub/OSC-Code/Tools/LGTM/codeql/javascript/tools/data/externs/web/fileapi.js
[2020-05-13 16:57:41] [build] Done extracting /Users/alexoneill/Documents/GitHub/OSC-Code/Tools/LGTM/codeql/javascript/tools/data/externs/web/fileapi.js (54 ms)
[2020-05-13 16:57:41] [build] Extracting /Users/alexoneill/Documents/GitHub/OSC-Code/Tools/LGTM/codeql/javascript/tools/data/externs/web/w3c_navigation_timing.js
[2020-05-13 16:57:41] [build] Done extracting /Users/alexoneill/Documents/GitHub/OSC-Code/Tools/LGTM/codeql/javascript/tools/data/externs/web/w3c_navigation_timing.js (17 ms)
[2020-05-13 16:57:41] [build] Extracting /Users/alexoneill/Documents/GitHub/OSC-Code/Tools/LGTM/codeql/javascript/tools/data/externs/web/w3c_range.js
[2020-05-13 16:57:41] [build] Done extracting /Users/alexoneill/Documents/GitHub/OSC-Code/Tools/LGTM/codeql/javascript/tools/data/externs/web/w3c_range.js (17 ms)
[2020-05-13 16:57:41] [build] Extracting /Users/alexoneill/Documents/GitHub/OSC-Code/Tools/LGTM/codeql/javascript/tools/data/externs/web/w3c_indexeddb.js
[2020-05-13 16:57:41] [build] Done extracting /Users/alexoneill/Documents/GitHub/OSC-Code/Tools/LGTM/codeql/javascript/tools/data/externs/web/w3c_indexeddb.js (52 ms)
[2020-05-13 16:57:41] [build] Extracting /Users/alexoneill/Documents/GitHub/OSC-Code/Tools/LGTM/codeql/javascript/tools/data/externs/web/w3c_dom2.js
[2020-05-13 16:57:41] [build] Done extracting /Users/alexoneill/Documents/GitHub/OSC-Code/Tools/LGTM/codeql/javascript/tools/data/externs/web/w3c_dom2.js (123 ms)
[2020-05-13 16:57:41] [build] Extracting /Users/alexoneill/Documents/GitHub/OSC-Code/Tools/LGTM/codeql/javascript/tools/data/externs/web/w3c_elementtraversal.js
[2020-05-13 16:57:41] [build] Done extracting /Users/alexoneill/Documents/GitHub/OSC-Code/Tools/LGTM/codeql/javascript/tools/data/externs/web/w3c_elementtraversal.js (8 ms)
[2020-05-13 16:57:41] [build] Extracting /Users/alexoneill/Documents/GitHub/OSC-Code/Tools/LGTM/codeql/javascript/tools/data/externs/web/w3c_webcrypto.js
[2020-05-13 16:57:41] [build] Done extracting /Users/alexoneill/Documents/GitHub/OSC-Code/Tools/LGTM/codeql/javascript/tools/data/externs/web/w3c_webcrypto.js (24 ms)
[2020-05-13 16:57:41] [build] Extracting /Users/alexoneill/Documents/GitHub/OSC-Code/Tools/LGTM/codeql/javascript/tools/data/externs/web/ie_vml.js
[2020-05-13 16:57:41] [build] Done extracting /Users/alexoneill/Documents/GitHub/OSC-Code/Tools/LGTM/codeql/javascript/tools/data/externs/web/ie_vml.js (4 ms)
[2020-05-13 16:57:41] [build] Extracting /Users/alexoneill/Documents/GitHub/OSC-Code/Tools/LGTM/codeql/javascript/tools/data/externs/web/intl.js
[2020-05-13 16:57:41] [build] Done extracting /Users/alexoneill/Documents/GitHub/OSC-Code/Tools/LGTM/codeql/javascript/tools/data/externs/web/intl.js (29 ms)
[2020-05-13 16:57:41] [build] Extracting /Users/alexoneill/Documents/GitHub/OSC-Code/Tools/LGTM/codeql/javascript/tools/data/externs/web/w3c_rtc.js
[2020-05-13 16:57:41] [build] Done extracting /Users/alexoneill/Documents/GitHub/OSC-Code/Tools/LGTM/codeql/javascript/tools/data/externs/web/w3c_rtc.js (110 ms)
[2020-05-13 16:57:41] [build] Extracting /Users/alexoneill/Documents/GitHub/OSC-Code/Tools/LGTM/codeql/javascript/tools/data/externs/web/w3c_requestidlecallback.js
[2020-05-13 16:57:41] [build] Done extracting /Users/alexoneill/Documents/GitHub/OSC-Code/Tools/LGTM/codeql/javascript/tools/data/externs/web/w3c_requestidlecallback.js (3 ms)
[2020-05-13 16:57:41] [build] Extracting /Users/alexoneill/Documents/GitHub/OSC-Code/Tools/LGTM/codeql/javascript/tools/data/externs/web/w3c_geolocation.js
[2020-05-13 16:57:41] [build] Done extracting /Users/alexoneill/Documents/GitHub/OSC-Code/Tools/LGTM/codeql/javascript/tools/data/externs/web/w3c_geolocation.js (10 ms)
[2020-05-13 16:57:41] [build] Extracting /Users/alexoneill/Documents/GitHub/OSC-Code/Tools/LGTM/codeql/javascript/tools/data/externs/web/webstorage.js
[2020-05-13 16:57:41] [build] Done extracting /Users/alexoneill/Documents/GitHub/OSC-Code/Tools/LGTM/codeql/javascript/tools/data/externs/web/webstorage.js (7 ms)
[2020-05-13 16:57:41] [build] Extracting /Users/alexoneill/Documents/GitHub/OSC-Code/Tools/LGTM/codeql/javascript/tools/data/externs/web/webkit_usercontent.js
[2020-05-13 16:57:41] [build] Done extracting /Users/alexoneill/Documents/GitHub/OSC-Code/Tools/LGTM/codeql/javascript/tools/data/externs/web/webkit_usercontent.js (3 ms)
[2020-05-13 16:57:41] [build] Extracting /Users/alexoneill/Documents/GitHub/OSC-Code/Tools/LGTM/codeql/javascript/tools/data/externs/web/window.js
[2020-05-13 16:57:41] [build] Done extracting /Users/alexoneill/Documents/GitHub/OSC-Code/Tools/LGTM/codeql/javascript/tools/data/externs/web/window.js (8 ms)
[2020-05-13 16:57:41] [build] Extracting /Users/alexoneill/Documents/GitHub/OSC-Code/Tools/LGTM/codeql/javascript/tools/data/externs/web/page_visibility.js
[2020-05-13 16:57:41] [build] Done extracting /Users/alexoneill/Documents/GitHub/OSC-Code/Tools/LGTM/codeql/javascript/tools/data/externs/web/page_visibility.js (2 ms)
[2020-05-13 16:57:41] [build] Extracting /Users/alexoneill/Documents/GitHub/OSC-Code/Tools/LGTM/codeql/javascript/tools/data/externs/web/webgl.js
[2020-05-13 16:57:42] [build] Done extracting /Users/alexoneill/Documents/GitHub/OSC-Code/Tools/LGTM/codeql/javascript/tools/data/externs/web/webgl.js (209 ms)
[2020-05-13 16:57:42] [build] Extracting /Users/alexoneill/Documents/GitHub/OSC-Code/Tools/LGTM/codeql/javascript/tools/data/externs/web/w3c_touch_event.js
[2020-05-13 16:57:42] [build] Done extracting /Users/alexoneill/Documents/GitHub/OSC-Code/Tools/LGTM/codeql/javascript/tools/data/externs/web/w3c_touch_event.js (15 ms)
[2020-05-13 16:57:42] [build] Extracting /Users/alexoneill/Documents/GitHub/OSC-Code/Tools/LGTM/codeql/javascript/tools/data/externs/web/w3c_event.js
[2020-05-13 16:57:42] [build] Done extracting /Users/alexoneill/Documents/GitHub/OSC-Code/Tools/LGTM/codeql/javascript/tools/data/externs/web/w3c_event.js (35 ms)
[2020-05-13 16:57:42] [build] Extracting /Users/alexoneill/Documents/GitHub/OSC-Code/Tools/LGTM/codeql/javascript/tools/data/externs/web/whatwg_encoding.js
[2020-05-13 16:57:42] [build] Done extracting /Users/alexoneill/Documents/GitHub/OSC-Code/Tools/LGTM/codeql/javascript/tools/data/externs/web/whatwg_encoding.js (4 ms)
[2020-05-13 16:57:42] [build] Extracting /Users/alexoneill/Documents/GitHub/OSC-Code/Tools/LGTM/codeql/javascript/tools/data/externs/web/w3c_event3.js
[2020-05-13 16:57:42] [build] Done extracting /Users/alexoneill/Documents/GitHub/OSC-Code/Tools/LGTM/codeql/javascript/tools/data/externs/web/w3c_event3.js (5 ms)
[2020-05-13 16:57:42] [build] Extracting /Users/alexoneill/Documents/GitHub/OSC-Code/Tools/LGTM/codeql/javascript/tools/data/externs/web/gecko_xml.js
[2020-05-13 16:57:42] [build] Done extracting /Users/alexoneill/Documents/GitHub/OSC-Code/Tools/LGTM/codeql/javascript/tools/data/externs/web/gecko_xml.js (17 ms)
[2020-05-13 16:57:42] [build] Extracting /Users/alexoneill/Documents/GitHub/OSC-Code/Tools/LGTM/codeql/javascript/tools/data/externs/web/ie_event.js
[2020-05-13 16:57:42] [build] Done extracting /Users/alexoneill/Documents/GitHub/OSC-Code/Tools/LGTM/codeql/javascript/tools/data/externs/web/ie_event.js (23 ms)
[2020-05-13 16:57:42] [build] Extracting /Users/alexoneill/Documents/GitHub/OSC-Code/Tools/LGTM/codeql/javascript/tools/data/externs/web/w3c_css.js
[2020-05-13 16:57:42] [build] Done extracting /Users/alexoneill/Documents/GitHub/OSC-Code/Tools/LGTM/codeql/javascript/tools/data/externs/web/w3c_css.js (125 ms)
[2020-05-13 16:57:42] [build] Extracting /Users/alexoneill/Documents/GitHub/OSC-Code/Tools/LGTM/codeql/javascript/tools/data/externs/web/ie_css.js
[2020-05-13 16:57:42] [build] Done extracting /Users/alexoneill/Documents/GitHub/OSC-Code/Tools/LGTM/codeql/javascript/tools/data/externs/web/ie_css.js (21 ms)
[2020-05-13 16:57:42] [build] Extracting /Users/alexoneill/Documents/GitHub/OSC-Code/Tools/LGTM/codeql/javascript/tools/data/externs/web/webkit_css.js
[2020-05-13 16:57:42] [build] Done extracting /Users/alexoneill/Documents/GitHub/OSC-Code/Tools/LGTM/codeql/javascript/tools/data/externs/web/webkit_css.js (100 ms)
[2020-05-13 16:57:42] [build] Extracting /Users/alexoneill/Documents/GitHub/OSC-Code/Tools/LGTM/codeql/javascript/tools/data/externs/web/w3c_xml.js
[2020-05-13 16:57:42] [build] Done extracting /Users/alexoneill/Documents/GitHub/OSC-Code/Tools/LGTM/codeql/javascript/tools/data/externs/web/w3c_xml.js (21 ms)
[2020-05-13 16:57:42] [build] Extracting /Users/alexoneill/Documents/GitHub/OSC-Code/Tools/LGTM/codeql/javascript/tools/data/externs/web/gecko_css.js
[2020-05-13 16:57:42] [build] Done extracting /Users/alexoneill/Documents/GitHub/OSC-Code/Tools/LGTM/codeql/javascript/tools/data/externs/web/gecko_css.js (20 ms)
[2020-05-13 16:57:42] [build] Extracting /Users/alexoneill/Documents/GitHub/OSC-Code/Tools/LGTM/codeql/javascript/tools/data/externs/web/iphone.js
[2020-05-13 16:57:42] [build] Done extracting /Users/alexoneill/Documents/GitHub/OSC-Code/Tools/LGTM/codeql/javascript/tools/data/externs/web/iphone.js (8 ms)
[2020-05-13 16:57:42] [build] Extracting /Users/alexoneill/Documents/GitHub/OSC-Code/Tools/LGTM/codeql/javascript/tools/data/externs/web/w3c_selectors.js
[2020-05-13 16:57:42] [build] Done extracting /Users/alexoneill/Documents/GitHub/OSC-Code/Tools/LGTM/codeql/javascript/tools/data/externs/web/w3c_selectors.js (6 ms)
[2020-05-13 16:57:42] [build] Extracting /Users/alexoneill/Documents/GitHub/OSC-Code/Tools/LGTM/codeql/javascript/tools/data/externs/web/chrome.js
[2020-05-13 16:57:42] [build] Done extracting /Users/alexoneill/Documents/GitHub/OSC-Code/Tools/LGTM/codeql/javascript/tools/data/externs/web/chrome.js (35 ms)
[2020-05-13 16:57:42] [build] Extracting /Users/alexoneill/Documents/GitHub/OSC-Code/Tools/LGTM/codeql/javascript/tools/data/externs/web/w3c_batterystatus.js
[2020-05-13 16:57:42] [build] Done extracting /Users/alexoneill/Documents/GitHub/OSC-Code/Tools/LGTM/codeql/javascript/tools/data/externs/web/w3c_batterystatus.js (3 ms)
[2020-05-13 16:57:42] [build] Extracting /Users/alexoneill/Documents/GitHub/OSC-Code/Tools/LGTM/codeql/javascript/tools/data/externs/web/webkit_notifications.js
[2020-05-13 16:57:42] [build] Done extracting /Users/alexoneill/Documents/GitHub/OSC-Code/Tools/LGTM/codeql/javascript/tools/data/externs/web/webkit_notifications.js (14 ms)
[2020-05-13 16:57:42] [build] Extracting /Users/alexoneill/Documents/GitHub/OSC-Code/Tools/LGTM/codeql/javascript/tools/data/externs/web/w3c_screen_orientation.js
[2020-05-13 16:57:42] [build] Done extracting /Users/alexoneill/Documents/GitHub/OSC-Code/Tools/LGTM/codeql/javascript/tools/data/externs/web/w3c_screen_orientation.js (3 ms)
[2020-05-13 16:57:42] [build] Extracting /Users/alexoneill/Documents/GitHub/OSC-Code/Tools/LGTM/codeql/javascript/tools/data/externs/web/w3c_midi.js
[2020-05-13 16:57:42] [build] Done extracting /Users/alexoneill/Documents/GitHub/OSC-Code/Tools/LGTM/codeql/javascript/tools/data/externs/web/w3c_midi.js (13 ms)
[2020-05-13 16:57:42] [build] Extracting /Users/alexoneill/Documents/GitHub/OSC-Code/Tools/LGTM/codeql/javascript/tools/data/externs/web/w3c_serviceworker.js
[2020-05-13 16:57:42] [build] Done extracting /Users/alexoneill/Documents/GitHub/OSC-Code/Tools/LGTM/codeql/javascript/tools/data/externs/web/w3c_serviceworker.js (47 ms)
[2020-05-13 16:57:42] [build] Extracting /Users/alexoneill/Documents/GitHub/OSC-Code/Tools/LGTM/codeql/javascript/tools/data/externs/web/w3c_device_sensor_event.js
[2020-05-13 16:57:42] [build] Done extracting /Users/alexoneill/Documents/GitHub/OSC-Code/Tools/LGTM/codeql/javascript/tools/data/externs/web/w3c_device_sensor_event.js (15 ms)
[2020-05-13 16:57:42] [build] Extracting /Users/alexoneill/Documents/GitHub/OSC-Code/Tools/LGTM/codeql/javascript/tools/data/externs/web/webkit_event.js
[2020-05-13 16:57:42] [build] Done extracting /Users/alexoneill/Documents/GitHub/OSC-Code/Tools/LGTM/codeql/javascript/tools/data/externs/web/webkit_event.js (3 ms)
[2020-05-13 16:57:42] [build] Extracting /Users/alexoneill/Documents/GitHub/OSC-Code/Tools/LGTM/codeql/javascript/tools/data/externs/web/w3c_permissions.js
[2020-05-13 16:57:42] [build] Done extracting /Users/alexoneill/Documents/GitHub/OSC-Code/Tools/LGTM/codeql/javascript/tools/data/externs/web/w3c_permissions.js (7 ms)
[2020-05-13 16:57:42] [build] Extracting /Users/alexoneill/Documents/GitHub/OSC-Code/Tools/LGTM/codeql/javascript/tools/data/externs/web/w3c_gamepad.js
[2020-05-13 16:57:42] [build] Done extracting /Users/alexoneill/Documents/GitHub/OSC-Code/Tools/LGTM/codeql/javascript/tools/data/externs/web/w3c_gamepad.js (7 ms)
[2020-05-13 16:57:42] [build] Extracting /Users/alexoneill/Documents/GitHub/OSC-Code/Tools/LGTM/codeql/javascript/tools/data/externs/web/w3c_dom1.js
[2020-05-13 16:57:42] [build] Done extracting /Users/alexoneill/Documents/GitHub/OSC-Code/Tools/LGTM/codeql/javascript/tools/data/externs/web/w3c_dom1.js (71 ms)
[2020-05-13 16:57:42] [build] Extracting /Users/alexoneill/Documents/GitHub/OSC-Code/Tools/LGTM/codeql/javascript/tools/data/externs/web/url.js
[2020-05-13 16:57:42] [build] Done extracting /Users/alexoneill/Documents/GitHub/OSC-Code/Tools/LGTM/codeql/javascript/tools/data/externs/web/url.js (11 ms)
[2020-05-13 16:57:42] [build] Extracting /Users/alexoneill/Documents/GitHub/OSC-Code/Tools/LGTM/codeql/javascript/tools/data/externs/web/gecko_event.js
[2020-05-13 16:57:42] [build] Done extracting /Users/alexoneill/Documents/GitHub/OSC-Code/Tools/LGTM/codeql/javascript/tools/data/externs/web/gecko_event.js (8 ms)
[2020-05-13 16:57:42] [build] Extracting /Users/alexoneill/Documents/GitHub/OSC-Code/Tools/LGTM/codeql/javascript/tools/data/externs/web/w3c_encoding.js
[2020-05-13 16:57:42] [build] Done extracting /Users/alexoneill/Documents/GitHub/OSC-Code/Tools/LGTM/codeql/javascript/tools/data/externs/web/w3c_encoding.js (4 ms)
[2020-05-13 16:57:42] [build] Extracting /Users/alexoneill/Documents/GitHub/OSC-Code/Tools/LGTM/codeql/javascript/tools/data/externs/web/flash.js
[2020-05-13 16:57:42] [build] Done extracting /Users/alexoneill/Documents/GitHub/OSC-Code/Tools/LGTM/codeql/javascript/tools/data/externs/web/flash.js (12 ms)
[2020-05-13 16:57:42] [build] Extracting /Users/alexoneill/Documents/GitHub/OSC-Code/Tools/LGTM/codeql/javascript/tools/data/externs/web/w3c_pointer_events.js
[2020-05-13 16:57:42] [build] Done extracting /Users/alexoneill/Documents/GitHub/OSC-Code/Tools/LGTM/codeql/javascript/tools/data/externs/web/w3c_pointer_events.js (6 ms)
[2020-05-13 16:57:42] [build] Extracting /Users/alexoneill/Documents/GitHub/OSC-Code/Tools/LGTM/codeql/javascript/tools/data/externs/web/gecko_ext.js
[2020-05-13 16:57:42] [build] Done extracting /Users/alexoneill/Documents/GitHub/OSC-Code/Tools/LGTM/codeql/javascript/tools/data/externs/web/gecko_ext.js (2 ms)
[2020-05-13 16:57:42] [build] Extracting /Users/alexoneill/Documents/GitHub/OSC-Code/Tools/LGTM/codeql/javascript/tools/data/externs/web/gecko_dom.js
[2020-05-13 16:57:42] [build] Done extracting /Users/alexoneill/Documents/GitHub/OSC-Code/Tools/LGTM/codeql/javascript/tools/data/externs/web/gecko_dom.js (45 ms)
[2020-05-13 16:57:42] [build] Extracting /Users/alexoneill/Documents/GitHub/OSC-Code/Tools/LGTM/codeql/javascript/tools/data/externs/web/webkit_dom.js
[2020-05-13 16:57:42] [build] Done extracting /Users/alexoneill/Documents/GitHub/OSC-Code/Tools/LGTM/codeql/javascript/tools/data/externs/web/webkit_dom.js (19 ms)
[2020-05-13 16:57:42] [build] Extracting /Users/alexoneill/Documents/GitHub/OSC-Code/Tools/LGTM/codeql/javascript/tools/data/externs/web/w3c_css3d.js
[2020-05-13 16:57:42] [build] Done extracting /Users/alexoneill/Documents/GitHub/OSC-Code/Tools/LGTM/codeql/javascript/tools/data/externs/web/w3c_css3d.js (9 ms)
[2020-05-13 16:57:42] [build] Extracting /Users/alexoneill/Documents/GitHub/OSC-Code/Tools/LGTM/codeql/javascript/tools/data/externs/web/w3c_dom4.js
[2020-05-13 16:57:42] [build] Done extracting /Users/alexoneill/Documents/GitHub/OSC-Code/Tools/LGTM/codeql/javascript/tools/data/externs/web/w3c_dom4.js (4 ms)
[2020-05-13 16:57:42] [build] Extracting /Users/alexoneill/Documents/GitHub/OSC-Code/Tools/LGTM/codeql/javascript/tools/data/externs/vm/rhino.js
[2020-05-13 16:57:42] [build] Done extracting /Users/alexoneill/Documents/GitHub/OSC-Code/Tools/LGTM/codeql/javascript/tools/data/externs/vm/rhino.js (6 ms)
[2020-05-13 16:57:42] [build] Extracting /Users/alexoneill/Documents/GitHub/OSC-Code/Tools/LGTM/codeql/javascript/tools/data/externs/vm/v8.js
[2020-05-13 16:57:42] [build] Done extracting /Users/alexoneill/Documents/GitHub/OSC-Code/Tools/LGTM/codeql/javascript/tools/data/externs/vm/v8.js (7 ms)
[2020-05-13 16:57:42] [build] Extracting /Users/alexoneill/Documents/GitHub/OSC-Code/Tools/LGTM/codeql/javascript/tools/data/externs/vm/spidermonkey.js
[2020-05-13 16:57:42] [build] Done extracting /Users/alexoneill/Documents/GitHub/OSC-Code/Tools/LGTM/codeql/javascript/tools/data/externs/vm/spidermonkey.js (2 ms)
[2020-05-13 16:57:42] [build] Extracting /Users/alexoneill/Documents/GitHub/OSC-Code/Tools/LGTM/codeql/javascript/tools/data/externs/vm/jsshell.js
[2020-05-13 16:57:43] [build] Done extracting /Users/alexoneill/Documents/GitHub/OSC-Code/Tools/LGTM/codeql/javascript/tools/data/externs/vm/jsshell.js (54 ms)
[2020-05-13 16:57:43] [build] Extracting /Users/alexoneill/Documents/GitHub/OSC-Code/Tools/LGTM/codeql/javascript/tools/data/externs/lib/jquery-3.2.js
[2020-05-13 16:57:43] [build] Done extracting /Users/alexoneill/Documents/GitHub/OSC-Code/Tools/LGTM/codeql/javascript/tools/data/externs/lib/jquery-3.2.js (144 ms)
[2020-05-13 16:57:43] [build] Extracting /Users/alexoneill/Documents/GitHub/OSC-Code/Tools/LGTM/codeql/javascript/tools/data/externs/lib/bdd.js
[2020-05-13 16:57:43] [build] Done extracting /Users/alexoneill/Documents/GitHub/OSC-Code/Tools/LGTM/codeql/javascript/tools/data/externs/lib/bdd.js (8 ms)
[2020-05-13 16:57:43] [build] Extracting /Users/alexoneill/Documents/GitHub/OSC-Code/Tools/LGTM/codeql/javascript/tools/data/externs/lib/should.js
[2020-05-13 16:57:43] [build] Done extracting /Users/alexoneill/Documents/GitHub/OSC-Code/Tools/LGTM/codeql/javascript/tools/data/externs/lib/should.js (15 ms)
[2020-05-13 16:57:43] [build] Extracting /Users/alexoneill/Documents/GitHub/OSC-Code/Tools/LGTM/codeql/javascript/tools/data/externs/lib/vows.js
[2020-05-13 16:57:43] [build] Done extracting /Users/alexoneill/Documents/GitHub/OSC-Code/Tools/LGTM/codeql/javascript/tools/data/externs/lib/vows.js (19 ms)
[2020-05-13 16:57:43] [build] Extracting /Users/alexoneill/Documents/GitHub/OSC-Code/Tools/LGTM/codeql/javascript/tools/data/externs/es/proxy.js
[2020-05-13 16:57:43] [build] Done extracting /Users/alexoneill/Documents/GitHub/OSC-Code/Tools/LGTM/codeql/javascript/tools/data/externs/es/proxy.js (2 ms)
[2020-05-13 16:57:43] [build] Extracting /Users/alexoneill/Documents/GitHub/OSC-Code/Tools/LGTM/codeql/javascript/tools/data/externs/es/es5.js
[2020-05-13 16:57:43] [build] Done extracting /Users/alexoneill/Documents/GitHub/OSC-Code/Tools/LGTM/codeql/javascript/tools/data/externs/es/es5.js (15 ms)
[2020-05-13 16:57:43] [build] Extracting /Users/alexoneill/Documents/GitHub/OSC-Code/Tools/LGTM/codeql/javascript/tools/data/externs/es/intl.js
[2020-05-13 16:57:43] [build] Done extracting /Users/alexoneill/Documents/GitHub/OSC-Code/Tools/LGTM/codeql/javascript/tools/data/externs/es/intl.js (12 ms)
[2020-05-13 16:57:43] [build] Extracting /Users/alexoneill/Documents/GitHub/OSC-Code/Tools/LGTM/codeql/javascript/tools/data/externs/es/es6_collections.js
[2020-05-13 16:57:43] [build] Done extracting /Users/alexoneill/Documents/GitHub/OSC-Code/Tools/LGTM/codeql/javascript/tools/data/externs/es/es6_collections.js (23 ms)
[2020-05-13 16:57:43] [build] Extracting /Users/alexoneill/Documents/GitHub/OSC-Code/Tools/LGTM/codeql/javascript/tools/data/externs/es/es6.js
[2020-05-13 16:57:43] [build] Done extracting /Users/alexoneill/Documents/GitHub/OSC-Code/Tools/LGTM/codeql/javascript/tools/data/externs/es/es6.js (91 ms)
[2020-05-13 16:57:43] [build] Extracting /Users/alexoneill/Documents/GitHub/OSC-Code/Tools/LGTM/codeql/javascript/tools/data/externs/es/es2017.js
[2020-05-13 16:57:43] [build] Done extracting /Users/alexoneill/Documents/GitHub/OSC-Code/Tools/LGTM/codeql/javascript/tools/data/externs/es/es2017.js (3 ms)
[2020-05-13 16:57:43] [build] Extracting /Users/alexoneill/Documents/GitHub/OSC-Code/Tools/LGTM/codeql/javascript/tools/data/externs/es/es3.js
[2020-05-13 16:57:43] [build] Done extracting /Users/alexoneill/Documents/GitHub/OSC-Code/Tools/LGTM/codeql/javascript/tools/data/externs/es/es3.js (147 ms)
[2020-05-13 16:57:43] [build] Extracting /Users/alexoneill/Documents/GitHub/OSC-Code/Tools/LGTM/codeql/javascript/tools/data/externs/es/es2016.js
[2020-05-13 16:57:43] [build] Done extracting /Users/alexoneill/Documents/GitHub/OSC-Code/Tools/LGTM/codeql/javascript/tools/data/externs/es/es2016.js (2 ms)
[2020-05-13 16:57:43] Plumbing command codeql database trace-command completed.
[2020-05-13 16:57:43] [PROGRESS] database create> Finalizing database at /Users/alexoneill/Documents/GitHub/OSC-Code/Tools/LGTM/DB_Storage/flot-3-2-5DB.
[2020-05-13 16:57:43] Running plumbing command: codeql database finalize --mode=normal -- /Users/alexoneill/Documents/GitHub/OSC-Code/Tools/LGTM/DB_Storage/flot-3-2-5DB
[2020-05-13 16:57:43] [PROGRESS] database finalize> Running TRAP import for CodeQL database at /Users/alexoneill/Documents/GitHub/OSC-Code/Tools/LGTM/DB_Storage/flot-3-2-5DB...
[2020-05-13 16:57:43] Running plumbing command: codeql dataset import --dbscheme=/Users/alexoneill/Documents/GitHub/OSC-Code/Tools/LGTM/codeql/javascript/semmlecode.javascript.dbscheme -- /Users/alexoneill/Documents/GitHub/OSC-Code/Tools/LGTM/DB_Storage/flot-3-2-5DB/db-javascript /Users/alexoneill/Documents/GitHub/OSC-Code/Tools/LGTM/DB_Storage/flot-3-2-5DB/trap/javascript
[2020-05-13 16:57:43] Clearing disk cache since the version file /Users/alexoneill/Documents/GitHub/OSC-Code/Tools/LGTM/DB_Storage/flot-3-2-5DB/db-javascript/default/cache/version does not exist
[2020-05-13 16:57:43] Tuple pool not found. Clearing relations with cached strings
[2020-05-13 16:57:43] Trimming disk cache at /Users/alexoneill/Documents/GitHub/OSC-Code/Tools/LGTM/DB_Storage/flot-3-2-5DB/db-javascript/default/cache in mode brutal.
[2020-05-13 16:57:43] Sequence stamp origin is -6727450096857838002
[2020-05-13 16:57:43] Stopped the world to hard-clear memory at sequence stamp o+0
[2020-05-13 16:57:43] Starting the world again
[2020-05-13 16:57:43] Stopped the world to quickly trim disk at sequence stamp o+1
[2020-05-13 16:57:43] Starting the world again
[2020-05-13 16:57:43] Stopped the world to zealously trim disk at sequence stamp o+2
[2020-05-13 16:57:43] Starting the world again
[2020-05-13 16:57:43] Trimming completed (13ms): Purged everything.
[2020-05-13 16:57:43] Scanning for files in /Users/alexoneill/Documents/GitHub/OSC-Code/Tools/LGTM/DB_Storage/flot-3-2-5DB/trap/javascript
[2020-05-13 16:57:44] Importing es2016.js.trap.gz (1 of 146)
[2020-05-13 16:57:44] Importing es2017.js.trap.gz (2 of 146)
[2020-05-13 16:57:44] Importing es3.js.trap.gz (3 of 146)
[2020-05-13 16:57:44] Importing es5.js.trap.gz (4 of 146)
[2020-05-13 16:57:44] Importing es6.js.trap.gz (5 of 146)
[2020-05-13 16:57:44] Importing es6_collections.js.trap.gz (6 of 146)
[2020-05-13 16:57:44] Importing intl.js.trap.gz (7 of 146)
[2020-05-13 16:57:44] Importing proxy.js.trap.gz (8 of 146)
[2020-05-13 16:57:44] Importing bdd.js.trap.gz (9 of 146)
[2020-05-13 16:57:44] Importing jquery-3.2.js.trap.gz (10 of 146)
[2020-05-13 16:57:44] Importing should.js.trap.gz (11 of 146)
[2020-05-13 16:57:44] Importing vows.js.trap.gz (12 of 146)
[2020-05-13 16:57:44] Importing assert.js.trap.gz (13 of 146)
[2020-05-13 16:57:44] Importing assert_legacy.js.trap.gz (14 of 146)
[2020-05-13 16:57:44] Importing buffer.js.trap.gz (15 of 146)
[2020-05-13 16:57:44] Importing child_process.js.trap.gz (16 of 146)
[2020-05-13 16:57:44] Importing cluster.js.trap.gz (17 of 146)
[2020-05-13 16:57:44] Importing console.js.trap.gz (18 of 146)
[2020-05-13 16:57:44] Importing constants.js.trap.gz (19 of 146)
[2020-05-13 16:57:45] Importing crypto.js.trap.gz (20 of 146)
[2020-05-13 16:57:45] Importing dgram.js.trap.gz (21 of 146)
[2020-05-13 16:57:45] Importing dns.js.trap.gz (22 of 146)
[2020-05-13 16:57:45] Importing domain.js.trap.gz (23 of 146)
[2020-05-13 16:57:45] Importing events.js.trap.gz (24 of 146)
[2020-05-13 16:57:45] Importing fs.js.trap.gz (25 of 146)
[2020-05-13 16:57:45] Importing globals.js.trap.gz (26 of 146)
[2020-05-13 16:57:45] Importing http.js.trap.gz (27 of 146)
[2020-05-13 16:57:45] Importing https.js.trap.gz (28 of 146)
[2020-05-13 16:57:45] Importing module.js.trap.gz (29 of 146)
[2020-05-13 16:57:45] Importing net.js.trap.gz (30 of 146)
[2020-05-13 16:57:45] Importing os.js.trap.gz (31 of 146)
[2020-05-13 16:57:45] Importing path.js.trap.gz (32 of 146)
[2020-05-13 16:57:45] Importing process.js.trap.gz (33 of 146)
[2020-05-13 16:57:45] Importing punycode.js.trap.gz (34 of 146)
[2020-05-13 16:57:45] Importing querystring.js.trap.gz (35 of 146)
[2020-05-13 16:57:45] Importing readline.js.trap.gz (36 of 146)
[2020-05-13 16:57:45] Importing repl.js.trap.gz (37 of 146)
[2020-05-13 16:57:45] Importing stream.js.trap.gz (38 of 146)
[2020-05-13 16:57:45] Importing string_decoder.js.trap.gz (39 of 146)
[2020-05-13 16:57:45] Importing sys.js.trap.gz (40 of 146)
[2020-05-13 16:57:45] Importing timers.js.trap.gz (41 of 146)
[2020-05-13 16:57:45] Importing tls.js.trap.gz (42 of 146)
[2020-05-13 16:57:45] Importing tty.js.trap.gz (43 of 146)
[2020-05-13 16:57:45] Importing url.js.trap.gz (44 of 146)
[2020-05-13 16:57:45] Importing util.js.trap.gz (45 of 146)
[2020-05-13 16:57:45] Importing v8.js.trap.gz (46 of 146)
[2020-05-13 16:57:45] Importing vm.js.trap.gz (47 of 146)
[2020-05-13 16:57:45] Importing zlib.js.trap.gz (48 of 146)
[2020-05-13 16:57:45] Importing jsshell.js.trap.gz (49 of 146)
[2020-05-13 16:57:45] Importing rhino.js.trap.gz (50 of 146)
[2020-05-13 16:57:45] Importing spidermonkey.js.trap.gz (51 of 146)
[2020-05-13 16:57:45] Importing v8.js.trap.gz (52 of 146)
[2020-05-13 16:57:45] Importing chrome.js.trap.gz (53 of 146)
[2020-05-13 16:57:45] Importing fetchapi.js.trap.gz (54 of 146)
[2020-05-13 16:57:45] Importing fileapi.js.trap.gz (55 of 146)
[2020-05-13 16:57:45] Importing flash.js.trap.gz (56 of 146)
[2020-05-13 16:57:45] Importing gecko_css.js.trap.gz (57 of 146)
[2020-05-13 16:57:45] Importing gecko_dom.js.trap.gz (58 of 146)
[2020-05-13 16:57:45] Importing gecko_event.js.trap.gz (59 of 146)
[2020-05-13 16:57:45] Importing gecko_ext.js.trap.gz (60 of 146)
[2020-05-13 16:57:45] Importing gecko_xml.js.trap.gz (61 of 146)
[2020-05-13 16:57:45] Importing html5.js.trap.gz (62 of 146)
[2020-05-13 16:57:46] Importing ie_css.js.trap.gz (63 of 146)
[2020-05-13 16:57:46] Importing ie_dom.js.trap.gz (64 of 146)
[2020-05-13 16:57:46] Importing ie_event.js.trap.gz (65 of 146)
[2020-05-13 16:57:46] Importing ie_vml.js.trap.gz (66 of 146)
[2020-05-13 16:57:46] Importing intl.js.trap.gz (67 of 146)
[2020-05-13 16:57:46] Importing iphone.js.trap.gz (68 of 146)
[2020-05-13 16:57:46] Importing mediasource.js.trap.gz (69 of 146)
[2020-05-13 16:57:46] Importing page_visibility.js.trap.gz (70 of 146)
[2020-05-13 16:57:46] Importing streamsapi.js.trap.gz (71 of 146)
[2020-05-13 16:57:46] Importing url.js.trap.gz (72 of 146)
[2020-05-13 16:57:46] Importing w3c_anim_timing.js.trap.gz (73 of 146)
[2020-05-13 16:57:46] Importing w3c_batterystatus.js.trap.gz (74 of 146)
[2020-05-13 16:57:46] Importing w3c_css.js.trap.gz (75 of 146)
[2020-05-13 16:57:46] Importing w3c_css3d.js.trap.gz (76 of 146)
[2020-05-13 16:57:46] Importing w3c_device_sensor_event.js.trap.gz (77 of 146)
[2020-05-13 16:57:46] Importing w3c_dom1.js.trap.gz (78 of 146)
[2020-05-13 16:57:46] Importing w3c_dom2.js.trap.gz (79 of 146)
[2020-05-13 16:57:46] Importing w3c_dom3.js.trap.gz (80 of 146)
[2020-05-13 16:57:46] Importing w3c_dom4.js.trap.gz (81 of 146)
[2020-05-13 16:57:46] Importing w3c_elementtraversal.js.trap.gz (82 of 146)
[2020-05-13 16:57:46] Importing w3c_encoding.js.trap.gz (83 of 146)
[2020-05-13 16:57:46] Importing w3c_event.js.trap.gz (84 of 146)
[2020-05-13 16:57:46] Importing w3c_event3.js.trap.gz (85 of 146)
[2020-05-13 16:57:46] Importing w3c_gamepad.js.trap.gz (86 of 146)
[2020-05-13 16:57:46] Importing w3c_geolocation.js.trap.gz (87 of 146)
[2020-05-13 16:57:46] Importing w3c_indexeddb.js.trap.gz (88 of 146)
[2020-05-13 16:57:46] Importing w3c_midi.js.trap.gz (89 of 146)
[2020-05-13 16:57:46] Importing w3c_navigation_timing.js.trap.gz (90 of 146)
[2020-05-13 16:57:46] Importing w3c_permissions.js.trap.gz (91 of 146)
[2020-05-13 16:57:46] Importing w3c_pointer_events.js.trap.gz (92 of 146)
[2020-05-13 16:57:46] Importing w3c_range.js.trap.gz (93 of 146)
[2020-05-13 16:57:46] Importing w3c_requestidlecallback.js.trap.gz (94 of 146)
[2020-05-13 16:57:46] Importing w3c_rtc.js.trap.gz (95 of 146)
[2020-05-13 16:57:46] Importing w3c_screen_orientation.js.trap.gz (96 of 146)
[2020-05-13 16:57:46] Importing w3c_selectors.js.trap.gz (97 of 146)
[2020-05-13 16:57:46] Importing w3c_serviceworker.js.trap.gz (98 of 146)
[2020-05-13 16:57:46] Importing w3c_touch_event.js.trap.gz (99 of 146)
[2020-05-13 16:57:46] Importing w3c_webcrypto.js.trap.gz (100 of 146)
[2020-05-13 16:57:46] Importing w3c_xml.js.trap.gz (101 of 146)
[2020-05-13 16:57:46] Importing webgl.js.trap.gz (102 of 146)
[2020-05-13 16:57:46] Importing webkit_css.js.trap.gz (103 of 146)
[2020-05-13 16:57:46] Importing webkit_dom.js.trap.gz (104 of 146)
[2020-05-13 16:57:46] Importing webkit_event.js.trap.gz (105 of 146)
[2020-05-13 16:57:46] Importing webkit_notifications.js.trap.gz (106 of 146)
[2020-05-13 16:57:46] Importing webkit_usercontent.js.trap.gz (107 of 146)
[2020-05-13 16:57:46] Importing webstorage.js.trap.gz (108 of 146)
[2020-05-13 16:57:46] Importing whatwg_encoding.js.trap.gz (109 of 146)
[2020-05-13 16:57:46] Importing window.js.trap.gz (110 of 146)
[2020-05-13 16:57:46] Importing jquery.flot.js.trap.gz (111 of 146)
[2020-05-13 16:57:48] Importing globalize.culture.en-US.js.trap.gz (112 of 146)
[2020-05-13 16:57:48] Importing globalize.js.trap.gz (113 of 146)
[2020-05-13 16:57:48] Importing jquery.event.drag.js.trap.gz (114 of 146)
[2020-05-13 16:57:48] Importing jquery.mousewheel.js.trap.gz (115 of 146)
[2020-05-13 16:57:48] Importing package.json.trap.gz (116 of 146)
[2020-05-13 16:57:48] Importing jquery.canvaswrapper.js.trap.gz (117 of 146)
[2020-05-13 16:57:48] Importing jquery.colorhelpers.js.trap.gz (118 of 146)
[2020-05-13 16:57:48] Importing jquery.flot.axislabels.js.trap.gz (119 of 146)
[2020-05-13 16:57:48] Importing jquery.flot.browser.js.trap.gz (120 of 146)
[2020-05-13 16:57:48] Importing jquery.flot.categories.js.trap.gz (121 of 146)
[2020-05-13 16:57:48] Importing jquery.flot.composeImages.js.trap.gz (122 of 146)
[2020-05-13 16:57:48] Importing jquery.flot.crosshair.js.trap.gz (123 of 146)
[2020-05-13 16:57:48] Importing jquery.flot.drawSeries.js.trap.gz (124 of 146)
[2020-05-13 16:57:48] Importing jquery.flot.errorbars.js.trap.gz (125 of 146)
[2020-05-13 16:57:48] Importing jquery.flot.fillbetween.js.trap.gz (126 of 146)
[2020-05-13 16:57:48] Importing jquery.flot.flatdata.js.trap.gz (127 of 146)
[2020-05-13 16:57:48] Importing jquery.flot.hover.js.trap.gz (128 of 146)
[2020-05-13 16:57:48] Importing jquery.flot.image.js.trap.gz (129 of 146)
[2020-05-13 16:57:48] Importing jquery.flot.js.trap.gz (130 of 146)
[2020-05-13 16:57:49] Importing jquery.flot.legend.js.trap.gz (131 of 146)
[2020-05-13 16:57:49] Importing jquery.flot.logaxis.js.trap.gz (132 of 146)
[2020-05-13 16:57:49] Importing jquery.flot.navigate.js.trap.gz (133 of 146)
[2020-05-13 16:57:49] Importing jquery.flot.pie.js.trap.gz (134 of 146)
[2020-05-13 16:57:49] Importing jquery.flot.resize.js.trap.gz (135 of 146)
[2020-05-13 16:57:49] Importing jquery.flot.saturated.js.trap.gz (136 of 146)
[2020-05-13 16:57:49] Importing jquery.flot.selection.js.trap.gz (137 of 146)
[2020-05-13 16:57:49] Importing jquery.flot.stack.js.trap.gz (138 of 146)
[2020-05-13 16:57:49] Importing jquery.flot.symbol.js.trap.gz (139 of 146)
[2020-05-13 16:57:49] Importing jquery.flot.threshold.js.trap.gz (140 of 146)
[2020-05-13 16:57:49] Importing jquery.flot.time.js.trap.gz (141 of 146)
[2020-05-13 16:57:49] Importing jquery.flot.touch.js.trap.gz (142 of 146)
[2020-05-13 16:57:49] Importing jquery.flot.touchNavigate.js.trap.gz (143 of 146)
[2020-05-13 16:57:49] Importing jquery.flot.uiConstants.js.trap.gz (144 of 146)
[2020-05-13 16:57:49] Importing jquery.js.trap.gz (145 of 146)
[2020-05-13 16:57:50] Importing sourceLocationPrefix.trap.gz (146 of 146)
[2020-05-13 16:57:50] Merging 1 fragments for files.
[2020-05-13 16:57:50] Merging 1 fragments for folders.
[2020-05-13 16:57:50] Merging 1 fragments for containerparent.
[2020-05-13 16:57:50] Merging 5 fragments for locations_default.
[2020-05-13 16:57:51] Merging 6 fragments for hasLocation.
[2020-05-13 16:57:51] Merging 1 fragments for extraction_data.
[2020-05-13 16:57:51] Merging 1 fragments for scopes.
[2020-05-13 16:57:51] Merging 1 fragments for comments.
[2020-05-13 16:57:51] Merging 1 fragments for indentation.
[2020-05-13 16:57:51] Merging 1 fragments for numlines.
[2020-05-13 16:57:51] Merging 3 fragments for tokeninfo.
[2020-05-13 16:57:51] Merging 1 fragments for next_token.
[2020-05-13 16:57:51] Merging 1 fragments for jsdoc.
[2020-05-13 16:57:51] Merging 1 fragments for jsdoc_tags.
[2020-05-13 16:57:51] Merging 1 fragments for jsdoc_tag_descriptions.
[2020-05-13 16:57:51] Merging 1 fragments for jsdoc_tag_names.
[2020-05-13 16:57:51] Merging 1 fragments for jsdoc_type_exprs.
[2020-05-13 16:57:51] Merging 1 fragments for toplevels.
[2020-05-13 16:57:51] Merging 1 fragments for stmts.
[2020-05-13 16:57:51] Merging 1 fragments for stmtContainers.
[2020-05-13 16:57:51] Merging 2 fragments for exprs.
[2020-05-13 16:57:51] Merging 2 fragments for enclosingStmt.
[2020-05-13 16:57:51] Merging 2 fragments for exprContainers.
[2020-05-13 16:57:51] Merging 1 fragments for literals.
[2020-05-13 16:57:52] Merging 1 fragments for variables.
[2020-05-13 16:57:52] Merging 1 fragments for bind.
[2020-05-13 16:57:52] Merging 1 fragments for scopenodes.
[2020-05-13 16:57:52] Merging 1 fragments for scopenesting.
[2020-05-13 16:57:52] Merging 1 fragments for decl.
[2020-05-13 16:57:52] Merging 1 fragments for isArgumentsObject.
[2020-05-13 16:57:52] Merging 1 fragments for entry_cfg_node.
[2020-05-13 16:57:52] Merging 1 fragments for exit_cfg_node.
[2020-05-13 16:57:52] Merging 3 fragments for successor.
[2020-05-13 16:57:52] Merging 1 fragments for isExterns.
[2020-05-13 16:57:52] Merging 1 fragments for filetype.
[2020-05-13 16:57:52] Merging 1 fragments for extraction_time.
[2020-05-13 16:57:52] Merging 1 fragments for jsdoc_prefix_qualifier.
[2020-05-13 16:57:52] Merging 1 fragments for jsdoc_errors.
[2020-05-13 16:57:52] Merging 1 fragments for jsdoc_record_field_name.
[2020-05-13 16:57:52] Merging 1 fragments for jsdoc_has_new_parameter.
[2020-05-13 16:57:52] Merging 1 fragments for properties.
[2020-05-13 16:57:52] Merging 1 fragments for regexpterm.
[2020-05-13 16:57:52] Merging 1 fragments for regexpConstValue.
[2020-05-13 16:57:52] Merging 1 fragments for guard_node.
[2020-05-13 16:57:52] Merging 1 fragments for isModule.
[2020-05-13 16:57:52] Merging 1 fragments for isNodejs.
[2020-05-13 16:57:52] Merging 1 fragments for arraySize.
[2020-05-13 16:57:52] Merging 1 fragments for jumpTargets.
[2020-05-13 16:57:52] Merging 1 fragments for isCapture.
[2020-05-13 16:57:52] Merging 1 fragments for isGreedy.
[2020-05-13 16:57:52] Merging 1 fragments for charClassEscape.
[2020-05-13 16:57:52] Merging 1 fragments for rangeQuantifierLowerBound.
[2020-05-13 16:57:52] Merging 1 fragments for rangeQuantifierUpperBound.
[2020-05-13 16:57:52] Merging 1 fragments for isInverted.
[2020-05-13 16:57:52] Merging 1 fragments for json.
[2020-05-13 16:57:52] Merging 1 fragments for json_locations.
[2020-05-13 16:57:52] Merging 1 fragments for json_literals.
[2020-05-13 16:57:52] Merging 1 fragments for json_properties.
[2020-05-13 16:57:52] Merging 1 fragments for backref.
[2020-05-13 16:57:52] Merging 1 fragments for sourceLocationPrefix.
[2020-05-13 16:57:52] Saving string and id pools to disk.
[2020-05-13 16:57:52] Finished importing trap files.
[2020-05-13 16:57:52] Stopped the world to close the cache at sequence stamp o+3
[2020-05-13 16:57:52] The disk cache is freshly trimmed; leave it be.
[2020-05-13 16:57:52] Starting the world again
[2020-05-13 16:57:52] Plumbing command codeql dataset import completed.
[2020-05-13 16:57:52] [PROGRESS] database finalize> TRAP import complete (8.8s).
[2020-05-13 16:57:52] Running plumbing command: codeql database cleanup --mode=normal -- /Users/alexoneill/Documents/GitHub/OSC-Code/Tools/LGTM/DB_Storage/flot-3-2-5DB
[2020-05-13 16:57:52] [PROGRESS] database cleanup> Cleaning up existing TRAP files after import...
[2020-05-13 16:57:52] [PROGRESS] database cleanup> TRAP files cleaned up (32ms).
[2020-05-13 16:57:52] Running plumbing command: codeql dataset cleanup --mode=normal -- /Users/alexoneill/Documents/GitHub/OSC-Code/Tools/LGTM/DB_Storage/flot-3-2-5DB/db-javascript
[2020-05-13 16:57:52] [PROGRESS] dataset cleanup> Cleaning up dataset in /Users/alexoneill/Documents/GitHub/OSC-Code/Tools/LGTM/DB_Storage/flot-3-2-5DB/db-javascript.
[2020-05-13 16:57:52] Trimming disk cache at /Users/alexoneill/Documents/GitHub/OSC-Code/Tools/LGTM/DB_Storage/flot-3-2-5DB/db-javascript/default/cache in mode normal.
[2020-05-13 16:57:52] Sequence stamp origin is -6727450058579985653
[2020-05-13 16:57:52] Stopped the world to zealously trim disk at sequence stamp o+0
[2020-05-13 16:57:52] Starting the world again
[2020-05-13 16:57:52] Trimming completed (2ms): Trimmed disposable data from cache.
[2020-05-13 16:57:52] Stopped the world to close the cache at sequence stamp o+1
[2020-05-13 16:57:52] The disk cache is freshly trimmed; leave it be.
[2020-05-13 16:57:52] Starting the world again
[2020-05-13 16:57:52] [PROGRESS] dataset cleanup> Trimmed disposable data from cache.
[2020-05-13 16:57:52] Plumbing command codeql dataset cleanup completed.
[2020-05-13 16:57:52] Plumbing command codeql database cleanup completed with status 0.
[2020-05-13 16:57:52] Plumbing command codeql database finalize completed with status 0.
[2020-05-13 16:57:52] [PROGRESS] database create> Successfully created database at /Users/alexoneill/Documents/GitHub/OSC-Code/Tools/LGTM/DB_Storage/flot-3-2-5DB.
[2020-05-13 16:57:52] Terminating normally.
