[2020-05-13 17:00:04] This is codeql database create --language=javascript --source-root /Users/alexoneill/Documents/GitHub/OSC-Code/Tools/LGTM/ext_JS_src/jquery-3.4.1 /Users/alexoneill/Documents/GitHub/OSC-Code/Tools/LGTM/DB_Storage/jquery-3-4-1DB
[2020-05-13 17:00:04] Log file was started late.
[2020-05-13 17:00:04] Using autobuild script /Users/alexoneill/Documents/GitHub/OSC-Code/Tools/LGTM/codeql/javascript/tools/autobuild.sh.
[2020-05-13 17:00:04] [DETAILS] database create> Detected autobuild command: /Users/alexoneill/Documents/GitHub/OSC-Code/Tools/LGTM/codeql/javascript/tools/autobuild.sh.
[2020-05-13 17:00:04] [PROGRESS] database create> Running command [/Users/alexoneill/Documents/GitHub/OSC-Code/Tools/LGTM/codeql/javascript/tools/autobuild.sh] in /Users/alexoneill/Documents/GitHub/OSC-Code/Tools/LGTM/ext_JS_src/jquery-3.4.1.
[2020-05-13 17:00:04] Running plumbing command: codeql database trace-command --working-dir=/Users/alexoneill/Documents/GitHub/OSC-Code/Tools/LGTM/ext_JS_src/jquery-3.4.1 -- /Users/alexoneill/Documents/GitHub/OSC-Code/Tools/LGTM/DB_Storage/jquery-3-4-1DB /Users/alexoneill/Documents/GitHub/OSC-Code/Tools/LGTM/codeql/javascript/tools/autobuild.sh
[2020-05-13 17:00:04] [PROGRESS] database trace-command> /Users/alexoneill/Documents/GitHub/OSC-Code/Tools/LGTM/DB_Storage/jquery-3-4-1DB: Running in /Users/alexoneill/Documents/GitHub/OSC-Code/Tools/LGTM/ext_JS_src/jquery-3.4.1: [/Users/alexoneill/Documents/GitHub/OSC-Code/Tools/LGTM/codeql/javascript/tools/autobuild.sh]
[2020-05-13 17:00:04] [build] Single-threaded extraction.
[2020-05-13 17:00:04] [build] Extracting /Users/alexoneill/Documents/GitHub/OSC-Code/Tools/LGTM/ext_JS_src/jquery-3.4.1/package/dist/jquery.slim.js
[2020-05-13 17:00:06] [build] Done extracting /Users/alexoneill/Documents/GitHub/OSC-Code/Tools/LGTM/ext_JS_src/jquery-3.4.1/package/dist/jquery.slim.js (1606 ms)
[2020-05-13 17:00:06] [build] Extracting /Users/alexoneill/Documents/GitHub/OSC-Code/Tools/LGTM/ext_JS_src/jquery-3.4.1/package/dist/core.js
[2020-05-13 17:00:06] [build] Done extracting /Users/alexoneill/Documents/GitHub/OSC-Code/Tools/LGTM/ext_JS_src/jquery-3.4.1/package/dist/core.js (51 ms)
[2020-05-13 17:00:06] [build] Extracting /Users/alexoneill/Documents/GitHub/OSC-Code/Tools/LGTM/ext_JS_src/jquery-3.4.1/package/dist/jquery.js
[2020-05-13 17:00:07] [build] Done extracting /Users/alexoneill/Documents/GitHub/OSC-Code/Tools/LGTM/ext_JS_src/jquery-3.4.1/package/dist/jquery.js (1448 ms)
[2020-05-13 17:00:07] [build] Extracting /Users/alexoneill/Documents/GitHub/OSC-Code/Tools/LGTM/ext_JS_src/jquery-3.4.1/package/package.json
[2020-05-13 17:00:07] [build] Done extracting /Users/alexoneill/Documents/GitHub/OSC-Code/Tools/LGTM/ext_JS_src/jquery-3.4.1/package/package.json (6 ms)
[2020-05-13 17:00:07] [build] Extracting /Users/alexoneill/Documents/GitHub/OSC-Code/Tools/LGTM/ext_JS_src/jquery-3.4.1/package/external/sizzle/dist/sizzle.js
[2020-05-13 17:00:08] [build] Done extracting /Users/alexoneill/Documents/GitHub/OSC-Code/Tools/LGTM/ext_JS_src/jquery-3.4.1/package/external/sizzle/dist/sizzle.js (288 ms)
[2020-05-13 17:00:08] [build] Extracting /Users/alexoneill/Documents/GitHub/OSC-Code/Tools/LGTM/ext_JS_src/jquery-3.4.1/package/src/deprecated.js
[2020-05-13 17:00:08] [build] Done extracting /Users/alexoneill/Documents/GitHub/OSC-Code/Tools/LGTM/ext_JS_src/jquery-3.4.1/package/src/deprecated.js (11 ms)
[2020-05-13 17:00:08] [build] Extracting /Users/alexoneill/Documents/GitHub/OSC-Code/Tools/LGTM/ext_JS_src/jquery-3.4.1/package/src/selector.js
[2020-05-13 17:00:08] [build] Done extracting /Users/alexoneill/Documents/GitHub/OSC-Code/Tools/LGTM/ext_JS_src/jquery-3.4.1/package/src/selector.js (2 ms)
[2020-05-13 17:00:08] [build] Extracting /Users/alexoneill/Documents/GitHub/OSC-Code/Tools/LGTM/ext_JS_src/jquery-3.4.1/package/src/core/nodeName.js
[2020-05-13 17:00:08] [build] Done extracting /Users/alexoneill/Documents/GitHub/OSC-Code/Tools/LGTM/ext_JS_src/jquery-3.4.1/package/src/core/nodeName.js (2 ms)
[2020-05-13 17:00:08] [build] Extracting /Users/alexoneill/Documents/GitHub/OSC-Code/Tools/LGTM/ext_JS_src/jquery-3.4.1/package/src/core/stripAndCollapse.js
[2020-05-13 17:00:08] [build] Done extracting /Users/alexoneill/Documents/GitHub/OSC-Code/Tools/LGTM/ext_JS_src/jquery-3.4.1/package/src/core/stripAndCollapse.js (2 ms)
[2020-05-13 17:00:08] [build] Extracting /Users/alexoneill/Documents/GitHub/OSC-Code/Tools/LGTM/ext_JS_src/jquery-3.4.1/package/src/core/isAttached.js
[2020-05-13 17:00:08] [build] Done extracting /Users/alexoneill/Documents/GitHub/OSC-Code/Tools/LGTM/ext_JS_src/jquery-3.4.1/package/src/core/isAttached.js (4 ms)
[2020-05-13 17:00:08] [build] Extracting /Users/alexoneill/Documents/GitHub/OSC-Code/Tools/LGTM/ext_JS_src/jquery-3.4.1/package/src/core/toType.js
[2020-05-13 17:00:08] [build] Done extracting /Users/alexoneill/Documents/GitHub/OSC-Code/Tools/LGTM/ext_JS_src/jquery-3.4.1/package/src/core/toType.js (3 ms)
[2020-05-13 17:00:08] [build] Extracting /Users/alexoneill/Documents/GitHub/OSC-Code/Tools/LGTM/ext_JS_src/jquery-3.4.1/package/src/core/access.js
[2020-05-13 17:00:08] [build] Done extracting /Users/alexoneill/Documents/GitHub/OSC-Code/Tools/LGTM/ext_JS_src/jquery-3.4.1/package/src/core/access.js (7 ms)
[2020-05-13 17:00:08] [build] Extracting /Users/alexoneill/Documents/GitHub/OSC-Code/Tools/LGTM/ext_JS_src/jquery-3.4.1/package/src/core/var/rsingleTag.js
[2020-05-13 17:00:08] [build] Done extracting /Users/alexoneill/Documents/GitHub/OSC-Code/Tools/LGTM/ext_JS_src/jquery-3.4.1/package/src/core/var/rsingleTag.js (3 ms)
[2020-05-13 17:00:08] [build] Extracting /Users/alexoneill/Documents/GitHub/OSC-Code/Tools/LGTM/ext_JS_src/jquery-3.4.1/package/src/core/DOMEval.js
[2020-05-13 17:00:08] [build] Done extracting /Users/alexoneill/Documents/GitHub/OSC-Code/Tools/LGTM/ext_JS_src/jquery-3.4.1/package/src/core/DOMEval.js (4 ms)
[2020-05-13 17:00:08] [build] Extracting /Users/alexoneill/Documents/GitHub/OSC-Code/Tools/LGTM/ext_JS_src/jquery-3.4.1/package/src/core/support.js
[2020-05-13 17:00:08] [build] Done extracting /Users/alexoneill/Documents/GitHub/OSC-Code/Tools/LGTM/ext_JS_src/jquery-3.4.1/package/src/core/support.js (3 ms)
[2020-05-13 17:00:08] [build] Extracting /Users/alexoneill/Documents/GitHub/OSC-Code/Tools/LGTM/ext_JS_src/jquery-3.4.1/package/src/core/init.js
[2020-05-13 17:00:08] [build] Done extracting /Users/alexoneill/Documents/GitHub/OSC-Code/Tools/LGTM/ext_JS_src/jquery-3.4.1/package/src/core/init.js (13 ms)
[2020-05-13 17:00:08] [build] Extracting /Users/alexoneill/Documents/GitHub/OSC-Code/Tools/LGTM/ext_JS_src/jquery-3.4.1/package/src/core/camelCase.js
[2020-05-13 17:00:08] [build] Done extracting /Users/alexoneill/Documents/GitHub/OSC-Code/Tools/LGTM/ext_JS_src/jquery-3.4.1/package/src/core/camelCase.js (3 ms)
[2020-05-13 17:00:08] [build] Extracting /Users/alexoneill/Documents/GitHub/OSC-Code/Tools/LGTM/ext_JS_src/jquery-3.4.1/package/src/core/ready.js
[2020-05-13 17:00:08] [build] Done extracting /Users/alexoneill/Documents/GitHub/OSC-Code/Tools/LGTM/ext_JS_src/jquery-3.4.1/package/src/core/ready.js (6 ms)
[2020-05-13 17:00:08] [build] Extracting /Users/alexoneill/Documents/GitHub/OSC-Code/Tools/LGTM/ext_JS_src/jquery-3.4.1/package/src/core/ready-no-deferred.js
[2020-05-13 17:00:08] [build] Done extracting /Users/alexoneill/Documents/GitHub/OSC-Code/Tools/LGTM/ext_JS_src/jquery-3.4.1/package/src/core/ready-no-deferred.js (8 ms)
[2020-05-13 17:00:08] [build] Extracting /Users/alexoneill/Documents/GitHub/OSC-Code/Tools/LGTM/ext_JS_src/jquery-3.4.1/package/src/core/parseHTML.js
[2020-05-13 17:00:08] [build] Done extracting /Users/alexoneill/Documents/GitHub/OSC-Code/Tools/LGTM/ext_JS_src/jquery-3.4.1/package/src/core/parseHTML.js (6 ms)
[2020-05-13 17:00:08] [build] Extracting /Users/alexoneill/Documents/GitHub/OSC-Code/Tools/LGTM/ext_JS_src/jquery-3.4.1/package/src/core/readyException.js
[2020-05-13 17:00:08] [build] Done extracting /Users/alexoneill/Documents/GitHub/OSC-Code/Tools/LGTM/ext_JS_src/jquery-3.4.1/package/src/core/readyException.js (2 ms)
[2020-05-13 17:00:08] [build] Extracting /Users/alexoneill/Documents/GitHub/OSC-Code/Tools/LGTM/ext_JS_src/jquery-3.4.1/package/src/offset.js
[2020-05-13 17:00:08] [build] Done extracting /Users/alexoneill/Documents/GitHub/OSC-Code/Tools/LGTM/ext_JS_src/jquery-3.4.1/package/src/offset.js (25 ms)
[2020-05-13 17:00:08] [build] Extracting /Users/alexoneill/Documents/GitHub/OSC-Code/Tools/LGTM/ext_JS_src/jquery-3.4.1/package/src/manipulation/setGlobalEval.js
[2020-05-13 17:00:08] [build] Done extracting /Users/alexoneill/Documents/GitHub/OSC-Code/Tools/LGTM/ext_JS_src/jquery-3.4.1/package/src/manipulation/setGlobalEval.js (3 ms)
[2020-05-13 17:00:08] [build] Extracting /Users/alexoneill/Documents/GitHub/OSC-Code/Tools/LGTM/ext_JS_src/jquery-3.4.1/package/src/manipulation/wrapMap.js
[2020-05-13 17:00:08] [build] Done extracting /Users/alexoneill/Documents/GitHub/OSC-Code/Tools/LGTM/ext_JS_src/jquery-3.4.1/package/src/manipulation/wrapMap.js (3 ms)
[2020-05-13 17:00:08] [build] Extracting /Users/alexoneill/Documents/GitHub/OSC-Code/Tools/LGTM/ext_JS_src/jquery-3.4.1/package/src/manipulation/var/rtagName.js
[2020-05-13 17:00:08] [build] Done extracting /Users/alexoneill/Documents/GitHub/OSC-Code/Tools/LGTM/ext_JS_src/jquery-3.4.1/package/src/manipulation/var/rtagName.js (2 ms)
[2020-05-13 17:00:08] [build] Extracting /Users/alexoneill/Documents/GitHub/OSC-Code/Tools/LGTM/ext_JS_src/jquery-3.4.1/package/src/manipulation/var/rscriptType.js
[2020-05-13 17:00:08] [build] Done extracting /Users/alexoneill/Documents/GitHub/OSC-Code/Tools/LGTM/ext_JS_src/jquery-3.4.1/package/src/manipulation/var/rscriptType.js (2 ms)
[2020-05-13 17:00:08] [build] Extracting /Users/alexoneill/Documents/GitHub/OSC-Code/Tools/LGTM/ext_JS_src/jquery-3.4.1/package/src/manipulation/support.js
[2020-05-13 17:00:08] [build] Done extracting /Users/alexoneill/Documents/GitHub/OSC-Code/Tools/LGTM/ext_JS_src/jquery-3.4.1/package/src/manipulation/support.js (5 ms)
[2020-05-13 17:00:08] [build] Extracting /Users/alexoneill/Documents/GitHub/OSC-Code/Tools/LGTM/ext_JS_src/jquery-3.4.1/package/src/manipulation/buildFragment.js
[2020-05-13 17:00:08] [build] Done extracting /Users/alexoneill/Documents/GitHub/OSC-Code/Tools/LGTM/ext_JS_src/jquery-3.4.1/package/src/manipulation/buildFragment.js (13 ms)
[2020-05-13 17:00:08] [build] Extracting /Users/alexoneill/Documents/GitHub/OSC-Code/Tools/LGTM/ext_JS_src/jquery-3.4.1/package/src/manipulation/getAll.js
[2020-05-13 17:00:08] [build] Done extracting /Users/alexoneill/Documents/GitHub/OSC-Code/Tools/LGTM/ext_JS_src/jquery-3.4.1/package/src/manipulation/getAll.js (6 ms)
[2020-05-13 17:00:08] [build] Extracting /Users/alexoneill/Documents/GitHub/OSC-Code/Tools/LGTM/ext_JS_src/jquery-3.4.1/package/src/manipulation/_evalUrl.js
[2020-05-13 17:00:08] [build] Done extracting /Users/alexoneill/Documents/GitHub/OSC-Code/Tools/LGTM/ext_JS_src/jquery-3.4.1/package/src/manipulation/_evalUrl.js (4 ms)
[2020-05-13 17:00:08] [build] Extracting /Users/alexoneill/Documents/GitHub/OSC-Code/Tools/LGTM/ext_JS_src/jquery-3.4.1/package/src/core.js
[2020-05-13 17:00:08] [build] Done extracting /Users/alexoneill/Documents/GitHub/OSC-Code/Tools/LGTM/ext_JS_src/jquery-3.4.1/package/src/core.js (53 ms)
[2020-05-13 17:00:08] [build] Extracting /Users/alexoneill/Documents/GitHub/OSC-Code/Tools/LGTM/ext_JS_src/jquery-3.4.1/package/src/css/addGetHookIf.js
[2020-05-13 17:00:08] [build] Done extracting /Users/alexoneill/Documents/GitHub/OSC-Code/Tools/LGTM/ext_JS_src/jquery-3.4.1/package/src/css/addGetHookIf.js (2 ms)
[2020-05-13 17:00:08] [build] Extracting /Users/alexoneill/Documents/GitHub/OSC-Code/Tools/LGTM/ext_JS_src/jquery-3.4.1/package/src/css/adjustCSS.js
[2020-05-13 17:00:08] [build] Done extracting /Users/alexoneill/Documents/GitHub/OSC-Code/Tools/LGTM/ext_JS_src/jquery-3.4.1/package/src/css/adjustCSS.js (8 ms)
[2020-05-13 17:00:08] [build] Extracting /Users/alexoneill/Documents/GitHub/OSC-Code/Tools/LGTM/ext_JS_src/jquery-3.4.1/package/src/css/var/rnumnonpx.js
[2020-05-13 17:00:08] [build] Done extracting /Users/alexoneill/Documents/GitHub/OSC-Code/Tools/LGTM/ext_JS_src/jquery-3.4.1/package/src/css/var/rnumnonpx.js (2 ms)
[2020-05-13 17:00:08] [build] Extracting /Users/alexoneill/Documents/GitHub/OSC-Code/Tools/LGTM/ext_JS_src/jquery-3.4.1/package/src/css/var/swap.js
[2020-05-13 17:00:08] [build] Done extracting /Users/alexoneill/Documents/GitHub/OSC-Code/Tools/LGTM/ext_JS_src/jquery-3.4.1/package/src/css/var/swap.js (2 ms)
[2020-05-13 17:00:08] [build] Extracting /Users/alexoneill/Documents/GitHub/OSC-Code/Tools/LGTM/ext_JS_src/jquery-3.4.1/package/src/css/var/isHiddenWithinTree.js
[2020-05-13 17:00:08] [build] Done extracting /Users/alexoneill/Documents/GitHub/OSC-Code/Tools/LGTM/ext_JS_src/jquery-3.4.1/package/src/css/var/isHiddenWithinTree.js (3 ms)
[2020-05-13 17:00:08] [build] Extracting /Users/alexoneill/Documents/GitHub/OSC-Code/Tools/LGTM/ext_JS_src/jquery-3.4.1/package/src/css/var/rboxStyle.js
[2020-05-13 17:00:08] [build] Done extracting /Users/alexoneill/Documents/GitHub/OSC-Code/Tools/LGTM/ext_JS_src/jquery-3.4.1/package/src/css/var/rboxStyle.js (2 ms)
[2020-05-13 17:00:08] [build] Extracting /Users/alexoneill/Documents/GitHub/OSC-Code/Tools/LGTM/ext_JS_src/jquery-3.4.1/package/src/css/var/getStyles.js
[2020-05-13 17:00:08] [build] Done extracting /Users/alexoneill/Documents/GitHub/OSC-Code/Tools/LGTM/ext_JS_src/jquery-3.4.1/package/src/css/var/getStyles.js (2 ms)
[2020-05-13 17:00:08] [build] Extracting /Users/alexoneill/Documents/GitHub/OSC-Code/Tools/LGTM/ext_JS_src/jquery-3.4.1/package/src/css/var/cssExpand.js
[2020-05-13 17:00:08] [build] Done extracting /Users/alexoneill/Documents/GitHub/OSC-Code/Tools/LGTM/ext_JS_src/jquery-3.4.1/package/src/css/var/cssExpand.js (2 ms)
[2020-05-13 17:00:08] [build] Extracting /Users/alexoneill/Documents/GitHub/OSC-Code/Tools/LGTM/ext_JS_src/jquery-3.4.1/package/src/css/support.js
[2020-05-13 17:00:08] [build] Done extracting /Users/alexoneill/Documents/GitHub/OSC-Code/Tools/LGTM/ext_JS_src/jquery-3.4.1/package/src/css/support.js (10 ms)
[2020-05-13 17:00:08] [build] Extracting /Users/alexoneill/Documents/GitHub/OSC-Code/Tools/LGTM/ext_JS_src/jquery-3.4.1/package/src/css/hiddenVisibleSelectors.js
[2020-05-13 17:00:08] [build] Done extracting /Users/alexoneill/Documents/GitHub/OSC-Code/Tools/LGTM/ext_JS_src/jquery-3.4.1/package/src/css/hiddenVisibleSelectors.js (2 ms)
[2020-05-13 17:00:08] [build] Extracting /Users/alexoneill/Documents/GitHub/OSC-Code/Tools/LGTM/ext_JS_src/jquery-3.4.1/package/src/css/finalPropName.js
[2020-05-13 17:00:08] [build] Done extracting /Users/alexoneill/Documents/GitHub/OSC-Code/Tools/LGTM/ext_JS_src/jquery-3.4.1/package/src/css/finalPropName.js (4 ms)
[2020-05-13 17:00:08] [build] Extracting /Users/alexoneill/Documents/GitHub/OSC-Code/Tools/LGTM/ext_JS_src/jquery-3.4.1/package/src/css/showHide.js
[2020-05-13 17:00:08] [build] Done extracting /Users/alexoneill/Documents/GitHub/OSC-Code/Tools/LGTM/ext_JS_src/jquery-3.4.1/package/src/css/showHide.js (10 ms)
[2020-05-13 17:00:08] [build] Extracting /Users/alexoneill/Documents/GitHub/OSC-Code/Tools/LGTM/ext_JS_src/jquery-3.4.1/package/src/css/curCSS.js
[2020-05-13 17:00:08] [build] Done extracting /Users/alexoneill/Documents/GitHub/OSC-Code/Tools/LGTM/ext_JS_src/jquery-3.4.1/package/src/css/curCSS.js (5 ms)
[2020-05-13 17:00:08] [build] Extracting /Users/alexoneill/Documents/GitHub/OSC-Code/Tools/LGTM/ext_JS_src/jquery-3.4.1/package/src/event.js
[2020-05-13 17:00:08] [build] Done extracting /Users/alexoneill/Documents/GitHub/OSC-Code/Tools/LGTM/ext_JS_src/jquery-3.4.1/package/src/event.js (82 ms)
[2020-05-13 17:00:08] [build] Extracting /Users/alexoneill/Documents/GitHub/OSC-Code/Tools/LGTM/ext_JS_src/jquery-3.4.1/package/src/deferred/exceptionHook.js
[2020-05-13 17:00:08] [build] Done extracting /Users/alexoneill/Documents/GitHub/OSC-Code/Tools/LGTM/ext_JS_src/jquery-3.4.1/package/src/deferred/exceptionHook.js (4 ms)
[2020-05-13 17:00:08] [build] Extracting /Users/alexoneill/Documents/GitHub/OSC-Code/Tools/LGTM/ext_JS_src/jquery-3.4.1/package/src/traversing/findFilter.js
[2020-05-13 17:00:08] [build] Done extracting /Users/alexoneill/Documents/GitHub/OSC-Code/Tools/LGTM/ext_JS_src/jquery-3.4.1/package/src/traversing/findFilter.js (12 ms)
[2020-05-13 17:00:08] [build] Extracting /Users/alexoneill/Documents/GitHub/OSC-Code/Tools/LGTM/ext_JS_src/jquery-3.4.1/package/src/traversing/var/dir.js
[2020-05-13 17:00:08] [build] Done extracting /Users/alexoneill/Documents/GitHub/OSC-Code/Tools/LGTM/ext_JS_src/jquery-3.4.1/package/src/traversing/var/dir.js (3 ms)
[2020-05-13 17:00:08] [build] Extracting /Users/alexoneill/Documents/GitHub/OSC-Code/Tools/LGTM/ext_JS_src/jquery-3.4.1/package/src/traversing/var/rneedsContext.js
[2020-05-13 17:00:08] [build] Done extracting /Users/alexoneill/Documents/GitHub/OSC-Code/Tools/LGTM/ext_JS_src/jquery-3.4.1/package/src/traversing/var/rneedsContext.js (2 ms)
[2020-05-13 17:00:08] [build] Extracting /Users/alexoneill/Documents/GitHub/OSC-Code/Tools/LGTM/ext_JS_src/jquery-3.4.1/package/src/traversing/var/siblings.js
[2020-05-13 17:00:08] [build] Done extracting /Users/alexoneill/Documents/GitHub/OSC-Code/Tools/LGTM/ext_JS_src/jquery-3.4.1/package/src/traversing/var/siblings.js (3 ms)
[2020-05-13 17:00:08] [build] Extracting /Users/alexoneill/Documents/GitHub/OSC-Code/Tools/LGTM/ext_JS_src/jquery-3.4.1/package/src/effects.js
[2020-05-13 17:00:08] [build] Done extracting /Users/alexoneill/Documents/GitHub/OSC-Code/Tools/LGTM/ext_JS_src/jquery-3.4.1/package/src/effects.js (97 ms)
[2020-05-13 17:00:08] [build] Extracting /Users/alexoneill/Documents/GitHub/OSC-Code/Tools/LGTM/ext_JS_src/jquery-3.4.1/package/src/queue.js
[2020-05-13 17:00:08] [build] Done extracting /Users/alexoneill/Documents/GitHub/OSC-Code/Tools/LGTM/ext_JS_src/jquery-3.4.1/package/src/queue.js (15 ms)
[2020-05-13 17:00:08] [build] Extracting /Users/alexoneill/Documents/GitHub/OSC-Code/Tools/LGTM/ext_JS_src/jquery-3.4.1/package/src/manipulation.js
[2020-05-13 17:00:08] [build] Done extracting /Users/alexoneill/Documents/GitHub/OSC-Code/Tools/LGTM/ext_JS_src/jquery-3.4.1/package/src/manipulation.js (52 ms)
[2020-05-13 17:00:08] [build] Extracting /Users/alexoneill/Documents/GitHub/OSC-Code/Tools/LGTM/ext_JS_src/jquery-3.4.1/package/src/serialize.js
[2020-05-13 17:00:08] [build] Done extracting /Users/alexoneill/Documents/GitHub/OSC-Code/Tools/LGTM/ext_JS_src/jquery-3.4.1/package/src/serialize.js (16 ms)
[2020-05-13 17:00:08] [build] Extracting /Users/alexoneill/Documents/GitHub/OSC-Code/Tools/LGTM/ext_JS_src/jquery-3.4.1/package/src/dimensions.js
[2020-05-13 17:00:08] [build] Done extracting /Users/alexoneill/Documents/GitHub/OSC-Code/Tools/LGTM/ext_JS_src/jquery-3.4.1/package/src/dimensions.js (10 ms)
[2020-05-13 17:00:08] [build] Extracting /Users/alexoneill/Documents/GitHub/OSC-Code/Tools/LGTM/ext_JS_src/jquery-3.4.1/package/src/selector-sizzle.js
[2020-05-13 17:00:08] [build] Done extracting /Users/alexoneill/Documents/GitHub/OSC-Code/Tools/LGTM/ext_JS_src/jquery-3.4.1/package/src/selector-sizzle.js (4 ms)
[2020-05-13 17:00:08] [build] Extracting /Users/alexoneill/Documents/GitHub/OSC-Code/Tools/LGTM/ext_JS_src/jquery-3.4.1/package/src/var/arr.js
[2020-05-13 17:00:08] [build] Done extracting /Users/alexoneill/Documents/GitHub/OSC-Code/Tools/LGTM/ext_JS_src/jquery-3.4.1/package/src/var/arr.js (2 ms)
[2020-05-13 17:00:08] [build] Extracting /Users/alexoneill/Documents/GitHub/OSC-Code/Tools/LGTM/ext_JS_src/jquery-3.4.1/package/src/var/toString.js
[2020-05-13 17:00:08] [build] Done extracting /Users/alexoneill/Documents/GitHub/OSC-Code/Tools/LGTM/ext_JS_src/jquery-3.4.1/package/src/var/toString.js (2 ms)
[2020-05-13 17:00:08] [build] Extracting /Users/alexoneill/Documents/GitHub/OSC-Code/Tools/LGTM/ext_JS_src/jquery-3.4.1/package/src/var/concat.js
[2020-05-13 17:00:08] [build] Done extracting /Users/alexoneill/Documents/GitHub/OSC-Code/Tools/LGTM/ext_JS_src/jquery-3.4.1/package/src/var/concat.js (2 ms)
[2020-05-13 17:00:08] [build] Extracting /Users/alexoneill/Documents/GitHub/OSC-Code/Tools/LGTM/ext_JS_src/jquery-3.4.1/package/src/var/slice.js
[2020-05-13 17:00:08] [build] Done extracting /Users/alexoneill/Documents/GitHub/OSC-Code/Tools/LGTM/ext_JS_src/jquery-3.4.1/package/src/var/slice.js (1 ms)
[2020-05-13 17:00:08] [build] Extracting /Users/alexoneill/Documents/GitHub/OSC-Code/Tools/LGTM/ext_JS_src/jquery-3.4.1/package/src/var/pnum.js
[2020-05-13 17:00:08] [build] Done extracting /Users/alexoneill/Documents/GitHub/OSC-Code/Tools/LGTM/ext_JS_src/jquery-3.4.1/package/src/var/pnum.js (2 ms)
[2020-05-13 17:00:08] [build] Extracting /Users/alexoneill/Documents/GitHub/OSC-Code/Tools/LGTM/ext_JS_src/jquery-3.4.1/package/src/var/support.js
[2020-05-13 17:00:08] [build] Done extracting /Users/alexoneill/Documents/GitHub/OSC-Code/Tools/LGTM/ext_JS_src/jquery-3.4.1/package/src/var/support.js (1 ms)
[2020-05-13 17:00:08] [build] Extracting /Users/alexoneill/Documents/GitHub/OSC-Code/Tools/LGTM/ext_JS_src/jquery-3.4.1/package/src/var/ObjectFunctionString.js
[2020-05-13 17:00:08] [build] Done extracting /Users/alexoneill/Documents/GitHub/OSC-Code/Tools/LGTM/ext_JS_src/jquery-3.4.1/package/src/var/ObjectFunctionString.js (2 ms)
[2020-05-13 17:00:08] [build] Extracting /Users/alexoneill/Documents/GitHub/OSC-Code/Tools/LGTM/ext_JS_src/jquery-3.4.1/package/src/var/isFunction.js
[2020-05-13 17:00:08] [build] Done extracting /Users/alexoneill/Documents/GitHub/OSC-Code/Tools/LGTM/ext_JS_src/jquery-3.4.1/package/src/var/isFunction.js (2 ms)
[2020-05-13 17:00:08] [build] Extracting /Users/alexoneill/Documents/GitHub/OSC-Code/Tools/LGTM/ext_JS_src/jquery-3.4.1/package/src/var/isWindow.js
[2020-05-13 17:00:08] [build] Done extracting /Users/alexoneill/Documents/GitHub/OSC-Code/Tools/LGTM/ext_JS_src/jquery-3.4.1/package/src/var/isWindow.js (2 ms)
[2020-05-13 17:00:08] [build] Extracting /Users/alexoneill/Documents/GitHub/OSC-Code/Tools/LGTM/ext_JS_src/jquery-3.4.1/package/src/var/push.js
[2020-05-13 17:00:08] [build] Done extracting /Users/alexoneill/Documents/GitHub/OSC-Code/Tools/LGTM/ext_JS_src/jquery-3.4.1/package/src/var/push.js (2 ms)
[2020-05-13 17:00:08] [build] Extracting /Users/alexoneill/Documents/GitHub/OSC-Code/Tools/LGTM/ext_JS_src/jquery-3.4.1/package/src/var/indexOf.js
[2020-05-13 17:00:08] [build] Done extracting /Users/alexoneill/Documents/GitHub/OSC-Code/Tools/LGTM/ext_JS_src/jquery-3.4.1/package/src/var/indexOf.js (2 ms)
[2020-05-13 17:00:08] [build] Extracting /Users/alexoneill/Documents/GitHub/OSC-Code/Tools/LGTM/ext_JS_src/jquery-3.4.1/package/src/var/documentElement.js
[2020-05-13 17:00:08] [build] Done extracting /Users/alexoneill/Documents/GitHub/OSC-Code/Tools/LGTM/ext_JS_src/jquery-3.4.1/package/src/var/documentElement.js (1 ms)
[2020-05-13 17:00:08] [build] Extracting /Users/alexoneill/Documents/GitHub/OSC-Code/Tools/LGTM/ext_JS_src/jquery-3.4.1/package/src/var/fnToString.js
[2020-05-13 17:00:08] [build] Done extracting /Users/alexoneill/Documents/GitHub/OSC-Code/Tools/LGTM/ext_JS_src/jquery-3.4.1/package/src/var/fnToString.js (1 ms)
[2020-05-13 17:00:08] [build] Extracting /Users/alexoneill/Documents/GitHub/OSC-Code/Tools/LGTM/ext_JS_src/jquery-3.4.1/package/src/var/rcheckableType.js
[2020-05-13 17:00:08] [build] Done extracting /Users/alexoneill/Documents/GitHub/OSC-Code/Tools/LGTM/ext_JS_src/jquery-3.4.1/package/src/var/rcheckableType.js (2 ms)
[2020-05-13 17:00:08] [build] Extracting /Users/alexoneill/Documents/GitHub/OSC-Code/Tools/LGTM/ext_JS_src/jquery-3.4.1/package/src/var/hasOwn.js
[2020-05-13 17:00:08] [build] Done extracting /Users/alexoneill/Documents/GitHub/OSC-Code/Tools/LGTM/ext_JS_src/jquery-3.4.1/package/src/var/hasOwn.js (1 ms)
[2020-05-13 17:00:08] [build] Extracting /Users/alexoneill/Documents/GitHub/OSC-Code/Tools/LGTM/ext_JS_src/jquery-3.4.1/package/src/var/getProto.js
[2020-05-13 17:00:08] [build] Done extracting /Users/alexoneill/Documents/GitHub/OSC-Code/Tools/LGTM/ext_JS_src/jquery-3.4.1/package/src/var/getProto.js (2 ms)
[2020-05-13 17:00:08] [build] Extracting /Users/alexoneill/Documents/GitHub/OSC-Code/Tools/LGTM/ext_JS_src/jquery-3.4.1/package/src/var/class2type.js
[2020-05-13 17:00:08] [build] Done extracting /Users/alexoneill/Documents/GitHub/OSC-Code/Tools/LGTM/ext_JS_src/jquery-3.4.1/package/src/var/class2type.js (2 ms)
[2020-05-13 17:00:08] [build] Extracting /Users/alexoneill/Documents/GitHub/OSC-Code/Tools/LGTM/ext_JS_src/jquery-3.4.1/package/src/var/rcssNum.js
[2020-05-13 17:00:08] [build] Done extracting /Users/alexoneill/Documents/GitHub/OSC-Code/Tools/LGTM/ext_JS_src/jquery-3.4.1/package/src/var/rcssNum.js (2 ms)
[2020-05-13 17:00:08] [build] Extracting /Users/alexoneill/Documents/GitHub/OSC-Code/Tools/LGTM/ext_JS_src/jquery-3.4.1/package/src/var/rnothtmlwhite.js
[2020-05-13 17:00:08] [build] Done extracting /Users/alexoneill/Documents/GitHub/OSC-Code/Tools/LGTM/ext_JS_src/jquery-3.4.1/package/src/var/rnothtmlwhite.js (1 ms)
[2020-05-13 17:00:08] [build] Extracting /Users/alexoneill/Documents/GitHub/OSC-Code/Tools/LGTM/ext_JS_src/jquery-3.4.1/package/src/var/document.js
[2020-05-13 17:00:08] [build] Done extracting /Users/alexoneill/Documents/GitHub/OSC-Code/Tools/LGTM/ext_JS_src/jquery-3.4.1/package/src/var/document.js (13 ms)
[2020-05-13 17:00:08] [build] Extracting /Users/alexoneill/Documents/GitHub/OSC-Code/Tools/LGTM/ext_JS_src/jquery-3.4.1/package/src/selector-native.js
[2020-05-13 17:00:08] [build] Done extracting /Users/alexoneill/Documents/GitHub/OSC-Code/Tools/LGTM/ext_JS_src/jquery-3.4.1/package/src/selector-native.js (24 ms)
[2020-05-13 17:00:08] [build] Extracting /Users/alexoneill/Documents/GitHub/OSC-Code/Tools/LGTM/ext_JS_src/jquery-3.4.1/package/src/attributes.js
[2020-05-13 17:00:08] [build] Done extracting /Users/alexoneill/Documents/GitHub/OSC-Code/Tools/LGTM/ext_JS_src/jquery-3.4.1/package/src/attributes.js (2 ms)
[2020-05-13 17:00:08] [build] Extracting /Users/alexoneill/Documents/GitHub/OSC-Code/Tools/LGTM/ext_JS_src/jquery-3.4.1/package/src/traversing.js
[2020-05-13 17:00:08] [build] Done extracting /Users/alexoneill/Documents/GitHub/OSC-Code/Tools/LGTM/ext_JS_src/jquery-3.4.1/package/src/traversing.js (20 ms)
[2020-05-13 17:00:08] [build] Extracting /Users/alexoneill/Documents/GitHub/OSC-Code/Tools/LGTM/ext_JS_src/jquery-3.4.1/package/src/exports/global.js
[2020-05-13 17:00:08] [build] Done extracting /Users/alexoneill/Documents/GitHub/OSC-Code/Tools/LGTM/ext_JS_src/jquery-3.4.1/package/src/exports/global.js (3 ms)
[2020-05-13 17:00:08] [build] Extracting /Users/alexoneill/Documents/GitHub/OSC-Code/Tools/LGTM/ext_JS_src/jquery-3.4.1/package/src/exports/amd.js
[2020-05-13 17:00:08] [build] Done extracting /Users/alexoneill/Documents/GitHub/OSC-Code/Tools/LGTM/ext_JS_src/jquery-3.4.1/package/src/exports/amd.js (2 ms)
[2020-05-13 17:00:08] [build] Extracting /Users/alexoneill/Documents/GitHub/OSC-Code/Tools/LGTM/ext_JS_src/jquery-3.4.1/package/src/wrap.js
[2020-05-13 17:00:08] [build] Done extracting /Users/alexoneill/Documents/GitHub/OSC-Code/Tools/LGTM/ext_JS_src/jquery-3.4.1/package/src/wrap.js (8 ms)
[2020-05-13 17:00:08] [build] Extracting /Users/alexoneill/Documents/GitHub/OSC-Code/Tools/LGTM/ext_JS_src/jquery-3.4.1/package/src/attributes/val.js
[2020-05-13 17:00:08] [build] Done extracting /Users/alexoneill/Documents/GitHub/OSC-Code/Tools/LGTM/ext_JS_src/jquery-3.4.1/package/src/attributes/val.js (19 ms)
[2020-05-13 17:00:08] [build] Extracting /Users/alexoneill/Documents/GitHub/OSC-Code/Tools/LGTM/ext_JS_src/jquery-3.4.1/package/src/attributes/prop.js
[2020-05-13 17:00:08] [build] Done extracting /Users/alexoneill/Documents/GitHub/OSC-Code/Tools/LGTM/ext_JS_src/jquery-3.4.1/package/src/attributes/prop.js (13 ms)
[2020-05-13 17:00:08] [build] Extracting /Users/alexoneill/Documents/GitHub/OSC-Code/Tools/LGTM/ext_JS_src/jquery-3.4.1/package/src/attributes/support.js
[2020-05-13 17:00:08] [build] Done extracting /Users/alexoneill/Documents/GitHub/OSC-Code/Tools/LGTM/ext_JS_src/jquery-3.4.1/package/src/attributes/support.js (4 ms)
[2020-05-13 17:00:08] [build] Extracting /Users/alexoneill/Documents/GitHub/OSC-Code/Tools/LGTM/ext_JS_src/jquery-3.4.1/package/src/attributes/classes.js
[2020-05-13 17:00:09] [build] Done extracting /Users/alexoneill/Documents/GitHub/OSC-Code/Tools/LGTM/ext_JS_src/jquery-3.4.1/package/src/attributes/classes.js (26 ms)
[2020-05-13 17:00:09] [build] Extracting /Users/alexoneill/Documents/GitHub/OSC-Code/Tools/LGTM/ext_JS_src/jquery-3.4.1/package/src/attributes/attr.js
[2020-05-13 17:00:09] [build] Done extracting /Users/alexoneill/Documents/GitHub/OSC-Code/Tools/LGTM/ext_JS_src/jquery-3.4.1/package/src/attributes/attr.js (20 ms)
[2020-05-13 17:00:09] [build] Extracting /Users/alexoneill/Documents/GitHub/OSC-Code/Tools/LGTM/ext_JS_src/jquery-3.4.1/package/src/ajax.js
[2020-05-13 17:00:09] [build] Done extracting /Users/alexoneill/Documents/GitHub/OSC-Code/Tools/LGTM/ext_JS_src/jquery-3.4.1/package/src/ajax.js (109 ms)
[2020-05-13 17:00:09] [build] Extracting /Users/alexoneill/Documents/GitHub/OSC-Code/Tools/LGTM/ext_JS_src/jquery-3.4.1/package/src/data.js
[2020-05-13 17:00:09] [build] Done extracting /Users/alexoneill/Documents/GitHub/OSC-Code/Tools/LGTM/ext_JS_src/jquery-3.4.1/package/src/data.js (21 ms)
[2020-05-13 17:00:09] [build] Extracting /Users/alexoneill/Documents/GitHub/OSC-Code/Tools/LGTM/ext_JS_src/jquery-3.4.1/package/src/queue/delay.js
[2020-05-13 17:00:09] [build] Done extracting /Users/alexoneill/Documents/GitHub/OSC-Code/Tools/LGTM/ext_JS_src/jquery-3.4.1/package/src/queue/delay.js (4 ms)
[2020-05-13 17:00:09] [build] Extracting /Users/alexoneill/Documents/GitHub/OSC-Code/Tools/LGTM/ext_JS_src/jquery-3.4.1/package/src/deferred.js
[2020-05-13 17:00:09] [build] Done extracting /Users/alexoneill/Documents/GitHub/OSC-Code/Tools/LGTM/ext_JS_src/jquery-3.4.1/package/src/deferred.js (30 ms)
[2020-05-13 17:00:09] [build] Extracting /Users/alexoneill/Documents/GitHub/OSC-Code/Tools/LGTM/ext_JS_src/jquery-3.4.1/package/src/css.js
[2020-05-13 17:00:09] [build] Done extracting /Users/alexoneill/Documents/GitHub/OSC-Code/Tools/LGTM/ext_JS_src/jquery-3.4.1/package/src/css.js (53 ms)
[2020-05-13 17:00:09] [build] Extracting /Users/alexoneill/Documents/GitHub/OSC-Code/Tools/LGTM/ext_JS_src/jquery-3.4.1/package/src/effects/animatedSelector.js
[2020-05-13 17:00:09] [build] Done extracting /Users/alexoneill/Documents/GitHub/OSC-Code/Tools/LGTM/ext_JS_src/jquery-3.4.1/package/src/effects/animatedSelector.js (4 ms)
[2020-05-13 17:00:09] [build] Extracting /Users/alexoneill/Documents/GitHub/OSC-Code/Tools/LGTM/ext_JS_src/jquery-3.4.1/package/src/effects/Tween.js
[2020-05-13 17:00:09] [build] Done extracting /Users/alexoneill/Documents/GitHub/OSC-Code/Tools/LGTM/ext_JS_src/jquery-3.4.1/package/src/effects/Tween.js (19 ms)
[2020-05-13 17:00:09] [build] Extracting /Users/alexoneill/Documents/GitHub/OSC-Code/Tools/LGTM/ext_JS_src/jquery-3.4.1/package/src/data/var/dataPriv.js
[2020-05-13 17:00:09] [build] Done extracting /Users/alexoneill/Documents/GitHub/OSC-Code/Tools/LGTM/ext_JS_src/jquery-3.4.1/package/src/data/var/dataPriv.js (4 ms)
[2020-05-13 17:00:09] [build] Extracting /Users/alexoneill/Documents/GitHub/OSC-Code/Tools/LGTM/ext_JS_src/jquery-3.4.1/package/src/data/var/acceptData.js
[2020-05-13 17:00:09] [build] Done extracting /Users/alexoneill/Documents/GitHub/OSC-Code/Tools/LGTM/ext_JS_src/jquery-3.4.1/package/src/data/var/acceptData.js (3 ms)
[2020-05-13 17:00:09] [build] Extracting /Users/alexoneill/Documents/GitHub/OSC-Code/Tools/LGTM/ext_JS_src/jquery-3.4.1/package/src/data/var/dataUser.js
[2020-05-13 17:00:09] [build] Done extracting /Users/alexoneill/Documents/GitHub/OSC-Code/Tools/LGTM/ext_JS_src/jquery-3.4.1/package/src/data/var/dataUser.js (2 ms)
[2020-05-13 17:00:09] [build] Extracting /Users/alexoneill/Documents/GitHub/OSC-Code/Tools/LGTM/ext_JS_src/jquery-3.4.1/package/src/data/Data.js
[2020-05-13 17:00:09] [build] Done extracting /Users/alexoneill/Documents/GitHub/OSC-Code/Tools/LGTM/ext_JS_src/jquery-3.4.1/package/src/data/Data.js (13 ms)
[2020-05-13 17:00:09] [build] Extracting /Users/alexoneill/Documents/GitHub/OSC-Code/Tools/LGTM/ext_JS_src/jquery-3.4.1/package/src/event/alias.js
[2020-05-13 17:00:09] [build] Done extracting /Users/alexoneill/Documents/GitHub/OSC-Code/Tools/LGTM/ext_JS_src/jquery-3.4.1/package/src/event/alias.js (4 ms)
[2020-05-13 17:00:09] [build] Extracting /Users/alexoneill/Documents/GitHub/OSC-Code/Tools/LGTM/ext_JS_src/jquery-3.4.1/package/src/event/support.js
[2020-05-13 17:00:09] [build] Done extracting /Users/alexoneill/Documents/GitHub/OSC-Code/Tools/LGTM/ext_JS_src/jquery-3.4.1/package/src/event/support.js (2 ms)
[2020-05-13 17:00:09] [build] Extracting /Users/alexoneill/Documents/GitHub/OSC-Code/Tools/LGTM/ext_JS_src/jquery-3.4.1/package/src/event/ajax.js
[2020-05-13 17:00:09] [build] Done extracting /Users/alexoneill/Documents/GitHub/OSC-Code/Tools/LGTM/ext_JS_src/jquery-3.4.1/package/src/event/ajax.js (3 ms)
[2020-05-13 17:00:09] [build] Extracting /Users/alexoneill/Documents/GitHub/OSC-Code/Tools/LGTM/ext_JS_src/jquery-3.4.1/package/src/event/trigger.js
[2020-05-13 17:00:09] [build] Done extracting /Users/alexoneill/Documents/GitHub/OSC-Code/Tools/LGTM/ext_JS_src/jquery-3.4.1/package/src/event/trigger.js (24 ms)
[2020-05-13 17:00:09] [build] Extracting /Users/alexoneill/Documents/GitHub/OSC-Code/Tools/LGTM/ext_JS_src/jquery-3.4.1/package/src/event/focusin.js
[2020-05-13 17:00:09] [build] Done extracting /Users/alexoneill/Documents/GitHub/OSC-Code/Tools/LGTM/ext_JS_src/jquery-3.4.1/package/src/event/focusin.js (7 ms)
[2020-05-13 17:00:09] [build] Extracting /Users/alexoneill/Documents/GitHub/OSC-Code/Tools/LGTM/ext_JS_src/jquery-3.4.1/package/src/.eslintrc.json
[2020-05-13 17:00:09] [build] Done extracting /Users/alexoneill/Documents/GitHub/OSC-Code/Tools/LGTM/ext_JS_src/jquery-3.4.1/package/src/.eslintrc.json (2 ms)
[2020-05-13 17:00:09] [build] Extracting /Users/alexoneill/Documents/GitHub/OSC-Code/Tools/LGTM/ext_JS_src/jquery-3.4.1/package/src/ajax/var/rquery.js
[2020-05-13 17:00:09] [build] Done extracting /Users/alexoneill/Documents/GitHub/OSC-Code/Tools/LGTM/ext_JS_src/jquery-3.4.1/package/src/ajax/var/rquery.js (3 ms)
[2020-05-13 17:00:09] [build] Extracting /Users/alexoneill/Documents/GitHub/OSC-Code/Tools/LGTM/ext_JS_src/jquery-3.4.1/package/src/ajax/var/nonce.js
[2020-05-13 17:00:09] [build] Done extracting /Users/alexoneill/Documents/GitHub/OSC-Code/Tools/LGTM/ext_JS_src/jquery-3.4.1/package/src/ajax/var/nonce.js (2 ms)
[2020-05-13 17:00:09] [build] Extracting /Users/alexoneill/Documents/GitHub/OSC-Code/Tools/LGTM/ext_JS_src/jquery-3.4.1/package/src/ajax/var/location.js
[2020-05-13 17:00:09] [build] Done extracting /Users/alexoneill/Documents/GitHub/OSC-Code/Tools/LGTM/ext_JS_src/jquery-3.4.1/package/src/ajax/var/location.js (3 ms)
[2020-05-13 17:00:09] [build] Extracting /Users/alexoneill/Documents/GitHub/OSC-Code/Tools/LGTM/ext_JS_src/jquery-3.4.1/package/src/ajax/script.js
[2020-05-13 17:00:09] [build] Done extracting /Users/alexoneill/Documents/GitHub/OSC-Code/Tools/LGTM/ext_JS_src/jquery-3.4.1/package/src/ajax/script.js (9 ms)
[2020-05-13 17:00:09] [build] Extracting /Users/alexoneill/Documents/GitHub/OSC-Code/Tools/LGTM/ext_JS_src/jquery-3.4.1/package/src/ajax/load.js
[2020-05-13 17:00:09] [build] Done extracting /Users/alexoneill/Documents/GitHub/OSC-Code/Tools/LGTM/ext_JS_src/jquery-3.4.1/package/src/ajax/load.js (23 ms)
[2020-05-13 17:00:09] [build] Extracting /Users/alexoneill/Documents/GitHub/OSC-Code/Tools/LGTM/ext_JS_src/jquery-3.4.1/package/src/ajax/parseXML.js
[2020-05-13 17:00:09] [build] Done extracting /Users/alexoneill/Documents/GitHub/OSC-Code/Tools/LGTM/ext_JS_src/jquery-3.4.1/package/src/ajax/parseXML.js (5 ms)
[2020-05-13 17:00:09] [build] Extracting /Users/alexoneill/Documents/GitHub/OSC-Code/Tools/LGTM/ext_JS_src/jquery-3.4.1/package/src/ajax/xhr.js
[2020-05-13 17:00:09] [build] Done extracting /Users/alexoneill/Documents/GitHub/OSC-Code/Tools/LGTM/ext_JS_src/jquery-3.4.1/package/src/ajax/xhr.js (18 ms)
[2020-05-13 17:00:09] [build] Extracting /Users/alexoneill/Documents/GitHub/OSC-Code/Tools/LGTM/ext_JS_src/jquery-3.4.1/package/src/ajax/jsonp.js
[2020-05-13 17:00:09] [build] Done extracting /Users/alexoneill/Documents/GitHub/OSC-Code/Tools/LGTM/ext_JS_src/jquery-3.4.1/package/src/ajax/jsonp.js (14 ms)
[2020-05-13 17:00:09] [build] Extracting /Users/alexoneill/Documents/GitHub/OSC-Code/Tools/LGTM/ext_JS_src/jquery-3.4.1/package/src/callbacks.js
[2020-05-13 17:00:09] [build] Done extracting /Users/alexoneill/Documents/GitHub/OSC-Code/Tools/LGTM/ext_JS_src/jquery-3.4.1/package/src/callbacks.js (18 ms)
[2020-05-13 17:00:09] [build] Extracting /Users/alexoneill/Documents/GitHub/OSC-Code/Tools/LGTM/ext_JS_src/jquery-3.4.1/package/src/jquery.js
[2020-05-13 17:00:09] [build] Done extracting /Users/alexoneill/Documents/GitHub/OSC-Code/Tools/LGTM/ext_JS_src/jquery-3.4.1/package/src/jquery.js (5 ms)
[2020-05-13 17:00:09] [build-err] No externs trap cache found
[2020-05-13 17:00:09] [build] Extracting /Users/alexoneill/Documents/GitHub/OSC-Code/Tools/LGTM/codeql/javascript/tools/data/externs/nodejs/constants.js
[2020-05-13 17:00:09] [build] Done extracting /Users/alexoneill/Documents/GitHub/OSC-Code/Tools/LGTM/codeql/javascript/tools/data/externs/nodejs/constants.js (160 ms)
[2020-05-13 17:00:09] [build] Extracting /Users/alexoneill/Documents/GitHub/OSC-Code/Tools/LGTM/codeql/javascript/tools/data/externs/nodejs/net.js
[2020-05-13 17:00:09] [build] Done extracting /Users/alexoneill/Documents/GitHub/OSC-Code/Tools/LGTM/codeql/javascript/tools/data/externs/nodejs/net.js (56 ms)
[2020-05-13 17:00:09] [build] Extracting /Users/alexoneill/Documents/GitHub/OSC-Code/Tools/LGTM/codeql/javascript/tools/data/externs/nodejs/globals.js
[2020-05-13 17:00:09] [build] Done extracting /Users/alexoneill/Documents/GitHub/OSC-Code/Tools/LGTM/codeql/javascript/tools/data/externs/nodejs/globals.js (148 ms)
[2020-05-13 17:00:09] [build] Extracting /Users/alexoneill/Documents/GitHub/OSC-Code/Tools/LGTM/codeql/javascript/tools/data/externs/nodejs/events.js
[2020-05-13 17:00:09] [build] Done extracting /Users/alexoneill/Documents/GitHub/OSC-Code/Tools/LGTM/codeql/javascript/tools/data/externs/nodejs/events.js (13 ms)
[2020-05-13 17:00:09] [build] Extracting /Users/alexoneill/Documents/GitHub/OSC-Code/Tools/LGTM/codeql/javascript/tools/data/externs/nodejs/repl.js
[2020-05-13 17:00:09] [build] Done extracting /Users/alexoneill/Documents/GitHub/OSC-Code/Tools/LGTM/codeql/javascript/tools/data/externs/nodejs/repl.js (15 ms)
[2020-05-13 17:00:09] [build] Extracting /Users/alexoneill/Documents/GitHub/OSC-Code/Tools/LGTM/codeql/javascript/tools/data/externs/nodejs/util.js
[2020-05-13 17:00:09] [build] Done extracting /Users/alexoneill/Documents/GitHub/OSC-Code/Tools/LGTM/codeql/javascript/tools/data/externs/nodejs/util.js (43 ms)
[2020-05-13 17:00:09] [build] Extracting /Users/alexoneill/Documents/GitHub/OSC-Code/Tools/LGTM/codeql/javascript/tools/data/externs/nodejs/dgram.js
[2020-05-13 17:00:09] [build] Done extracting /Users/alexoneill/Documents/GitHub/OSC-Code/Tools/LGTM/codeql/javascript/tools/data/externs/nodejs/dgram.js (42 ms)
[2020-05-13 17:00:09] [build] Extracting /Users/alexoneill/Documents/GitHub/OSC-Code/Tools/LGTM/codeql/javascript/tools/data/externs/nodejs/vm.js
[2020-05-13 17:00:09] [build] Done extracting /Users/alexoneill/Documents/GitHub/OSC-Code/Tools/LGTM/codeql/javascript/tools/data/externs/nodejs/vm.js (16 ms)
[2020-05-13 17:00:09] [build] Extracting /Users/alexoneill/Documents/GitHub/OSC-Code/Tools/LGTM/codeql/javascript/tools/data/externs/nodejs/stream.js
[2020-05-13 17:00:10] [build] Done extracting /Users/alexoneill/Documents/GitHub/OSC-Code/Tools/LGTM/codeql/javascript/tools/data/externs/nodejs/stream.js (67 ms)
[2020-05-13 17:00:10] [build] Extracting /Users/alexoneill/Documents/GitHub/OSC-Code/Tools/LGTM/codeql/javascript/tools/data/externs/nodejs/child_process.js
[2020-05-13 17:00:10] [build] Done extracting /Users/alexoneill/Documents/GitHub/OSC-Code/Tools/LGTM/codeql/javascript/tools/data/externs/nodejs/child_process.js (60 ms)
[2020-05-13 17:00:10] [build] Extracting /Users/alexoneill/Documents/GitHub/OSC-Code/Tools/LGTM/codeql/javascript/tools/data/externs/nodejs/assert.js
[2020-05-13 17:00:10] [build] Done extracting /Users/alexoneill/Documents/GitHub/OSC-Code/Tools/LGTM/codeql/javascript/tools/data/externs/nodejs/assert.js (12 ms)
[2020-05-13 17:00:10] [build] Extracting /Users/alexoneill/Documents/GitHub/OSC-Code/Tools/LGTM/codeql/javascript/tools/data/externs/nodejs/os.js
[2020-05-13 17:00:10] [build] Done extracting /Users/alexoneill/Documents/GitHub/OSC-Code/Tools/LGTM/codeql/javascript/tools/data/externs/nodejs/os.js (21 ms)
[2020-05-13 17:00:10] [build] Extracting /Users/alexoneill/Documents/GitHub/OSC-Code/Tools/LGTM/codeql/javascript/tools/data/externs/nodejs/console.js
[2020-05-13 17:00:10] [build] Done extracting /Users/alexoneill/Documents/GitHub/OSC-Code/Tools/LGTM/codeql/javascript/tools/data/externs/nodejs/console.js (2 ms)
[2020-05-13 17:00:10] [build] Extracting /Users/alexoneill/Documents/GitHub/OSC-Code/Tools/LGTM/codeql/javascript/tools/data/externs/nodejs/readline.js
[2020-05-13 17:00:10] [build] Done extracting /Users/alexoneill/Documents/GitHub/OSC-Code/Tools/LGTM/codeql/javascript/tools/data/externs/nodejs/readline.js (16 ms)
[2020-05-13 17:00:10] [build] Extracting /Users/alexoneill/Documents/GitHub/OSC-Code/Tools/LGTM/codeql/javascript/tools/data/externs/nodejs/punycode.js
[2020-05-13 17:00:10] [build] Done extracting /Users/alexoneill/Documents/GitHub/OSC-Code/Tools/LGTM/codeql/javascript/tools/data/externs/nodejs/punycode.js (7 ms)
[2020-05-13 17:00:10] [build] Extracting /Users/alexoneill/Documents/GitHub/OSC-Code/Tools/LGTM/codeql/javascript/tools/data/externs/nodejs/https.js
[2020-05-13 17:00:10] [build] Done extracting /Users/alexoneill/Documents/GitHub/OSC-Code/Tools/LGTM/codeql/javascript/tools/data/externs/nodejs/https.js (21 ms)
[2020-05-13 17:00:10] [build] Extracting /Users/alexoneill/Documents/GitHub/OSC-Code/Tools/LGTM/codeql/javascript/tools/data/externs/nodejs/domain.js
[2020-05-13 17:00:10] [build] Done extracting /Users/alexoneill/Documents/GitHub/OSC-Code/Tools/LGTM/codeql/javascript/tools/data/externs/nodejs/domain.js (24 ms)
[2020-05-13 17:00:10] [build] Extracting /Users/alexoneill/Documents/GitHub/OSC-Code/Tools/LGTM/codeql/javascript/tools/data/externs/nodejs/dns.js
[2020-05-13 17:00:10] [build] Done extracting /Users/alexoneill/Documents/GitHub/OSC-Code/Tools/LGTM/codeql/javascript/tools/data/externs/nodejs/dns.js (26 ms)
[2020-05-13 17:00:10] [build] Extracting /Users/alexoneill/Documents/GitHub/OSC-Code/Tools/LGTM/codeql/javascript/tools/data/externs/nodejs/assert_legacy.js
[2020-05-13 17:00:10] [build] Done extracting /Users/alexoneill/Documents/GitHub/OSC-Code/Tools/LGTM/codeql/javascript/tools/data/externs/nodejs/assert_legacy.js (2 ms)
[2020-05-13 17:00:10] [build] Extracting /Users/alexoneill/Documents/GitHub/OSC-Code/Tools/LGTM/codeql/javascript/tools/data/externs/nodejs/tty.js
[2020-05-13 17:00:10] [build] Done extracting /Users/alexoneill/Documents/GitHub/OSC-Code/Tools/LGTM/codeql/javascript/tools/data/externs/nodejs/tty.js (7 ms)
[2020-05-13 17:00:10] [build] Extracting /Users/alexoneill/Documents/GitHub/OSC-Code/Tools/LGTM/codeql/javascript/tools/data/externs/nodejs/timers.js
[2020-05-13 17:00:10] [build] Done extracting /Users/alexoneill/Documents/GitHub/OSC-Code/Tools/LGTM/codeql/javascript/tools/data/externs/nodejs/timers.js (8 ms)
[2020-05-13 17:00:10] [build] Extracting /Users/alexoneill/Documents/GitHub/OSC-Code/Tools/LGTM/codeql/javascript/tools/data/externs/nodejs/querystring.js
[2020-05-13 17:00:10] [build] Done extracting /Users/alexoneill/Documents/GitHub/OSC-Code/Tools/LGTM/codeql/javascript/tools/data/externs/nodejs/querystring.js (9 ms)
[2020-05-13 17:00:10] [build] Extracting /Users/alexoneill/Documents/GitHub/OSC-Code/Tools/LGTM/codeql/javascript/tools/data/externs/nodejs/module.js
[2020-05-13 17:00:10] [build] Done extracting /Users/alexoneill/Documents/GitHub/OSC-Code/Tools/LGTM/codeql/javascript/tools/data/externs/nodejs/module.js (6 ms)
[2020-05-13 17:00:10] [build] Extracting /Users/alexoneill/Documents/GitHub/OSC-Code/Tools/LGTM/codeql/javascript/tools/data/externs/nodejs/sys.js
[2020-05-13 17:00:10] [build] Done extracting /Users/alexoneill/Documents/GitHub/OSC-Code/Tools/LGTM/codeql/javascript/tools/data/externs/nodejs/sys.js (2 ms)
[2020-05-13 17:00:10] [build] Extracting /Users/alexoneill/Documents/GitHub/OSC-Code/Tools/LGTM/codeql/javascript/tools/data/externs/nodejs/path.js
[2020-05-13 17:00:10] [build] Done extracting /Users/alexoneill/Documents/GitHub/OSC-Code/Tools/LGTM/codeql/javascript/tools/data/externs/nodejs/path.js (21 ms)
[2020-05-13 17:00:10] [build] Extracting /Users/alexoneill/Documents/GitHub/OSC-Code/Tools/LGTM/codeql/javascript/tools/data/externs/nodejs/string_decoder.js
[2020-05-13 17:00:10] [build] Done extracting /Users/alexoneill/Documents/GitHub/OSC-Code/Tools/LGTM/codeql/javascript/tools/data/externs/nodejs/string_decoder.js (5 ms)
[2020-05-13 17:00:10] [build] Extracting /Users/alexoneill/Documents/GitHub/OSC-Code/Tools/LGTM/codeql/javascript/tools/data/externs/nodejs/cluster.js
[2020-05-13 17:00:10] [build] Done extracting /Users/alexoneill/Documents/GitHub/OSC-Code/Tools/LGTM/codeql/javascript/tools/data/externs/nodejs/cluster.js (73 ms)
[2020-05-13 17:00:10] [build] Extracting /Users/alexoneill/Documents/GitHub/OSC-Code/Tools/LGTM/codeql/javascript/tools/data/externs/nodejs/v8.js
[2020-05-13 17:00:10] [build] Done extracting /Users/alexoneill/Documents/GitHub/OSC-Code/Tools/LGTM/codeql/javascript/tools/data/externs/nodejs/v8.js (5 ms)
[2020-05-13 17:00:10] [build] Extracting /Users/alexoneill/Documents/GitHub/OSC-Code/Tools/LGTM/codeql/javascript/tools/data/externs/nodejs/crypto.js
[2020-05-13 17:00:10] [build] Done extracting /Users/alexoneill/Documents/GitHub/OSC-Code/Tools/LGTM/codeql/javascript/tools/data/externs/nodejs/crypto.js (78 ms)
[2020-05-13 17:00:10] [build] Extracting /Users/alexoneill/Documents/GitHub/OSC-Code/Tools/LGTM/codeql/javascript/tools/data/externs/nodejs/zlib.js
[2020-05-13 17:00:10] [build] Done extracting /Users/alexoneill/Documents/GitHub/OSC-Code/Tools/LGTM/codeql/javascript/tools/data/externs/nodejs/zlib.js (32 ms)
[2020-05-13 17:00:10] [build] Extracting /Users/alexoneill/Documents/GitHub/OSC-Code/Tools/LGTM/codeql/javascript/tools/data/externs/nodejs/url.js
[2020-05-13 17:00:10] [build] Done extracting /Users/alexoneill/Documents/GitHub/OSC-Code/Tools/LGTM/codeql/javascript/tools/data/externs/nodejs/url.js (6 ms)
[2020-05-13 17:00:10] [build] Extracting /Users/alexoneill/Documents/GitHub/OSC-Code/Tools/LGTM/codeql/javascript/tools/data/externs/nodejs/tls.js
[2020-05-13 17:00:10] [build] Done extracting /Users/alexoneill/Documents/GitHub/OSC-Code/Tools/LGTM/codeql/javascript/tools/data/externs/nodejs/tls.js (39 ms)
[2020-05-13 17:00:10] [build] Extracting /Users/alexoneill/Documents/GitHub/OSC-Code/Tools/LGTM/codeql/javascript/tools/data/externs/nodejs/process.js
[2020-05-13 17:00:10] [build] Done extracting /Users/alexoneill/Documents/GitHub/OSC-Code/Tools/LGTM/codeql/javascript/tools/data/externs/nodejs/process.js (2 ms)
[2020-05-13 17:00:10] [build] Extracting /Users/alexoneill/Documents/GitHub/OSC-Code/Tools/LGTM/codeql/javascript/tools/data/externs/nodejs/http.js
[2020-05-13 17:00:10] [build] Done extracting /Users/alexoneill/Documents/GitHub/OSC-Code/Tools/LGTM/codeql/javascript/tools/data/externs/nodejs/http.js (37 ms)
[2020-05-13 17:00:10] [build] Extracting /Users/alexoneill/Documents/GitHub/OSC-Code/Tools/LGTM/codeql/javascript/tools/data/externs/nodejs/buffer.js
[2020-05-13 17:00:10] [build] Done extracting /Users/alexoneill/Documents/GitHub/OSC-Code/Tools/LGTM/codeql/javascript/tools/data/externs/nodejs/buffer.js (10 ms)
[2020-05-13 17:00:10] [build] Extracting /Users/alexoneill/Documents/GitHub/OSC-Code/Tools/LGTM/codeql/javascript/tools/data/externs/nodejs/fs.js
[2020-05-13 17:00:10] [build] Done extracting /Users/alexoneill/Documents/GitHub/OSC-Code/Tools/LGTM/codeql/javascript/tools/data/externs/nodejs/fs.js (154 ms)
[2020-05-13 17:00:10] [build] Extracting /Users/alexoneill/Documents/GitHub/OSC-Code/Tools/LGTM/codeql/javascript/tools/data/externs/web/ie_dom.js
[2020-05-13 17:00:10] [build] Done extracting /Users/alexoneill/Documents/GitHub/OSC-Code/Tools/LGTM/codeql/javascript/tools/data/externs/web/ie_dom.js (65 ms)
[2020-05-13 17:00:10] [build] Extracting /Users/alexoneill/Documents/GitHub/OSC-Code/Tools/LGTM/codeql/javascript/tools/data/externs/web/mediasource.js
[2020-05-13 17:00:10] [build] Done extracting /Users/alexoneill/Documents/GitHub/OSC-Code/Tools/LGTM/codeql/javascript/tools/data/externs/web/mediasource.js (10 ms)
[2020-05-13 17:00:10] [build] Extracting /Users/alexoneill/Documents/GitHub/OSC-Code/Tools/LGTM/codeql/javascript/tools/data/externs/web/html5.js
[2020-05-13 17:00:11] [build] Done extracting /Users/alexoneill/Documents/GitHub/OSC-Code/Tools/LGTM/codeql/javascript/tools/data/externs/web/html5.js (261 ms)
[2020-05-13 17:00:11] [build] Extracting /Users/alexoneill/Documents/GitHub/OSC-Code/Tools/LGTM/codeql/javascript/tools/data/externs/web/w3c_anim_timing.js
[2020-05-13 17:00:11] [build] Done extracting /Users/alexoneill/Documents/GitHub/OSC-Code/Tools/LGTM/codeql/javascript/tools/data/externs/web/w3c_anim_timing.js (6 ms)
[2020-05-13 17:00:11] [build] Extracting /Users/alexoneill/Documents/GitHub/OSC-Code/Tools/LGTM/codeql/javascript/tools/data/externs/web/w3c_dom3.js
[2020-05-13 17:00:11] [build] Done extracting /Users/alexoneill/Documents/GitHub/OSC-Code/Tools/LGTM/codeql/javascript/tools/data/externs/web/w3c_dom3.js (41 ms)
[2020-05-13 17:00:11] [build] Extracting /Users/alexoneill/Documents/GitHub/OSC-Code/Tools/LGTM/codeql/javascript/tools/data/externs/web/fetchapi.js
[2020-05-13 17:00:11] [build] Done extracting /Users/alexoneill/Documents/GitHub/OSC-Code/Tools/LGTM/codeql/javascript/tools/data/externs/web/fetchapi.js (29 ms)
[2020-05-13 17:00:11] [build] Extracting /Users/alexoneill/Documents/GitHub/OSC-Code/Tools/LGTM/codeql/javascript/tools/data/externs/web/streamsapi.js
[2020-05-13 17:00:11] [build] Done extracting /Users/alexoneill/Documents/GitHub/OSC-Code/Tools/LGTM/codeql/javascript/tools/data/externs/web/streamsapi.js (29 ms)
[2020-05-13 17:00:11] [build] Extracting /Users/alexoneill/Documents/GitHub/OSC-Code/Tools/LGTM/codeql/javascript/tools/data/externs/web/fileapi.js
[2020-05-13 17:00:11] [build] Done extracting /Users/alexoneill/Documents/GitHub/OSC-Code/Tools/LGTM/codeql/javascript/tools/data/externs/web/fileapi.js (51 ms)
[2020-05-13 17:00:11] [build] Extracting /Users/alexoneill/Documents/GitHub/OSC-Code/Tools/LGTM/codeql/javascript/tools/data/externs/web/w3c_navigation_timing.js
[2020-05-13 17:00:11] [build] Done extracting /Users/alexoneill/Documents/GitHub/OSC-Code/Tools/LGTM/codeql/javascript/tools/data/externs/web/w3c_navigation_timing.js (16 ms)
[2020-05-13 17:00:11] [build] Extracting /Users/alexoneill/Documents/GitHub/OSC-Code/Tools/LGTM/codeql/javascript/tools/data/externs/web/w3c_range.js
[2020-05-13 17:00:11] [build] Done extracting /Users/alexoneill/Documents/GitHub/OSC-Code/Tools/LGTM/codeql/javascript/tools/data/externs/web/w3c_range.js (15 ms)
[2020-05-13 17:00:11] [build] Extracting /Users/alexoneill/Documents/GitHub/OSC-Code/Tools/LGTM/codeql/javascript/tools/data/externs/web/w3c_indexeddb.js
[2020-05-13 17:00:11] [build] Done extracting /Users/alexoneill/Documents/GitHub/OSC-Code/Tools/LGTM/codeql/javascript/tools/data/externs/web/w3c_indexeddb.js (41 ms)
[2020-05-13 17:00:11] [build] Extracting /Users/alexoneill/Documents/GitHub/OSC-Code/Tools/LGTM/codeql/javascript/tools/data/externs/web/w3c_dom2.js
[2020-05-13 17:00:11] [build] Done extracting /Users/alexoneill/Documents/GitHub/OSC-Code/Tools/LGTM/codeql/javascript/tools/data/externs/web/w3c_dom2.js (126 ms)
[2020-05-13 17:00:11] [build] Extracting /Users/alexoneill/Documents/GitHub/OSC-Code/Tools/LGTM/codeql/javascript/tools/data/externs/web/w3c_elementtraversal.js
[2020-05-13 17:00:11] [build] Done extracting /Users/alexoneill/Documents/GitHub/OSC-Code/Tools/LGTM/codeql/javascript/tools/data/externs/web/w3c_elementtraversal.js (4 ms)
[2020-05-13 17:00:11] [build] Extracting /Users/alexoneill/Documents/GitHub/OSC-Code/Tools/LGTM/codeql/javascript/tools/data/externs/web/w3c_webcrypto.js
[2020-05-13 17:00:11] [build] Done extracting /Users/alexoneill/Documents/GitHub/OSC-Code/Tools/LGTM/codeql/javascript/tools/data/externs/web/w3c_webcrypto.js (23 ms)
[2020-05-13 17:00:11] [build] Extracting /Users/alexoneill/Documents/GitHub/OSC-Code/Tools/LGTM/codeql/javascript/tools/data/externs/web/ie_vml.js
[2020-05-13 17:00:11] [build] Done extracting /Users/alexoneill/Documents/GitHub/OSC-Code/Tools/LGTM/codeql/javascript/tools/data/externs/web/ie_vml.js (3 ms)
[2020-05-13 17:00:11] [build] Extracting /Users/alexoneill/Documents/GitHub/OSC-Code/Tools/LGTM/codeql/javascript/tools/data/externs/web/intl.js
[2020-05-13 17:00:11] [build] Done extracting /Users/alexoneill/Documents/GitHub/OSC-Code/Tools/LGTM/codeql/javascript/tools/data/externs/web/intl.js (11 ms)
[2020-05-13 17:00:11] [build] Extracting /Users/alexoneill/Documents/GitHub/OSC-Code/Tools/LGTM/codeql/javascript/tools/data/externs/web/w3c_rtc.js
[2020-05-13 17:00:11] [build] Done extracting /Users/alexoneill/Documents/GitHub/OSC-Code/Tools/LGTM/codeql/javascript/tools/data/externs/web/w3c_rtc.js (107 ms)
[2020-05-13 17:00:11] [build] Extracting /Users/alexoneill/Documents/GitHub/OSC-Code/Tools/LGTM/codeql/javascript/tools/data/externs/web/w3c_requestidlecallback.js
[2020-05-13 17:00:11] [build] Done extracting /Users/alexoneill/Documents/GitHub/OSC-Code/Tools/LGTM/codeql/javascript/tools/data/externs/web/w3c_requestidlecallback.js (3 ms)
[2020-05-13 17:00:11] [build] Extracting /Users/alexoneill/Documents/GitHub/OSC-Code/Tools/LGTM/codeql/javascript/tools/data/externs/web/w3c_geolocation.js
[2020-05-13 17:00:11] [build] Done extracting /Users/alexoneill/Documents/GitHub/OSC-Code/Tools/LGTM/codeql/javascript/tools/data/externs/web/w3c_geolocation.js (6 ms)
[2020-05-13 17:00:11] [build] Extracting /Users/alexoneill/Documents/GitHub/OSC-Code/Tools/LGTM/codeql/javascript/tools/data/externs/web/webstorage.js
[2020-05-13 17:00:11] [build] Done extracting /Users/alexoneill/Documents/GitHub/OSC-Code/Tools/LGTM/codeql/javascript/tools/data/externs/web/webstorage.js (6 ms)
[2020-05-13 17:00:11] [build] Extracting /Users/alexoneill/Documents/GitHub/OSC-Code/Tools/LGTM/codeql/javascript/tools/data/externs/web/webkit_usercontent.js
[2020-05-13 17:00:11] [build] Done extracting /Users/alexoneill/Documents/GitHub/OSC-Code/Tools/LGTM/codeql/javascript/tools/data/externs/web/webkit_usercontent.js (2 ms)
[2020-05-13 17:00:11] [build] Extracting /Users/alexoneill/Documents/GitHub/OSC-Code/Tools/LGTM/codeql/javascript/tools/data/externs/web/window.js
[2020-05-13 17:00:11] [build] Done extracting /Users/alexoneill/Documents/GitHub/OSC-Code/Tools/LGTM/codeql/javascript/tools/data/externs/web/window.js (7 ms)
[2020-05-13 17:00:11] [build] Extracting /Users/alexoneill/Documents/GitHub/OSC-Code/Tools/LGTM/codeql/javascript/tools/data/externs/web/page_visibility.js
[2020-05-13 17:00:11] [build] Done extracting /Users/alexoneill/Documents/GitHub/OSC-Code/Tools/LGTM/codeql/javascript/tools/data/externs/web/page_visibility.js (1 ms)
[2020-05-13 17:00:11] [build] Extracting /Users/alexoneill/Documents/GitHub/OSC-Code/Tools/LGTM/codeql/javascript/tools/data/externs/web/webgl.js
[2020-05-13 17:00:11] [build] Done extracting /Users/alexoneill/Documents/GitHub/OSC-Code/Tools/LGTM/codeql/javascript/tools/data/externs/web/webgl.js (178 ms)
[2020-05-13 17:00:11] [build] Extracting /Users/alexoneill/Documents/GitHub/OSC-Code/Tools/LGTM/codeql/javascript/tools/data/externs/web/w3c_touch_event.js
[2020-05-13 17:00:11] [build] Done extracting /Users/alexoneill/Documents/GitHub/OSC-Code/Tools/LGTM/codeql/javascript/tools/data/externs/web/w3c_touch_event.js (13 ms)
[2020-05-13 17:00:11] [build] Extracting /Users/alexoneill/Documents/GitHub/OSC-Code/Tools/LGTM/codeql/javascript/tools/data/externs/web/w3c_event.js
[2020-05-13 17:00:11] [build] Done extracting /Users/alexoneill/Documents/GitHub/OSC-Code/Tools/LGTM/codeql/javascript/tools/data/externs/web/w3c_event.js (32 ms)
[2020-05-13 17:00:11] [build] Extracting /Users/alexoneill/Documents/GitHub/OSC-Code/Tools/LGTM/codeql/javascript/tools/data/externs/web/whatwg_encoding.js
[2020-05-13 17:00:11] [build] Done extracting /Users/alexoneill/Documents/GitHub/OSC-Code/Tools/LGTM/codeql/javascript/tools/data/externs/web/whatwg_encoding.js (3 ms)
[2020-05-13 17:00:11] [build] Extracting /Users/alexoneill/Documents/GitHub/OSC-Code/Tools/LGTM/codeql/javascript/tools/data/externs/web/w3c_event3.js
[2020-05-13 17:00:11] [build] Done extracting /Users/alexoneill/Documents/GitHub/OSC-Code/Tools/LGTM/codeql/javascript/tools/data/externs/web/w3c_event3.js (4 ms)
[2020-05-13 17:00:11] [build] Extracting /Users/alexoneill/Documents/GitHub/OSC-Code/Tools/LGTM/codeql/javascript/tools/data/externs/web/gecko_xml.js
[2020-05-13 17:00:11] [build] Done extracting /Users/alexoneill/Documents/GitHub/OSC-Code/Tools/LGTM/codeql/javascript/tools/data/externs/web/gecko_xml.js (3 ms)
[2020-05-13 17:00:11] [build] Extracting /Users/alexoneill/Documents/GitHub/OSC-Code/Tools/LGTM/codeql/javascript/tools/data/externs/web/ie_event.js
[2020-05-13 17:00:11] [build] Done extracting /Users/alexoneill/Documents/GitHub/OSC-Code/Tools/LGTM/codeql/javascript/tools/data/externs/web/ie_event.js (16 ms)
[2020-05-13 17:00:11] [build] Extracting /Users/alexoneill/Documents/GitHub/OSC-Code/Tools/LGTM/codeql/javascript/tools/data/externs/web/w3c_css.js
[2020-05-13 17:00:11] [build] Done extracting /Users/alexoneill/Documents/GitHub/OSC-Code/Tools/LGTM/codeql/javascript/tools/data/externs/web/w3c_css.js (115 ms)
[2020-05-13 17:00:11] [build] Extracting /Users/alexoneill/Documents/GitHub/OSC-Code/Tools/LGTM/codeql/javascript/tools/data/externs/web/ie_css.js
[2020-05-13 17:00:12] [build] Done extracting /Users/alexoneill/Documents/GitHub/OSC-Code/Tools/LGTM/codeql/javascript/tools/data/externs/web/ie_css.js (12 ms)
[2020-05-13 17:00:12] [build] Extracting /Users/alexoneill/Documents/GitHub/OSC-Code/Tools/LGTM/codeql/javascript/tools/data/externs/web/webkit_css.js
[2020-05-13 17:00:12] [build] Done extracting /Users/alexoneill/Documents/GitHub/OSC-Code/Tools/LGTM/codeql/javascript/tools/data/externs/web/webkit_css.js (72 ms)
[2020-05-13 17:00:12] [build] Extracting /Users/alexoneill/Documents/GitHub/OSC-Code/Tools/LGTM/codeql/javascript/tools/data/externs/web/w3c_xml.js
[2020-05-13 17:00:12] [build] Done extracting /Users/alexoneill/Documents/GitHub/OSC-Code/Tools/LGTM/codeql/javascript/tools/data/externs/web/w3c_xml.js (18 ms)
[2020-05-13 17:00:12] [build] Extracting /Users/alexoneill/Documents/GitHub/OSC-Code/Tools/LGTM/codeql/javascript/tools/data/externs/web/gecko_css.js
[2020-05-13 17:00:12] [build] Done extracting /Users/alexoneill/Documents/GitHub/OSC-Code/Tools/LGTM/codeql/javascript/tools/data/externs/web/gecko_css.js (13 ms)
[2020-05-13 17:00:12] [build] Extracting /Users/alexoneill/Documents/GitHub/OSC-Code/Tools/LGTM/codeql/javascript/tools/data/externs/web/iphone.js
[2020-05-13 17:00:12] [build] Done extracting /Users/alexoneill/Documents/GitHub/OSC-Code/Tools/LGTM/codeql/javascript/tools/data/externs/web/iphone.js (9 ms)
[2020-05-13 17:00:12] [build] Extracting /Users/alexoneill/Documents/GitHub/OSC-Code/Tools/LGTM/codeql/javascript/tools/data/externs/web/w3c_selectors.js
[2020-05-13 17:00:12] [build] Done extracting /Users/alexoneill/Documents/GitHub/OSC-Code/Tools/LGTM/codeql/javascript/tools/data/externs/web/w3c_selectors.js (7 ms)
[2020-05-13 17:00:12] [build] Extracting /Users/alexoneill/Documents/GitHub/OSC-Code/Tools/LGTM/codeql/javascript/tools/data/externs/web/chrome.js
[2020-05-13 17:00:12] [build] Done extracting /Users/alexoneill/Documents/GitHub/OSC-Code/Tools/LGTM/codeql/javascript/tools/data/externs/web/chrome.js (47 ms)
[2020-05-13 17:00:12] [build] Extracting /Users/alexoneill/Documents/GitHub/OSC-Code/Tools/LGTM/codeql/javascript/tools/data/externs/web/w3c_batterystatus.js
[2020-05-13 17:00:12] [build] Done extracting /Users/alexoneill/Documents/GitHub/OSC-Code/Tools/LGTM/codeql/javascript/tools/data/externs/web/w3c_batterystatus.js (4 ms)
[2020-05-13 17:00:12] [build] Extracting /Users/alexoneill/Documents/GitHub/OSC-Code/Tools/LGTM/codeql/javascript/tools/data/externs/web/webkit_notifications.js
[2020-05-13 17:00:12] [build] Done extracting /Users/alexoneill/Documents/GitHub/OSC-Code/Tools/LGTM/codeql/javascript/tools/data/externs/web/webkit_notifications.js (12 ms)
[2020-05-13 17:00:12] [build] Extracting /Users/alexoneill/Documents/GitHub/OSC-Code/Tools/LGTM/codeql/javascript/tools/data/externs/web/w3c_screen_orientation.js
[2020-05-13 17:00:12] [build] Done extracting /Users/alexoneill/Documents/GitHub/OSC-Code/Tools/LGTM/codeql/javascript/tools/data/externs/web/w3c_screen_orientation.js (3 ms)
[2020-05-13 17:00:12] [build] Extracting /Users/alexoneill/Documents/GitHub/OSC-Code/Tools/LGTM/codeql/javascript/tools/data/externs/web/w3c_midi.js
[2020-05-13 17:00:12] [build] Done extracting /Users/alexoneill/Documents/GitHub/OSC-Code/Tools/LGTM/codeql/javascript/tools/data/externs/web/w3c_midi.js (12 ms)
[2020-05-13 17:00:12] [build] Extracting /Users/alexoneill/Documents/GitHub/OSC-Code/Tools/LGTM/codeql/javascript/tools/data/externs/web/w3c_serviceworker.js
[2020-05-13 17:00:12] [build] Done extracting /Users/alexoneill/Documents/GitHub/OSC-Code/Tools/LGTM/codeql/javascript/tools/data/externs/web/w3c_serviceworker.js (38 ms)
[2020-05-13 17:00:12] [build] Extracting /Users/alexoneill/Documents/GitHub/OSC-Code/Tools/LGTM/codeql/javascript/tools/data/externs/web/w3c_device_sensor_event.js
[2020-05-13 17:00:12] [build] Done extracting /Users/alexoneill/Documents/GitHub/OSC-Code/Tools/LGTM/codeql/javascript/tools/data/externs/web/w3c_device_sensor_event.js (5 ms)
[2020-05-13 17:00:12] [build] Extracting /Users/alexoneill/Documents/GitHub/OSC-Code/Tools/LGTM/codeql/javascript/tools/data/externs/web/webkit_event.js
[2020-05-13 17:00:12] [build] Done extracting /Users/alexoneill/Documents/GitHub/OSC-Code/Tools/LGTM/codeql/javascript/tools/data/externs/web/webkit_event.js (2 ms)
[2020-05-13 17:00:12] [build] Extracting /Users/alexoneill/Documents/GitHub/OSC-Code/Tools/LGTM/codeql/javascript/tools/data/externs/web/w3c_permissions.js
[2020-05-13 17:00:12] [build] Done extracting /Users/alexoneill/Documents/GitHub/OSC-Code/Tools/LGTM/codeql/javascript/tools/data/externs/web/w3c_permissions.js (5 ms)
[2020-05-13 17:00:12] [build] Extracting /Users/alexoneill/Documents/GitHub/OSC-Code/Tools/LGTM/codeql/javascript/tools/data/externs/web/w3c_gamepad.js
[2020-05-13 17:00:12] [build] Done extracting /Users/alexoneill/Documents/GitHub/OSC-Code/Tools/LGTM/codeql/javascript/tools/data/externs/web/w3c_gamepad.js (4 ms)
[2020-05-13 17:00:12] [build] Extracting /Users/alexoneill/Documents/GitHub/OSC-Code/Tools/LGTM/codeql/javascript/tools/data/externs/web/w3c_dom1.js
[2020-05-13 17:00:12] [build] Done extracting /Users/alexoneill/Documents/GitHub/OSC-Code/Tools/LGTM/codeql/javascript/tools/data/externs/web/w3c_dom1.js (50 ms)
[2020-05-13 17:00:12] [build] Extracting /Users/alexoneill/Documents/GitHub/OSC-Code/Tools/LGTM/codeql/javascript/tools/data/externs/web/url.js
[2020-05-13 17:00:12] [build] Done extracting /Users/alexoneill/Documents/GitHub/OSC-Code/Tools/LGTM/codeql/javascript/tools/data/externs/web/url.js (8 ms)
[2020-05-13 17:00:12] [build] Extracting /Users/alexoneill/Documents/GitHub/OSC-Code/Tools/LGTM/codeql/javascript/tools/data/externs/web/gecko_event.js
[2020-05-13 17:00:12] [build] Done extracting /Users/alexoneill/Documents/GitHub/OSC-Code/Tools/LGTM/codeql/javascript/tools/data/externs/web/gecko_event.js (7 ms)
[2020-05-13 17:00:12] [build] Extracting /Users/alexoneill/Documents/GitHub/OSC-Code/Tools/LGTM/codeql/javascript/tools/data/externs/web/w3c_encoding.js
[2020-05-13 17:00:12] [build] Done extracting /Users/alexoneill/Documents/GitHub/OSC-Code/Tools/LGTM/codeql/javascript/tools/data/externs/web/w3c_encoding.js (3 ms)
[2020-05-13 17:00:12] [build] Extracting /Users/alexoneill/Documents/GitHub/OSC-Code/Tools/LGTM/codeql/javascript/tools/data/externs/web/flash.js
[2020-05-13 17:00:12] [build] Done extracting /Users/alexoneill/Documents/GitHub/OSC-Code/Tools/LGTM/codeql/javascript/tools/data/externs/web/flash.js (11 ms)
[2020-05-13 17:00:12] [build] Extracting /Users/alexoneill/Documents/GitHub/OSC-Code/Tools/LGTM/codeql/javascript/tools/data/externs/web/w3c_pointer_events.js
[2020-05-13 17:00:12] [build] Done extracting /Users/alexoneill/Documents/GitHub/OSC-Code/Tools/LGTM/codeql/javascript/tools/data/externs/web/w3c_pointer_events.js (5 ms)
[2020-05-13 17:00:12] [build] Extracting /Users/alexoneill/Documents/GitHub/OSC-Code/Tools/LGTM/codeql/javascript/tools/data/externs/web/gecko_ext.js
[2020-05-13 17:00:12] [build] Done extracting /Users/alexoneill/Documents/GitHub/OSC-Code/Tools/LGTM/codeql/javascript/tools/data/externs/web/gecko_ext.js (1 ms)
[2020-05-13 17:00:12] [build] Extracting /Users/alexoneill/Documents/GitHub/OSC-Code/Tools/LGTM/codeql/javascript/tools/data/externs/web/gecko_dom.js
[2020-05-13 17:00:12] [build] Done extracting /Users/alexoneill/Documents/GitHub/OSC-Code/Tools/LGTM/codeql/javascript/tools/data/externs/web/gecko_dom.js (48 ms)
[2020-05-13 17:00:12] [build] Extracting /Users/alexoneill/Documents/GitHub/OSC-Code/Tools/LGTM/codeql/javascript/tools/data/externs/web/webkit_dom.js
[2020-05-13 17:00:12] [build] Done extracting /Users/alexoneill/Documents/GitHub/OSC-Code/Tools/LGTM/codeql/javascript/tools/data/externs/web/webkit_dom.js (21 ms)
[2020-05-13 17:00:12] [build] Extracting /Users/alexoneill/Documents/GitHub/OSC-Code/Tools/LGTM/codeql/javascript/tools/data/externs/web/w3c_css3d.js
[2020-05-13 17:00:12] [build] Done extracting /Users/alexoneill/Documents/GitHub/OSC-Code/Tools/LGTM/codeql/javascript/tools/data/externs/web/w3c_css3d.js (12 ms)
[2020-05-13 17:00:12] [build] Extracting /Users/alexoneill/Documents/GitHub/OSC-Code/Tools/LGTM/codeql/javascript/tools/data/externs/web/w3c_dom4.js
[2020-05-13 17:00:12] [build] Done extracting /Users/alexoneill/Documents/GitHub/OSC-Code/Tools/LGTM/codeql/javascript/tools/data/externs/web/w3c_dom4.js (2 ms)
[2020-05-13 17:00:12] [build] Extracting /Users/alexoneill/Documents/GitHub/OSC-Code/Tools/LGTM/codeql/javascript/tools/data/externs/vm/rhino.js
[2020-05-13 17:00:12] [build] Done extracting /Users/alexoneill/Documents/GitHub/OSC-Code/Tools/LGTM/codeql/javascript/tools/data/externs/vm/rhino.js (5 ms)
[2020-05-13 17:00:12] [build] Extracting /Users/alexoneill/Documents/GitHub/OSC-Code/Tools/LGTM/codeql/javascript/tools/data/externs/vm/v8.js
[2020-05-13 17:00:12] [build] Done extracting /Users/alexoneill/Documents/GitHub/OSC-Code/Tools/LGTM/codeql/javascript/tools/data/externs/vm/v8.js (5 ms)
[2020-05-13 17:00:12] [build] Extracting /Users/alexoneill/Documents/GitHub/OSC-Code/Tools/LGTM/codeql/javascript/tools/data/externs/vm/spidermonkey.js
[2020-05-13 17:00:12] [build] Done extracting /Users/alexoneill/Documents/GitHub/OSC-Code/Tools/LGTM/codeql/javascript/tools/data/externs/vm/spidermonkey.js (2 ms)
[2020-05-13 17:00:12] [build] Extracting /Users/alexoneill/Documents/GitHub/OSC-Code/Tools/LGTM/codeql/javascript/tools/data/externs/vm/jsshell.js
[2020-05-13 17:00:12] [build] Done extracting /Users/alexoneill/Documents/GitHub/OSC-Code/Tools/LGTM/codeql/javascript/tools/data/externs/vm/jsshell.js (37 ms)
[2020-05-13 17:00:12] [build] Extracting /Users/alexoneill/Documents/GitHub/OSC-Code/Tools/LGTM/codeql/javascript/tools/data/externs/lib/jquery-3.2.js
[2020-05-13 17:00:12] [build] Done extracting /Users/alexoneill/Documents/GitHub/OSC-Code/Tools/LGTM/codeql/javascript/tools/data/externs/lib/jquery-3.2.js (150 ms)
[2020-05-13 17:00:12] [build] Extracting /Users/alexoneill/Documents/GitHub/OSC-Code/Tools/LGTM/codeql/javascript/tools/data/externs/lib/bdd.js
[2020-05-13 17:00:12] [build] Done extracting /Users/alexoneill/Documents/GitHub/OSC-Code/Tools/LGTM/codeql/javascript/tools/data/externs/lib/bdd.js (17 ms)
[2020-05-13 17:00:12] [build] Extracting /Users/alexoneill/Documents/GitHub/OSC-Code/Tools/LGTM/codeql/javascript/tools/data/externs/lib/should.js
[2020-05-13 17:00:12] [build] Done extracting /Users/alexoneill/Documents/GitHub/OSC-Code/Tools/LGTM/codeql/javascript/tools/data/externs/lib/should.js (15 ms)
[2020-05-13 17:00:12] [build] Extracting /Users/alexoneill/Documents/GitHub/OSC-Code/Tools/LGTM/codeql/javascript/tools/data/externs/lib/vows.js
[2020-05-13 17:00:12] [build] Done extracting /Users/alexoneill/Documents/GitHub/OSC-Code/Tools/LGTM/codeql/javascript/tools/data/externs/lib/vows.js (16 ms)
[2020-05-13 17:00:12] [build] Extracting /Users/alexoneill/Documents/GitHub/OSC-Code/Tools/LGTM/codeql/javascript/tools/data/externs/es/proxy.js
[2020-05-13 17:00:12] [build] Done extracting /Users/alexoneill/Documents/GitHub/OSC-Code/Tools/LGTM/codeql/javascript/tools/data/externs/es/proxy.js (1 ms)
[2020-05-13 17:00:12] [build] Extracting /Users/alexoneill/Documents/GitHub/OSC-Code/Tools/LGTM/codeql/javascript/tools/data/externs/es/es5.js
[2020-05-13 17:00:12] [build] Done extracting /Users/alexoneill/Documents/GitHub/OSC-Code/Tools/LGTM/codeql/javascript/tools/data/externs/es/es5.js (11 ms)
[2020-05-13 17:00:12] [build] Extracting /Users/alexoneill/Documents/GitHub/OSC-Code/Tools/LGTM/codeql/javascript/tools/data/externs/es/intl.js
[2020-05-13 17:00:12] [build] Done extracting /Users/alexoneill/Documents/GitHub/OSC-Code/Tools/LGTM/codeql/javascript/tools/data/externs/es/intl.js (12 ms)
[2020-05-13 17:00:12] [build] Extracting /Users/alexoneill/Documents/GitHub/OSC-Code/Tools/LGTM/codeql/javascript/tools/data/externs/es/es6_collections.js
[2020-05-13 17:00:12] [build] Done extracting /Users/alexoneill/Documents/GitHub/OSC-Code/Tools/LGTM/codeql/javascript/tools/data/externs/es/es6_collections.js (10 ms)
[2020-05-13 17:00:12] [build] Extracting /Users/alexoneill/Documents/GitHub/OSC-Code/Tools/LGTM/codeql/javascript/tools/data/externs/es/es6.js
[2020-05-13 17:00:12] [build] Done extracting /Users/alexoneill/Documents/GitHub/OSC-Code/Tools/LGTM/codeql/javascript/tools/data/externs/es/es6.js (71 ms)
[2020-05-13 17:00:12] [build] Extracting /Users/alexoneill/Documents/GitHub/OSC-Code/Tools/LGTM/codeql/javascript/tools/data/externs/es/es2017.js
[2020-05-13 17:00:12] [build] Done extracting /Users/alexoneill/Documents/GitHub/OSC-Code/Tools/LGTM/codeql/javascript/tools/data/externs/es/es2017.js (3 ms)
[2020-05-13 17:00:12] [build] Extracting /Users/alexoneill/Documents/GitHub/OSC-Code/Tools/LGTM/codeql/javascript/tools/data/externs/es/es3.js
[2020-05-13 17:00:12] [build] Done extracting /Users/alexoneill/Documents/GitHub/OSC-Code/Tools/LGTM/codeql/javascript/tools/data/externs/es/es3.js (138 ms)
[2020-05-13 17:00:12] [build] Extracting /Users/alexoneill/Documents/GitHub/OSC-Code/Tools/LGTM/codeql/javascript/tools/data/externs/es/es2016.js
[2020-05-13 17:00:12] [build] Done extracting /Users/alexoneill/Documents/GitHub/OSC-Code/Tools/LGTM/codeql/javascript/tools/data/externs/es/es2016.js (2 ms)
[2020-05-13 17:00:12] Plumbing command codeql database trace-command completed.
[2020-05-13 17:00:12] [PROGRESS] database create> Finalizing database at /Users/alexoneill/Documents/GitHub/OSC-Code/Tools/LGTM/DB_Storage/jquery-3-4-1DB.
[2020-05-13 17:00:12] Running plumbing command: codeql database finalize --mode=normal -- /Users/alexoneill/Documents/GitHub/OSC-Code/Tools/LGTM/DB_Storage/jquery-3-4-1DB
[2020-05-13 17:00:13] [PROGRESS] database finalize> Running TRAP import for CodeQL database at /Users/alexoneill/Documents/GitHub/OSC-Code/Tools/LGTM/DB_Storage/jquery-3-4-1DB...
[2020-05-13 17:00:13] Running plumbing command: codeql dataset import --dbscheme=/Users/alexoneill/Documents/GitHub/OSC-Code/Tools/LGTM/codeql/javascript/semmlecode.javascript.dbscheme -- /Users/alexoneill/Documents/GitHub/OSC-Code/Tools/LGTM/DB_Storage/jquery-3-4-1DB/db-javascript /Users/alexoneill/Documents/GitHub/OSC-Code/Tools/LGTM/DB_Storage/jquery-3-4-1DB/trap/javascript
[2020-05-13 17:00:13] Clearing disk cache since the version file /Users/alexoneill/Documents/GitHub/OSC-Code/Tools/LGTM/DB_Storage/jquery-3-4-1DB/db-javascript/default/cache/version does not exist
[2020-05-13 17:00:13] Tuple pool not found. Clearing relations with cached strings
[2020-05-13 17:00:13] Trimming disk cache at /Users/alexoneill/Documents/GitHub/OSC-Code/Tools/LGTM/DB_Storage/jquery-3-4-1DB/db-javascript/default/cache in mode brutal.
[2020-05-13 17:00:13] Sequence stamp origin is -6727449455114553462
[2020-05-13 17:00:13] Stopped the world to hard-clear memory at sequence stamp o+0
[2020-05-13 17:00:13] Starting the world again
[2020-05-13 17:00:13] Stopped the world to quickly trim disk at sequence stamp o+1
[2020-05-13 17:00:13] Starting the world again
[2020-05-13 17:00:13] Stopped the world to zealously trim disk at sequence stamp o+2
[2020-05-13 17:00:13] Starting the world again
[2020-05-13 17:00:13] Trimming completed (10ms): Purged everything.
[2020-05-13 17:00:13] Scanning for files in /Users/alexoneill/Documents/GitHub/OSC-Code/Tools/LGTM/DB_Storage/jquery-3-4-1DB/trap/javascript
[2020-05-13 17:00:13] Importing es2016.js.trap.gz (1 of 225)
[2020-05-13 17:00:13] Importing es2017.js.trap.gz (2 of 225)
[2020-05-13 17:00:13] Importing es3.js.trap.gz (3 of 225)
[2020-05-13 17:00:13] Importing es5.js.trap.gz (4 of 225)
[2020-05-13 17:00:13] Importing es6.js.trap.gz (5 of 225)
[2020-05-13 17:00:13] Importing es6_collections.js.trap.gz (6 of 225)
[2020-05-13 17:00:13] Importing intl.js.trap.gz (7 of 225)
[2020-05-13 17:00:13] Importing proxy.js.trap.gz (8 of 225)
[2020-05-13 17:00:13] Importing bdd.js.trap.gz (9 of 225)
[2020-05-13 17:00:13] Importing jquery-3.2.js.trap.gz (10 of 225)
[2020-05-13 17:00:14] Importing should.js.trap.gz (11 of 225)
[2020-05-13 17:00:14] Importing vows.js.trap.gz (12 of 225)
[2020-05-13 17:00:14] Importing assert.js.trap.gz (13 of 225)
[2020-05-13 17:00:14] Importing assert_legacy.js.trap.gz (14 of 225)
[2020-05-13 17:00:14] Importing buffer.js.trap.gz (15 of 225)
[2020-05-13 17:00:14] Importing child_process.js.trap.gz (16 of 225)
[2020-05-13 17:00:14] Importing cluster.js.trap.gz (17 of 225)
[2020-05-13 17:00:14] Importing console.js.trap.gz (18 of 225)
[2020-05-13 17:00:14] Importing constants.js.trap.gz (19 of 225)
[2020-05-13 17:00:14] Importing crypto.js.trap.gz (20 of 225)
[2020-05-13 17:00:14] Importing dgram.js.trap.gz (21 of 225)
[2020-05-13 17:00:14] Importing dns.js.trap.gz (22 of 225)
[2020-05-13 17:00:14] Importing domain.js.trap.gz (23 of 225)
[2020-05-13 17:00:14] Importing events.js.trap.gz (24 of 225)
[2020-05-13 17:00:14] Importing fs.js.trap.gz (25 of 225)
[2020-05-13 17:00:14] Importing globals.js.trap.gz (26 of 225)
[2020-05-13 17:00:14] Importing http.js.trap.gz (27 of 225)
[2020-05-13 17:00:14] Importing https.js.trap.gz (28 of 225)
[2020-05-13 17:00:14] Importing module.js.trap.gz (29 of 225)
[2020-05-13 17:00:14] Importing net.js.trap.gz (30 of 225)
[2020-05-13 17:00:14] Importing os.js.trap.gz (31 of 225)
[2020-05-13 17:00:14] Importing path.js.trap.gz (32 of 225)
[2020-05-13 17:00:14] Importing process.js.trap.gz (33 of 225)
[2020-05-13 17:00:14] Importing punycode.js.trap.gz (34 of 225)
[2020-05-13 17:00:14] Importing querystring.js.trap.gz (35 of 225)
[2020-05-13 17:00:14] Importing readline.js.trap.gz (36 of 225)
[2020-05-13 17:00:14] Importing repl.js.trap.gz (37 of 225)
[2020-05-13 17:00:14] Importing stream.js.trap.gz (38 of 225)
[2020-05-13 17:00:14] Importing string_decoder.js.trap.gz (39 of 225)
[2020-05-13 17:00:14] Importing sys.js.trap.gz (40 of 225)
[2020-05-13 17:00:14] Importing timers.js.trap.gz (41 of 225)
[2020-05-13 17:00:14] Importing tls.js.trap.gz (42 of 225)
[2020-05-13 17:00:15] Importing tty.js.trap.gz (43 of 225)
[2020-05-13 17:00:15] Importing url.js.trap.gz (44 of 225)
[2020-05-13 17:00:15] Importing util.js.trap.gz (45 of 225)
[2020-05-13 17:00:15] Importing v8.js.trap.gz (46 of 225)
[2020-05-13 17:00:15] Importing vm.js.trap.gz (47 of 225)
[2020-05-13 17:00:15] Importing zlib.js.trap.gz (48 of 225)
[2020-05-13 17:00:15] Importing jsshell.js.trap.gz (49 of 225)
[2020-05-13 17:00:15] Importing rhino.js.trap.gz (50 of 225)
[2020-05-13 17:00:15] Importing spidermonkey.js.trap.gz (51 of 225)
[2020-05-13 17:00:15] Importing v8.js.trap.gz (52 of 225)
[2020-05-13 17:00:15] Importing chrome.js.trap.gz (53 of 225)
[2020-05-13 17:00:15] Importing fetchapi.js.trap.gz (54 of 225)
[2020-05-13 17:00:15] Importing fileapi.js.trap.gz (55 of 225)
[2020-05-13 17:00:15] Importing flash.js.trap.gz (56 of 225)
[2020-05-13 17:00:15] Importing gecko_css.js.trap.gz (57 of 225)
[2020-05-13 17:00:15] Importing gecko_dom.js.trap.gz (58 of 225)
[2020-05-13 17:00:15] Importing gecko_event.js.trap.gz (59 of 225)
[2020-05-13 17:00:15] Importing gecko_ext.js.trap.gz (60 of 225)
[2020-05-13 17:00:15] Importing gecko_xml.js.trap.gz (61 of 225)
[2020-05-13 17:00:15] Importing html5.js.trap.gz (62 of 225)
[2020-05-13 17:00:15] Importing ie_css.js.trap.gz (63 of 225)
[2020-05-13 17:00:15] Importing ie_dom.js.trap.gz (64 of 225)
[2020-05-13 17:00:15] Importing ie_event.js.trap.gz (65 of 225)
[2020-05-13 17:00:15] Importing ie_vml.js.trap.gz (66 of 225)
[2020-05-13 17:00:15] Importing intl.js.trap.gz (67 of 225)
[2020-05-13 17:00:15] Importing iphone.js.trap.gz (68 of 225)
[2020-05-13 17:00:15] Importing mediasource.js.trap.gz (69 of 225)
[2020-05-13 17:00:15] Importing page_visibility.js.trap.gz (70 of 225)
[2020-05-13 17:00:15] Importing streamsapi.js.trap.gz (71 of 225)
[2020-05-13 17:00:15] Importing url.js.trap.gz (72 of 225)
[2020-05-13 17:00:15] Importing w3c_anim_timing.js.trap.gz (73 of 225)
[2020-05-13 17:00:15] Importing w3c_batterystatus.js.trap.gz (74 of 225)
[2020-05-13 17:00:15] Importing w3c_css.js.trap.gz (75 of 225)
[2020-05-13 17:00:15] Importing w3c_css3d.js.trap.gz (76 of 225)
[2020-05-13 17:00:15] Importing w3c_device_sensor_event.js.trap.gz (77 of 225)
[2020-05-13 17:00:15] Importing w3c_dom1.js.trap.gz (78 of 225)
[2020-05-13 17:00:15] Importing w3c_dom2.js.trap.gz (79 of 225)
[2020-05-13 17:00:15] Importing w3c_dom3.js.trap.gz (80 of 225)
[2020-05-13 17:00:15] Importing w3c_dom4.js.trap.gz (81 of 225)
[2020-05-13 17:00:15] Importing w3c_elementtraversal.js.trap.gz (82 of 225)
[2020-05-13 17:00:15] Importing w3c_encoding.js.trap.gz (83 of 225)
[2020-05-13 17:00:15] Importing w3c_event.js.trap.gz (84 of 225)
[2020-05-13 17:00:15] Importing w3c_event3.js.trap.gz (85 of 225)
[2020-05-13 17:00:15] Importing w3c_gamepad.js.trap.gz (86 of 225)
[2020-05-13 17:00:15] Importing w3c_geolocation.js.trap.gz (87 of 225)
[2020-05-13 17:00:15] Importing w3c_indexeddb.js.trap.gz (88 of 225)
[2020-05-13 17:00:15] Importing w3c_midi.js.trap.gz (89 of 225)
[2020-05-13 17:00:15] Importing w3c_navigation_timing.js.trap.gz (90 of 225)
[2020-05-13 17:00:15] Importing w3c_permissions.js.trap.gz (91 of 225)
[2020-05-13 17:00:15] Importing w3c_pointer_events.js.trap.gz (92 of 225)
[2020-05-13 17:00:15] Importing w3c_range.js.trap.gz (93 of 225)
[2020-05-13 17:00:15] Importing w3c_requestidlecallback.js.trap.gz (94 of 225)
[2020-05-13 17:00:15] Importing w3c_rtc.js.trap.gz (95 of 225)
[2020-05-13 17:00:15] Importing w3c_screen_orientation.js.trap.gz (96 of 225)
[2020-05-13 17:00:15] Importing w3c_selectors.js.trap.gz (97 of 225)
[2020-05-13 17:00:15] Importing w3c_serviceworker.js.trap.gz (98 of 225)
[2020-05-13 17:00:15] Importing w3c_touch_event.js.trap.gz (99 of 225)
[2020-05-13 17:00:15] Importing w3c_webcrypto.js.trap.gz (100 of 225)
[2020-05-13 17:00:15] Importing w3c_xml.js.trap.gz (101 of 225)
[2020-05-13 17:00:15] Importing webgl.js.trap.gz (102 of 225)
[2020-05-13 17:00:16] Importing webkit_css.js.trap.gz (103 of 225)
[2020-05-13 17:00:16] Importing webkit_dom.js.trap.gz (104 of 225)
[2020-05-13 17:00:16] Importing webkit_event.js.trap.gz (105 of 225)
[2020-05-13 17:00:16] Importing webkit_notifications.js.trap.gz (106 of 225)
[2020-05-13 17:00:16] Importing webkit_usercontent.js.trap.gz (107 of 225)
[2020-05-13 17:00:16] Importing webstorage.js.trap.gz (108 of 225)
[2020-05-13 17:00:16] Importing whatwg_encoding.js.trap.gz (109 of 225)
[2020-05-13 17:00:16] Importing window.js.trap.gz (110 of 225)
[2020-05-13 17:00:16] Importing core.js.trap.gz (111 of 225)
[2020-05-13 17:00:16] Importing jquery.js.trap.gz (112 of 225)
[2020-05-13 17:00:16] Importing jquery.slim.js.trap.gz (113 of 225)
[2020-05-13 17:00:17] Importing sizzle.js.trap.gz (114 of 225)
[2020-05-13 17:00:17] Importing package.json.trap.gz (115 of 225)
[2020-05-13 17:00:17] Importing .eslintrc.json.trap.gz (116 of 225)
[2020-05-13 17:00:17] Importing jsonp.js.trap.gz (117 of 225)
[2020-05-13 17:00:17] Importing load.js.trap.gz (118 of 225)
[2020-05-13 17:00:17] Importing parseXML.js.trap.gz (119 of 225)
[2020-05-13 17:00:17] Importing script.js.trap.gz (120 of 225)
[2020-05-13 17:00:17] Importing location.js.trap.gz (121 of 225)
[2020-05-13 17:00:17] Importing nonce.js.trap.gz (122 of 225)
[2020-05-13 17:00:17] Importing rquery.js.trap.gz (123 of 225)
[2020-05-13 17:00:17] Importing xhr.js.trap.gz (124 of 225)
[2020-05-13 17:00:17] Importing ajax.js.trap.gz (125 of 225)
[2020-05-13 17:00:17] Importing attr.js.trap.gz (126 of 225)
[2020-05-13 17:00:17] Importing classes.js.trap.gz (127 of 225)
[2020-05-13 17:00:17] Importing prop.js.trap.gz (128 of 225)
[2020-05-13 17:00:17] Importing support.js.trap.gz (129 of 225)
[2020-05-13 17:00:17] Importing val.js.trap.gz (130 of 225)
[2020-05-13 17:00:17] Importing attributes.js.trap.gz (131 of 225)
[2020-05-13 17:00:17] Importing callbacks.js.trap.gz (132 of 225)
[2020-05-13 17:00:17] Importing DOMEval.js.trap.gz (133 of 225)
[2020-05-13 17:00:17] Importing access.js.trap.gz (134 of 225)
[2020-05-13 17:00:17] Importing camelCase.js.trap.gz (135 of 225)
[2020-05-13 17:00:17] Importing init.js.trap.gz (136 of 225)
[2020-05-13 17:00:17] Importing isAttached.js.trap.gz (137 of 225)
[2020-05-13 17:00:17] Importing nodeName.js.trap.gz (138 of 225)
[2020-05-13 17:00:17] Importing parseHTML.js.trap.gz (139 of 225)
[2020-05-13 17:00:17] Importing ready-no-deferred.js.trap.gz (140 of 225)
[2020-05-13 17:00:17] Importing ready.js.trap.gz (141 of 225)
[2020-05-13 17:00:17] Importing readyException.js.trap.gz (142 of 225)
[2020-05-13 17:00:17] Importing stripAndCollapse.js.trap.gz (143 of 225)
[2020-05-13 17:00:17] Importing support.js.trap.gz (144 of 225)
[2020-05-13 17:00:17] Importing toType.js.trap.gz (145 of 225)
[2020-05-13 17:00:17] Importing rsingleTag.js.trap.gz (146 of 225)
[2020-05-13 17:00:17] Importing core.js.trap.gz (147 of 225)
[2020-05-13 17:00:17] Importing addGetHookIf.js.trap.gz (148 of 225)
[2020-05-13 17:00:17] Importing adjustCSS.js.trap.gz (149 of 225)
[2020-05-13 17:00:17] Importing curCSS.js.trap.gz (150 of 225)
[2020-05-13 17:00:17] Importing finalPropName.js.trap.gz (151 of 225)
[2020-05-13 17:00:17] Importing hiddenVisibleSelectors.js.trap.gz (152 of 225)
[2020-05-13 17:00:17] Importing showHide.js.trap.gz (153 of 225)
[2020-05-13 17:00:17] Importing support.js.trap.gz (154 of 225)
[2020-05-13 17:00:17] Importing cssExpand.js.trap.gz (155 of 225)
[2020-05-13 17:00:17] Importing getStyles.js.trap.gz (156 of 225)
[2020-05-13 17:00:17] Importing isHiddenWithinTree.js.trap.gz (157 of 225)
[2020-05-13 17:00:17] Importing rboxStyle.js.trap.gz (158 of 225)
[2020-05-13 17:00:17] Importing rnumnonpx.js.trap.gz (159 of 225)
[2020-05-13 17:00:17] Importing swap.js.trap.gz (160 of 225)
[2020-05-13 17:00:17] Importing css.js.trap.gz (161 of 225)
[2020-05-13 17:00:17] Importing Data.js.trap.gz (162 of 225)
[2020-05-13 17:00:17] Importing acceptData.js.trap.gz (163 of 225)
[2020-05-13 17:00:17] Importing dataPriv.js.trap.gz (164 of 225)
[2020-05-13 17:00:17] Importing dataUser.js.trap.gz (165 of 225)
[2020-05-13 17:00:17] Importing data.js.trap.gz (166 of 225)
[2020-05-13 17:00:17] Importing exceptionHook.js.trap.gz (167 of 225)
[2020-05-13 17:00:17] Importing deferred.js.trap.gz (168 of 225)
[2020-05-13 17:00:17] Importing deprecated.js.trap.gz (169 of 225)
[2020-05-13 17:00:17] Importing dimensions.js.trap.gz (170 of 225)
[2020-05-13 17:00:17] Importing Tween.js.trap.gz (171 of 225)
[2020-05-13 17:00:17] Importing animatedSelector.js.trap.gz (172 of 225)
[2020-05-13 17:00:17] Importing effects.js.trap.gz (173 of 225)
[2020-05-13 17:00:18] Importing ajax.js.trap.gz (174 of 225)
[2020-05-13 17:00:18] Importing alias.js.trap.gz (175 of 225)
[2020-05-13 17:00:18] Importing focusin.js.trap.gz (176 of 225)
[2020-05-13 17:00:18] Importing support.js.trap.gz (177 of 225)
[2020-05-13 17:00:18] Importing trigger.js.trap.gz (178 of 225)
[2020-05-13 17:00:18] Importing event.js.trap.gz (179 of 225)
[2020-05-13 17:00:18] Importing amd.js.trap.gz (180 of 225)
[2020-05-13 17:00:18] Importing global.js.trap.gz (181 of 225)
[2020-05-13 17:00:18] Importing jquery.js.trap.gz (182 of 225)
[2020-05-13 17:00:18] Importing _evalUrl.js.trap.gz (183 of 225)
[2020-05-13 17:00:18] Importing buildFragment.js.trap.gz (184 of 225)
[2020-05-13 17:00:18] Importing getAll.js.trap.gz (185 of 225)
[2020-05-13 17:00:18] Importing setGlobalEval.js.trap.gz (186 of 225)
[2020-05-13 17:00:18] Importing support.js.trap.gz (187 of 225)
[2020-05-13 17:00:18] Importing rscriptType.js.trap.gz (188 of 225)
[2020-05-13 17:00:18] Importing rtagName.js.trap.gz (189 of 225)
[2020-05-13 17:00:18] Importing wrapMap.js.trap.gz (190 of 225)
[2020-05-13 17:00:18] Importing manipulation.js.trap.gz (191 of 225)
[2020-05-13 17:00:18] Importing offset.js.trap.gz (192 of 225)
[2020-05-13 17:00:18] Importing delay.js.trap.gz (193 of 225)
[2020-05-13 17:00:18] Importing queue.js.trap.gz (194 of 225)
[2020-05-13 17:00:18] Importing selector-native.js.trap.gz (195 of 225)
[2020-05-13 17:00:18] Importing selector-sizzle.js.trap.gz (196 of 225)
[2020-05-13 17:00:18] Importing selector.js.trap.gz (197 of 225)
[2020-05-13 17:00:18] Importing serialize.js.trap.gz (198 of 225)
[2020-05-13 17:00:18] Importing findFilter.js.trap.gz (199 of 225)
[2020-05-13 17:00:18] Importing dir.js.trap.gz (200 of 225)
[2020-05-13 17:00:18] Importing rneedsContext.js.trap.gz (201 of 225)
[2020-05-13 17:00:18] Importing siblings.js.trap.gz (202 of 225)
[2020-05-13 17:00:18] Importing traversing.js.trap.gz (203 of 225)
[2020-05-13 17:00:18] Importing ObjectFunctionString.js.trap.gz (204 of 225)
[2020-05-13 17:00:18] Importing arr.js.trap.gz (205 of 225)
[2020-05-13 17:00:18] Importing class2type.js.trap.gz (206 of 225)
[2020-05-13 17:00:18] Importing concat.js.trap.gz (207 of 225)
[2020-05-13 17:00:18] Importing document.js.trap.gz (208 of 225)
[2020-05-13 17:00:18] Importing documentElement.js.trap.gz (209 of 225)
[2020-05-13 17:00:18] Importing fnToString.js.trap.gz (210 of 225)
[2020-05-13 17:00:18] Importing getProto.js.trap.gz (211 of 225)
[2020-05-13 17:00:18] Importing hasOwn.js.trap.gz (212 of 225)
[2020-05-13 17:00:18] Importing indexOf.js.trap.gz (213 of 225)
[2020-05-13 17:00:18] Importing isFunction.js.trap.gz (214 of 225)
[2020-05-13 17:00:18] Importing isWindow.js.trap.gz (215 of 225)
[2020-05-13 17:00:18] Importing pnum.js.trap.gz (216 of 225)
[2020-05-13 17:00:18] Importing push.js.trap.gz (217 of 225)
[2020-05-13 17:00:18] Importing rcheckableType.js.trap.gz (218 of 225)
[2020-05-13 17:00:18] Importing rcssNum.js.trap.gz (219 of 225)
[2020-05-13 17:00:18] Importing rnothtmlwhite.js.trap.gz (220 of 225)
[2020-05-13 17:00:18] Importing slice.js.trap.gz (221 of 225)
[2020-05-13 17:00:18] Importing support.js.trap.gz (222 of 225)
[2020-05-13 17:00:18] Importing toString.js.trap.gz (223 of 225)
[2020-05-13 17:00:18] Importing wrap.js.trap.gz (224 of 225)
[2020-05-13 17:00:18] Importing sourceLocationPrefix.trap.gz (225 of 225)
[2020-05-13 17:00:18] Merging 1 fragments for files.
[2020-05-13 17:00:18] Merging 1 fragments for folders.
[2020-05-13 17:00:18] Merging 1 fragments for containerparent.
[2020-05-13 17:00:18] Merging 5 fragments for locations_default.
[2020-05-13 17:00:18] Merging 5 fragments for hasLocation.
[2020-05-13 17:00:19] Merging 1 fragments for extraction_data.
[2020-05-13 17:00:19] Merging 1 fragments for scopes.
[2020-05-13 17:00:19] Merging 1 fragments for comments.
[2020-05-13 17:00:19] Merging 1 fragments for indentation.
[2020-05-13 17:00:19] Merging 1 fragments for numlines.
[2020-05-13 17:00:19] Merging 3 fragments for tokeninfo.
[2020-05-13 17:00:19] Merging 1 fragments for next_token.
[2020-05-13 17:00:19] Merging 1 fragments for jsdoc.
[2020-05-13 17:00:19] Merging 1 fragments for jsdoc_tags.
[2020-05-13 17:00:19] Merging 1 fragments for jsdoc_tag_descriptions.
[2020-05-13 17:00:19] Merging 1 fragments for jsdoc_tag_names.
[2020-05-13 17:00:19] Merging 1 fragments for jsdoc_type_exprs.
[2020-05-13 17:00:19] Merging 1 fragments for toplevels.
[2020-05-13 17:00:19] Merging 1 fragments for stmts.
[2020-05-13 17:00:19] Merging 1 fragments for stmtContainers.
[2020-05-13 17:00:19] Merging 2 fragments for exprs.
[2020-05-13 17:00:19] Merging 2 fragments for enclosingStmt.
[2020-05-13 17:00:19] Merging 2 fragments for exprContainers.
[2020-05-13 17:00:19] Merging 1 fragments for literals.
[2020-05-13 17:00:19] Merging 1 fragments for variables.
[2020-05-13 17:00:19] Merging 1 fragments for bind.
[2020-05-13 17:00:19] Merging 1 fragments for scopenodes.
[2020-05-13 17:00:19] Merging 1 fragments for scopenesting.
[2020-05-13 17:00:19] Merging 1 fragments for decl.
[2020-05-13 17:00:19] Merging 1 fragments for isArgumentsObject.
[2020-05-13 17:00:19] Merging 1 fragments for entry_cfg_node.
[2020-05-13 17:00:19] Merging 1 fragments for exit_cfg_node.
[2020-05-13 17:00:19] Merging 2 fragments for successor.
[2020-05-13 17:00:19] Merging 1 fragments for isExterns.
[2020-05-13 17:00:19] Merging 1 fragments for filetype.
[2020-05-13 17:00:19] Merging 1 fragments for extraction_time.
[2020-05-13 17:00:19] Merging 1 fragments for jsdoc_prefix_qualifier.
[2020-05-13 17:00:19] Merging 1 fragments for jsdoc_errors.
[2020-05-13 17:00:19] Merging 1 fragments for jsdoc_record_field_name.
[2020-05-13 17:00:19] Merging 1 fragments for jsdoc_has_new_parameter.
[2020-05-13 17:00:19] Merging 1 fragments for properties.
[2020-05-13 17:00:19] Merging 1 fragments for regexpterm.
[2020-05-13 17:00:19] Merging 1 fragments for regexpConstValue.
[2020-05-13 17:00:19] Merging 1 fragments for guard_node.
[2020-05-13 17:00:19] Merging 1 fragments for isModule.
[2020-05-13 17:00:19] Merging 1 fragments for isNodejs.
[2020-05-13 17:00:19] Merging 1 fragments for arraySize.
[2020-05-13 17:00:19] Merging 1 fragments for isGreedy.
[2020-05-13 17:00:19] Merging 1 fragments for charClassEscape.
[2020-05-13 17:00:19] Merging 1 fragments for jumpTargets.
[2020-05-13 17:00:19] Merging 1 fragments for isInverted.
[2020-05-13 17:00:19] Merging 1 fragments for isCapture.
[2020-05-13 17:00:19] Merging 1 fragments for backref.
[2020-05-13 17:00:19] Merging 1 fragments for json.
[2020-05-13 17:00:19] Merging 1 fragments for json_locations.
[2020-05-13 17:00:19] Merging 1 fragments for json_literals.
[2020-05-13 17:00:19] Merging 1 fragments for json_properties.
[2020-05-13 17:00:19] Merging 1 fragments for sourceLocationPrefix.
[2020-05-13 17:00:19] Saving string and id pools to disk.
[2020-05-13 17:00:19] Finished importing trap files.
[2020-05-13 17:00:19] Stopped the world to close the cache at sequence stamp o+3
[2020-05-13 17:00:19] The disk cache is freshly trimmed; leave it be.
[2020-05-13 17:00:19] Starting the world again
[2020-05-13 17:00:19] Plumbing command codeql dataset import completed.
[2020-05-13 17:00:19] [PROGRESS] database finalize> TRAP import complete (6.7s).
[2020-05-13 17:00:19] Running plumbing command: codeql database cleanup --mode=normal -- /Users/alexoneill/Documents/GitHub/OSC-Code/Tools/LGTM/DB_Storage/jquery-3-4-1DB
[2020-05-13 17:00:20] [PROGRESS] database cleanup> Cleaning up existing TRAP files after import...
[2020-05-13 17:00:20] [PROGRESS] database cleanup> TRAP files cleaned up (44ms).
[2020-05-13 17:00:20] Running plumbing command: codeql dataset cleanup --mode=normal -- /Users/alexoneill/Documents/GitHub/OSC-Code/Tools/LGTM/DB_Storage/jquery-3-4-1DB/db-javascript
[2020-05-13 17:00:20] [PROGRESS] dataset cleanup> Cleaning up dataset in /Users/alexoneill/Documents/GitHub/OSC-Code/Tools/LGTM/DB_Storage/jquery-3-4-1DB/db-javascript.
[2020-05-13 17:00:20] Trimming disk cache at /Users/alexoneill/Documents/GitHub/OSC-Code/Tools/LGTM/DB_Storage/jquery-3-4-1DB/db-javascript/default/cache in mode normal.
[2020-05-13 17:00:20] Sequence stamp origin is -6727449425384454831
[2020-05-13 17:00:20] Stopped the world to zealously trim disk at sequence stamp o+0
[2020-05-13 17:00:20] Starting the world again
[2020-05-13 17:00:20] Trimming completed (2ms): Trimmed disposable data from cache.
[2020-05-13 17:00:20] Stopped the world to close the cache at sequence stamp o+1
[2020-05-13 17:00:20] The disk cache is freshly trimmed; leave it be.
[2020-05-13 17:00:20] Starting the world again
[2020-05-13 17:00:20] [PROGRESS] dataset cleanup> Trimmed disposable data from cache.
[2020-05-13 17:00:20] Plumbing command codeql dataset cleanup completed.
[2020-05-13 17:00:20] Plumbing command codeql database cleanup completed with status 0.
[2020-05-13 17:00:20] Plumbing command codeql database finalize completed with status 0.
[2020-05-13 17:00:20] [PROGRESS] database create> Successfully created database at /Users/alexoneill/Documents/GitHub/OSC-Code/Tools/LGTM/DB_Storage/jquery-3-4-1DB.
[2020-05-13 17:00:20] Terminating normally.
