[2020-05-14 16:22:49] This is codeql execute queries -J-Xmx1024M --off-heap-ram=1024 --verbosity=progress --logdir=/Users/alexoneill/Documents/GitHub/OSC-Code/Tools/LGTM/DB_Storage/whereis-0-4-0DB/log --ml-model-path=/Users/alexoneill/Documents/GitHub/OSC-Code/Tools/LGTM --native-library-path=/Users/alexoneill/Documents/GitHub/OSC-Code/Tools/LGTM --warnings=show --no-rerun --output=/Users/alexoneill/Documents/GitHub/OSC-Code/Tools/LGTM/DB_Storage/whereis-0-4-0DB/results -- /Users/alexoneill/Documents/GitHub/OSC-Code/Tools/LGTM/DB_Storage/whereis-0-4-0DB/db-javascript /Users/alexoneill/Documents/GitHub/OSC-Code/Tools/LGTM/OSC_CodeQueries/Default.ql
[2020-05-14 16:22:49] Calling plumbing command: codeql resolve queries --format=json -- /Users/alexoneill/Documents/GitHub/OSC-Code/Tools/LGTM/OSC_CodeQueries/Default.ql
[2020-05-14 16:22:49] Plumbing command codeql resolve queries completed:
                      [
                        "/Users/alexoneill/Documents/GitHub/OSC-Code/Tools/LGTM/OSC_CodeQueries/Default.ql"
                      ]
[2020-05-14 16:22:49] Creating executor with 1 threads.
[2020-05-14 16:22:49] Calling plumbing command: codeql resolve library-path --query=/Users/alexoneill/Documents/GitHub/OSC-Code/Tools/LGTM/OSC_CodeQueries/Default.ql --format=json
[2020-05-14 16:22:49] [DETAILS] resolve library-path> Resolving query at normalized path /Users/alexoneill/Documents/GitHub/OSC-Code/Tools/LGTM/OSC_CodeQueries/Default.ql.
[2020-05-14 16:22:49] [DETAILS] resolve library-path> Found enclosing pack 'OSC-codeql-javascript' at /Users/alexoneill/Documents/GitHub/OSC-Code/Tools/LGTM/OSC_CodeQueries.
[2020-05-14 16:22:49] [DETAILS] resolve library-path> Adding compilation cache at /Users/alexoneill/Documents/GitHub/OSC-Code/Tools/LGTM/OSC_CodeQueries/.cache.
[2020-05-14 16:22:49] [DETAILS] resolve library-path> Resolving library dependencies from /Users/alexoneill/Documents/GitHub/OSC-Code/Tools/LGTM/OSC_CodeQueries/qlpack.yml.
[2020-05-14 16:22:49] [SPAMMIER] resolve library-path> Recursing into /Users/alexoneill/Documents/GitHub/OSC-Code/Tools/LGTM.
[2020-05-14 16:22:49] [SPAMMIER] resolve library-path> Recursing into /Users/alexoneill/Documents/GitHub/OSC-Code/Tools/LGTM/ql.
[2020-05-14 16:22:49] [DETAILS] resolve library-path> QL pack dependencies for /Users/alexoneill/Documents/GitHub/OSC-Code/Tools/LGTM/OSC_CodeQueries resolved OK.
[2020-05-14 16:22:49] [DETAILS] resolve library-path> Found dbscheme through QL packs: /Users/alexoneill/Documents/GitHub/OSC-Code/Tools/LGTM/ql/javascript/ql/src/semmlecode.javascript.dbscheme.
[2020-05-14 16:22:49] Plumbing command codeql resolve library-path completed:
                      {
                        "libraryPath" : [
                          "/Users/alexoneill/Documents/GitHub/OSC-Code/Tools/LGTM/OSC_CodeQueries",
                          "/Users/alexoneill/Documents/GitHub/OSC-Code/Tools/LGTM/ql/javascript/ql/src"
                        ],
                        "dbscheme" : "/Users/alexoneill/Documents/GitHub/OSC-Code/Tools/LGTM/ql/javascript/ql/src/semmlecode.javascript.dbscheme",
                        "compilationCache" : [
                          "/Users/alexoneill/Documents/GitHub/OSC-Code/Tools/LGTM/OSC_CodeQueries/.cache"
                        ],
                        "relativeName" : "OSC-codeql-javascript/Default.ql"
                      }
[2020-05-14 16:22:49] [PROGRESS] execute queries> Compiling query plan for /Users/alexoneill/Documents/GitHub/OSC-Code/Tools/LGTM/OSC_CodeQueries/Default.ql.
[2020-05-14 16:22:49] [DETAILS] execute queries> Resolving imports for /Users/alexoneill/Documents/GitHub/OSC-Code/Tools/LGTM/OSC_CodeQueries/Default.ql.
[2020-05-14 16:22:50] Resolved file set for /Users/alexoneill/Documents/GitHub/OSC-Code/Tools/LGTM/OSC_CodeQueries/Default.ql hashes to 9a3e6701a543bc9333a9f4444bba851b019b323b.
[2020-05-14 16:22:50] [DETAILS] execute queries> Checking QL for /Users/alexoneill/Documents/GitHub/OSC-Code/Tools/LGTM/OSC_CodeQueries/Default.ql.
[2020-05-14 16:22:50] ExternalModuleBindingPass ...
[2020-05-14 16:22:51] ExternalModuleBindingPass time: 00:00.594
[2020-05-14 16:22:51] QLPredicateSynthesiser ...
[2020-05-14 16:22:51] QLPredicateSynthesiser time: 00:00.020
[2020-05-14 16:22:51] DeclarationBindingPass ...
[2020-05-14 16:22:51] DeclarationBindingPass time: 00:00.038
[2020-05-14 16:22:51] Fixed point time ...
[2020-05-14 16:22:51] Fixed point time time: 00:00.288
[2020-05-14 16:22:51] ReferenceBindingPass ...
[2020-05-14 16:22:51] ReferenceBindingPass time: 00:00.034
[2020-05-14 16:22:51] EntityTypeUpdateBindingPass ...
[2020-05-14 16:22:51] EntityTypeUpdateBindingPass time: 00:00.032
[2020-05-14 16:22:51] ReferenceBindingCheck ...
[2020-05-14 16:22:51] ReferenceBindingCheck time: 00:00.022
[2020-05-14 16:22:51] PredicateBodyBindingPass ...
[2020-05-14 16:22:51] PredicateBodyBindingPass time: 00:00.473
[2020-05-14 16:22:51] LanguagePragmaPropagationPass ...
[2020-05-14 16:22:51] LanguagePragmaPropagationPass time: 00:00.016
[2020-05-14 16:22:51] Ambiguity checks ...
[2020-05-14 16:22:52] Ambiguity checks time: 00:00.092
[2020-05-14 16:22:52] Ql checks ...
[2020-05-14 16:22:52] Ql checks time: 00:00.361
[2020-05-14 16:22:53] Compilation pipeline
[2020-05-14 16:22:53] Type Inference ...
[2020-05-14 16:22:53] CSV_TYPE_HIERARCHY: Best number of iterations,Maximum number of runs,Number of BDD variables,Size of BDD for typefacts
[2020-05-14 16:22:53] CSV_TYPE_HIERARCHY: 0,0,1,1
[2020-05-14 16:22:53] CSV_TYPE_HIERARCHY: 0,0,0,0
[2020-05-14 16:22:53] CSV_TYPE_HIERARCHY: 0,0,76,82
[2020-05-14 16:22:53] CSV_TYPE_HIERARCHY: 0,0,1,1
[2020-05-14 16:22:53] CSV_TYPE_HIERARCHY: 0,0,0,0
[2020-05-14 16:22:54] CSV_TYPE_HIERARCHY: 0,0,747,3861
[2020-05-14 16:22:54] CSV_TYPE_HIERARCHY: 0,0,625,2240
[2020-05-14 16:22:54] CSV_TYPE_HIERARCHY: 0,0,9,9
[2020-05-14 16:22:54] CSV_TYPE_HIERARCHY: 0,0,7,7
[2020-05-14 16:22:54] CSV_TYPE_HIERARCHY: 0,0,2,2
[2020-05-14 16:22:54] CSV_TYPE_HIERARCHY: 0,0,26,26
[2020-05-14 16:22:54] CSV_TYPE_HIERARCHY: 0,0,17,19
[2020-05-14 16:22:54] CSV_TYPE_HIERARCHY: 0,0,6,6
[2020-05-14 16:22:54] CSV_TYPE_HIERARCHY: 0,0,2,2
[2020-05-14 16:22:54] CSV_TYPE_HIERARCHY: 0,0,7,10
[2020-05-14 16:22:54] CSV_TYPE_HIERARCHY: 0,0,12,12
[2020-05-14 16:22:54] CSV_TYPE_HIERARCHY: 0,0,2,2
[2020-05-14 16:22:54] CSV_TYPE_HIERARCHY: 0,0,2,2
[2020-05-14 16:22:54] CSV_TYPE_HIERARCHY: 0,0,4,4
[2020-05-14 16:22:54] CSV_TYPE_HIERARCHY: 0,0,2,2
[2020-05-14 16:22:54] CSV_TYPE_HIERARCHY: 0,0,1,1
[2020-05-14 16:22:54] CSV_TYPE_HIERARCHY: 0,0,12,15
[2020-05-14 16:22:54] CSV_TYPE_HIERARCHY: 0,0,2,2
[2020-05-14 16:22:54] CSV_TYPE_HIERARCHY: 0,0,2,2
[2020-05-14 16:22:54] CSV_TYPE_HIERARCHY: 0,0,6,7
[2020-05-14 16:22:54] CSV_TYPE_HIERARCHY: 0,0,4,4
[2020-05-14 16:22:54] CSV_TYPE_HIERARCHY: 0,0,6,6
[2020-05-14 16:22:54] CSV_TYPE_HIERARCHY: 0,0,4,4
[2020-05-14 16:22:54] CSV_TYPE_HIERARCHY: 0,0,2,2
[2020-05-14 16:22:54] CSV_TYPE_HIERARCHY: 0,0,6,7
[2020-05-14 16:22:54] CSV_TYPE_HIERARCHY: 0,0,2,2
[2020-05-14 16:22:54] CSV_TYPE_HIERARCHY: 0,0,2,2
[2020-05-14 16:22:54] CSV_TYPE_HIERARCHY: 0,0,10,13
[2020-05-14 16:22:54] CSV_TYPE_HIERARCHY: 0,0,3,3
[2020-05-14 16:22:54] CSV_TYPE_HIERARCHY: 0,0,2,2
[2020-05-14 16:22:54] CSV_TYPE_HIERARCHY: 0,0,4,4
[2020-05-14 16:22:54] CSV_TYPE_HIERARCHY: 0,0,0,0
[2020-05-14 16:22:54] CSV_TYPE_HIERARCHY: 0,0,0,0
[2020-05-14 16:22:54] CSV_TYPE_HIERARCHY: 0,0,0,0
[2020-05-14 16:22:54] CSV_TYPE_HIERARCHY: 0,0,0,0
[2020-05-14 16:22:54] CSV_TYPE_HIERARCHY: 0,0,0,0
[2020-05-14 16:22:54] CSV_TYPE_HIERARCHY: 0,0,0,0
[2020-05-14 16:22:54] CSV_TYPE_HIERARCHY: 0,0,0,0
[2020-05-14 16:22:54] CSV_TYPE_HIERARCHY: 0,0,0,0
[2020-05-14 16:22:54] CSV_TYPE_HIERARCHY: 0,0,0,0
[2020-05-14 16:22:54] CSV_TYPE_HIERARCHY: 0,0,0,0
[2020-05-14 16:22:54] CSV_TYPE_HIERARCHY: 0,0,0,0
[2020-05-14 16:22:54] CSV_TYPE_HIERARCHY: 0,0,0,0
[2020-05-14 16:22:54] CSV_TYPE_HIERARCHY: 0,0,0,0
[2020-05-14 16:22:54] CSV_TYPE_HIERARCHY: 0,0,0,0
[2020-05-14 16:22:54] CSV_TYPE_HIERARCHY: 0,0,0,0
[2020-05-14 16:22:54] CSV_TYPE_HIERARCHY: 0,0,0,0
[2020-05-14 16:22:54] CSV_TYPE_HIERARCHY: 0,0,0,0
[2020-05-14 16:22:54] CSV_TYPE_HIERARCHY: 0,0,0,0
[2020-05-14 16:22:54] CSV_TYPE_HIERARCHY: 0,0,0,0
[2020-05-14 16:22:54] CSV_TYPE_HIERARCHY: 0,0,0,0
[2020-05-14 16:22:54] CSV_TYPE_HIERARCHY: 0,0,0,0
[2020-05-14 16:22:54] CSV_TYPE_HIERARCHY: 0,0,0,0
[2020-05-14 16:22:54] CSV_TYPE_HIERARCHY: 0,0,0,0
[2020-05-14 16:22:54] CSV_TYPE_HIERARCHY: 0,0,0,0
[2020-05-14 16:22:54] CSV_TYPE_HIERARCHY: 0,0,0,0
[2020-05-14 16:22:54] CSV_TYPE_HIERARCHY: 0,0,0,0
[2020-05-14 16:22:54] CSV_TYPE_HIERARCHY: 0,0,0,0
[2020-05-14 16:22:55] Type Inference time: 00:02.374
[2020-05-14 16:22:55] Binding Checks ...
[2020-05-14 16:22:56] Binding Checks time: 00:00.371
[2020-05-14 16:22:57] [DETAILS] execute queries> Optimizing /Users/alexoneill/Documents/GitHub/OSC-Code/Tools/LGTM/OSC_CodeQueries/Default.ql.
[2020-05-14 16:22:57] Processing compilation pipeline
[2020-05-14 16:22:57] Started compiling a query
[2020-05-14 16:22:57] Initialising compiler...
[2020-05-14 16:22:57] 	 ... compiler initialised
[2020-05-14 16:22:57] About to start query optimisation
[2020-05-14 16:22:58] Compilation cache miss for d6cf48a3e73f0126d28ec5edac46c5fc5bd02fb4.
[2020-05-14 16:22:58] Stored compiled program for d6cf48a3e73f0126d28ec5edac46c5fc5bd02fb4.
[2020-05-14 16:22:58] Compilation cache miss for 386500d3ef3819583c39641d705a8a27cf7a3afb.
[2020-05-14 16:22:59] Stored compiled program for 386500d3ef3819583c39641d705a8a27cf7a3afb.
[2020-05-14 16:22:59] Compilation cache miss for fb9f44026456e8738b5ab1eec39df074bf33eed6.
[2020-05-14 16:22:59] Stored compiled program for fb9f44026456e8738b5ab1eec39df074bf33eed6.
[2020-05-14 16:23:00] Compilation cache miss for 31f796a043bf83e88a37b1d02a9ae5f118e1d996.
[2020-05-14 16:23:00] Stored compiled program for 31f796a043bf83e88a37b1d02a9ae5f118e1d996.
[2020-05-14 16:23:00] Compilation cache miss for f92aca8e962e5aff1d423c26f74cd15751cc3682.
[2020-05-14 16:23:02] Stored compiled program for f92aca8e962e5aff1d423c26f74cd15751cc3682.
[2020-05-14 16:23:02] Compilation cache miss for ff58b8a2227746f05e9fe50feba16f46068f326c.
[2020-05-14 16:23:02] Stored compiled program for ff58b8a2227746f05e9fe50feba16f46068f326c.
[2020-05-14 16:23:03] Compilation cache miss for 58d01a0f98862fe31c35b585152662ff6e162d58.
[2020-05-14 16:23:03] Stored compiled program for 58d01a0f98862fe31c35b585152662ff6e162d58.
[2020-05-14 16:23:03] Compilation cache miss for 565e66e7729629add2b254f712a680e8aa8fc701.
[2020-05-14 16:23:03] Stored compiled program for 565e66e7729629add2b254f712a680e8aa8fc701.
[2020-05-14 16:23:04] Compilation cache miss for e80e9db68b3b8ec3a37ecc2ea329915a1da799b2.
[2020-05-14 16:23:06] Stored compiled program for e80e9db68b3b8ec3a37ecc2ea329915a1da799b2.
[2020-05-14 16:23:06] Compilation cache miss for 0562a15cc73c7bf1ab483a105f4269639fdaf0bb.
[2020-05-14 16:23:07] Stored compiled program for 0562a15cc73c7bf1ab483a105f4269639fdaf0bb.
[2020-05-14 16:23:07] Compilation cache miss for bd46c07b648331e1997ded133ae34bb397343eba.
[2020-05-14 16:23:08] Stored compiled program for bd46c07b648331e1997ded133ae34bb397343eba.
[2020-05-14 16:23:08] Compilation cache miss for 7ae97f24ac1e3eb478b676f8e64b815da0a5e651.
[2020-05-14 16:23:10] Stored compiled program for 7ae97f24ac1e3eb478b676f8e64b815da0a5e651.
[2020-05-14 16:23:10] Compilation cache miss for 7ef77dc0f43cf98cce04c1de17604bc14ac9c5b4.
[2020-05-14 16:23:10] Stored compiled program for 7ef77dc0f43cf98cce04c1de17604bc14ac9c5b4.
[2020-05-14 16:23:10] Compilation cache miss for 56d70d34f28b64430f3ba10cb730f06145c8ef7a.
[2020-05-14 16:23:13] Stored compiled program for 56d70d34f28b64430f3ba10cb730f06145c8ef7a.
[2020-05-14 16:23:13] Compilation cache miss for 35a1eb55821d10873ec06bd7749ca448d2fc378f.
[2020-05-14 16:23:16] Stored compiled program for 35a1eb55821d10873ec06bd7749ca448d2fc378f.
[2020-05-14 16:23:16] Compilation cache miss for c72d254b5fb125c90ddf2e68ddb165ef0d06d361.
[2020-05-14 16:23:18] Stored compiled program for c72d254b5fb125c90ddf2e68ddb165ef0d06d361.
[2020-05-14 16:23:18] Compilation cache miss for d252ea0b82838eaa357e6a370f1755294f6e3ba7.
[2020-05-14 16:23:22] Stored compiled program for d252ea0b82838eaa357e6a370f1755294f6e3ba7.
[2020-05-14 16:23:23] Compilation cache miss for 4c067d0ed60f887d117a3aa20e7327c657def54d.
[2020-05-14 16:23:26] Stored compiled program for 4c067d0ed60f887d117a3aa20e7327c657def54d.
[2020-05-14 16:23:27] Compilation cache miss for aa26d94fd46ecd7f47736e15683b8d86a01d7a34.
[2020-05-14 16:23:38] Stored compiled program for aa26d94fd46ecd7f47736e15683b8d86a01d7a34.
[2020-05-14 16:23:38] Compilation cache miss for 45e135281544e09bd8aae5e3e21c488d5d8250b0.
[2020-05-14 16:23:47] Stored compiled program for 45e135281544e09bd8aae5e3e21c488d5d8250b0.
[2020-05-14 16:23:47] Compilation cache miss for 5e54c6f5ff146ef908688c30a2106bdf7853ffc4.
[2020-05-14 16:23:49] Stored compiled program for 5e54c6f5ff146ef908688c30a2106bdf7853ffc4.
[2020-05-14 16:23:49] Compilation cache miss for 4c117c02f279823834bd13b9d1f79fc3ecc4ea67.
[2020-05-14 16:23:53] Stored compiled program for 4c117c02f279823834bd13b9d1f79fc3ecc4ea67.
[2020-05-14 16:23:53] Compilation cache miss for c9a6cb6f95e056b7c09e5b6e20ae005f6f949684.
[2020-05-14 16:24:03] Stored compiled program for c9a6cb6f95e056b7c09e5b6e20ae005f6f949684.
[2020-05-14 16:24:04] Compilation cache miss for a75e181192e99aa729e0d8a2a3d734873e57ac73.
[2020-05-14 16:24:13] Stored compiled program for a75e181192e99aa729e0d8a2a3d734873e57ac73.
[2020-05-14 16:24:14] Compilation cache miss for 7e4db06e5490298d147180c14472317f58224e21.
