[2020-05-14 16:29:09] This is codeql execute queries -J-Xmx1024M --off-heap-ram=1024 --verbosity=progress --logdir=/Users/alexoneill/Documents/GitHub/OSC-Code/Tools/LGTM/DB_Storage/whereis-0-4-0DB/log --ml-model-path=/Users/alexoneill/Documents/GitHub/OSC-Code/Tools/LGTM --native-library-path=/Users/alexoneill/Documents/GitHub/OSC-Code/Tools/LGTM --warnings=show --no-rerun --output=/Users/alexoneill/Documents/GitHub/OSC-Code/Tools/LGTM/DB_Storage/whereis-0-4-0DB/results -- /Users/alexoneill/Documents/GitHub/OSC-Code/Tools/LGTM/DB_Storage/whereis-0-4-0DB/db-javascript /Users/alexoneill/Documents/GitHub/OSC-Code/Tools/LGTM/OSC_CodeQueries/CodeInjection.ql
[2020-05-14 16:29:10] Calling plumbing command: codeql resolve queries --format=json -- /Users/alexoneill/Documents/GitHub/OSC-Code/Tools/LGTM/OSC_CodeQueries/CodeInjection.ql
[2020-05-14 16:29:10] Plumbing command codeql resolve queries completed:
                      [
                        "/Users/alexoneill/Documents/GitHub/OSC-Code/Tools/LGTM/OSC_CodeQueries/CodeInjection.ql"
                      ]
[2020-05-14 16:29:10] Creating executor with 1 threads.
[2020-05-14 16:29:10] Calling plumbing command: codeql resolve library-path --query=/Users/alexoneill/Documents/GitHub/OSC-Code/Tools/LGTM/OSC_CodeQueries/CodeInjection.ql --format=json
[2020-05-14 16:29:10] [DETAILS] resolve library-path> Resolving query at normalized path /Users/alexoneill/Documents/GitHub/OSC-Code/Tools/LGTM/OSC_CodeQueries/CodeInjection.ql.
[2020-05-14 16:29:10] [DETAILS] resolve library-path> Found enclosing pack 'OSC-codeql-javascript' at /Users/alexoneill/Documents/GitHub/OSC-Code/Tools/LGTM/OSC_CodeQueries.
[2020-05-14 16:29:10] [DETAILS] resolve library-path> Adding compilation cache at /Users/alexoneill/Documents/GitHub/OSC-Code/Tools/LGTM/OSC_CodeQueries/.cache.
[2020-05-14 16:29:10] [DETAILS] resolve library-path> Resolving library dependencies from /Users/alexoneill/Documents/GitHub/OSC-Code/Tools/LGTM/OSC_CodeQueries/qlpack.yml.
[2020-05-14 16:29:10] [SPAMMIER] resolve library-path> Recursing into /Users/alexoneill/Documents/GitHub/OSC-Code/Tools/LGTM.
[2020-05-14 16:29:10] [SPAMMIER] resolve library-path> Recursing into /Users/alexoneill/Documents/GitHub/OSC-Code/Tools/LGTM/ql.
[2020-05-14 16:29:10] [DETAILS] resolve library-path> QL pack dependencies for /Users/alexoneill/Documents/GitHub/OSC-Code/Tools/LGTM/OSC_CodeQueries resolved OK.
[2020-05-14 16:29:10] [DETAILS] resolve library-path> Found dbscheme through QL packs: /Users/alexoneill/Documents/GitHub/OSC-Code/Tools/LGTM/ql/javascript/ql/src/semmlecode.javascript.dbscheme.
[2020-05-14 16:29:10] Plumbing command codeql resolve library-path completed:
                      {
                        "libraryPath" : [
                          "/Users/alexoneill/Documents/GitHub/OSC-Code/Tools/LGTM/OSC_CodeQueries",
                          "/Users/alexoneill/Documents/GitHub/OSC-Code/Tools/LGTM/ql/javascript/ql/src"
                        ],
                        "dbscheme" : "/Users/alexoneill/Documents/GitHub/OSC-Code/Tools/LGTM/ql/javascript/ql/src/semmlecode.javascript.dbscheme",
                        "compilationCache" : [
                          "/Users/alexoneill/Documents/GitHub/OSC-Code/Tools/LGTM/OSC_CodeQueries/.cache"
                        ],
                        "relativeName" : "OSC-codeql-javascript/CodeInjection.ql"
                      }
[2020-05-14 16:29:10] [PROGRESS] execute queries> Compiling query plan for /Users/alexoneill/Documents/GitHub/OSC-Code/Tools/LGTM/OSC_CodeQueries/CodeInjection.ql.
[2020-05-14 16:29:10] [DETAILS] execute queries> Resolving imports for /Users/alexoneill/Documents/GitHub/OSC-Code/Tools/LGTM/OSC_CodeQueries/CodeInjection.ql.
[2020-05-14 16:29:11] Resolved file set for /Users/alexoneill/Documents/GitHub/OSC-Code/Tools/LGTM/OSC_CodeQueries/CodeInjection.ql hashes to 071d84f784d174246c817ce5b761664b721ebd76.
[2020-05-14 16:29:11] [DETAILS] execute queries> Checking QL for /Users/alexoneill/Documents/GitHub/OSC-Code/Tools/LGTM/OSC_CodeQueries/CodeInjection.ql.
[2020-05-14 16:29:11] ExternalModuleBindingPass ...
[2020-05-14 16:29:11] ExternalModuleBindingPass time: 00:00.475
[2020-05-14 16:29:11] QLPredicateSynthesiser ...
[2020-05-14 16:29:11] QLPredicateSynthesiser time: 00:00.022
[2020-05-14 16:29:11] DeclarationBindingPass ...
[2020-05-14 16:29:11] DeclarationBindingPass time: 00:00.050
[2020-05-14 16:29:11] Fixed point time ...
[2020-05-14 16:29:12] Fixed point time time: 00:00.386
[2020-05-14 16:29:12] ReferenceBindingPass ...
[2020-05-14 16:29:12] ReferenceBindingPass time: 00:00.035
[2020-05-14 16:29:12] EntityTypeUpdateBindingPass ...
[2020-05-14 16:29:12] EntityTypeUpdateBindingPass time: 00:00.036
[2020-05-14 16:29:12] ReferenceBindingCheck ...
[2020-05-14 16:29:12] ReferenceBindingCheck time: 00:00.023
[2020-05-14 16:29:12] PredicateBodyBindingPass ...
[2020-05-14 16:29:12] PredicateBodyBindingPass time: 00:00.534
[2020-05-14 16:29:12] LanguagePragmaPropagationPass ...
[2020-05-14 16:29:12] LanguagePragmaPropagationPass time: 00:00.020
[2020-05-14 16:29:12] Ambiguity checks ...
[2020-05-14 16:29:12] Ambiguity checks time: 00:00.090
[2020-05-14 16:29:12] Ql checks ...
[2020-05-14 16:29:13] Ql checks time: 00:00.376
[2020-05-14 16:29:14] Compilation pipeline
[2020-05-14 16:29:14] Type Inference ...
[2020-05-14 16:29:14] CSV_TYPE_HIERARCHY: Best number of iterations,Maximum number of runs,Number of BDD variables,Size of BDD for typefacts
[2020-05-14 16:29:14] CSV_TYPE_HIERARCHY: 0,0,1,1
[2020-05-14 16:29:14] CSV_TYPE_HIERARCHY: 0,0,0,0
[2020-05-14 16:29:14] CSV_TYPE_HIERARCHY: 0,0,76,82
[2020-05-14 16:29:14] CSV_TYPE_HIERARCHY: 0,0,1,1
[2020-05-14 16:29:14] CSV_TYPE_HIERARCHY: 0,0,0,0
[2020-05-14 16:29:15] CSV_TYPE_HIERARCHY: 0,0,747,3861
[2020-05-14 16:29:15] CSV_TYPE_HIERARCHY: 0,0,625,2240
[2020-05-14 16:29:15] CSV_TYPE_HIERARCHY: 0,0,9,9
[2020-05-14 16:29:15] CSV_TYPE_HIERARCHY: 0,0,7,7
[2020-05-14 16:29:15] CSV_TYPE_HIERARCHY: 0,0,2,2
[2020-05-14 16:29:15] CSV_TYPE_HIERARCHY: 0,0,26,26
[2020-05-14 16:29:15] CSV_TYPE_HIERARCHY: 0,0,17,19
[2020-05-14 16:29:15] CSV_TYPE_HIERARCHY: 0,0,6,6
[2020-05-14 16:29:15] CSV_TYPE_HIERARCHY: 0,0,2,2
[2020-05-14 16:29:15] CSV_TYPE_HIERARCHY: 0,0,7,10
[2020-05-14 16:29:15] CSV_TYPE_HIERARCHY: 0,0,12,12
[2020-05-14 16:29:15] CSV_TYPE_HIERARCHY: 0,0,2,2
[2020-05-14 16:29:15] CSV_TYPE_HIERARCHY: 0,0,2,2
[2020-05-14 16:29:15] CSV_TYPE_HIERARCHY: 0,0,4,4
[2020-05-14 16:29:15] CSV_TYPE_HIERARCHY: 0,0,2,2
[2020-05-14 16:29:15] CSV_TYPE_HIERARCHY: 0,0,1,1
[2020-05-14 16:29:15] CSV_TYPE_HIERARCHY: 0,0,12,15
[2020-05-14 16:29:15] CSV_TYPE_HIERARCHY: 0,0,2,2
[2020-05-14 16:29:15] CSV_TYPE_HIERARCHY: 0,0,2,2
[2020-05-14 16:29:15] CSV_TYPE_HIERARCHY: 0,0,6,7
[2020-05-14 16:29:15] CSV_TYPE_HIERARCHY: 0,0,4,4
[2020-05-14 16:29:15] CSV_TYPE_HIERARCHY: 0,0,6,6
[2020-05-14 16:29:15] CSV_TYPE_HIERARCHY: 0,0,4,4
[2020-05-14 16:29:15] CSV_TYPE_HIERARCHY: 0,0,2,2
[2020-05-14 16:29:15] CSV_TYPE_HIERARCHY: 0,0,6,7
[2020-05-14 16:29:15] CSV_TYPE_HIERARCHY: 0,0,2,2
[2020-05-14 16:29:15] CSV_TYPE_HIERARCHY: 0,0,2,2
[2020-05-14 16:29:15] CSV_TYPE_HIERARCHY: 0,0,10,13
[2020-05-14 16:29:15] CSV_TYPE_HIERARCHY: 0,0,3,3
[2020-05-14 16:29:15] CSV_TYPE_HIERARCHY: 0,0,2,2
[2020-05-14 16:29:15] CSV_TYPE_HIERARCHY: 0,0,4,4
[2020-05-14 16:29:15] CSV_TYPE_HIERARCHY: 0,0,0,0
[2020-05-14 16:29:15] CSV_TYPE_HIERARCHY: 0,0,0,0
[2020-05-14 16:29:15] CSV_TYPE_HIERARCHY: 0,0,0,0
[2020-05-14 16:29:15] CSV_TYPE_HIERARCHY: 0,0,0,0
[2020-05-14 16:29:15] CSV_TYPE_HIERARCHY: 0,0,0,0
[2020-05-14 16:29:15] CSV_TYPE_HIERARCHY: 0,0,0,0
[2020-05-14 16:29:15] CSV_TYPE_HIERARCHY: 0,0,0,0
[2020-05-14 16:29:15] CSV_TYPE_HIERARCHY: 0,0,0,0
[2020-05-14 16:29:15] CSV_TYPE_HIERARCHY: 0,0,0,0
[2020-05-14 16:29:15] CSV_TYPE_HIERARCHY: 0,0,0,0
[2020-05-14 16:29:15] CSV_TYPE_HIERARCHY: 0,0,0,0
[2020-05-14 16:29:15] CSV_TYPE_HIERARCHY: 0,0,0,0
[2020-05-14 16:29:15] CSV_TYPE_HIERARCHY: 0,0,0,0
[2020-05-14 16:29:15] CSV_TYPE_HIERARCHY: 0,0,0,0
[2020-05-14 16:29:15] CSV_TYPE_HIERARCHY: 0,0,0,0
[2020-05-14 16:29:15] CSV_TYPE_HIERARCHY: 0,0,0,0
[2020-05-14 16:29:15] CSV_TYPE_HIERARCHY: 0,0,0,0
[2020-05-14 16:29:15] CSV_TYPE_HIERARCHY: 0,0,0,0
[2020-05-14 16:29:15] CSV_TYPE_HIERARCHY: 0,0,0,0
[2020-05-14 16:29:15] CSV_TYPE_HIERARCHY: 0,0,0,0
[2020-05-14 16:29:15] CSV_TYPE_HIERARCHY: 0,0,0,0
[2020-05-14 16:29:15] CSV_TYPE_HIERARCHY: 0,0,0,0
[2020-05-14 16:29:15] CSV_TYPE_HIERARCHY: 0,0,0,0
[2020-05-14 16:29:15] CSV_TYPE_HIERARCHY: 0,0,0,0
[2020-05-14 16:29:15] CSV_TYPE_HIERARCHY: 0,0,0,0
[2020-05-14 16:29:15] CSV_TYPE_HIERARCHY: 0,0,0,0
[2020-05-14 16:29:15] CSV_TYPE_HIERARCHY: 0,0,0,0
[2020-05-14 16:29:16] Type Inference time: 00:02.418
[2020-05-14 16:29:16] Binding Checks ...
[2020-05-14 16:29:17] Binding Checks time: 00:00.626
[2020-05-14 16:29:18] [DETAILS] execute queries> Optimizing /Users/alexoneill/Documents/GitHub/OSC-Code/Tools/LGTM/OSC_CodeQueries/CodeInjection.ql.
[2020-05-14 16:29:18] Processing compilation pipeline
[2020-05-14 16:29:18] Started compiling a query
[2020-05-14 16:29:18] Initialising compiler...
[2020-05-14 16:29:18] 	 ... compiler initialised
[2020-05-14 16:29:18] About to start query optimisation
[2020-05-14 16:29:19] Compilation cache hit - skipping compilation.
[2020-05-14 16:29:20] Compilation cache hit - skipping compilation.
[2020-05-14 16:29:20] Compilation cache hit - skipping compilation.
[2020-05-14 16:29:20] Compilation cache hit - skipping compilation.
[2020-05-14 16:29:21] Compilation cache hit - skipping compilation.
[2020-05-14 16:29:21] Compilation cache hit - skipping compilation.
[2020-05-14 16:29:21] Compilation cache hit - skipping compilation.
[2020-05-14 16:29:22] Compilation cache hit - skipping compilation.
[2020-05-14 16:29:22] Compilation cache hit - skipping compilation.
[2020-05-14 16:29:23] Compilation cache hit - skipping compilation.
[2020-05-14 16:29:23] Compilation cache hit - skipping compilation.
[2020-05-14 16:29:23] Compilation cache hit - skipping compilation.
[2020-05-14 16:29:23] Compilation cache hit - skipping compilation.
[2020-05-14 16:29:24] Compilation cache hit - skipping compilation.
[2020-05-14 16:29:24] Compilation cache hit - skipping compilation.
[2020-05-14 16:29:25] Compilation cache hit - skipping compilation.
[2020-05-14 16:29:25] Compilation cache hit - skipping compilation.
[2020-05-14 16:29:25] Compilation cache hit - skipping compilation.
[2020-05-14 16:29:26] Compilation cache hit - skipping compilation.
[2020-05-14 16:29:26] Compilation cache hit - skipping compilation.
[2020-05-14 16:29:27] Compilation cache hit - skipping compilation.
[2020-05-14 16:29:27] Compilation cache hit - skipping compilation.
[2020-05-14 16:29:27] Compilation cache hit - skipping compilation.
[2020-05-14 16:29:28] Compilation cache hit - skipping compilation.
[2020-05-14 16:29:29] Compilation cache miss for 7e4db06e5490298d147180c14472317f58224e21.
[2020-05-14 16:29:47] Stored compiled program for 7e4db06e5490298d147180c14472317f58224e21.
[2020-05-14 16:29:48] Compilation cache miss for 49e9bd59f751819252a0def863d6e1633df274b6.
