[2020-05-13 17:01:55] This is codeql database create --language=javascript --source-root /Users/alexoneill/Documents/GitHub/OSC-Code/Tools/LGTM/ext_JS_src/pako-1.0.10 /Users/alexoneill/Documents/GitHub/OSC-Code/Tools/LGTM/DB_Storage/pako-1-0-10DB
[2020-05-13 17:01:55] Log file was started late.
[2020-05-13 17:01:55] Using autobuild script /Users/alexoneill/Documents/GitHub/OSC-Code/Tools/LGTM/codeql/javascript/tools/autobuild.sh.
[2020-05-13 17:01:55] [DETAILS] database create> Detected autobuild command: /Users/alexoneill/Documents/GitHub/OSC-Code/Tools/LGTM/codeql/javascript/tools/autobuild.sh.
[2020-05-13 17:01:55] [PROGRESS] database create> Running command [/Users/alexoneill/Documents/GitHub/OSC-Code/Tools/LGTM/codeql/javascript/tools/autobuild.sh] in /Users/alexoneill/Documents/GitHub/OSC-Code/Tools/LGTM/ext_JS_src/pako-1.0.10.
[2020-05-13 17:01:55] Running plumbing command: codeql database trace-command --working-dir=/Users/alexoneill/Documents/GitHub/OSC-Code/Tools/LGTM/ext_JS_src/pako-1.0.10 -- /Users/alexoneill/Documents/GitHub/OSC-Code/Tools/LGTM/DB_Storage/pako-1-0-10DB /Users/alexoneill/Documents/GitHub/OSC-Code/Tools/LGTM/codeql/javascript/tools/autobuild.sh
[2020-05-13 17:01:55] [PROGRESS] database trace-command> /Users/alexoneill/Documents/GitHub/OSC-Code/Tools/LGTM/DB_Storage/pako-1-0-10DB: Running in /Users/alexoneill/Documents/GitHub/OSC-Code/Tools/LGTM/ext_JS_src/pako-1.0.10: [/Users/alexoneill/Documents/GitHub/OSC-Code/Tools/LGTM/codeql/javascript/tools/autobuild.sh]
[2020-05-13 17:01:55] [build] Single-threaded extraction.
[2020-05-13 17:01:55] [build] Extracting /Users/alexoneill/Documents/GitHub/OSC-Code/Tools/LGTM/ext_JS_src/pako-1.0.10/package/dist/pako_inflate.js
[2020-05-13 17:01:56] [build] Done extracting /Users/alexoneill/Documents/GitHub/OSC-Code/Tools/LGTM/ext_JS_src/pako-1.0.10/package/dist/pako_inflate.js (990 ms)
[2020-05-13 17:01:56] [build] Extracting /Users/alexoneill/Documents/GitHub/OSC-Code/Tools/LGTM/ext_JS_src/pako-1.0.10/package/dist/pako_deflate.js
[2020-05-13 17:01:57] [build] Done extracting /Users/alexoneill/Documents/GitHub/OSC-Code/Tools/LGTM/ext_JS_src/pako-1.0.10/package/dist/pako_deflate.js (694 ms)
[2020-05-13 17:01:57] [build] Extracting /Users/alexoneill/Documents/GitHub/OSC-Code/Tools/LGTM/ext_JS_src/pako-1.0.10/package/dist/pako.js
[2020-05-13 17:01:58] [build] Done extracting /Users/alexoneill/Documents/GitHub/OSC-Code/Tools/LGTM/ext_JS_src/pako-1.0.10/package/dist/pako.js (1292 ms)
[2020-05-13 17:01:58] [build] Extracting /Users/alexoneill/Documents/GitHub/OSC-Code/Tools/LGTM/ext_JS_src/pako-1.0.10/package/index.js
[2020-05-13 17:01:58] [build] Done extracting /Users/alexoneill/Documents/GitHub/OSC-Code/Tools/LGTM/ext_JS_src/pako-1.0.10/package/index.js (4 ms)
[2020-05-13 17:01:58] [build] Extracting /Users/alexoneill/Documents/GitHub/OSC-Code/Tools/LGTM/ext_JS_src/pako-1.0.10/package/package.json
[2020-05-13 17:01:58] [build] Done extracting /Users/alexoneill/Documents/GitHub/OSC-Code/Tools/LGTM/ext_JS_src/pako-1.0.10/package/package.json (4 ms)
[2020-05-13 17:01:58] [build] Extracting /Users/alexoneill/Documents/GitHub/OSC-Code/Tools/LGTM/ext_JS_src/pako-1.0.10/package/lib/inflate.js
[2020-05-13 17:01:58] [build] Done extracting /Users/alexoneill/Documents/GitHub/OSC-Code/Tools/LGTM/ext_JS_src/pako-1.0.10/package/lib/inflate.js (33 ms)
[2020-05-13 17:01:58] [build] Extracting /Users/alexoneill/Documents/GitHub/OSC-Code/Tools/LGTM/ext_JS_src/pako-1.0.10/package/lib/deflate.js
[2020-05-13 17:01:58] [build] Done extracting /Users/alexoneill/Documents/GitHub/OSC-Code/Tools/LGTM/ext_JS_src/pako-1.0.10/package/lib/deflate.js (36 ms)
[2020-05-13 17:01:58] [build] Extracting /Users/alexoneill/Documents/GitHub/OSC-Code/Tools/LGTM/ext_JS_src/pako-1.0.10/package/lib/utils/strings.js
[2020-05-13 17:01:58] [build] Done extracting /Users/alexoneill/Documents/GitHub/OSC-Code/Tools/LGTM/ext_JS_src/pako-1.0.10/package/lib/utils/strings.js (31 ms)
[2020-05-13 17:01:58] [build] Extracting /Users/alexoneill/Documents/GitHub/OSC-Code/Tools/LGTM/ext_JS_src/pako-1.0.10/package/lib/utils/common.js
[2020-05-13 17:01:58] [build] Done extracting /Users/alexoneill/Documents/GitHub/OSC-Code/Tools/LGTM/ext_JS_src/pako-1.0.10/package/lib/utils/common.js (14 ms)
[2020-05-13 17:01:58] [build] Extracting /Users/alexoneill/Documents/GitHub/OSC-Code/Tools/LGTM/ext_JS_src/pako-1.0.10/package/lib/zlib/constants.js
[2020-05-13 17:01:58] [build] Done extracting /Users/alexoneill/Documents/GitHub/OSC-Code/Tools/LGTM/ext_JS_src/pako-1.0.10/package/lib/zlib/constants.js (6 ms)
[2020-05-13 17:01:58] [build] Extracting /Users/alexoneill/Documents/GitHub/OSC-Code/Tools/LGTM/ext_JS_src/pako-1.0.10/package/lib/zlib/inflate.js
[2020-05-13 17:01:59] [build] Done extracting /Users/alexoneill/Documents/GitHub/OSC-Code/Tools/LGTM/ext_JS_src/pako-1.0.10/package/lib/zlib/inflate.js (242 ms)
[2020-05-13 17:01:59] [build] Extracting /Users/alexoneill/Documents/GitHub/OSC-Code/Tools/LGTM/ext_JS_src/pako-1.0.10/package/lib/zlib/deflate.js
[2020-05-13 17:01:59] [build] Done extracting /Users/alexoneill/Documents/GitHub/OSC-Code/Tools/LGTM/ext_JS_src/pako-1.0.10/package/lib/zlib/deflate.js (261 ms)
[2020-05-13 17:01:59] [build] Extracting /Users/alexoneill/Documents/GitHub/OSC-Code/Tools/LGTM/ext_JS_src/pako-1.0.10/package/lib/zlib/crc32.js
[2020-05-13 17:01:59] [build] Done extracting /Users/alexoneill/Documents/GitHub/OSC-Code/Tools/LGTM/ext_JS_src/pako-1.0.10/package/lib/zlib/crc32.js (7 ms)
[2020-05-13 17:01:59] [build] Extracting /Users/alexoneill/Documents/GitHub/OSC-Code/Tools/LGTM/ext_JS_src/pako-1.0.10/package/lib/zlib/zstream.js
[2020-05-13 17:01:59] [build] Done extracting /Users/alexoneill/Documents/GitHub/OSC-Code/Tools/LGTM/ext_JS_src/pako-1.0.10/package/lib/zlib/zstream.js (5 ms)
[2020-05-13 17:01:59] [build] Extracting /Users/alexoneill/Documents/GitHub/OSC-Code/Tools/LGTM/ext_JS_src/pako-1.0.10/package/lib/zlib/inffast.js
[2020-05-13 17:01:59] [build] Done extracting /Users/alexoneill/Documents/GitHub/OSC-Code/Tools/LGTM/ext_JS_src/pako-1.0.10/package/lib/zlib/inffast.js (49 ms)
[2020-05-13 17:01:59] [build] Extracting /Users/alexoneill/Documents/GitHub/OSC-Code/Tools/LGTM/ext_JS_src/pako-1.0.10/package/lib/zlib/adler32.js
[2020-05-13 17:01:59] [build] Done extracting /Users/alexoneill/Documents/GitHub/OSC-Code/Tools/LGTM/ext_JS_src/pako-1.0.10/package/lib/zlib/adler32.js (6 ms)
[2020-05-13 17:01:59] [build] Extracting /Users/alexoneill/Documents/GitHub/OSC-Code/Tools/LGTM/ext_JS_src/pako-1.0.10/package/lib/zlib/inftrees.js
[2020-05-13 17:01:59] [build] Done extracting /Users/alexoneill/Documents/GitHub/OSC-Code/Tools/LGTM/ext_JS_src/pako-1.0.10/package/lib/zlib/inftrees.js (39 ms)
[2020-05-13 17:01:59] [build] Extracting /Users/alexoneill/Documents/GitHub/OSC-Code/Tools/LGTM/ext_JS_src/pako-1.0.10/package/lib/zlib/trees.js
[2020-05-13 17:01:59] [build] Done extracting /Users/alexoneill/Documents/GitHub/OSC-Code/Tools/LGTM/ext_JS_src/pako-1.0.10/package/lib/zlib/trees.js (159 ms)
[2020-05-13 17:01:59] [build] Extracting /Users/alexoneill/Documents/GitHub/OSC-Code/Tools/LGTM/ext_JS_src/pako-1.0.10/package/lib/zlib/gzheader.js
[2020-05-13 17:01:59] [build] Done extracting /Users/alexoneill/Documents/GitHub/OSC-Code/Tools/LGTM/ext_JS_src/pako-1.0.10/package/lib/zlib/gzheader.js (4 ms)
[2020-05-13 17:01:59] [build] Extracting /Users/alexoneill/Documents/GitHub/OSC-Code/Tools/LGTM/ext_JS_src/pako-1.0.10/package/lib/zlib/messages.js
[2020-05-13 17:01:59] [build] Done extracting /Users/alexoneill/Documents/GitHub/OSC-Code/Tools/LGTM/ext_JS_src/pako-1.0.10/package/lib/zlib/messages.js (2 ms)
[2020-05-13 17:01:59] [build-err] No externs trap cache found
[2020-05-13 17:01:59] [build] Extracting /Users/alexoneill/Documents/GitHub/OSC-Code/Tools/LGTM/codeql/javascript/tools/data/externs/nodejs/constants.js
[2020-05-13 17:01:59] [build] Done extracting /Users/alexoneill/Documents/GitHub/OSC-Code/Tools/LGTM/codeql/javascript/tools/data/externs/nodejs/constants.js (237 ms)
[2020-05-13 17:01:59] [build] Extracting /Users/alexoneill/Documents/GitHub/OSC-Code/Tools/LGTM/codeql/javascript/tools/data/externs/nodejs/net.js
[2020-05-13 17:01:59] [build] Done extracting /Users/alexoneill/Documents/GitHub/OSC-Code/Tools/LGTM/codeql/javascript/tools/data/externs/nodejs/net.js (55 ms)
[2020-05-13 17:01:59] [build] Extracting /Users/alexoneill/Documents/GitHub/OSC-Code/Tools/LGTM/codeql/javascript/tools/data/externs/nodejs/globals.js
[2020-05-13 17:02:00] [build] Done extracting /Users/alexoneill/Documents/GitHub/OSC-Code/Tools/LGTM/codeql/javascript/tools/data/externs/nodejs/globals.js (202 ms)
[2020-05-13 17:02:00] [build] Extracting /Users/alexoneill/Documents/GitHub/OSC-Code/Tools/LGTM/codeql/javascript/tools/data/externs/nodejs/events.js
[2020-05-13 17:02:00] [build] Done extracting /Users/alexoneill/Documents/GitHub/OSC-Code/Tools/LGTM/codeql/javascript/tools/data/externs/nodejs/events.js (15 ms)
[2020-05-13 17:02:00] [build] Extracting /Users/alexoneill/Documents/GitHub/OSC-Code/Tools/LGTM/codeql/javascript/tools/data/externs/nodejs/repl.js
[2020-05-13 17:02:00] [build] Done extracting /Users/alexoneill/Documents/GitHub/OSC-Code/Tools/LGTM/codeql/javascript/tools/data/externs/nodejs/repl.js (11 ms)
[2020-05-13 17:02:00] [build] Extracting /Users/alexoneill/Documents/GitHub/OSC-Code/Tools/LGTM/codeql/javascript/tools/data/externs/nodejs/util.js
[2020-05-13 17:02:00] [build] Done extracting /Users/alexoneill/Documents/GitHub/OSC-Code/Tools/LGTM/codeql/javascript/tools/data/externs/nodejs/util.js (25 ms)
[2020-05-13 17:02:00] [build] Extracting /Users/alexoneill/Documents/GitHub/OSC-Code/Tools/LGTM/codeql/javascript/tools/data/externs/nodejs/dgram.js
[2020-05-13 17:02:00] [build] Done extracting /Users/alexoneill/Documents/GitHub/OSC-Code/Tools/LGTM/codeql/javascript/tools/data/externs/nodejs/dgram.js (23 ms)
[2020-05-13 17:02:00] [build] Extracting /Users/alexoneill/Documents/GitHub/OSC-Code/Tools/LGTM/codeql/javascript/tools/data/externs/nodejs/vm.js
[2020-05-13 17:02:00] [build] Done extracting /Users/alexoneill/Documents/GitHub/OSC-Code/Tools/LGTM/codeql/javascript/tools/data/externs/nodejs/vm.js (17 ms)
[2020-05-13 17:02:00] [build] Extracting /Users/alexoneill/Documents/GitHub/OSC-Code/Tools/LGTM/codeql/javascript/tools/data/externs/nodejs/stream.js
[2020-05-13 17:02:00] [build] Done extracting /Users/alexoneill/Documents/GitHub/OSC-Code/Tools/LGTM/codeql/javascript/tools/data/externs/nodejs/stream.js (77 ms)
[2020-05-13 17:02:00] [build] Extracting /Users/alexoneill/Documents/GitHub/OSC-Code/Tools/LGTM/codeql/javascript/tools/data/externs/nodejs/child_process.js
[2020-05-13 17:02:00] [build] Done extracting /Users/alexoneill/Documents/GitHub/OSC-Code/Tools/LGTM/codeql/javascript/tools/data/externs/nodejs/child_process.js (64 ms)
[2020-05-13 17:02:00] [build] Extracting /Users/alexoneill/Documents/GitHub/OSC-Code/Tools/LGTM/codeql/javascript/tools/data/externs/nodejs/assert.js
[2020-05-13 17:02:00] [build] Done extracting /Users/alexoneill/Documents/GitHub/OSC-Code/Tools/LGTM/codeql/javascript/tools/data/externs/nodejs/assert.js (22 ms)
[2020-05-13 17:02:00] [build] Extracting /Users/alexoneill/Documents/GitHub/OSC-Code/Tools/LGTM/codeql/javascript/tools/data/externs/nodejs/os.js
[2020-05-13 17:02:00] [build] Done extracting /Users/alexoneill/Documents/GitHub/OSC-Code/Tools/LGTM/codeql/javascript/tools/data/externs/nodejs/os.js (28 ms)
[2020-05-13 17:02:00] [build] Extracting /Users/alexoneill/Documents/GitHub/OSC-Code/Tools/LGTM/codeql/javascript/tools/data/externs/nodejs/console.js
[2020-05-13 17:02:00] [build] Done extracting /Users/alexoneill/Documents/GitHub/OSC-Code/Tools/LGTM/codeql/javascript/tools/data/externs/nodejs/console.js (3 ms)
[2020-05-13 17:02:00] [build] Extracting /Users/alexoneill/Documents/GitHub/OSC-Code/Tools/LGTM/codeql/javascript/tools/data/externs/nodejs/readline.js
[2020-05-13 17:02:00] [build] Done extracting /Users/alexoneill/Documents/GitHub/OSC-Code/Tools/LGTM/codeql/javascript/tools/data/externs/nodejs/readline.js (18 ms)
[2020-05-13 17:02:00] [build] Extracting /Users/alexoneill/Documents/GitHub/OSC-Code/Tools/LGTM/codeql/javascript/tools/data/externs/nodejs/punycode.js
[2020-05-13 17:02:00] [build] Done extracting /Users/alexoneill/Documents/GitHub/OSC-Code/Tools/LGTM/codeql/javascript/tools/data/externs/nodejs/punycode.js (10 ms)
[2020-05-13 17:02:00] [build] Extracting /Users/alexoneill/Documents/GitHub/OSC-Code/Tools/LGTM/codeql/javascript/tools/data/externs/nodejs/https.js
[2020-05-13 17:02:00] [build] Done extracting /Users/alexoneill/Documents/GitHub/OSC-Code/Tools/LGTM/codeql/javascript/tools/data/externs/nodejs/https.js (22 ms)
[2020-05-13 17:02:00] [build] Extracting /Users/alexoneill/Documents/GitHub/OSC-Code/Tools/LGTM/codeql/javascript/tools/data/externs/nodejs/domain.js
[2020-05-13 17:02:00] [build] Done extracting /Users/alexoneill/Documents/GitHub/OSC-Code/Tools/LGTM/codeql/javascript/tools/data/externs/nodejs/domain.js (9 ms)
[2020-05-13 17:02:00] [build] Extracting /Users/alexoneill/Documents/GitHub/OSC-Code/Tools/LGTM/codeql/javascript/tools/data/externs/nodejs/dns.js
[2020-05-13 17:02:00] [build] Done extracting /Users/alexoneill/Documents/GitHub/OSC-Code/Tools/LGTM/codeql/javascript/tools/data/externs/nodejs/dns.js (25 ms)
[2020-05-13 17:02:00] [build] Extracting /Users/alexoneill/Documents/GitHub/OSC-Code/Tools/LGTM/codeql/javascript/tools/data/externs/nodejs/assert_legacy.js
[2020-05-13 17:02:00] [build] Done extracting /Users/alexoneill/Documents/GitHub/OSC-Code/Tools/LGTM/codeql/javascript/tools/data/externs/nodejs/assert_legacy.js (2 ms)
[2020-05-13 17:02:00] [build] Extracting /Users/alexoneill/Documents/GitHub/OSC-Code/Tools/LGTM/codeql/javascript/tools/data/externs/nodejs/tty.js
[2020-05-13 17:02:00] [build] Done extracting /Users/alexoneill/Documents/GitHub/OSC-Code/Tools/LGTM/codeql/javascript/tools/data/externs/nodejs/tty.js (10 ms)
[2020-05-13 17:02:00] [build] Extracting /Users/alexoneill/Documents/GitHub/OSC-Code/Tools/LGTM/codeql/javascript/tools/data/externs/nodejs/timers.js
[2020-05-13 17:02:00] [build] Done extracting /Users/alexoneill/Documents/GitHub/OSC-Code/Tools/LGTM/codeql/javascript/tools/data/externs/nodejs/timers.js (9 ms)
[2020-05-13 17:02:00] [build] Extracting /Users/alexoneill/Documents/GitHub/OSC-Code/Tools/LGTM/codeql/javascript/tools/data/externs/nodejs/querystring.js
[2020-05-13 17:02:00] [build] Done extracting /Users/alexoneill/Documents/GitHub/OSC-Code/Tools/LGTM/codeql/javascript/tools/data/externs/nodejs/querystring.js (9 ms)
[2020-05-13 17:02:00] [build] Extracting /Users/alexoneill/Documents/GitHub/OSC-Code/Tools/LGTM/codeql/javascript/tools/data/externs/nodejs/module.js
[2020-05-13 17:02:00] [build] Done extracting /Users/alexoneill/Documents/GitHub/OSC-Code/Tools/LGTM/codeql/javascript/tools/data/externs/nodejs/module.js (7 ms)
[2020-05-13 17:02:00] [build] Extracting /Users/alexoneill/Documents/GitHub/OSC-Code/Tools/LGTM/codeql/javascript/tools/data/externs/nodejs/sys.js
[2020-05-13 17:02:00] [build] Done extracting /Users/alexoneill/Documents/GitHub/OSC-Code/Tools/LGTM/codeql/javascript/tools/data/externs/nodejs/sys.js (3 ms)
[2020-05-13 17:02:00] [build] Extracting /Users/alexoneill/Documents/GitHub/OSC-Code/Tools/LGTM/codeql/javascript/tools/data/externs/nodejs/path.js
[2020-05-13 17:02:00] [build] Done extracting /Users/alexoneill/Documents/GitHub/OSC-Code/Tools/LGTM/codeql/javascript/tools/data/externs/nodejs/path.js (25 ms)
[2020-05-13 17:02:00] [build] Extracting /Users/alexoneill/Documents/GitHub/OSC-Code/Tools/LGTM/codeql/javascript/tools/data/externs/nodejs/string_decoder.js
[2020-05-13 17:02:00] [build] Done extracting /Users/alexoneill/Documents/GitHub/OSC-Code/Tools/LGTM/codeql/javascript/tools/data/externs/nodejs/string_decoder.js (6 ms)
[2020-05-13 17:02:00] [build] Extracting /Users/alexoneill/Documents/GitHub/OSC-Code/Tools/LGTM/codeql/javascript/tools/data/externs/nodejs/cluster.js
[2020-05-13 17:02:00] [build] Done extracting /Users/alexoneill/Documents/GitHub/OSC-Code/Tools/LGTM/codeql/javascript/tools/data/externs/nodejs/cluster.js (89 ms)
[2020-05-13 17:02:00] [build] Extracting /Users/alexoneill/Documents/GitHub/OSC-Code/Tools/LGTM/codeql/javascript/tools/data/externs/nodejs/v8.js
[2020-05-13 17:02:00] [build] Done extracting /Users/alexoneill/Documents/GitHub/OSC-Code/Tools/LGTM/codeql/javascript/tools/data/externs/nodejs/v8.js (5 ms)
[2020-05-13 17:02:00] [build] Extracting /Users/alexoneill/Documents/GitHub/OSC-Code/Tools/LGTM/codeql/javascript/tools/data/externs/nodejs/crypto.js
[2020-05-13 17:02:00] [build] Done extracting /Users/alexoneill/Documents/GitHub/OSC-Code/Tools/LGTM/codeql/javascript/tools/data/externs/nodejs/crypto.js (93 ms)
[2020-05-13 17:02:00] [build] Extracting /Users/alexoneill/Documents/GitHub/OSC-Code/Tools/LGTM/codeql/javascript/tools/data/externs/nodejs/zlib.js
[2020-05-13 17:02:00] [build] Done extracting /Users/alexoneill/Documents/GitHub/OSC-Code/Tools/LGTM/codeql/javascript/tools/data/externs/nodejs/zlib.js (38 ms)
[2020-05-13 17:02:00] [build] Extracting /Users/alexoneill/Documents/GitHub/OSC-Code/Tools/LGTM/codeql/javascript/tools/data/externs/nodejs/url.js
[2020-05-13 17:02:00] [build] Done extracting /Users/alexoneill/Documents/GitHub/OSC-Code/Tools/LGTM/codeql/javascript/tools/data/externs/nodejs/url.js (6 ms)
[2020-05-13 17:02:00] [build] Extracting /Users/alexoneill/Documents/GitHub/OSC-Code/Tools/LGTM/codeql/javascript/tools/data/externs/nodejs/tls.js
[2020-05-13 17:02:00] [build] Done extracting /Users/alexoneill/Documents/GitHub/OSC-Code/Tools/LGTM/codeql/javascript/tools/data/externs/nodejs/tls.js (44 ms)
[2020-05-13 17:02:00] [build] Extracting /Users/alexoneill/Documents/GitHub/OSC-Code/Tools/LGTM/codeql/javascript/tools/data/externs/nodejs/process.js
[2020-05-13 17:02:00] [build] Done extracting /Users/alexoneill/Documents/GitHub/OSC-Code/Tools/LGTM/codeql/javascript/tools/data/externs/nodejs/process.js (2 ms)
[2020-05-13 17:02:00] [build] Extracting /Users/alexoneill/Documents/GitHub/OSC-Code/Tools/LGTM/codeql/javascript/tools/data/externs/nodejs/http.js
[2020-05-13 17:02:00] [build] Done extracting /Users/alexoneill/Documents/GitHub/OSC-Code/Tools/LGTM/codeql/javascript/tools/data/externs/nodejs/http.js (48 ms)
[2020-05-13 17:02:00] [build] Extracting /Users/alexoneill/Documents/GitHub/OSC-Code/Tools/LGTM/codeql/javascript/tools/data/externs/nodejs/buffer.js
[2020-05-13 17:02:00] [build] Done extracting /Users/alexoneill/Documents/GitHub/OSC-Code/Tools/LGTM/codeql/javascript/tools/data/externs/nodejs/buffer.js (9 ms)
[2020-05-13 17:02:00] [build] Extracting /Users/alexoneill/Documents/GitHub/OSC-Code/Tools/LGTM/codeql/javascript/tools/data/externs/nodejs/fs.js
[2020-05-13 17:02:01] [build] Done extracting /Users/alexoneill/Documents/GitHub/OSC-Code/Tools/LGTM/codeql/javascript/tools/data/externs/nodejs/fs.js (148 ms)
[2020-05-13 17:02:01] [build] Extracting /Users/alexoneill/Documents/GitHub/OSC-Code/Tools/LGTM/codeql/javascript/tools/data/externs/web/ie_dom.js
[2020-05-13 17:02:01] [build] Done extracting /Users/alexoneill/Documents/GitHub/OSC-Code/Tools/LGTM/codeql/javascript/tools/data/externs/web/ie_dom.js (79 ms)
[2020-05-13 17:02:01] [build] Extracting /Users/alexoneill/Documents/GitHub/OSC-Code/Tools/LGTM/codeql/javascript/tools/data/externs/web/mediasource.js
[2020-05-13 17:02:01] [build] Done extracting /Users/alexoneill/Documents/GitHub/OSC-Code/Tools/LGTM/codeql/javascript/tools/data/externs/web/mediasource.js (11 ms)
[2020-05-13 17:02:01] [build] Extracting /Users/alexoneill/Documents/GitHub/OSC-Code/Tools/LGTM/codeql/javascript/tools/data/externs/web/html5.js
[2020-05-13 17:02:01] [build] Done extracting /Users/alexoneill/Documents/GitHub/OSC-Code/Tools/LGTM/codeql/javascript/tools/data/externs/web/html5.js (322 ms)
[2020-05-13 17:02:01] [build] Extracting /Users/alexoneill/Documents/GitHub/OSC-Code/Tools/LGTM/codeql/javascript/tools/data/externs/web/w3c_anim_timing.js
[2020-05-13 17:02:01] [build] Done extracting /Users/alexoneill/Documents/GitHub/OSC-Code/Tools/LGTM/codeql/javascript/tools/data/externs/web/w3c_anim_timing.js (8 ms)
[2020-05-13 17:02:01] [build] Extracting /Users/alexoneill/Documents/GitHub/OSC-Code/Tools/LGTM/codeql/javascript/tools/data/externs/web/w3c_dom3.js
[2020-05-13 17:02:01] [build] Done extracting /Users/alexoneill/Documents/GitHub/OSC-Code/Tools/LGTM/codeql/javascript/tools/data/externs/web/w3c_dom3.js (53 ms)
[2020-05-13 17:02:01] [build] Extracting /Users/alexoneill/Documents/GitHub/OSC-Code/Tools/LGTM/codeql/javascript/tools/data/externs/web/fetchapi.js
[2020-05-13 17:02:01] [build] Done extracting /Users/alexoneill/Documents/GitHub/OSC-Code/Tools/LGTM/codeql/javascript/tools/data/externs/web/fetchapi.js (52 ms)
[2020-05-13 17:02:01] [build] Extracting /Users/alexoneill/Documents/GitHub/OSC-Code/Tools/LGTM/codeql/javascript/tools/data/externs/web/streamsapi.js
[2020-05-13 17:02:01] [build] Done extracting /Users/alexoneill/Documents/GitHub/OSC-Code/Tools/LGTM/codeql/javascript/tools/data/externs/web/streamsapi.js (31 ms)
[2020-05-13 17:02:01] [build] Extracting /Users/alexoneill/Documents/GitHub/OSC-Code/Tools/LGTM/codeql/javascript/tools/data/externs/web/fileapi.js
[2020-05-13 17:02:01] [build] Done extracting /Users/alexoneill/Documents/GitHub/OSC-Code/Tools/LGTM/codeql/javascript/tools/data/externs/web/fileapi.js (62 ms)
[2020-05-13 17:02:01] [build] Extracting /Users/alexoneill/Documents/GitHub/OSC-Code/Tools/LGTM/codeql/javascript/tools/data/externs/web/w3c_navigation_timing.js
[2020-05-13 17:02:01] [build] Done extracting /Users/alexoneill/Documents/GitHub/OSC-Code/Tools/LGTM/codeql/javascript/tools/data/externs/web/w3c_navigation_timing.js (20 ms)
[2020-05-13 17:02:01] [build] Extracting /Users/alexoneill/Documents/GitHub/OSC-Code/Tools/LGTM/codeql/javascript/tools/data/externs/web/w3c_range.js
[2020-05-13 17:02:01] [build] Done extracting /Users/alexoneill/Documents/GitHub/OSC-Code/Tools/LGTM/codeql/javascript/tools/data/externs/web/w3c_range.js (15 ms)
[2020-05-13 17:02:01] [build] Extracting /Users/alexoneill/Documents/GitHub/OSC-Code/Tools/LGTM/codeql/javascript/tools/data/externs/web/w3c_indexeddb.js
[2020-05-13 17:02:01] [build] Done extracting /Users/alexoneill/Documents/GitHub/OSC-Code/Tools/LGTM/codeql/javascript/tools/data/externs/web/w3c_indexeddb.js (49 ms)
[2020-05-13 17:02:01] [build] Extracting /Users/alexoneill/Documents/GitHub/OSC-Code/Tools/LGTM/codeql/javascript/tools/data/externs/web/w3c_dom2.js
[2020-05-13 17:02:01] [build] Done extracting /Users/alexoneill/Documents/GitHub/OSC-Code/Tools/LGTM/codeql/javascript/tools/data/externs/web/w3c_dom2.js (146 ms)
[2020-05-13 17:02:01] [build] Extracting /Users/alexoneill/Documents/GitHub/OSC-Code/Tools/LGTM/codeql/javascript/tools/data/externs/web/w3c_elementtraversal.js
[2020-05-13 17:02:01] [build] Done extracting /Users/alexoneill/Documents/GitHub/OSC-Code/Tools/LGTM/codeql/javascript/tools/data/externs/web/w3c_elementtraversal.js (6 ms)
[2020-05-13 17:02:01] [build] Extracting /Users/alexoneill/Documents/GitHub/OSC-Code/Tools/LGTM/codeql/javascript/tools/data/externs/web/w3c_webcrypto.js
[2020-05-13 17:02:01] [build] Done extracting /Users/alexoneill/Documents/GitHub/OSC-Code/Tools/LGTM/codeql/javascript/tools/data/externs/web/w3c_webcrypto.js (24 ms)
[2020-05-13 17:02:01] [build] Extracting /Users/alexoneill/Documents/GitHub/OSC-Code/Tools/LGTM/codeql/javascript/tools/data/externs/web/ie_vml.js
[2020-05-13 17:02:01] [build] Done extracting /Users/alexoneill/Documents/GitHub/OSC-Code/Tools/LGTM/codeql/javascript/tools/data/externs/web/ie_vml.js (4 ms)
[2020-05-13 17:02:01] [build] Extracting /Users/alexoneill/Documents/GitHub/OSC-Code/Tools/LGTM/codeql/javascript/tools/data/externs/web/intl.js
[2020-05-13 17:02:02] [build] Done extracting /Users/alexoneill/Documents/GitHub/OSC-Code/Tools/LGTM/codeql/javascript/tools/data/externs/web/intl.js (14 ms)
[2020-05-13 17:02:02] [build] Extracting /Users/alexoneill/Documents/GitHub/OSC-Code/Tools/LGTM/codeql/javascript/tools/data/externs/web/w3c_rtc.js
[2020-05-13 17:02:02] [build] Done extracting /Users/alexoneill/Documents/GitHub/OSC-Code/Tools/LGTM/codeql/javascript/tools/data/externs/web/w3c_rtc.js (142 ms)
[2020-05-13 17:02:02] [build] Extracting /Users/alexoneill/Documents/GitHub/OSC-Code/Tools/LGTM/codeql/javascript/tools/data/externs/web/w3c_requestidlecallback.js
[2020-05-13 17:02:02] [build] Done extracting /Users/alexoneill/Documents/GitHub/OSC-Code/Tools/LGTM/codeql/javascript/tools/data/externs/web/w3c_requestidlecallback.js (4 ms)
[2020-05-13 17:02:02] [build] Extracting /Users/alexoneill/Documents/GitHub/OSC-Code/Tools/LGTM/codeql/javascript/tools/data/externs/web/w3c_geolocation.js
[2020-05-13 17:02:02] [build] Done extracting /Users/alexoneill/Documents/GitHub/OSC-Code/Tools/LGTM/codeql/javascript/tools/data/externs/web/w3c_geolocation.js (8 ms)
[2020-05-13 17:02:02] [build] Extracting /Users/alexoneill/Documents/GitHub/OSC-Code/Tools/LGTM/codeql/javascript/tools/data/externs/web/webstorage.js
[2020-05-13 17:02:02] [build] Done extracting /Users/alexoneill/Documents/GitHub/OSC-Code/Tools/LGTM/codeql/javascript/tools/data/externs/web/webstorage.js (6 ms)
[2020-05-13 17:02:02] [build] Extracting /Users/alexoneill/Documents/GitHub/OSC-Code/Tools/LGTM/codeql/javascript/tools/data/externs/web/webkit_usercontent.js
[2020-05-13 17:02:02] [build] Done extracting /Users/alexoneill/Documents/GitHub/OSC-Code/Tools/LGTM/codeql/javascript/tools/data/externs/web/webkit_usercontent.js (2 ms)
[2020-05-13 17:02:02] [build] Extracting /Users/alexoneill/Documents/GitHub/OSC-Code/Tools/LGTM/codeql/javascript/tools/data/externs/web/window.js
[2020-05-13 17:02:02] [build] Done extracting /Users/alexoneill/Documents/GitHub/OSC-Code/Tools/LGTM/codeql/javascript/tools/data/externs/web/window.js (9 ms)
[2020-05-13 17:02:02] [build] Extracting /Users/alexoneill/Documents/GitHub/OSC-Code/Tools/LGTM/codeql/javascript/tools/data/externs/web/page_visibility.js
[2020-05-13 17:02:02] [build] Done extracting /Users/alexoneill/Documents/GitHub/OSC-Code/Tools/LGTM/codeql/javascript/tools/data/externs/web/page_visibility.js (2 ms)
[2020-05-13 17:02:02] [build] Extracting /Users/alexoneill/Documents/GitHub/OSC-Code/Tools/LGTM/codeql/javascript/tools/data/externs/web/webgl.js
[2020-05-13 17:02:02] [build] Done extracting /Users/alexoneill/Documents/GitHub/OSC-Code/Tools/LGTM/codeql/javascript/tools/data/externs/web/webgl.js (217 ms)
[2020-05-13 17:02:02] [build] Extracting /Users/alexoneill/Documents/GitHub/OSC-Code/Tools/LGTM/codeql/javascript/tools/data/externs/web/w3c_touch_event.js
[2020-05-13 17:02:02] [build] Done extracting /Users/alexoneill/Documents/GitHub/OSC-Code/Tools/LGTM/codeql/javascript/tools/data/externs/web/w3c_touch_event.js (14 ms)
[2020-05-13 17:02:02] [build] Extracting /Users/alexoneill/Documents/GitHub/OSC-Code/Tools/LGTM/codeql/javascript/tools/data/externs/web/w3c_event.js
[2020-05-13 17:02:02] [build] Done extracting /Users/alexoneill/Documents/GitHub/OSC-Code/Tools/LGTM/codeql/javascript/tools/data/externs/web/w3c_event.js (47 ms)
[2020-05-13 17:02:02] [build] Extracting /Users/alexoneill/Documents/GitHub/OSC-Code/Tools/LGTM/codeql/javascript/tools/data/externs/web/whatwg_encoding.js
[2020-05-13 17:02:02] [build] Done extracting /Users/alexoneill/Documents/GitHub/OSC-Code/Tools/LGTM/codeql/javascript/tools/data/externs/web/whatwg_encoding.js (5 ms)
[2020-05-13 17:02:02] [build] Extracting /Users/alexoneill/Documents/GitHub/OSC-Code/Tools/LGTM/codeql/javascript/tools/data/externs/web/w3c_event3.js
[2020-05-13 17:02:02] [build] Done extracting /Users/alexoneill/Documents/GitHub/OSC-Code/Tools/LGTM/codeql/javascript/tools/data/externs/web/w3c_event3.js (5 ms)
[2020-05-13 17:02:02] [build] Extracting /Users/alexoneill/Documents/GitHub/OSC-Code/Tools/LGTM/codeql/javascript/tools/data/externs/web/gecko_xml.js
[2020-05-13 17:02:02] [build] Done extracting /Users/alexoneill/Documents/GitHub/OSC-Code/Tools/LGTM/codeql/javascript/tools/data/externs/web/gecko_xml.js (4 ms)
[2020-05-13 17:02:02] [build] Extracting /Users/alexoneill/Documents/GitHub/OSC-Code/Tools/LGTM/codeql/javascript/tools/data/externs/web/ie_event.js
[2020-05-13 17:02:02] [build] Done extracting /Users/alexoneill/Documents/GitHub/OSC-Code/Tools/LGTM/codeql/javascript/tools/data/externs/web/ie_event.js (18 ms)
[2020-05-13 17:02:02] [build] Extracting /Users/alexoneill/Documents/GitHub/OSC-Code/Tools/LGTM/codeql/javascript/tools/data/externs/web/w3c_css.js
[2020-05-13 17:02:02] [build] Done extracting /Users/alexoneill/Documents/GitHub/OSC-Code/Tools/LGTM/codeql/javascript/tools/data/externs/web/w3c_css.js (121 ms)
[2020-05-13 17:02:02] [build] Extracting /Users/alexoneill/Documents/GitHub/OSC-Code/Tools/LGTM/codeql/javascript/tools/data/externs/web/ie_css.js
[2020-05-13 17:02:02] [build] Done extracting /Users/alexoneill/Documents/GitHub/OSC-Code/Tools/LGTM/codeql/javascript/tools/data/externs/web/ie_css.js (16 ms)
[2020-05-13 17:02:02] [build] Extracting /Users/alexoneill/Documents/GitHub/OSC-Code/Tools/LGTM/codeql/javascript/tools/data/externs/web/webkit_css.js
[2020-05-13 17:02:02] [build] Done extracting /Users/alexoneill/Documents/GitHub/OSC-Code/Tools/LGTM/codeql/javascript/tools/data/externs/web/webkit_css.js (95 ms)
[2020-05-13 17:02:02] [build] Extracting /Users/alexoneill/Documents/GitHub/OSC-Code/Tools/LGTM/codeql/javascript/tools/data/externs/web/w3c_xml.js
[2020-05-13 17:02:02] [build] Done extracting /Users/alexoneill/Documents/GitHub/OSC-Code/Tools/LGTM/codeql/javascript/tools/data/externs/web/w3c_xml.js (20 ms)
[2020-05-13 17:02:02] [build] Extracting /Users/alexoneill/Documents/GitHub/OSC-Code/Tools/LGTM/codeql/javascript/tools/data/externs/web/gecko_css.js
[2020-05-13 17:02:02] [build] Done extracting /Users/alexoneill/Documents/GitHub/OSC-Code/Tools/LGTM/codeql/javascript/tools/data/externs/web/gecko_css.js (17 ms)
[2020-05-13 17:02:02] [build] Extracting /Users/alexoneill/Documents/GitHub/OSC-Code/Tools/LGTM/codeql/javascript/tools/data/externs/web/iphone.js
[2020-05-13 17:02:02] [build] Done extracting /Users/alexoneill/Documents/GitHub/OSC-Code/Tools/LGTM/codeql/javascript/tools/data/externs/web/iphone.js (12 ms)
[2020-05-13 17:02:02] [build] Extracting /Users/alexoneill/Documents/GitHub/OSC-Code/Tools/LGTM/codeql/javascript/tools/data/externs/web/w3c_selectors.js
[2020-05-13 17:02:02] [build] Done extracting /Users/alexoneill/Documents/GitHub/OSC-Code/Tools/LGTM/codeql/javascript/tools/data/externs/web/w3c_selectors.js (8 ms)
[2020-05-13 17:02:02] [build] Extracting /Users/alexoneill/Documents/GitHub/OSC-Code/Tools/LGTM/codeql/javascript/tools/data/externs/web/chrome.js
[2020-05-13 17:02:02] [build] Done extracting /Users/alexoneill/Documents/GitHub/OSC-Code/Tools/LGTM/codeql/javascript/tools/data/externs/web/chrome.js (37 ms)
[2020-05-13 17:02:02] [build] Extracting /Users/alexoneill/Documents/GitHub/OSC-Code/Tools/LGTM/codeql/javascript/tools/data/externs/web/w3c_batterystatus.js
[2020-05-13 17:02:02] [build] Done extracting /Users/alexoneill/Documents/GitHub/OSC-Code/Tools/LGTM/codeql/javascript/tools/data/externs/web/w3c_batterystatus.js (3 ms)
[2020-05-13 17:02:02] [build] Extracting /Users/alexoneill/Documents/GitHub/OSC-Code/Tools/LGTM/codeql/javascript/tools/data/externs/web/webkit_notifications.js
[2020-05-13 17:02:02] [build] Done extracting /Users/alexoneill/Documents/GitHub/OSC-Code/Tools/LGTM/codeql/javascript/tools/data/externs/web/webkit_notifications.js (15 ms)
[2020-05-13 17:02:02] [build] Extracting /Users/alexoneill/Documents/GitHub/OSC-Code/Tools/LGTM/codeql/javascript/tools/data/externs/web/w3c_screen_orientation.js
[2020-05-13 17:02:02] [build] Done extracting /Users/alexoneill/Documents/GitHub/OSC-Code/Tools/LGTM/codeql/javascript/tools/data/externs/web/w3c_screen_orientation.js (3 ms)
[2020-05-13 17:02:02] [build] Extracting /Users/alexoneill/Documents/GitHub/OSC-Code/Tools/LGTM/codeql/javascript/tools/data/externs/web/w3c_midi.js
[2020-05-13 17:02:02] [build] Done extracting /Users/alexoneill/Documents/GitHub/OSC-Code/Tools/LGTM/codeql/javascript/tools/data/externs/web/w3c_midi.js (18 ms)
[2020-05-13 17:02:02] [build] Extracting /Users/alexoneill/Documents/GitHub/OSC-Code/Tools/LGTM/codeql/javascript/tools/data/externs/web/w3c_serviceworker.js
[2020-05-13 17:02:02] [build] Done extracting /Users/alexoneill/Documents/GitHub/OSC-Code/Tools/LGTM/codeql/javascript/tools/data/externs/web/w3c_serviceworker.js (38 ms)
[2020-05-13 17:02:02] [build] Extracting /Users/alexoneill/Documents/GitHub/OSC-Code/Tools/LGTM/codeql/javascript/tools/data/externs/web/w3c_device_sensor_event.js
[2020-05-13 17:02:02] [build] Done extracting /Users/alexoneill/Documents/GitHub/OSC-Code/Tools/LGTM/codeql/javascript/tools/data/externs/web/w3c_device_sensor_event.js (6 ms)
[2020-05-13 17:02:02] [build] Extracting /Users/alexoneill/Documents/GitHub/OSC-Code/Tools/LGTM/codeql/javascript/tools/data/externs/web/webkit_event.js
[2020-05-13 17:02:02] [build] Done extracting /Users/alexoneill/Documents/GitHub/OSC-Code/Tools/LGTM/codeql/javascript/tools/data/externs/web/webkit_event.js (2 ms)
[2020-05-13 17:02:02] [build] Extracting /Users/alexoneill/Documents/GitHub/OSC-Code/Tools/LGTM/codeql/javascript/tools/data/externs/web/w3c_permissions.js
[2020-05-13 17:02:02] [build] Done extracting /Users/alexoneill/Documents/GitHub/OSC-Code/Tools/LGTM/codeql/javascript/tools/data/externs/web/w3c_permissions.js (6 ms)
[2020-05-13 17:02:02] [build] Extracting /Users/alexoneill/Documents/GitHub/OSC-Code/Tools/LGTM/codeql/javascript/tools/data/externs/web/w3c_gamepad.js
[2020-05-13 17:02:02] [build] Done extracting /Users/alexoneill/Documents/GitHub/OSC-Code/Tools/LGTM/codeql/javascript/tools/data/externs/web/w3c_gamepad.js (5 ms)
[2020-05-13 17:02:02] [build] Extracting /Users/alexoneill/Documents/GitHub/OSC-Code/Tools/LGTM/codeql/javascript/tools/data/externs/web/w3c_dom1.js
[2020-05-13 17:02:03] [build] Done extracting /Users/alexoneill/Documents/GitHub/OSC-Code/Tools/LGTM/codeql/javascript/tools/data/externs/web/w3c_dom1.js (65 ms)
[2020-05-13 17:02:03] [build] Extracting /Users/alexoneill/Documents/GitHub/OSC-Code/Tools/LGTM/codeql/javascript/tools/data/externs/web/url.js
[2020-05-13 17:02:03] [build] Done extracting /Users/alexoneill/Documents/GitHub/OSC-Code/Tools/LGTM/codeql/javascript/tools/data/externs/web/url.js (11 ms)
[2020-05-13 17:02:03] [build] Extracting /Users/alexoneill/Documents/GitHub/OSC-Code/Tools/LGTM/codeql/javascript/tools/data/externs/web/gecko_event.js
[2020-05-13 17:02:03] [build] Done extracting /Users/alexoneill/Documents/GitHub/OSC-Code/Tools/LGTM/codeql/javascript/tools/data/externs/web/gecko_event.js (21 ms)
[2020-05-13 17:02:03] [build] Extracting /Users/alexoneill/Documents/GitHub/OSC-Code/Tools/LGTM/codeql/javascript/tools/data/externs/web/w3c_encoding.js
[2020-05-13 17:02:03] [build] Done extracting /Users/alexoneill/Documents/GitHub/OSC-Code/Tools/LGTM/codeql/javascript/tools/data/externs/web/w3c_encoding.js (4 ms)
[2020-05-13 17:02:03] [build] Extracting /Users/alexoneill/Documents/GitHub/OSC-Code/Tools/LGTM/codeql/javascript/tools/data/externs/web/flash.js
[2020-05-13 17:02:03] [build] Done extracting /Users/alexoneill/Documents/GitHub/OSC-Code/Tools/LGTM/codeql/javascript/tools/data/externs/web/flash.js (16 ms)
[2020-05-13 17:02:03] [build] Extracting /Users/alexoneill/Documents/GitHub/OSC-Code/Tools/LGTM/codeql/javascript/tools/data/externs/web/w3c_pointer_events.js
[2020-05-13 17:02:03] [build] Done extracting /Users/alexoneill/Documents/GitHub/OSC-Code/Tools/LGTM/codeql/javascript/tools/data/externs/web/w3c_pointer_events.js (8 ms)
[2020-05-13 17:02:03] [build] Extracting /Users/alexoneill/Documents/GitHub/OSC-Code/Tools/LGTM/codeql/javascript/tools/data/externs/web/gecko_ext.js
[2020-05-13 17:02:03] [build] Done extracting /Users/alexoneill/Documents/GitHub/OSC-Code/Tools/LGTM/codeql/javascript/tools/data/externs/web/gecko_ext.js (2 ms)
[2020-05-13 17:02:03] [build] Extracting /Users/alexoneill/Documents/GitHub/OSC-Code/Tools/LGTM/codeql/javascript/tools/data/externs/web/gecko_dom.js
[2020-05-13 17:02:03] [build] Done extracting /Users/alexoneill/Documents/GitHub/OSC-Code/Tools/LGTM/codeql/javascript/tools/data/externs/web/gecko_dom.js (46 ms)
[2020-05-13 17:02:03] [build] Extracting /Users/alexoneill/Documents/GitHub/OSC-Code/Tools/LGTM/codeql/javascript/tools/data/externs/web/webkit_dom.js
[2020-05-13 17:02:03] [build] Done extracting /Users/alexoneill/Documents/GitHub/OSC-Code/Tools/LGTM/codeql/javascript/tools/data/externs/web/webkit_dom.js (22 ms)
[2020-05-13 17:02:03] [build] Extracting /Users/alexoneill/Documents/GitHub/OSC-Code/Tools/LGTM/codeql/javascript/tools/data/externs/web/w3c_css3d.js
[2020-05-13 17:02:03] [build] Done extracting /Users/alexoneill/Documents/GitHub/OSC-Code/Tools/LGTM/codeql/javascript/tools/data/externs/web/w3c_css3d.js (11 ms)
[2020-05-13 17:02:03] [build] Extracting /Users/alexoneill/Documents/GitHub/OSC-Code/Tools/LGTM/codeql/javascript/tools/data/externs/web/w3c_dom4.js
[2020-05-13 17:02:03] [build] Done extracting /Users/alexoneill/Documents/GitHub/OSC-Code/Tools/LGTM/codeql/javascript/tools/data/externs/web/w3c_dom4.js (2 ms)
[2020-05-13 17:02:03] [build] Extracting /Users/alexoneill/Documents/GitHub/OSC-Code/Tools/LGTM/codeql/javascript/tools/data/externs/vm/rhino.js
[2020-05-13 17:02:03] [build] Done extracting /Users/alexoneill/Documents/GitHub/OSC-Code/Tools/LGTM/codeql/javascript/tools/data/externs/vm/rhino.js (6 ms)
[2020-05-13 17:02:03] [build] Extracting /Users/alexoneill/Documents/GitHub/OSC-Code/Tools/LGTM/codeql/javascript/tools/data/externs/vm/v8.js
[2020-05-13 17:02:03] [build] Done extracting /Users/alexoneill/Documents/GitHub/OSC-Code/Tools/LGTM/codeql/javascript/tools/data/externs/vm/v8.js (7 ms)
[2020-05-13 17:02:03] [build] Extracting /Users/alexoneill/Documents/GitHub/OSC-Code/Tools/LGTM/codeql/javascript/tools/data/externs/vm/spidermonkey.js
[2020-05-13 17:02:03] [build] Done extracting /Users/alexoneill/Documents/GitHub/OSC-Code/Tools/LGTM/codeql/javascript/tools/data/externs/vm/spidermonkey.js (2 ms)
[2020-05-13 17:02:03] [build] Extracting /Users/alexoneill/Documents/GitHub/OSC-Code/Tools/LGTM/codeql/javascript/tools/data/externs/vm/jsshell.js
[2020-05-13 17:02:03] [build] Done extracting /Users/alexoneill/Documents/GitHub/OSC-Code/Tools/LGTM/codeql/javascript/tools/data/externs/vm/jsshell.js (36 ms)
[2020-05-13 17:02:03] [build] Extracting /Users/alexoneill/Documents/GitHub/OSC-Code/Tools/LGTM/codeql/javascript/tools/data/externs/lib/jquery-3.2.js
[2020-05-13 17:02:03] [build] Done extracting /Users/alexoneill/Documents/GitHub/OSC-Code/Tools/LGTM/codeql/javascript/tools/data/externs/lib/jquery-3.2.js (183 ms)
[2020-05-13 17:02:03] [build] Extracting /Users/alexoneill/Documents/GitHub/OSC-Code/Tools/LGTM/codeql/javascript/tools/data/externs/lib/bdd.js
[2020-05-13 17:02:03] [build] Done extracting /Users/alexoneill/Documents/GitHub/OSC-Code/Tools/LGTM/codeql/javascript/tools/data/externs/lib/bdd.js (6 ms)
[2020-05-13 17:02:03] [build] Extracting /Users/alexoneill/Documents/GitHub/OSC-Code/Tools/LGTM/codeql/javascript/tools/data/externs/lib/should.js
[2020-05-13 17:02:03] [build] Done extracting /Users/alexoneill/Documents/GitHub/OSC-Code/Tools/LGTM/codeql/javascript/tools/data/externs/lib/should.js (17 ms)
[2020-05-13 17:02:03] [build] Extracting /Users/alexoneill/Documents/GitHub/OSC-Code/Tools/LGTM/codeql/javascript/tools/data/externs/lib/vows.js
[2020-05-13 17:02:03] [build] Done extracting /Users/alexoneill/Documents/GitHub/OSC-Code/Tools/LGTM/codeql/javascript/tools/data/externs/lib/vows.js (20 ms)
[2020-05-13 17:02:03] [build] Extracting /Users/alexoneill/Documents/GitHub/OSC-Code/Tools/LGTM/codeql/javascript/tools/data/externs/es/proxy.js
[2020-05-13 17:02:03] [build] Done extracting /Users/alexoneill/Documents/GitHub/OSC-Code/Tools/LGTM/codeql/javascript/tools/data/externs/es/proxy.js (3 ms)
[2020-05-13 17:02:03] [build] Extracting /Users/alexoneill/Documents/GitHub/OSC-Code/Tools/LGTM/codeql/javascript/tools/data/externs/es/es5.js
[2020-05-13 17:02:03] [build] Done extracting /Users/alexoneill/Documents/GitHub/OSC-Code/Tools/LGTM/codeql/javascript/tools/data/externs/es/es5.js (15 ms)
[2020-05-13 17:02:03] [build] Extracting /Users/alexoneill/Documents/GitHub/OSC-Code/Tools/LGTM/codeql/javascript/tools/data/externs/es/intl.js
[2020-05-13 17:02:03] [build] Done extracting /Users/alexoneill/Documents/GitHub/OSC-Code/Tools/LGTM/codeql/javascript/tools/data/externs/es/intl.js (13 ms)
[2020-05-13 17:02:03] [build] Extracting /Users/alexoneill/Documents/GitHub/OSC-Code/Tools/LGTM/codeql/javascript/tools/data/externs/es/es6_collections.js
[2020-05-13 17:02:03] [build] Done extracting /Users/alexoneill/Documents/GitHub/OSC-Code/Tools/LGTM/codeql/javascript/tools/data/externs/es/es6_collections.js (16 ms)
[2020-05-13 17:02:03] [build] Extracting /Users/alexoneill/Documents/GitHub/OSC-Code/Tools/LGTM/codeql/javascript/tools/data/externs/es/es6.js
[2020-05-13 17:02:03] [build] Done extracting /Users/alexoneill/Documents/GitHub/OSC-Code/Tools/LGTM/codeql/javascript/tools/data/externs/es/es6.js (89 ms)
[2020-05-13 17:02:03] [build] Extracting /Users/alexoneill/Documents/GitHub/OSC-Code/Tools/LGTM/codeql/javascript/tools/data/externs/es/es2017.js
[2020-05-13 17:02:03] [build] Done extracting /Users/alexoneill/Documents/GitHub/OSC-Code/Tools/LGTM/codeql/javascript/tools/data/externs/es/es2017.js (4 ms)
[2020-05-13 17:02:03] [build] Extracting /Users/alexoneill/Documents/GitHub/OSC-Code/Tools/LGTM/codeql/javascript/tools/data/externs/es/es3.js
[2020-05-13 17:02:03] [build] Done extracting /Users/alexoneill/Documents/GitHub/OSC-Code/Tools/LGTM/codeql/javascript/tools/data/externs/es/es3.js (166 ms)
[2020-05-13 17:02:03] [build] Extracting /Users/alexoneill/Documents/GitHub/OSC-Code/Tools/LGTM/codeql/javascript/tools/data/externs/es/es2016.js
[2020-05-13 17:02:03] [build] Done extracting /Users/alexoneill/Documents/GitHub/OSC-Code/Tools/LGTM/codeql/javascript/tools/data/externs/es/es2016.js (3 ms)
[2020-05-13 17:02:03] Plumbing command codeql database trace-command completed.
[2020-05-13 17:02:03] [PROGRESS] database create> Finalizing database at /Users/alexoneill/Documents/GitHub/OSC-Code/Tools/LGTM/DB_Storage/pako-1-0-10DB.
[2020-05-13 17:02:03] Running plumbing command: codeql database finalize --mode=normal -- /Users/alexoneill/Documents/GitHub/OSC-Code/Tools/LGTM/DB_Storage/pako-1-0-10DB
[2020-05-13 17:02:03] [PROGRESS] database finalize> Running TRAP import for CodeQL database at /Users/alexoneill/Documents/GitHub/OSC-Code/Tools/LGTM/DB_Storage/pako-1-0-10DB...
[2020-05-13 17:02:03] Running plumbing command: codeql dataset import --dbscheme=/Users/alexoneill/Documents/GitHub/OSC-Code/Tools/LGTM/codeql/javascript/semmlecode.javascript.dbscheme -- /Users/alexoneill/Documents/GitHub/OSC-Code/Tools/LGTM/DB_Storage/pako-1-0-10DB/db-javascript /Users/alexoneill/Documents/GitHub/OSC-Code/Tools/LGTM/DB_Storage/pako-1-0-10DB/trap/javascript
[2020-05-13 17:02:04] Clearing disk cache since the version file /Users/alexoneill/Documents/GitHub/OSC-Code/Tools/LGTM/DB_Storage/pako-1-0-10DB/db-javascript/default/cache/version does not exist
[2020-05-13 17:02:04] Tuple pool not found. Clearing relations with cached strings
[2020-05-13 17:02:04] Trimming disk cache at /Users/alexoneill/Documents/GitHub/OSC-Code/Tools/LGTM/DB_Storage/pako-1-0-10DB/db-javascript/default/cache in mode brutal.
[2020-05-13 17:02:04] Sequence stamp origin is -6727448979002104257
[2020-05-13 17:02:04] Stopped the world to hard-clear memory at sequence stamp o+0
[2020-05-13 17:02:04] Starting the world again
[2020-05-13 17:02:04] Stopped the world to quickly trim disk at sequence stamp o+1
[2020-05-13 17:02:04] Starting the world again
[2020-05-13 17:02:04] Stopped the world to zealously trim disk at sequence stamp o+2
[2020-05-13 17:02:04] Starting the world again
[2020-05-13 17:02:04] Trimming completed (13ms): Purged everything.
[2020-05-13 17:02:04] Scanning for files in /Users/alexoneill/Documents/GitHub/OSC-Code/Tools/LGTM/DB_Storage/pako-1-0-10DB/trap/javascript
[2020-05-13 17:02:04] Importing es2016.js.trap.gz (1 of 131)
[2020-05-13 17:02:04] Importing es2017.js.trap.gz (2 of 131)
[2020-05-13 17:02:04] Importing es3.js.trap.gz (3 of 131)
[2020-05-13 17:02:04] Importing es5.js.trap.gz (4 of 131)
[2020-05-13 17:02:04] Importing es6.js.trap.gz (5 of 131)
[2020-05-13 17:02:04] Importing es6_collections.js.trap.gz (6 of 131)
[2020-05-13 17:02:04] Importing intl.js.trap.gz (7 of 131)
[2020-05-13 17:02:04] Importing proxy.js.trap.gz (8 of 131)
[2020-05-13 17:02:04] Importing bdd.js.trap.gz (9 of 131)
[2020-05-13 17:02:04] Importing jquery-3.2.js.trap.gz (10 of 131)
[2020-05-13 17:02:05] Importing should.js.trap.gz (11 of 131)
[2020-05-13 17:02:05] Importing vows.js.trap.gz (12 of 131)
[2020-05-13 17:02:05] Importing assert.js.trap.gz (13 of 131)
[2020-05-13 17:02:05] Importing assert_legacy.js.trap.gz (14 of 131)
[2020-05-13 17:02:05] Importing buffer.js.trap.gz (15 of 131)
[2020-05-13 17:02:05] Importing child_process.js.trap.gz (16 of 131)
[2020-05-13 17:02:05] Importing cluster.js.trap.gz (17 of 131)
[2020-05-13 17:02:05] Importing console.js.trap.gz (18 of 131)
[2020-05-13 17:02:05] Importing constants.js.trap.gz (19 of 131)
[2020-05-13 17:02:05] Importing crypto.js.trap.gz (20 of 131)
[2020-05-13 17:02:05] Importing dgram.js.trap.gz (21 of 131)
[2020-05-13 17:02:05] Importing dns.js.trap.gz (22 of 131)
[2020-05-13 17:02:05] Importing domain.js.trap.gz (23 of 131)
[2020-05-13 17:02:05] Importing events.js.trap.gz (24 of 131)
[2020-05-13 17:02:05] Importing fs.js.trap.gz (25 of 131)
[2020-05-13 17:02:05] Importing globals.js.trap.gz (26 of 131)
[2020-05-13 17:02:05] Importing http.js.trap.gz (27 of 131)
[2020-05-13 17:02:05] Importing https.js.trap.gz (28 of 131)
[2020-05-13 17:02:05] Importing module.js.trap.gz (29 of 131)
[2020-05-13 17:02:05] Importing net.js.trap.gz (30 of 131)
[2020-05-13 17:02:05] Importing os.js.trap.gz (31 of 131)
[2020-05-13 17:02:05] Importing path.js.trap.gz (32 of 131)
[2020-05-13 17:02:05] Importing process.js.trap.gz (33 of 131)
[2020-05-13 17:02:05] Importing punycode.js.trap.gz (34 of 131)
[2020-05-13 17:02:05] Importing querystring.js.trap.gz (35 of 131)
[2020-05-13 17:02:05] Importing readline.js.trap.gz (36 of 131)
[2020-05-13 17:02:05] Importing repl.js.trap.gz (37 of 131)
[2020-05-13 17:02:05] Importing stream.js.trap.gz (38 of 131)
[2020-05-13 17:02:05] Importing string_decoder.js.trap.gz (39 of 131)
[2020-05-13 17:02:05] Importing sys.js.trap.gz (40 of 131)
[2020-05-13 17:02:05] Importing timers.js.trap.gz (41 of 131)
[2020-05-13 17:02:05] Importing tls.js.trap.gz (42 of 131)
[2020-05-13 17:02:05] Importing tty.js.trap.gz (43 of 131)
[2020-05-13 17:02:05] Importing url.js.trap.gz (44 of 131)
[2020-05-13 17:02:05] Importing util.js.trap.gz (45 of 131)
[2020-05-13 17:02:05] Importing v8.js.trap.gz (46 of 131)
[2020-05-13 17:02:05] Importing vm.js.trap.gz (47 of 131)
[2020-05-13 17:02:05] Importing zlib.js.trap.gz (48 of 131)
[2020-05-13 17:02:05] Importing jsshell.js.trap.gz (49 of 131)
[2020-05-13 17:02:05] Importing rhino.js.trap.gz (50 of 131)
[2020-05-13 17:02:05] Importing spidermonkey.js.trap.gz (51 of 131)
[2020-05-13 17:02:05] Importing v8.js.trap.gz (52 of 131)
[2020-05-13 17:02:05] Importing chrome.js.trap.gz (53 of 131)
[2020-05-13 17:02:06] Importing fetchapi.js.trap.gz (54 of 131)
[2020-05-13 17:02:06] Importing fileapi.js.trap.gz (55 of 131)
[2020-05-13 17:02:06] Importing flash.js.trap.gz (56 of 131)
[2020-05-13 17:02:06] Importing gecko_css.js.trap.gz (57 of 131)
[2020-05-13 17:02:06] Importing gecko_dom.js.trap.gz (58 of 131)
[2020-05-13 17:02:06] Importing gecko_event.js.trap.gz (59 of 131)
[2020-05-13 17:02:06] Importing gecko_ext.js.trap.gz (60 of 131)
[2020-05-13 17:02:06] Importing gecko_xml.js.trap.gz (61 of 131)
[2020-05-13 17:02:06] Importing html5.js.trap.gz (62 of 131)
[2020-05-13 17:02:06] Importing ie_css.js.trap.gz (63 of 131)
[2020-05-13 17:02:06] Importing ie_dom.js.trap.gz (64 of 131)
[2020-05-13 17:02:06] Importing ie_event.js.trap.gz (65 of 131)
[2020-05-13 17:02:06] Importing ie_vml.js.trap.gz (66 of 131)
[2020-05-13 17:02:06] Importing intl.js.trap.gz (67 of 131)
[2020-05-13 17:02:06] Importing iphone.js.trap.gz (68 of 131)
[2020-05-13 17:02:06] Importing mediasource.js.trap.gz (69 of 131)
[2020-05-13 17:02:06] Importing page_visibility.js.trap.gz (70 of 131)
[2020-05-13 17:02:06] Importing streamsapi.js.trap.gz (71 of 131)
[2020-05-13 17:02:06] Importing url.js.trap.gz (72 of 131)
[2020-05-13 17:02:06] Importing w3c_anim_timing.js.trap.gz (73 of 131)
[2020-05-13 17:02:06] Importing w3c_batterystatus.js.trap.gz (74 of 131)
[2020-05-13 17:02:06] Importing w3c_css.js.trap.gz (75 of 131)
[2020-05-13 17:02:06] Importing w3c_css3d.js.trap.gz (76 of 131)
[2020-05-13 17:02:06] Importing w3c_device_sensor_event.js.trap.gz (77 of 131)
[2020-05-13 17:02:06] Importing w3c_dom1.js.trap.gz (78 of 131)
[2020-05-13 17:02:06] Importing w3c_dom2.js.trap.gz (79 of 131)
[2020-05-13 17:02:06] Importing w3c_dom3.js.trap.gz (80 of 131)
[2020-05-13 17:02:06] Importing w3c_dom4.js.trap.gz (81 of 131)
[2020-05-13 17:02:06] Importing w3c_elementtraversal.js.trap.gz (82 of 131)
[2020-05-13 17:02:06] Importing w3c_encoding.js.trap.gz (83 of 131)
[2020-05-13 17:02:06] Importing w3c_event.js.trap.gz (84 of 131)
[2020-05-13 17:02:06] Importing w3c_event3.js.trap.gz (85 of 131)
[2020-05-13 17:02:06] Importing w3c_gamepad.js.trap.gz (86 of 131)
[2020-05-13 17:02:06] Importing w3c_geolocation.js.trap.gz (87 of 131)
[2020-05-13 17:02:06] Importing w3c_indexeddb.js.trap.gz (88 of 131)
[2020-05-13 17:02:06] Importing w3c_midi.js.trap.gz (89 of 131)
[2020-05-13 17:02:06] Importing w3c_navigation_timing.js.trap.gz (90 of 131)
[2020-05-13 17:02:06] Importing w3c_permissions.js.trap.gz (91 of 131)
[2020-05-13 17:02:06] Importing w3c_pointer_events.js.trap.gz (92 of 131)
[2020-05-13 17:02:06] Importing w3c_range.js.trap.gz (93 of 131)
[2020-05-13 17:02:06] Importing w3c_requestidlecallback.js.trap.gz (94 of 131)
[2020-05-13 17:02:06] Importing w3c_rtc.js.trap.gz (95 of 131)
[2020-05-13 17:02:06] Importing w3c_screen_orientation.js.trap.gz (96 of 131)
[2020-05-13 17:02:06] Importing w3c_selectors.js.trap.gz (97 of 131)
[2020-05-13 17:02:06] Importing w3c_serviceworker.js.trap.gz (98 of 131)
[2020-05-13 17:02:06] Importing w3c_touch_event.js.trap.gz (99 of 131)
[2020-05-13 17:02:06] Importing w3c_webcrypto.js.trap.gz (100 of 131)
[2020-05-13 17:02:06] Importing w3c_xml.js.trap.gz (101 of 131)
[2020-05-13 17:02:06] Importing webgl.js.trap.gz (102 of 131)
[2020-05-13 17:02:06] Importing webkit_css.js.trap.gz (103 of 131)
[2020-05-13 17:02:06] Importing webkit_dom.js.trap.gz (104 of 131)
[2020-05-13 17:02:06] Importing webkit_event.js.trap.gz (105 of 131)
[2020-05-13 17:02:06] Importing webkit_notifications.js.trap.gz (106 of 131)
[2020-05-13 17:02:06] Importing webkit_usercontent.js.trap.gz (107 of 131)
[2020-05-13 17:02:06] Importing webstorage.js.trap.gz (108 of 131)
[2020-05-13 17:02:06] Importing whatwg_encoding.js.trap.gz (109 of 131)
[2020-05-13 17:02:06] Importing window.js.trap.gz (110 of 131)
[2020-05-13 17:02:06] Importing pako.js.trap.gz (111 of 131)
[2020-05-13 17:02:07] Importing pako_deflate.js.trap.gz (112 of 131)
[2020-05-13 17:02:07] Importing pako_inflate.js.trap.gz (113 of 131)
[2020-05-13 17:02:07] Importing index.js.trap.gz (114 of 131)
[2020-05-13 17:02:07] Importing deflate.js.trap.gz (115 of 131)
[2020-05-13 17:02:07] Importing inflate.js.trap.gz (116 of 131)
[2020-05-13 17:02:07] Importing common.js.trap.gz (117 of 131)
[2020-05-13 17:02:07] Importing strings.js.trap.gz (118 of 131)
[2020-05-13 17:02:07] Importing adler32.js.trap.gz (119 of 131)
[2020-05-13 17:02:07] Importing constants.js.trap.gz (120 of 131)
[2020-05-13 17:02:07] Importing crc32.js.trap.gz (121 of 131)
[2020-05-13 17:02:07] Importing deflate.js.trap.gz (122 of 131)
[2020-05-13 17:02:08] Importing gzheader.js.trap.gz (123 of 131)
[2020-05-13 17:02:08] Importing inffast.js.trap.gz (124 of 131)
[2020-05-13 17:02:08] Importing inflate.js.trap.gz (125 of 131)
[2020-05-13 17:02:08] Importing inftrees.js.trap.gz (126 of 131)
[2020-05-13 17:02:08] Importing messages.js.trap.gz (127 of 131)
[2020-05-13 17:02:08] Importing trees.js.trap.gz (128 of 131)
[2020-05-13 17:02:08] Importing zstream.js.trap.gz (129 of 131)
[2020-05-13 17:02:08] Importing package.json.trap.gz (130 of 131)
[2020-05-13 17:02:08] Importing sourceLocationPrefix.trap.gz (131 of 131)
[2020-05-13 17:02:08] Merging 1 fragments for files.
[2020-05-13 17:02:08] Merging 1 fragments for folders.
[2020-05-13 17:02:08] Merging 1 fragments for containerparent.
[2020-05-13 17:02:08] Merging 4 fragments for locations_default.
[2020-05-13 17:02:08] Merging 4 fragments for hasLocation.
[2020-05-13 17:02:08] Merging 1 fragments for extraction_data.
[2020-05-13 17:02:08] Merging 1 fragments for scopes.
[2020-05-13 17:02:08] Merging 1 fragments for comments.
[2020-05-13 17:02:08] Merging 1 fragments for indentation.
[2020-05-13 17:02:08] Merging 1 fragments for numlines.
[2020-05-13 17:02:08] Merging 2 fragments for tokeninfo.
[2020-05-13 17:02:09] Merging 1 fragments for next_token.
[2020-05-13 17:02:09] Merging 1 fragments for jsdoc.
[2020-05-13 17:02:09] Merging 1 fragments for jsdoc_tags.
[2020-05-13 17:02:09] Merging 1 fragments for jsdoc_tag_descriptions.
[2020-05-13 17:02:09] Merging 1 fragments for jsdoc_tag_names.
[2020-05-13 17:02:09] Merging 1 fragments for jsdoc_type_exprs.
[2020-05-13 17:02:09] Merging 1 fragments for toplevels.
[2020-05-13 17:02:09] Merging 1 fragments for stmts.
[2020-05-13 17:02:09] Merging 1 fragments for stmtContainers.
[2020-05-13 17:02:09] Merging 2 fragments for exprs.
[2020-05-13 17:02:09] Merging 2 fragments for enclosingStmt.
[2020-05-13 17:02:09] Merging 2 fragments for exprContainers.
[2020-05-13 17:02:09] Merging 1 fragments for literals.
[2020-05-13 17:02:09] Merging 1 fragments for variables.
[2020-05-13 17:02:09] Merging 1 fragments for bind.
[2020-05-13 17:02:09] Merging 1 fragments for scopenodes.
[2020-05-13 17:02:09] Merging 1 fragments for scopenesting.
[2020-05-13 17:02:09] Merging 1 fragments for decl.
[2020-05-13 17:02:09] Merging 1 fragments for isArgumentsObject.
[2020-05-13 17:02:09] Merging 1 fragments for entry_cfg_node.
[2020-05-13 17:02:09] Merging 1 fragments for exit_cfg_node.
[2020-05-13 17:02:09] Merging 2 fragments for successor.
[2020-05-13 17:02:09] Merging 1 fragments for isExterns.
[2020-05-13 17:02:09] Merging 1 fragments for filetype.
[2020-05-13 17:02:09] Merging 1 fragments for extraction_time.
[2020-05-13 17:02:09] Merging 1 fragments for jsdoc_prefix_qualifier.
[2020-05-13 17:02:09] Merging 1 fragments for jsdoc_errors.
[2020-05-13 17:02:09] Merging 1 fragments for jsdoc_record_field_name.
[2020-05-13 17:02:09] Merging 1 fragments for jsdoc_has_new_parameter.
[2020-05-13 17:02:09] Merging 1 fragments for properties.
[2020-05-13 17:02:09] Merging 1 fragments for regexpterm.
[2020-05-13 17:02:09] Merging 1 fragments for regexpConstValue.
[2020-05-13 17:02:09] Merging 1 fragments for guard_node.
[2020-05-13 17:02:09] Merging 1 fragments for isModule.
[2020-05-13 17:02:09] Merging 1 fragments for isNodejs.
[2020-05-13 17:02:09] Merging 1 fragments for arraySize.
[2020-05-13 17:02:09] Merging 1 fragments for jumpTargets.
[2020-05-13 17:02:09] Merging 1 fragments for isCapture.
[2020-05-13 17:02:09] Merging 1 fragments for json.
[2020-05-13 17:02:09] Merging 1 fragments for json_locations.
[2020-05-13 17:02:09] Merging 1 fragments for json_literals.
[2020-05-13 17:02:09] Merging 1 fragments for json_properties.
[2020-05-13 17:02:09] Merging 1 fragments for sourceLocationPrefix.
[2020-05-13 17:02:09] Saving string and id pools to disk.
[2020-05-13 17:02:09] Finished importing trap files.
[2020-05-13 17:02:09] Stopped the world to close the cache at sequence stamp o+3
[2020-05-13 17:02:09] The disk cache is freshly trimmed; leave it be.
[2020-05-13 17:02:09] Starting the world again
[2020-05-13 17:02:09] Plumbing command codeql dataset import completed.
[2020-05-13 17:02:09] [PROGRESS] database finalize> TRAP import complete (5.7s).
[2020-05-13 17:02:09] Running plumbing command: codeql database cleanup --mode=normal -- /Users/alexoneill/Documents/GitHub/OSC-Code/Tools/LGTM/DB_Storage/pako-1-0-10DB
[2020-05-13 17:02:09] [PROGRESS] database cleanup> Cleaning up existing TRAP files after import...
[2020-05-13 17:02:09] [PROGRESS] database cleanup> TRAP files cleaned up (29ms).
[2020-05-13 17:02:09] Running plumbing command: codeql dataset cleanup --mode=normal -- /Users/alexoneill/Documents/GitHub/OSC-Code/Tools/LGTM/DB_Storage/pako-1-0-10DB/db-javascript
[2020-05-13 17:02:09] [PROGRESS] dataset cleanup> Cleaning up dataset in /Users/alexoneill/Documents/GitHub/OSC-Code/Tools/LGTM/DB_Storage/pako-1-0-10DB/db-javascript.
[2020-05-13 17:02:09] Trimming disk cache at /Users/alexoneill/Documents/GitHub/OSC-Code/Tools/LGTM/DB_Storage/pako-1-0-10DB/db-javascript/default/cache in mode normal.
[2020-05-13 17:02:09] Sequence stamp origin is -6727448954453114870
[2020-05-13 17:02:09] Stopped the world to zealously trim disk at sequence stamp o+0
[2020-05-13 17:02:09] Starting the world again
[2020-05-13 17:02:09] Trimming completed (1ms): Trimmed disposable data from cache.
[2020-05-13 17:02:09] Stopped the world to close the cache at sequence stamp o+1
[2020-05-13 17:02:09] The disk cache is freshly trimmed; leave it be.
[2020-05-13 17:02:09] Starting the world again
[2020-05-13 17:02:09] [PROGRESS] dataset cleanup> Trimmed disposable data from cache.
[2020-05-13 17:02:09] Plumbing command codeql dataset cleanup completed.
[2020-05-13 17:02:09] Plumbing command codeql database cleanup completed with status 0.
[2020-05-13 17:02:09] Plumbing command codeql database finalize completed with status 0.
[2020-05-13 17:02:09] [PROGRESS] database create> Successfully created database at /Users/alexoneill/Documents/GitHub/OSC-Code/Tools/LGTM/DB_Storage/pako-1-0-10DB.
[2020-05-13 17:02:09] Terminating normally.
