[2020-05-13 17:00:59] This is codeql database create --language=javascript --source-root /Users/alexoneill/Documents/GitHub/OSC-Code/Tools/LGTM/ext_JS_src/mocha-6.2.0 /Users/alexoneill/Documents/GitHub/OSC-Code/Tools/LGTM/DB_Storage/mocha-6-2-0DB
[2020-05-13 17:00:59] Log file was started late.
[2020-05-13 17:00:59] Using autobuild script /Users/alexoneill/Documents/GitHub/OSC-Code/Tools/LGTM/codeql/javascript/tools/autobuild.sh.
[2020-05-13 17:00:59] [DETAILS] database create> Detected autobuild command: /Users/alexoneill/Documents/GitHub/OSC-Code/Tools/LGTM/codeql/javascript/tools/autobuild.sh.
[2020-05-13 17:00:59] [PROGRESS] database create> Running command [/Users/alexoneill/Documents/GitHub/OSC-Code/Tools/LGTM/codeql/javascript/tools/autobuild.sh] in /Users/alexoneill/Documents/GitHub/OSC-Code/Tools/LGTM/ext_JS_src/mocha-6.2.0.
[2020-05-13 17:00:59] Running plumbing command: codeql database trace-command --working-dir=/Users/alexoneill/Documents/GitHub/OSC-Code/Tools/LGTM/ext_JS_src/mocha-6.2.0 -- /Users/alexoneill/Documents/GitHub/OSC-Code/Tools/LGTM/DB_Storage/mocha-6-2-0DB /Users/alexoneill/Documents/GitHub/OSC-Code/Tools/LGTM/codeql/javascript/tools/autobuild.sh
[2020-05-13 17:00:59] [PROGRESS] database trace-command> /Users/alexoneill/Documents/GitHub/OSC-Code/Tools/LGTM/DB_Storage/mocha-6-2-0DB: Running in /Users/alexoneill/Documents/GitHub/OSC-Code/Tools/LGTM/ext_JS_src/mocha-6.2.0: [/Users/alexoneill/Documents/GitHub/OSC-Code/Tools/LGTM/codeql/javascript/tools/autobuild.sh]
[2020-05-13 17:01:00] [build] Single-threaded extraction.
[2020-05-13 17:01:00] [build] Extracting /Users/alexoneill/Documents/GitHub/OSC-Code/Tools/LGTM/ext_JS_src/mocha-6.2.0/package/bin/options.js
[2020-05-13 17:01:00] [build] Done extracting /Users/alexoneill/Documents/GitHub/OSC-Code/Tools/LGTM/ext_JS_src/mocha-6.2.0/package/bin/options.js (141 ms)
[2020-05-13 17:01:00] [build] Extracting /Users/alexoneill/Documents/GitHub/OSC-Code/Tools/LGTM/ext_JS_src/mocha-6.2.0/package/index.js
[2020-05-13 17:01:00] [build] Done extracting /Users/alexoneill/Documents/GitHub/OSC-Code/Tools/LGTM/ext_JS_src/mocha-6.2.0/package/index.js (5 ms)
[2020-05-13 17:01:00] [build] Extracting /Users/alexoneill/Documents/GitHub/OSC-Code/Tools/LGTM/ext_JS_src/mocha-6.2.0/package/package.json
[2020-05-13 17:01:00] [build] Done extracting /Users/alexoneill/Documents/GitHub/OSC-Code/Tools/LGTM/ext_JS_src/mocha-6.2.0/package/package.json (50 ms)
[2020-05-13 17:01:00] [build] Extracting /Users/alexoneill/Documents/GitHub/OSC-Code/Tools/LGTM/ext_JS_src/mocha-6.2.0/package/lib/pending.js
[2020-05-13 17:01:00] [build] Done extracting /Users/alexoneill/Documents/GitHub/OSC-Code/Tools/LGTM/ext_JS_src/mocha-6.2.0/package/lib/pending.js (11 ms)
[2020-05-13 17:01:00] [build] Extracting /Users/alexoneill/Documents/GitHub/OSC-Code/Tools/LGTM/ext_JS_src/mocha-6.2.0/package/lib/stats-collector.js
[2020-05-13 17:01:00] [build] Done extracting /Users/alexoneill/Documents/GitHub/OSC-Code/Tools/LGTM/ext_JS_src/mocha-6.2.0/package/lib/stats-collector.js (22 ms)
[2020-05-13 17:01:00] [build] Extracting /Users/alexoneill/Documents/GitHub/OSC-Code/Tools/LGTM/ext_JS_src/mocha-6.2.0/package/lib/test.js
[2020-05-13 17:01:00] [build] Done extracting /Users/alexoneill/Documents/GitHub/OSC-Code/Tools/LGTM/ext_JS_src/mocha-6.2.0/package/lib/test.js (19 ms)
[2020-05-13 17:01:00] [build] Extracting /Users/alexoneill/Documents/GitHub/OSC-Code/Tools/LGTM/ext_JS_src/mocha-6.2.0/package/lib/hook.js
[2020-05-13 17:01:00] [build] Done extracting /Users/alexoneill/Documents/GitHub/OSC-Code/Tools/LGTM/ext_JS_src/mocha-6.2.0/package/lib/hook.js (10 ms)
[2020-05-13 17:01:00] [build] Extracting /Users/alexoneill/Documents/GitHub/OSC-Code/Tools/LGTM/ext_JS_src/mocha-6.2.0/package/lib/runner.js
[2020-05-13 17:01:00] [build] Done extracting /Users/alexoneill/Documents/GitHub/OSC-Code/Tools/LGTM/ext_JS_src/mocha-6.2.0/package/lib/runner.js (185 ms)
[2020-05-13 17:01:00] [build] Extracting /Users/alexoneill/Documents/GitHub/OSC-Code/Tools/LGTM/ext_JS_src/mocha-6.2.0/package/lib/suite.js
[2020-05-13 17:01:00] [build] Done extracting /Users/alexoneill/Documents/GitHub/OSC-Code/Tools/LGTM/ext_JS_src/mocha-6.2.0/package/lib/suite.js (88 ms)
[2020-05-13 17:01:00] [build] Extracting /Users/alexoneill/Documents/GitHub/OSC-Code/Tools/LGTM/ext_JS_src/mocha-6.2.0/package/lib/cli/one-and-dones.js
[2020-05-13 17:01:00] [build] Done extracting /Users/alexoneill/Documents/GitHub/OSC-Code/Tools/LGTM/ext_JS_src/mocha-6.2.0/package/lib/cli/one-and-dones.js (12 ms)
[2020-05-13 17:01:00] [build] Extracting /Users/alexoneill/Documents/GitHub/OSC-Code/Tools/LGTM/ext_JS_src/mocha-6.2.0/package/lib/cli/node-flags.js
[2020-05-13 17:01:00] [build] Done extracting /Users/alexoneill/Documents/GitHub/OSC-Code/Tools/LGTM/ext_JS_src/mocha-6.2.0/package/lib/cli/node-flags.js (15 ms)
[2020-05-13 17:01:00] [build] Extracting /Users/alexoneill/Documents/GitHub/OSC-Code/Tools/LGTM/ext_JS_src/mocha-6.2.0/package/lib/cli/run.js
[2020-05-13 17:01:00] [build] Done extracting /Users/alexoneill/Documents/GitHub/OSC-Code/Tools/LGTM/ext_JS_src/mocha-6.2.0/package/lib/cli/run.js (64 ms)
[2020-05-13 17:01:00] [build] Extracting /Users/alexoneill/Documents/GitHub/OSC-Code/Tools/LGTM/ext_JS_src/mocha-6.2.0/package/lib/cli/options.js
[2020-05-13 17:01:00] [build] Done extracting /Users/alexoneill/Documents/GitHub/OSC-Code/Tools/LGTM/ext_JS_src/mocha-6.2.0/package/lib/cli/options.js (51 ms)
[2020-05-13 17:01:00] [build] Extracting /Users/alexoneill/Documents/GitHub/OSC-Code/Tools/LGTM/ext_JS_src/mocha-6.2.0/package/lib/cli/index.js
[2020-05-13 17:01:00] [build] Done extracting /Users/alexoneill/Documents/GitHub/OSC-Code/Tools/LGTM/ext_JS_src/mocha-6.2.0/package/lib/cli/index.js (2 ms)
[2020-05-13 17:01:00] [build] Extracting /Users/alexoneill/Documents/GitHub/OSC-Code/Tools/LGTM/ext_JS_src/mocha-6.2.0/package/lib/cli/run-option-metadata.js
[2020-05-13 17:01:00] [build] Done extracting /Users/alexoneill/Documents/GitHub/OSC-Code/Tools/LGTM/ext_JS_src/mocha-6.2.0/package/lib/cli/run-option-metadata.js (10 ms)
[2020-05-13 17:01:00] [build] Extracting /Users/alexoneill/Documents/GitHub/OSC-Code/Tools/LGTM/ext_JS_src/mocha-6.2.0/package/lib/cli/config.js
[2020-05-13 17:01:00] [build] Done extracting /Users/alexoneill/Documents/GitHub/OSC-Code/Tools/LGTM/ext_JS_src/mocha-6.2.0/package/lib/cli/config.js (19 ms)
[2020-05-13 17:01:00] [build] Extracting /Users/alexoneill/Documents/GitHub/OSC-Code/Tools/LGTM/ext_JS_src/mocha-6.2.0/package/lib/cli/init.js
[2020-05-13 17:01:00] [build] Done extracting /Users/alexoneill/Documents/GitHub/OSC-Code/Tools/LGTM/ext_JS_src/mocha-6.2.0/package/lib/cli/init.js (13 ms)
[2020-05-13 17:01:00] [build] Extracting /Users/alexoneill/Documents/GitHub/OSC-Code/Tools/LGTM/ext_JS_src/mocha-6.2.0/package/lib/cli/watch-run.js
[2020-05-13 17:01:00] [build] Done extracting /Users/alexoneill/Documents/GitHub/OSC-Code/Tools/LGTM/ext_JS_src/mocha-6.2.0/package/lib/cli/watch-run.js (17 ms)
[2020-05-13 17:01:00] [build] Extracting /Users/alexoneill/Documents/GitHub/OSC-Code/Tools/LGTM/ext_JS_src/mocha-6.2.0/package/lib/cli/run-helpers.js
[2020-05-13 17:01:00] [build] Done extracting /Users/alexoneill/Documents/GitHub/OSC-Code/Tools/LGTM/ext_JS_src/mocha-6.2.0/package/lib/cli/run-helpers.js (31 ms)
[2020-05-13 17:01:00] [build] Extracting /Users/alexoneill/Documents/GitHub/OSC-Code/Tools/LGTM/ext_JS_src/mocha-6.2.0/package/lib/cli/commands.js
[2020-05-13 17:01:00] [build] Done extracting /Users/alexoneill/Documents/GitHub/OSC-Code/Tools/LGTM/ext_JS_src/mocha-6.2.0/package/lib/cli/commands.js (5 ms)
[2020-05-13 17:01:00] [build] Extracting /Users/alexoneill/Documents/GitHub/OSC-Code/Tools/LGTM/ext_JS_src/mocha-6.2.0/package/lib/cli/collect-files.js
[2020-05-13 17:01:00] [build] Done extracting /Users/alexoneill/Documents/GitHub/OSC-Code/Tools/LGTM/ext_JS_src/mocha-6.2.0/package/lib/cli/collect-files.js (20 ms)
[2020-05-13 17:01:00] [build] Extracting /Users/alexoneill/Documents/GitHub/OSC-Code/Tools/LGTM/ext_JS_src/mocha-6.2.0/package/lib/cli/cli.js
[2020-05-13 17:01:00] [build] Done extracting /Users/alexoneill/Documents/GitHub/OSC-Code/Tools/LGTM/ext_JS_src/mocha-6.2.0/package/lib/cli/cli.js (28 ms)
[2020-05-13 17:01:00] [build] Extracting /Users/alexoneill/Documents/GitHub/OSC-Code/Tools/LGTM/ext_JS_src/mocha-6.2.0/package/lib/runnable.js
[2020-05-13 17:01:00] [build] Done extracting /Users/alexoneill/Documents/GitHub/OSC-Code/Tools/LGTM/ext_JS_src/mocha-6.2.0/package/lib/runnable.js (67 ms)
[2020-05-13 17:01:00] [build] Extracting /Users/alexoneill/Documents/GitHub/OSC-Code/Tools/LGTM/ext_JS_src/mocha-6.2.0/package/lib/browser/tty.js
[2020-05-13 17:01:00] [build] Done extracting /Users/alexoneill/Documents/GitHub/OSC-Code/Tools/LGTM/ext_JS_src/mocha-6.2.0/package/lib/browser/tty.js (4 ms)
[2020-05-13 17:01:00] [build] Extracting /Users/alexoneill/Documents/GitHub/OSC-Code/Tools/LGTM/ext_JS_src/mocha-6.2.0/package/lib/browser/progress.js
[2020-05-13 17:01:00] [build] Done extracting /Users/alexoneill/Documents/GitHub/OSC-Code/Tools/LGTM/ext_JS_src/mocha-6.2.0/package/lib/browser/progress.js (14 ms)
[2020-05-13 17:01:00] [build] Extracting /Users/alexoneill/Documents/GitHub/OSC-Code/Tools/LGTM/ext_JS_src/mocha-6.2.0/package/lib/browser/template.html
[2020-05-13 17:01:01] [build] Done extracting /Users/alexoneill/Documents/GitHub/OSC-Code/Tools/LGTM/ext_JS_src/mocha-6.2.0/package/lib/browser/template.html (33 ms)
[2020-05-13 17:01:01] [build] Extracting /Users/alexoneill/Documents/GitHub/OSC-Code/Tools/LGTM/ext_JS_src/mocha-6.2.0/package/lib/browser/growl.js
[2020-05-13 17:01:01] [build] Done extracting /Users/alexoneill/Documents/GitHub/OSC-Code/Tools/LGTM/ext_JS_src/mocha-6.2.0/package/lib/browser/growl.js (25 ms)
[2020-05-13 17:01:01] [build] Extracting /Users/alexoneill/Documents/GitHub/OSC-Code/Tools/LGTM/ext_JS_src/mocha-6.2.0/package/lib/errors.js
[2020-05-13 17:01:01] [build] Done extracting /Users/alexoneill/Documents/GitHub/OSC-Code/Tools/LGTM/ext_JS_src/mocha-6.2.0/package/lib/errors.js (20 ms)
[2020-05-13 17:01:01] [build] Extracting /Users/alexoneill/Documents/GitHub/OSC-Code/Tools/LGTM/ext_JS_src/mocha-6.2.0/package/lib/context.js
[2020-05-13 17:01:01] [build] Done extracting /Users/alexoneill/Documents/GitHub/OSC-Code/Tools/LGTM/ext_JS_src/mocha-6.2.0/package/lib/context.js (13 ms)
[2020-05-13 17:01:01] [build] Extracting /Users/alexoneill/Documents/GitHub/OSC-Code/Tools/LGTM/ext_JS_src/mocha-6.2.0/package/lib/utils.js
[2020-05-13 17:01:01] [build] Done extracting /Users/alexoneill/Documents/GitHub/OSC-Code/Tools/LGTM/ext_JS_src/mocha-6.2.0/package/lib/utils.js (143 ms)
[2020-05-13 17:01:01] [build] Extracting /Users/alexoneill/Documents/GitHub/OSC-Code/Tools/LGTM/ext_JS_src/mocha-6.2.0/package/lib/reporters/html.js
[2020-05-13 17:01:01] [build] Done extracting /Users/alexoneill/Documents/GitHub/OSC-Code/Tools/LGTM/ext_JS_src/mocha-6.2.0/package/lib/reporters/html.js (67 ms)
[2020-05-13 17:01:01] [build] Extracting /Users/alexoneill/Documents/GitHub/OSC-Code/Tools/LGTM/ext_JS_src/mocha-6.2.0/package/lib/reporters/nyan.js
[2020-05-13 17:01:01] [build] Done extracting /Users/alexoneill/Documents/GitHub/OSC-Code/Tools/LGTM/ext_JS_src/mocha-6.2.0/package/lib/reporters/nyan.js (43 ms)
[2020-05-13 17:01:01] [build] Extracting /Users/alexoneill/Documents/GitHub/OSC-Code/Tools/LGTM/ext_JS_src/mocha-6.2.0/package/lib/reporters/spec.js
[2020-05-13 17:01:01] [build] Done extracting /Users/alexoneill/Documents/GitHub/OSC-Code/Tools/LGTM/ext_JS_src/mocha-6.2.0/package/lib/reporters/spec.js (26 ms)
[2020-05-13 17:01:01] [build] Extracting /Users/alexoneill/Documents/GitHub/OSC-Code/Tools/LGTM/ext_JS_src/mocha-6.2.0/package/lib/reporters/landing.js
[2020-05-13 17:01:01] [build] Done extracting /Users/alexoneill/Documents/GitHub/OSC-Code/Tools/LGTM/ext_JS_src/mocha-6.2.0/package/lib/reporters/landing.js (20 ms)
[2020-05-13 17:01:01] [build] Extracting /Users/alexoneill/Documents/GitHub/OSC-Code/Tools/LGTM/ext_JS_src/mocha-6.2.0/package/lib/reporters/index.js
[2020-05-13 17:01:01] [build] Done extracting /Users/alexoneill/Documents/GitHub/OSC-Code/Tools/LGTM/ext_JS_src/mocha-6.2.0/package/lib/reporters/index.js (8 ms)
[2020-05-13 17:01:01] [build] Extracting /Users/alexoneill/Documents/GitHub/OSC-Code/Tools/LGTM/ext_JS_src/mocha-6.2.0/package/lib/reporters/json-stream.js
[2020-05-13 17:01:01] [build] Done extracting /Users/alexoneill/Documents/GitHub/OSC-Code/Tools/LGTM/ext_JS_src/mocha-6.2.0/package/lib/reporters/json-stream.js (11 ms)
[2020-05-13 17:01:01] [build] Extracting /Users/alexoneill/Documents/GitHub/OSC-Code/Tools/LGTM/ext_JS_src/mocha-6.2.0/package/lib/reporters/list.js
[2020-05-13 17:01:01] [build] Done extracting /Users/alexoneill/Documents/GitHub/OSC-Code/Tools/LGTM/ext_JS_src/mocha-6.2.0/package/lib/reporters/list.js (19 ms)
[2020-05-13 17:01:01] [build] Extracting /Users/alexoneill/Documents/GitHub/OSC-Code/Tools/LGTM/ext_JS_src/mocha-6.2.0/package/lib/reporters/dot.js
[2020-05-13 17:01:01] [build] Done extracting /Users/alexoneill/Documents/GitHub/OSC-Code/Tools/LGTM/ext_JS_src/mocha-6.2.0/package/lib/reporters/dot.js (14 ms)
[2020-05-13 17:01:01] [build] Extracting /Users/alexoneill/Documents/GitHub/OSC-Code/Tools/LGTM/ext_JS_src/mocha-6.2.0/package/lib/reporters/progress.js
[2020-05-13 17:01:01] [build] Done extracting /Users/alexoneill/Documents/GitHub/OSC-Code/Tools/LGTM/ext_JS_src/mocha-6.2.0/package/lib/reporters/progress.js (18 ms)
[2020-05-13 17:01:01] [build] Extracting /Users/alexoneill/Documents/GitHub/OSC-Code/Tools/LGTM/ext_JS_src/mocha-6.2.0/package/lib/reporters/xunit.js
[2020-05-13 17:01:01] [build] Done extracting /Users/alexoneill/Documents/GitHub/OSC-Code/Tools/LGTM/ext_JS_src/mocha-6.2.0/package/lib/reporters/xunit.js (39 ms)
[2020-05-13 17:01:01] [build] Extracting /Users/alexoneill/Documents/GitHub/OSC-Code/Tools/LGTM/ext_JS_src/mocha-6.2.0/package/lib/reporters/base.js
[2020-05-13 17:01:01] [build] Done extracting /Users/alexoneill/Documents/GitHub/OSC-Code/Tools/LGTM/ext_JS_src/mocha-6.2.0/package/lib/reporters/base.js (63 ms)
[2020-05-13 17:01:01] [build] Extracting /Users/alexoneill/Documents/GitHub/OSC-Code/Tools/LGTM/ext_JS_src/mocha-6.2.0/package/lib/reporters/json.js
[2020-05-13 17:01:01] [build] Done extracting /Users/alexoneill/Documents/GitHub/OSC-Code/Tools/LGTM/ext_JS_src/mocha-6.2.0/package/lib/reporters/json.js (15 ms)
[2020-05-13 17:01:01] [build] Extracting /Users/alexoneill/Documents/GitHub/OSC-Code/Tools/LGTM/ext_JS_src/mocha-6.2.0/package/lib/reporters/tap.js
[2020-05-13 17:01:01] [build] Done extracting /Users/alexoneill/Documents/GitHub/OSC-Code/Tools/LGTM/ext_JS_src/mocha-6.2.0/package/lib/reporters/tap.js (43 ms)
[2020-05-13 17:01:01] [build] Extracting /Users/alexoneill/Documents/GitHub/OSC-Code/Tools/LGTM/ext_JS_src/mocha-6.2.0/package/lib/reporters/min.js
[2020-05-13 17:01:01] [build] Done extracting /Users/alexoneill/Documents/GitHub/OSC-Code/Tools/LGTM/ext_JS_src/mocha-6.2.0/package/lib/reporters/min.js (8 ms)
[2020-05-13 17:01:01] [build] Extracting /Users/alexoneill/Documents/GitHub/OSC-Code/Tools/LGTM/ext_JS_src/mocha-6.2.0/package/lib/reporters/doc.js
[2020-05-13 17:01:01] [build] Done extracting /Users/alexoneill/Documents/GitHub/OSC-Code/Tools/LGTM/ext_JS_src/mocha-6.2.0/package/lib/reporters/doc.js (16 ms)
[2020-05-13 17:01:01] [build] Extracting /Users/alexoneill/Documents/GitHub/OSC-Code/Tools/LGTM/ext_JS_src/mocha-6.2.0/package/lib/reporters/markdown.js
[2020-05-13 17:01:01] [build] Done extracting /Users/alexoneill/Documents/GitHub/OSC-Code/Tools/LGTM/ext_JS_src/mocha-6.2.0/package/lib/reporters/markdown.js (17 ms)
[2020-05-13 17:01:01] [build] Extracting /Users/alexoneill/Documents/GitHub/OSC-Code/Tools/LGTM/ext_JS_src/mocha-6.2.0/package/lib/growl.js
[2020-05-13 17:01:01] [build] Done extracting /Users/alexoneill/Documents/GitHub/OSC-Code/Tools/LGTM/ext_JS_src/mocha-6.2.0/package/lib/growl.js (19 ms)
[2020-05-13 17:01:01] [build] Extracting /Users/alexoneill/Documents/GitHub/OSC-Code/Tools/LGTM/ext_JS_src/mocha-6.2.0/package/lib/interfaces/qunit.js
[2020-05-13 17:01:01] [build] Done extracting /Users/alexoneill/Documents/GitHub/OSC-Code/Tools/LGTM/ext_JS_src/mocha-6.2.0/package/lib/interfaces/qunit.js (13 ms)
[2020-05-13 17:01:01] [build] Extracting /Users/alexoneill/Documents/GitHub/OSC-Code/Tools/LGTM/ext_JS_src/mocha-6.2.0/package/lib/interfaces/exports.js
[2020-05-13 17:01:01] [build] Done extracting /Users/alexoneill/Documents/GitHub/OSC-Code/Tools/LGTM/ext_JS_src/mocha-6.2.0/package/lib/interfaces/exports.js (8 ms)
[2020-05-13 17:01:01] [build] Extracting /Users/alexoneill/Documents/GitHub/OSC-Code/Tools/LGTM/ext_JS_src/mocha-6.2.0/package/lib/interfaces/index.js
[2020-05-13 17:01:01] [build] Done extracting /Users/alexoneill/Documents/GitHub/OSC-Code/Tools/LGTM/ext_JS_src/mocha-6.2.0/package/lib/interfaces/index.js (3 ms)
[2020-05-13 17:01:01] [build] Extracting /Users/alexoneill/Documents/GitHub/OSC-Code/Tools/LGTM/ext_JS_src/mocha-6.2.0/package/lib/interfaces/tdd.js
[2020-05-13 17:01:01] [build] Done extracting /Users/alexoneill/Documents/GitHub/OSC-Code/Tools/LGTM/ext_JS_src/mocha-6.2.0/package/lib/interfaces/tdd.js (11 ms)
[2020-05-13 17:01:01] [build] Extracting /Users/alexoneill/Documents/GitHub/OSC-Code/Tools/LGTM/ext_JS_src/mocha-6.2.0/package/lib/interfaces/bdd.js
[2020-05-13 17:01:01] [build] Done extracting /Users/alexoneill/Documents/GitHub/OSC-Code/Tools/LGTM/ext_JS_src/mocha-6.2.0/package/lib/interfaces/bdd.js (13 ms)
[2020-05-13 17:01:01] [build] Extracting /Users/alexoneill/Documents/GitHub/OSC-Code/Tools/LGTM/ext_JS_src/mocha-6.2.0/package/lib/interfaces/common.js
[2020-05-13 17:01:01] [build] Done extracting /Users/alexoneill/Documents/GitHub/OSC-Code/Tools/LGTM/ext_JS_src/mocha-6.2.0/package/lib/interfaces/common.js (18 ms)
[2020-05-13 17:01:01] [build] Extracting /Users/alexoneill/Documents/GitHub/OSC-Code/Tools/LGTM/ext_JS_src/mocha-6.2.0/package/lib/mocha.js
[2020-05-13 17:01:01] [build] Done extracting /Users/alexoneill/Documents/GitHub/OSC-Code/Tools/LGTM/ext_JS_src/mocha-6.2.0/package/lib/mocha.js (81 ms)
[2020-05-13 17:01:01] [build] Extracting /Users/alexoneill/Documents/GitHub/OSC-Code/Tools/LGTM/ext_JS_src/mocha-6.2.0/package/browser-entry.js
[2020-05-13 17:01:01] [build] Done extracting /Users/alexoneill/Documents/GitHub/OSC-Code/Tools/LGTM/ext_JS_src/mocha-6.2.0/package/browser-entry.js (19 ms)
[2020-05-13 17:01:01] [build] Extracting /Users/alexoneill/Documents/GitHub/OSC-Code/Tools/LGTM/ext_JS_src/mocha-6.2.0/package/mocha.js
[2020-05-13 17:01:06] [build] Done extracting /Users/alexoneill/Documents/GitHub/OSC-Code/Tools/LGTM/ext_JS_src/mocha-6.2.0/package/mocha.js (4275 ms)
[2020-05-13 17:01:06] [build-err] No externs trap cache found
[2020-05-13 17:01:06] [build] Extracting /Users/alexoneill/Documents/GitHub/OSC-Code/Tools/LGTM/codeql/javascript/tools/data/externs/nodejs/constants.js
[2020-05-13 17:01:06] [build] Done extracting /Users/alexoneill/Documents/GitHub/OSC-Code/Tools/LGTM/codeql/javascript/tools/data/externs/nodejs/constants.js (141 ms)
[2020-05-13 17:01:06] [build] Extracting /Users/alexoneill/Documents/GitHub/OSC-Code/Tools/LGTM/codeql/javascript/tools/data/externs/nodejs/net.js
[2020-05-13 17:01:06] [build] Done extracting /Users/alexoneill/Documents/GitHub/OSC-Code/Tools/LGTM/codeql/javascript/tools/data/externs/nodejs/net.js (34 ms)
[2020-05-13 17:01:06] [build] Extracting /Users/alexoneill/Documents/GitHub/OSC-Code/Tools/LGTM/codeql/javascript/tools/data/externs/nodejs/globals.js
[2020-05-13 17:01:06] [build] Done extracting /Users/alexoneill/Documents/GitHub/OSC-Code/Tools/LGTM/codeql/javascript/tools/data/externs/nodejs/globals.js (146 ms)
[2020-05-13 17:01:06] [build] Extracting /Users/alexoneill/Documents/GitHub/OSC-Code/Tools/LGTM/codeql/javascript/tools/data/externs/nodejs/events.js
[2020-05-13 17:01:06] [build] Done extracting /Users/alexoneill/Documents/GitHub/OSC-Code/Tools/LGTM/codeql/javascript/tools/data/externs/nodejs/events.js (9 ms)
[2020-05-13 17:01:06] [build] Extracting /Users/alexoneill/Documents/GitHub/OSC-Code/Tools/LGTM/codeql/javascript/tools/data/externs/nodejs/repl.js
[2020-05-13 17:01:06] [build] Done extracting /Users/alexoneill/Documents/GitHub/OSC-Code/Tools/LGTM/codeql/javascript/tools/data/externs/nodejs/repl.js (10 ms)
[2020-05-13 17:01:06] [build] Extracting /Users/alexoneill/Documents/GitHub/OSC-Code/Tools/LGTM/codeql/javascript/tools/data/externs/nodejs/util.js
[2020-05-13 17:01:06] [build] Done extracting /Users/alexoneill/Documents/GitHub/OSC-Code/Tools/LGTM/codeql/javascript/tools/data/externs/nodejs/util.js (19 ms)
[2020-05-13 17:01:06] [build] Extracting /Users/alexoneill/Documents/GitHub/OSC-Code/Tools/LGTM/codeql/javascript/tools/data/externs/nodejs/dgram.js
[2020-05-13 17:01:06] [build] Done extracting /Users/alexoneill/Documents/GitHub/OSC-Code/Tools/LGTM/codeql/javascript/tools/data/externs/nodejs/dgram.js (12 ms)
[2020-05-13 17:01:06] [build] Extracting /Users/alexoneill/Documents/GitHub/OSC-Code/Tools/LGTM/codeql/javascript/tools/data/externs/nodejs/vm.js
[2020-05-13 17:01:06] [build] Done extracting /Users/alexoneill/Documents/GitHub/OSC-Code/Tools/LGTM/codeql/javascript/tools/data/externs/nodejs/vm.js (12 ms)
[2020-05-13 17:01:06] [build] Extracting /Users/alexoneill/Documents/GitHub/OSC-Code/Tools/LGTM/codeql/javascript/tools/data/externs/nodejs/stream.js
[2020-05-13 17:01:06] [build] Done extracting /Users/alexoneill/Documents/GitHub/OSC-Code/Tools/LGTM/codeql/javascript/tools/data/externs/nodejs/stream.js (64 ms)
[2020-05-13 17:01:06] [build] Extracting /Users/alexoneill/Documents/GitHub/OSC-Code/Tools/LGTM/codeql/javascript/tools/data/externs/nodejs/child_process.js
[2020-05-13 17:01:06] [build] Done extracting /Users/alexoneill/Documents/GitHub/OSC-Code/Tools/LGTM/codeql/javascript/tools/data/externs/nodejs/child_process.js (56 ms)
[2020-05-13 17:01:06] [build] Extracting /Users/alexoneill/Documents/GitHub/OSC-Code/Tools/LGTM/codeql/javascript/tools/data/externs/nodejs/assert.js
[2020-05-13 17:01:06] [build] Done extracting /Users/alexoneill/Documents/GitHub/OSC-Code/Tools/LGTM/codeql/javascript/tools/data/externs/nodejs/assert.js (10 ms)
[2020-05-13 17:01:06] [build] Extracting /Users/alexoneill/Documents/GitHub/OSC-Code/Tools/LGTM/codeql/javascript/tools/data/externs/nodejs/os.js
[2020-05-13 17:01:06] [build] Done extracting /Users/alexoneill/Documents/GitHub/OSC-Code/Tools/LGTM/codeql/javascript/tools/data/externs/nodejs/os.js (16 ms)
[2020-05-13 17:01:06] [build] Extracting /Users/alexoneill/Documents/GitHub/OSC-Code/Tools/LGTM/codeql/javascript/tools/data/externs/nodejs/console.js
[2020-05-13 17:01:06] [build] Done extracting /Users/alexoneill/Documents/GitHub/OSC-Code/Tools/LGTM/codeql/javascript/tools/data/externs/nodejs/console.js (1 ms)
[2020-05-13 17:01:06] [build] Extracting /Users/alexoneill/Documents/GitHub/OSC-Code/Tools/LGTM/codeql/javascript/tools/data/externs/nodejs/readline.js
[2020-05-13 17:01:06] [build] Done extracting /Users/alexoneill/Documents/GitHub/OSC-Code/Tools/LGTM/codeql/javascript/tools/data/externs/nodejs/readline.js (25 ms)
[2020-05-13 17:01:06] [build] Extracting /Users/alexoneill/Documents/GitHub/OSC-Code/Tools/LGTM/codeql/javascript/tools/data/externs/nodejs/punycode.js
[2020-05-13 17:01:06] [build] Done extracting /Users/alexoneill/Documents/GitHub/OSC-Code/Tools/LGTM/codeql/javascript/tools/data/externs/nodejs/punycode.js (6 ms)
[2020-05-13 17:01:06] [build] Extracting /Users/alexoneill/Documents/GitHub/OSC-Code/Tools/LGTM/codeql/javascript/tools/data/externs/nodejs/https.js
[2020-05-13 17:01:06] [build] Done extracting /Users/alexoneill/Documents/GitHub/OSC-Code/Tools/LGTM/codeql/javascript/tools/data/externs/nodejs/https.js (16 ms)
[2020-05-13 17:01:06] [build] Extracting /Users/alexoneill/Documents/GitHub/OSC-Code/Tools/LGTM/codeql/javascript/tools/data/externs/nodejs/domain.js
[2020-05-13 17:01:06] [build] Done extracting /Users/alexoneill/Documents/GitHub/OSC-Code/Tools/LGTM/codeql/javascript/tools/data/externs/nodejs/domain.js (7 ms)
[2020-05-13 17:01:06] [build] Extracting /Users/alexoneill/Documents/GitHub/OSC-Code/Tools/LGTM/codeql/javascript/tools/data/externs/nodejs/dns.js
[2020-05-13 17:01:06] [build] Done extracting /Users/alexoneill/Documents/GitHub/OSC-Code/Tools/LGTM/codeql/javascript/tools/data/externs/nodejs/dns.js (19 ms)
[2020-05-13 17:01:06] [build] Extracting /Users/alexoneill/Documents/GitHub/OSC-Code/Tools/LGTM/codeql/javascript/tools/data/externs/nodejs/assert_legacy.js
[2020-05-13 17:01:06] [build] Done extracting /Users/alexoneill/Documents/GitHub/OSC-Code/Tools/LGTM/codeql/javascript/tools/data/externs/nodejs/assert_legacy.js (2 ms)
[2020-05-13 17:01:06] [build] Extracting /Users/alexoneill/Documents/GitHub/OSC-Code/Tools/LGTM/codeql/javascript/tools/data/externs/nodejs/tty.js
[2020-05-13 17:01:06] [build] Done extracting /Users/alexoneill/Documents/GitHub/OSC-Code/Tools/LGTM/codeql/javascript/tools/data/externs/nodejs/tty.js (7 ms)
[2020-05-13 17:01:06] [build] Extracting /Users/alexoneill/Documents/GitHub/OSC-Code/Tools/LGTM/codeql/javascript/tools/data/externs/nodejs/timers.js
[2020-05-13 17:01:06] [build] Done extracting /Users/alexoneill/Documents/GitHub/OSC-Code/Tools/LGTM/codeql/javascript/tools/data/externs/nodejs/timers.js (9 ms)
[2020-05-13 17:01:06] [build] Extracting /Users/alexoneill/Documents/GitHub/OSC-Code/Tools/LGTM/codeql/javascript/tools/data/externs/nodejs/querystring.js
[2020-05-13 17:01:06] [build] Done extracting /Users/alexoneill/Documents/GitHub/OSC-Code/Tools/LGTM/codeql/javascript/tools/data/externs/nodejs/querystring.js (8 ms)
[2020-05-13 17:01:06] [build] Extracting /Users/alexoneill/Documents/GitHub/OSC-Code/Tools/LGTM/codeql/javascript/tools/data/externs/nodejs/module.js
[2020-05-13 17:01:06] [build] Done extracting /Users/alexoneill/Documents/GitHub/OSC-Code/Tools/LGTM/codeql/javascript/tools/data/externs/nodejs/module.js (6 ms)
[2020-05-13 17:01:06] [build] Extracting /Users/alexoneill/Documents/GitHub/OSC-Code/Tools/LGTM/codeql/javascript/tools/data/externs/nodejs/sys.js
[2020-05-13 17:01:06] [build] Done extracting /Users/alexoneill/Documents/GitHub/OSC-Code/Tools/LGTM/codeql/javascript/tools/data/externs/nodejs/sys.js (2 ms)
[2020-05-13 17:01:06] [build] Extracting /Users/alexoneill/Documents/GitHub/OSC-Code/Tools/LGTM/codeql/javascript/tools/data/externs/nodejs/path.js
[2020-05-13 17:01:06] [build] Done extracting /Users/alexoneill/Documents/GitHub/OSC-Code/Tools/LGTM/codeql/javascript/tools/data/externs/nodejs/path.js (20 ms)
[2020-05-13 17:01:06] [build] Extracting /Users/alexoneill/Documents/GitHub/OSC-Code/Tools/LGTM/codeql/javascript/tools/data/externs/nodejs/string_decoder.js
[2020-05-13 17:01:06] [build] Done extracting /Users/alexoneill/Documents/GitHub/OSC-Code/Tools/LGTM/codeql/javascript/tools/data/externs/nodejs/string_decoder.js (4 ms)
[2020-05-13 17:01:06] [build] Extracting /Users/alexoneill/Documents/GitHub/OSC-Code/Tools/LGTM/codeql/javascript/tools/data/externs/nodejs/cluster.js
[2020-05-13 17:01:06] [build] Done extracting /Users/alexoneill/Documents/GitHub/OSC-Code/Tools/LGTM/codeql/javascript/tools/data/externs/nodejs/cluster.js (72 ms)
[2020-05-13 17:01:06] [build] Extracting /Users/alexoneill/Documents/GitHub/OSC-Code/Tools/LGTM/codeql/javascript/tools/data/externs/nodejs/v8.js
[2020-05-13 17:01:06] [build] Done extracting /Users/alexoneill/Documents/GitHub/OSC-Code/Tools/LGTM/codeql/javascript/tools/data/externs/nodejs/v8.js (5 ms)
[2020-05-13 17:01:06] [build] Extracting /Users/alexoneill/Documents/GitHub/OSC-Code/Tools/LGTM/codeql/javascript/tools/data/externs/nodejs/crypto.js
[2020-05-13 17:01:06] [build] Done extracting /Users/alexoneill/Documents/GitHub/OSC-Code/Tools/LGTM/codeql/javascript/tools/data/externs/nodejs/crypto.js (68 ms)
[2020-05-13 17:01:06] [build] Extracting /Users/alexoneill/Documents/GitHub/OSC-Code/Tools/LGTM/codeql/javascript/tools/data/externs/nodejs/zlib.js
[2020-05-13 17:01:06] [build] Done extracting /Users/alexoneill/Documents/GitHub/OSC-Code/Tools/LGTM/codeql/javascript/tools/data/externs/nodejs/zlib.js (39 ms)
[2020-05-13 17:01:06] [build] Extracting /Users/alexoneill/Documents/GitHub/OSC-Code/Tools/LGTM/codeql/javascript/tools/data/externs/nodejs/url.js
[2020-05-13 17:01:06] [build] Done extracting /Users/alexoneill/Documents/GitHub/OSC-Code/Tools/LGTM/codeql/javascript/tools/data/externs/nodejs/url.js (6 ms)
[2020-05-13 17:01:06] [build] Extracting /Users/alexoneill/Documents/GitHub/OSC-Code/Tools/LGTM/codeql/javascript/tools/data/externs/nodejs/tls.js
[2020-05-13 17:01:07] [build] Done extracting /Users/alexoneill/Documents/GitHub/OSC-Code/Tools/LGTM/codeql/javascript/tools/data/externs/nodejs/tls.js (37 ms)
[2020-05-13 17:01:07] [build] Extracting /Users/alexoneill/Documents/GitHub/OSC-Code/Tools/LGTM/codeql/javascript/tools/data/externs/nodejs/process.js
[2020-05-13 17:01:07] [build] Done extracting /Users/alexoneill/Documents/GitHub/OSC-Code/Tools/LGTM/codeql/javascript/tools/data/externs/nodejs/process.js (2 ms)
[2020-05-13 17:01:07] [build] Extracting /Users/alexoneill/Documents/GitHub/OSC-Code/Tools/LGTM/codeql/javascript/tools/data/externs/nodejs/http.js
[2020-05-13 17:01:07] [build] Done extracting /Users/alexoneill/Documents/GitHub/OSC-Code/Tools/LGTM/codeql/javascript/tools/data/externs/nodejs/http.js (35 ms)
[2020-05-13 17:01:07] [build] Extracting /Users/alexoneill/Documents/GitHub/OSC-Code/Tools/LGTM/codeql/javascript/tools/data/externs/nodejs/buffer.js
[2020-05-13 17:01:07] [build] Done extracting /Users/alexoneill/Documents/GitHub/OSC-Code/Tools/LGTM/codeql/javascript/tools/data/externs/nodejs/buffer.js (11 ms)
[2020-05-13 17:01:07] [build] Extracting /Users/alexoneill/Documents/GitHub/OSC-Code/Tools/LGTM/codeql/javascript/tools/data/externs/nodejs/fs.js
[2020-05-13 17:01:07] [build] Done extracting /Users/alexoneill/Documents/GitHub/OSC-Code/Tools/LGTM/codeql/javascript/tools/data/externs/nodejs/fs.js (111 ms)
[2020-05-13 17:01:07] [build] Extracting /Users/alexoneill/Documents/GitHub/OSC-Code/Tools/LGTM/codeql/javascript/tools/data/externs/web/ie_dom.js
[2020-05-13 17:01:07] [build] Done extracting /Users/alexoneill/Documents/GitHub/OSC-Code/Tools/LGTM/codeql/javascript/tools/data/externs/web/ie_dom.js (80 ms)
[2020-05-13 17:01:07] [build] Extracting /Users/alexoneill/Documents/GitHub/OSC-Code/Tools/LGTM/codeql/javascript/tools/data/externs/web/mediasource.js
[2020-05-13 17:01:07] [build] Done extracting /Users/alexoneill/Documents/GitHub/OSC-Code/Tools/LGTM/codeql/javascript/tools/data/externs/web/mediasource.js (12 ms)
[2020-05-13 17:01:07] [build] Extracting /Users/alexoneill/Documents/GitHub/OSC-Code/Tools/LGTM/codeql/javascript/tools/data/externs/web/html5.js
[2020-05-13 17:01:07] [build] Done extracting /Users/alexoneill/Documents/GitHub/OSC-Code/Tools/LGTM/codeql/javascript/tools/data/externs/web/html5.js (226 ms)
[2020-05-13 17:01:07] [build] Extracting /Users/alexoneill/Documents/GitHub/OSC-Code/Tools/LGTM/codeql/javascript/tools/data/externs/web/w3c_anim_timing.js
[2020-05-13 17:01:07] [build] Done extracting /Users/alexoneill/Documents/GitHub/OSC-Code/Tools/LGTM/codeql/javascript/tools/data/externs/web/w3c_anim_timing.js (5 ms)
[2020-05-13 17:01:07] [build] Extracting /Users/alexoneill/Documents/GitHub/OSC-Code/Tools/LGTM/codeql/javascript/tools/data/externs/web/w3c_dom3.js
[2020-05-13 17:01:07] [build] Done extracting /Users/alexoneill/Documents/GitHub/OSC-Code/Tools/LGTM/codeql/javascript/tools/data/externs/web/w3c_dom3.js (37 ms)
[2020-05-13 17:01:07] [build] Extracting /Users/alexoneill/Documents/GitHub/OSC-Code/Tools/LGTM/codeql/javascript/tools/data/externs/web/fetchapi.js
[2020-05-13 17:01:07] [build] Done extracting /Users/alexoneill/Documents/GitHub/OSC-Code/Tools/LGTM/codeql/javascript/tools/data/externs/web/fetchapi.js (28 ms)
[2020-05-13 17:01:07] [build] Extracting /Users/alexoneill/Documents/GitHub/OSC-Code/Tools/LGTM/codeql/javascript/tools/data/externs/web/streamsapi.js
[2020-05-13 17:01:07] [build] Done extracting /Users/alexoneill/Documents/GitHub/OSC-Code/Tools/LGTM/codeql/javascript/tools/data/externs/web/streamsapi.js (24 ms)
[2020-05-13 17:01:07] [build] Extracting /Users/alexoneill/Documents/GitHub/OSC-Code/Tools/LGTM/codeql/javascript/tools/data/externs/web/fileapi.js
[2020-05-13 17:01:07] [build] Done extracting /Users/alexoneill/Documents/GitHub/OSC-Code/Tools/LGTM/codeql/javascript/tools/data/externs/web/fileapi.js (53 ms)
[2020-05-13 17:01:07] [build] Extracting /Users/alexoneill/Documents/GitHub/OSC-Code/Tools/LGTM/codeql/javascript/tools/data/externs/web/w3c_navigation_timing.js
[2020-05-13 17:01:07] [build] Done extracting /Users/alexoneill/Documents/GitHub/OSC-Code/Tools/LGTM/codeql/javascript/tools/data/externs/web/w3c_navigation_timing.js (17 ms)
[2020-05-13 17:01:07] [build] Extracting /Users/alexoneill/Documents/GitHub/OSC-Code/Tools/LGTM/codeql/javascript/tools/data/externs/web/w3c_range.js
[2020-05-13 17:01:07] [build] Done extracting /Users/alexoneill/Documents/GitHub/OSC-Code/Tools/LGTM/codeql/javascript/tools/data/externs/web/w3c_range.js (16 ms)
[2020-05-13 17:01:07] [build] Extracting /Users/alexoneill/Documents/GitHub/OSC-Code/Tools/LGTM/codeql/javascript/tools/data/externs/web/w3c_indexeddb.js
[2020-05-13 17:01:07] [build] Done extracting /Users/alexoneill/Documents/GitHub/OSC-Code/Tools/LGTM/codeql/javascript/tools/data/externs/web/w3c_indexeddb.js (68 ms)
[2020-05-13 17:01:07] [build] Extracting /Users/alexoneill/Documents/GitHub/OSC-Code/Tools/LGTM/codeql/javascript/tools/data/externs/web/w3c_dom2.js
[2020-05-13 17:01:07] [build] Done extracting /Users/alexoneill/Documents/GitHub/OSC-Code/Tools/LGTM/codeql/javascript/tools/data/externs/web/w3c_dom2.js (137 ms)
[2020-05-13 17:01:07] [build] Extracting /Users/alexoneill/Documents/GitHub/OSC-Code/Tools/LGTM/codeql/javascript/tools/data/externs/web/w3c_elementtraversal.js
[2020-05-13 17:01:07] [build] Done extracting /Users/alexoneill/Documents/GitHub/OSC-Code/Tools/LGTM/codeql/javascript/tools/data/externs/web/w3c_elementtraversal.js (6 ms)
[2020-05-13 17:01:07] [build] Extracting /Users/alexoneill/Documents/GitHub/OSC-Code/Tools/LGTM/codeql/javascript/tools/data/externs/web/w3c_webcrypto.js
[2020-05-13 17:01:07] [build] Done extracting /Users/alexoneill/Documents/GitHub/OSC-Code/Tools/LGTM/codeql/javascript/tools/data/externs/web/w3c_webcrypto.js (22 ms)
[2020-05-13 17:01:07] [build] Extracting /Users/alexoneill/Documents/GitHub/OSC-Code/Tools/LGTM/codeql/javascript/tools/data/externs/web/ie_vml.js
[2020-05-13 17:01:07] [build] Done extracting /Users/alexoneill/Documents/GitHub/OSC-Code/Tools/LGTM/codeql/javascript/tools/data/externs/web/ie_vml.js (3 ms)
[2020-05-13 17:01:07] [build] Extracting /Users/alexoneill/Documents/GitHub/OSC-Code/Tools/LGTM/codeql/javascript/tools/data/externs/web/intl.js
[2020-05-13 17:01:07] [build] Done extracting /Users/alexoneill/Documents/GitHub/OSC-Code/Tools/LGTM/codeql/javascript/tools/data/externs/web/intl.js (15 ms)
[2020-05-13 17:01:07] [build] Extracting /Users/alexoneill/Documents/GitHub/OSC-Code/Tools/LGTM/codeql/javascript/tools/data/externs/web/w3c_rtc.js
[2020-05-13 17:01:08] [build] Done extracting /Users/alexoneill/Documents/GitHub/OSC-Code/Tools/LGTM/codeql/javascript/tools/data/externs/web/w3c_rtc.js (126 ms)
[2020-05-13 17:01:08] [build] Extracting /Users/alexoneill/Documents/GitHub/OSC-Code/Tools/LGTM/codeql/javascript/tools/data/externs/web/w3c_requestidlecallback.js
[2020-05-13 17:01:08] [build] Done extracting /Users/alexoneill/Documents/GitHub/OSC-Code/Tools/LGTM/codeql/javascript/tools/data/externs/web/w3c_requestidlecallback.js (5 ms)
[2020-05-13 17:01:08] [build] Extracting /Users/alexoneill/Documents/GitHub/OSC-Code/Tools/LGTM/codeql/javascript/tools/data/externs/web/w3c_geolocation.js
[2020-05-13 17:01:08] [build] Done extracting /Users/alexoneill/Documents/GitHub/OSC-Code/Tools/LGTM/codeql/javascript/tools/data/externs/web/w3c_geolocation.js (7 ms)
[2020-05-13 17:01:08] [build] Extracting /Users/alexoneill/Documents/GitHub/OSC-Code/Tools/LGTM/codeql/javascript/tools/data/externs/web/webstorage.js
[2020-05-13 17:01:08] [build] Done extracting /Users/alexoneill/Documents/GitHub/OSC-Code/Tools/LGTM/codeql/javascript/tools/data/externs/web/webstorage.js (8 ms)
[2020-05-13 17:01:08] [build] Extracting /Users/alexoneill/Documents/GitHub/OSC-Code/Tools/LGTM/codeql/javascript/tools/data/externs/web/webkit_usercontent.js
[2020-05-13 17:01:08] [build] Done extracting /Users/alexoneill/Documents/GitHub/OSC-Code/Tools/LGTM/codeql/javascript/tools/data/externs/web/webkit_usercontent.js (3 ms)
[2020-05-13 17:01:08] [build] Extracting /Users/alexoneill/Documents/GitHub/OSC-Code/Tools/LGTM/codeql/javascript/tools/data/externs/web/window.js
[2020-05-13 17:01:08] [build] Done extracting /Users/alexoneill/Documents/GitHub/OSC-Code/Tools/LGTM/codeql/javascript/tools/data/externs/web/window.js (12 ms)
[2020-05-13 17:01:08] [build] Extracting /Users/alexoneill/Documents/GitHub/OSC-Code/Tools/LGTM/codeql/javascript/tools/data/externs/web/page_visibility.js
[2020-05-13 17:01:08] [build] Done extracting /Users/alexoneill/Documents/GitHub/OSC-Code/Tools/LGTM/codeql/javascript/tools/data/externs/web/page_visibility.js (2 ms)
[2020-05-13 17:01:08] [build] Extracting /Users/alexoneill/Documents/GitHub/OSC-Code/Tools/LGTM/codeql/javascript/tools/data/externs/web/webgl.js
[2020-05-13 17:01:08] [build] Done extracting /Users/alexoneill/Documents/GitHub/OSC-Code/Tools/LGTM/codeql/javascript/tools/data/externs/web/webgl.js (212 ms)
[2020-05-13 17:01:08] [build] Extracting /Users/alexoneill/Documents/GitHub/OSC-Code/Tools/LGTM/codeql/javascript/tools/data/externs/web/w3c_touch_event.js
[2020-05-13 17:01:08] [build] Done extracting /Users/alexoneill/Documents/GitHub/OSC-Code/Tools/LGTM/codeql/javascript/tools/data/externs/web/w3c_touch_event.js (11 ms)
[2020-05-13 17:01:08] [build] Extracting /Users/alexoneill/Documents/GitHub/OSC-Code/Tools/LGTM/codeql/javascript/tools/data/externs/web/w3c_event.js
[2020-05-13 17:01:08] [build] Done extracting /Users/alexoneill/Documents/GitHub/OSC-Code/Tools/LGTM/codeql/javascript/tools/data/externs/web/w3c_event.js (33 ms)
[2020-05-13 17:01:08] [build] Extracting /Users/alexoneill/Documents/GitHub/OSC-Code/Tools/LGTM/codeql/javascript/tools/data/externs/web/whatwg_encoding.js
[2020-05-13 17:01:08] [build] Done extracting /Users/alexoneill/Documents/GitHub/OSC-Code/Tools/LGTM/codeql/javascript/tools/data/externs/web/whatwg_encoding.js (3 ms)
[2020-05-13 17:01:08] [build] Extracting /Users/alexoneill/Documents/GitHub/OSC-Code/Tools/LGTM/codeql/javascript/tools/data/externs/web/w3c_event3.js
[2020-05-13 17:01:08] [build] Done extracting /Users/alexoneill/Documents/GitHub/OSC-Code/Tools/LGTM/codeql/javascript/tools/data/externs/web/w3c_event3.js (4 ms)
[2020-05-13 17:01:08] [build] Extracting /Users/alexoneill/Documents/GitHub/OSC-Code/Tools/LGTM/codeql/javascript/tools/data/externs/web/gecko_xml.js
[2020-05-13 17:01:08] [build] Done extracting /Users/alexoneill/Documents/GitHub/OSC-Code/Tools/LGTM/codeql/javascript/tools/data/externs/web/gecko_xml.js (3 ms)
[2020-05-13 17:01:08] [build] Extracting /Users/alexoneill/Documents/GitHub/OSC-Code/Tools/LGTM/codeql/javascript/tools/data/externs/web/ie_event.js
[2020-05-13 17:01:08] [build] Done extracting /Users/alexoneill/Documents/GitHub/OSC-Code/Tools/LGTM/codeql/javascript/tools/data/externs/web/ie_event.js (15 ms)
[2020-05-13 17:01:08] [build] Extracting /Users/alexoneill/Documents/GitHub/OSC-Code/Tools/LGTM/codeql/javascript/tools/data/externs/web/w3c_css.js
[2020-05-13 17:01:08] [build] Done extracting /Users/alexoneill/Documents/GitHub/OSC-Code/Tools/LGTM/codeql/javascript/tools/data/externs/web/w3c_css.js (111 ms)
[2020-05-13 17:01:08] [build] Extracting /Users/alexoneill/Documents/GitHub/OSC-Code/Tools/LGTM/codeql/javascript/tools/data/externs/web/ie_css.js
[2020-05-13 17:01:08] [build] Done extracting /Users/alexoneill/Documents/GitHub/OSC-Code/Tools/LGTM/codeql/javascript/tools/data/externs/web/ie_css.js (13 ms)
[2020-05-13 17:01:08] [build] Extracting /Users/alexoneill/Documents/GitHub/OSC-Code/Tools/LGTM/codeql/javascript/tools/data/externs/web/webkit_css.js
[2020-05-13 17:01:08] [build] Done extracting /Users/alexoneill/Documents/GitHub/OSC-Code/Tools/LGTM/codeql/javascript/tools/data/externs/web/webkit_css.js (89 ms)
[2020-05-13 17:01:08] [build] Extracting /Users/alexoneill/Documents/GitHub/OSC-Code/Tools/LGTM/codeql/javascript/tools/data/externs/web/w3c_xml.js
[2020-05-13 17:01:08] [build] Done extracting /Users/alexoneill/Documents/GitHub/OSC-Code/Tools/LGTM/codeql/javascript/tools/data/externs/web/w3c_xml.js (19 ms)
[2020-05-13 17:01:08] [build] Extracting /Users/alexoneill/Documents/GitHub/OSC-Code/Tools/LGTM/codeql/javascript/tools/data/externs/web/gecko_css.js
[2020-05-13 17:01:08] [build] Done extracting /Users/alexoneill/Documents/GitHub/OSC-Code/Tools/LGTM/codeql/javascript/tools/data/externs/web/gecko_css.js (15 ms)
[2020-05-13 17:01:08] [build] Extracting /Users/alexoneill/Documents/GitHub/OSC-Code/Tools/LGTM/codeql/javascript/tools/data/externs/web/iphone.js
[2020-05-13 17:01:08] [build] Done extracting /Users/alexoneill/Documents/GitHub/OSC-Code/Tools/LGTM/codeql/javascript/tools/data/externs/web/iphone.js (10 ms)
[2020-05-13 17:01:08] [build] Extracting /Users/alexoneill/Documents/GitHub/OSC-Code/Tools/LGTM/codeql/javascript/tools/data/externs/web/w3c_selectors.js
[2020-05-13 17:01:08] [build] Done extracting /Users/alexoneill/Documents/GitHub/OSC-Code/Tools/LGTM/codeql/javascript/tools/data/externs/web/w3c_selectors.js (5 ms)
[2020-05-13 17:01:08] [build] Extracting /Users/alexoneill/Documents/GitHub/OSC-Code/Tools/LGTM/codeql/javascript/tools/data/externs/web/chrome.js
[2020-05-13 17:01:08] [build] Done extracting /Users/alexoneill/Documents/GitHub/OSC-Code/Tools/LGTM/codeql/javascript/tools/data/externs/web/chrome.js (28 ms)
[2020-05-13 17:01:08] [build] Extracting /Users/alexoneill/Documents/GitHub/OSC-Code/Tools/LGTM/codeql/javascript/tools/data/externs/web/w3c_batterystatus.js
[2020-05-13 17:01:08] [build] Done extracting /Users/alexoneill/Documents/GitHub/OSC-Code/Tools/LGTM/codeql/javascript/tools/data/externs/web/w3c_batterystatus.js (3 ms)
[2020-05-13 17:01:08] [build] Extracting /Users/alexoneill/Documents/GitHub/OSC-Code/Tools/LGTM/codeql/javascript/tools/data/externs/web/webkit_notifications.js
[2020-05-13 17:01:08] [build] Done extracting /Users/alexoneill/Documents/GitHub/OSC-Code/Tools/LGTM/codeql/javascript/tools/data/externs/web/webkit_notifications.js (11 ms)
[2020-05-13 17:01:08] [build] Extracting /Users/alexoneill/Documents/GitHub/OSC-Code/Tools/LGTM/codeql/javascript/tools/data/externs/web/w3c_screen_orientation.js
[2020-05-13 17:01:08] [build] Done extracting /Users/alexoneill/Documents/GitHub/OSC-Code/Tools/LGTM/codeql/javascript/tools/data/externs/web/w3c_screen_orientation.js (3 ms)
[2020-05-13 17:01:08] [build] Extracting /Users/alexoneill/Documents/GitHub/OSC-Code/Tools/LGTM/codeql/javascript/tools/data/externs/web/w3c_midi.js
[2020-05-13 17:01:08] [build] Done extracting /Users/alexoneill/Documents/GitHub/OSC-Code/Tools/LGTM/codeql/javascript/tools/data/externs/web/w3c_midi.js (14 ms)
[2020-05-13 17:01:08] [build] Extracting /Users/alexoneill/Documents/GitHub/OSC-Code/Tools/LGTM/codeql/javascript/tools/data/externs/web/w3c_serviceworker.js
[2020-05-13 17:01:08] [build] Done extracting /Users/alexoneill/Documents/GitHub/OSC-Code/Tools/LGTM/codeql/javascript/tools/data/externs/web/w3c_serviceworker.js (30 ms)
[2020-05-13 17:01:08] [build] Extracting /Users/alexoneill/Documents/GitHub/OSC-Code/Tools/LGTM/codeql/javascript/tools/data/externs/web/w3c_device_sensor_event.js
[2020-05-13 17:01:08] [build] Done extracting /Users/alexoneill/Documents/GitHub/OSC-Code/Tools/LGTM/codeql/javascript/tools/data/externs/web/w3c_device_sensor_event.js (4 ms)
[2020-05-13 17:01:08] [build] Extracting /Users/alexoneill/Documents/GitHub/OSC-Code/Tools/LGTM/codeql/javascript/tools/data/externs/web/webkit_event.js
[2020-05-13 17:01:08] [build] Done extracting /Users/alexoneill/Documents/GitHub/OSC-Code/Tools/LGTM/codeql/javascript/tools/data/externs/web/webkit_event.js (2 ms)
[2020-05-13 17:01:08] [build] Extracting /Users/alexoneill/Documents/GitHub/OSC-Code/Tools/LGTM/codeql/javascript/tools/data/externs/web/w3c_permissions.js
[2020-05-13 17:01:08] [build] Done extracting /Users/alexoneill/Documents/GitHub/OSC-Code/Tools/LGTM/codeql/javascript/tools/data/externs/web/w3c_permissions.js (5 ms)
[2020-05-13 17:01:08] [build] Extracting /Users/alexoneill/Documents/GitHub/OSC-Code/Tools/LGTM/codeql/javascript/tools/data/externs/web/w3c_gamepad.js
[2020-05-13 17:01:08] [build] Done extracting /Users/alexoneill/Documents/GitHub/OSC-Code/Tools/LGTM/codeql/javascript/tools/data/externs/web/w3c_gamepad.js (4 ms)
[2020-05-13 17:01:08] [build] Extracting /Users/alexoneill/Documents/GitHub/OSC-Code/Tools/LGTM/codeql/javascript/tools/data/externs/web/w3c_dom1.js
[2020-05-13 17:01:08] [build] Done extracting /Users/alexoneill/Documents/GitHub/OSC-Code/Tools/LGTM/codeql/javascript/tools/data/externs/web/w3c_dom1.js (50 ms)
[2020-05-13 17:01:08] [build] Extracting /Users/alexoneill/Documents/GitHub/OSC-Code/Tools/LGTM/codeql/javascript/tools/data/externs/web/url.js
[2020-05-13 17:01:08] [build] Done extracting /Users/alexoneill/Documents/GitHub/OSC-Code/Tools/LGTM/codeql/javascript/tools/data/externs/web/url.js (13 ms)
[2020-05-13 17:01:08] [build] Extracting /Users/alexoneill/Documents/GitHub/OSC-Code/Tools/LGTM/codeql/javascript/tools/data/externs/web/gecko_event.js
[2020-05-13 17:01:08] [build] Done extracting /Users/alexoneill/Documents/GitHub/OSC-Code/Tools/LGTM/codeql/javascript/tools/data/externs/web/gecko_event.js (9 ms)
[2020-05-13 17:01:08] [build] Extracting /Users/alexoneill/Documents/GitHub/OSC-Code/Tools/LGTM/codeql/javascript/tools/data/externs/web/w3c_encoding.js
[2020-05-13 17:01:08] [build] Done extracting /Users/alexoneill/Documents/GitHub/OSC-Code/Tools/LGTM/codeql/javascript/tools/data/externs/web/w3c_encoding.js (4 ms)
[2020-05-13 17:01:08] [build] Extracting /Users/alexoneill/Documents/GitHub/OSC-Code/Tools/LGTM/codeql/javascript/tools/data/externs/web/flash.js
[2020-05-13 17:01:08] [build] Done extracting /Users/alexoneill/Documents/GitHub/OSC-Code/Tools/LGTM/codeql/javascript/tools/data/externs/web/flash.js (13 ms)
[2020-05-13 17:01:08] [build] Extracting /Users/alexoneill/Documents/GitHub/OSC-Code/Tools/LGTM/codeql/javascript/tools/data/externs/web/w3c_pointer_events.js
[2020-05-13 17:01:08] [build] Done extracting /Users/alexoneill/Documents/GitHub/OSC-Code/Tools/LGTM/codeql/javascript/tools/data/externs/web/w3c_pointer_events.js (5 ms)
[2020-05-13 17:01:08] [build] Extracting /Users/alexoneill/Documents/GitHub/OSC-Code/Tools/LGTM/codeql/javascript/tools/data/externs/web/gecko_ext.js
[2020-05-13 17:01:08] [build] Done extracting /Users/alexoneill/Documents/GitHub/OSC-Code/Tools/LGTM/codeql/javascript/tools/data/externs/web/gecko_ext.js (1 ms)
[2020-05-13 17:01:08] [build] Extracting /Users/alexoneill/Documents/GitHub/OSC-Code/Tools/LGTM/codeql/javascript/tools/data/externs/web/gecko_dom.js
[2020-05-13 17:01:08] [build] Done extracting /Users/alexoneill/Documents/GitHub/OSC-Code/Tools/LGTM/codeql/javascript/tools/data/externs/web/gecko_dom.js (40 ms)
[2020-05-13 17:01:08] [build] Extracting /Users/alexoneill/Documents/GitHub/OSC-Code/Tools/LGTM/codeql/javascript/tools/data/externs/web/webkit_dom.js
[2020-05-13 17:01:08] [build] Done extracting /Users/alexoneill/Documents/GitHub/OSC-Code/Tools/LGTM/codeql/javascript/tools/data/externs/web/webkit_dom.js (17 ms)
[2020-05-13 17:01:08] [build] Extracting /Users/alexoneill/Documents/GitHub/OSC-Code/Tools/LGTM/codeql/javascript/tools/data/externs/web/w3c_css3d.js
[2020-05-13 17:01:08] [build] Done extracting /Users/alexoneill/Documents/GitHub/OSC-Code/Tools/LGTM/codeql/javascript/tools/data/externs/web/w3c_css3d.js (8 ms)
[2020-05-13 17:01:08] [build] Extracting /Users/alexoneill/Documents/GitHub/OSC-Code/Tools/LGTM/codeql/javascript/tools/data/externs/web/w3c_dom4.js
[2020-05-13 17:01:08] [build] Done extracting /Users/alexoneill/Documents/GitHub/OSC-Code/Tools/LGTM/codeql/javascript/tools/data/externs/web/w3c_dom4.js (2 ms)
[2020-05-13 17:01:08] [build] Extracting /Users/alexoneill/Documents/GitHub/OSC-Code/Tools/LGTM/codeql/javascript/tools/data/externs/vm/rhino.js
[2020-05-13 17:01:08] [build] Done extracting /Users/alexoneill/Documents/GitHub/OSC-Code/Tools/LGTM/codeql/javascript/tools/data/externs/vm/rhino.js (5 ms)
[2020-05-13 17:01:08] [build] Extracting /Users/alexoneill/Documents/GitHub/OSC-Code/Tools/LGTM/codeql/javascript/tools/data/externs/vm/v8.js
[2020-05-13 17:01:08] [build] Done extracting /Users/alexoneill/Documents/GitHub/OSC-Code/Tools/LGTM/codeql/javascript/tools/data/externs/vm/v8.js (9 ms)
[2020-05-13 17:01:08] [build] Extracting /Users/alexoneill/Documents/GitHub/OSC-Code/Tools/LGTM/codeql/javascript/tools/data/externs/vm/spidermonkey.js
[2020-05-13 17:01:08] [build] Done extracting /Users/alexoneill/Documents/GitHub/OSC-Code/Tools/LGTM/codeql/javascript/tools/data/externs/vm/spidermonkey.js (1 ms)
[2020-05-13 17:01:08] [build] Extracting /Users/alexoneill/Documents/GitHub/OSC-Code/Tools/LGTM/codeql/javascript/tools/data/externs/vm/jsshell.js
[2020-05-13 17:01:09] [build] Done extracting /Users/alexoneill/Documents/GitHub/OSC-Code/Tools/LGTM/codeql/javascript/tools/data/externs/vm/jsshell.js (40 ms)
[2020-05-13 17:01:09] [build] Extracting /Users/alexoneill/Documents/GitHub/OSC-Code/Tools/LGTM/codeql/javascript/tools/data/externs/lib/jquery-3.2.js
[2020-05-13 17:01:09] [build] Done extracting /Users/alexoneill/Documents/GitHub/OSC-Code/Tools/LGTM/codeql/javascript/tools/data/externs/lib/jquery-3.2.js (153 ms)
[2020-05-13 17:01:09] [build] Extracting /Users/alexoneill/Documents/GitHub/OSC-Code/Tools/LGTM/codeql/javascript/tools/data/externs/lib/bdd.js
[2020-05-13 17:01:09] [build] Done extracting /Users/alexoneill/Documents/GitHub/OSC-Code/Tools/LGTM/codeql/javascript/tools/data/externs/lib/bdd.js (6 ms)
[2020-05-13 17:01:09] [build] Extracting /Users/alexoneill/Documents/GitHub/OSC-Code/Tools/LGTM/codeql/javascript/tools/data/externs/lib/should.js
[2020-05-13 17:01:09] [build] Done extracting /Users/alexoneill/Documents/GitHub/OSC-Code/Tools/LGTM/codeql/javascript/tools/data/externs/lib/should.js (16 ms)
[2020-05-13 17:01:09] [build] Extracting /Users/alexoneill/Documents/GitHub/OSC-Code/Tools/LGTM/codeql/javascript/tools/data/externs/lib/vows.js
[2020-05-13 17:01:09] [build] Done extracting /Users/alexoneill/Documents/GitHub/OSC-Code/Tools/LGTM/codeql/javascript/tools/data/externs/lib/vows.js (17 ms)
[2020-05-13 17:01:09] [build] Extracting /Users/alexoneill/Documents/GitHub/OSC-Code/Tools/LGTM/codeql/javascript/tools/data/externs/es/proxy.js
[2020-05-13 17:01:09] [build] Done extracting /Users/alexoneill/Documents/GitHub/OSC-Code/Tools/LGTM/codeql/javascript/tools/data/externs/es/proxy.js (2 ms)
[2020-05-13 17:01:09] [build] Extracting /Users/alexoneill/Documents/GitHub/OSC-Code/Tools/LGTM/codeql/javascript/tools/data/externs/es/es5.js
[2020-05-13 17:01:09] [build] Done extracting /Users/alexoneill/Documents/GitHub/OSC-Code/Tools/LGTM/codeql/javascript/tools/data/externs/es/es5.js (12 ms)
[2020-05-13 17:01:09] [build] Extracting /Users/alexoneill/Documents/GitHub/OSC-Code/Tools/LGTM/codeql/javascript/tools/data/externs/es/intl.js
[2020-05-13 17:01:09] [build] Done extracting /Users/alexoneill/Documents/GitHub/OSC-Code/Tools/LGTM/codeql/javascript/tools/data/externs/es/intl.js (12 ms)
[2020-05-13 17:01:09] [build] Extracting /Users/alexoneill/Documents/GitHub/OSC-Code/Tools/LGTM/codeql/javascript/tools/data/externs/es/es6_collections.js
[2020-05-13 17:01:09] [build] Done extracting /Users/alexoneill/Documents/GitHub/OSC-Code/Tools/LGTM/codeql/javascript/tools/data/externs/es/es6_collections.js (10 ms)
[2020-05-13 17:01:09] [build] Extracting /Users/alexoneill/Documents/GitHub/OSC-Code/Tools/LGTM/codeql/javascript/tools/data/externs/es/es6.js
[2020-05-13 17:01:09] [build] Done extracting /Users/alexoneill/Documents/GitHub/OSC-Code/Tools/LGTM/codeql/javascript/tools/data/externs/es/es6.js (77 ms)
[2020-05-13 17:01:09] [build] Extracting /Users/alexoneill/Documents/GitHub/OSC-Code/Tools/LGTM/codeql/javascript/tools/data/externs/es/es2017.js
[2020-05-13 17:01:09] [build] Done extracting /Users/alexoneill/Documents/GitHub/OSC-Code/Tools/LGTM/codeql/javascript/tools/data/externs/es/es2017.js (3 ms)
[2020-05-13 17:01:09] [build] Extracting /Users/alexoneill/Documents/GitHub/OSC-Code/Tools/LGTM/codeql/javascript/tools/data/externs/es/es3.js
[2020-05-13 17:01:09] [build] Done extracting /Users/alexoneill/Documents/GitHub/OSC-Code/Tools/LGTM/codeql/javascript/tools/data/externs/es/es3.js (126 ms)
[2020-05-13 17:01:09] [build] Extracting /Users/alexoneill/Documents/GitHub/OSC-Code/Tools/LGTM/codeql/javascript/tools/data/externs/es/es2016.js
[2020-05-13 17:01:09] [build] Done extracting /Users/alexoneill/Documents/GitHub/OSC-Code/Tools/LGTM/codeql/javascript/tools/data/externs/es/es2016.js (1 ms)
[2020-05-13 17:01:09] Plumbing command codeql database trace-command completed.
[2020-05-13 17:01:09] [PROGRESS] database create> Finalizing database at /Users/alexoneill/Documents/GitHub/OSC-Code/Tools/LGTM/DB_Storage/mocha-6-2-0DB.
[2020-05-13 17:01:09] Running plumbing command: codeql database finalize --mode=normal -- /Users/alexoneill/Documents/GitHub/OSC-Code/Tools/LGTM/DB_Storage/mocha-6-2-0DB
[2020-05-13 17:01:09] [PROGRESS] database finalize> Running TRAP import for CodeQL database at /Users/alexoneill/Documents/GitHub/OSC-Code/Tools/LGTM/DB_Storage/mocha-6-2-0DB...
[2020-05-13 17:01:09] Running plumbing command: codeql dataset import --dbscheme=/Users/alexoneill/Documents/GitHub/OSC-Code/Tools/LGTM/codeql/javascript/semmlecode.javascript.dbscheme -- /Users/alexoneill/Documents/GitHub/OSC-Code/Tools/LGTM/DB_Storage/mocha-6-2-0DB/db-javascript /Users/alexoneill/Documents/GitHub/OSC-Code/Tools/LGTM/DB_Storage/mocha-6-2-0DB/trap/javascript
[2020-05-13 17:01:09] Clearing disk cache since the version file /Users/alexoneill/Documents/GitHub/OSC-Code/Tools/LGTM/DB_Storage/mocha-6-2-0DB/db-javascript/default/cache/version does not exist
[2020-05-13 17:01:09] Tuple pool not found. Clearing relations with cached strings
[2020-05-13 17:01:09] Trimming disk cache at /Users/alexoneill/Documents/GitHub/OSC-Code/Tools/LGTM/DB_Storage/mocha-6-2-0DB/db-javascript/default/cache in mode brutal.
[2020-05-13 17:01:09] Sequence stamp origin is -6727449212329754550
[2020-05-13 17:01:09] Stopped the world to hard-clear memory at sequence stamp o+0
[2020-05-13 17:01:09] Starting the world again
[2020-05-13 17:01:09] Stopped the world to quickly trim disk at sequence stamp o+1
[2020-05-13 17:01:09] Starting the world again
[2020-05-13 17:01:09] Stopped the world to zealously trim disk at sequence stamp o+2
[2020-05-13 17:01:09] Starting the world again
[2020-05-13 17:01:09] Trimming completed (13ms): Purged everything.
[2020-05-13 17:01:09] Scanning for files in /Users/alexoneill/Documents/GitHub/OSC-Code/Tools/LGTM/DB_Storage/mocha-6-2-0DB/trap/javascript
[2020-05-13 17:01:10] Importing es2016.js.trap.gz (1 of 167)
[2020-05-13 17:01:10] Importing es2017.js.trap.gz (2 of 167)
[2020-05-13 17:01:10] Importing es3.js.trap.gz (3 of 167)
[2020-05-13 17:01:10] Importing es5.js.trap.gz (4 of 167)
[2020-05-13 17:01:10] Importing es6.js.trap.gz (5 of 167)
[2020-05-13 17:01:10] Importing es6_collections.js.trap.gz (6 of 167)
[2020-05-13 17:01:10] Importing intl.js.trap.gz (7 of 167)
[2020-05-13 17:01:10] Importing proxy.js.trap.gz (8 of 167)
[2020-05-13 17:01:10] Importing bdd.js.trap.gz (9 of 167)
[2020-05-13 17:01:10] Importing jquery-3.2.js.trap.gz (10 of 167)
[2020-05-13 17:01:10] Importing should.js.trap.gz (11 of 167)
[2020-05-13 17:01:10] Importing vows.js.trap.gz (12 of 167)
[2020-05-13 17:01:10] Importing assert.js.trap.gz (13 of 167)
[2020-05-13 17:01:10] Importing assert_legacy.js.trap.gz (14 of 167)
[2020-05-13 17:01:10] Importing buffer.js.trap.gz (15 of 167)
[2020-05-13 17:01:10] Importing child_process.js.trap.gz (16 of 167)
[2020-05-13 17:01:10] Importing cluster.js.trap.gz (17 of 167)
[2020-05-13 17:01:10] Importing console.js.trap.gz (18 of 167)
[2020-05-13 17:01:10] Importing constants.js.trap.gz (19 of 167)
[2020-05-13 17:01:10] Importing crypto.js.trap.gz (20 of 167)
[2020-05-13 17:01:11] Importing dgram.js.trap.gz (21 of 167)
[2020-05-13 17:01:11] Importing dns.js.trap.gz (22 of 167)
[2020-05-13 17:01:11] Importing domain.js.trap.gz (23 of 167)
[2020-05-13 17:01:11] Importing events.js.trap.gz (24 of 167)
[2020-05-13 17:01:11] Importing fs.js.trap.gz (25 of 167)
[2020-05-13 17:01:11] Importing globals.js.trap.gz (26 of 167)
[2020-05-13 17:01:11] Importing http.js.trap.gz (27 of 167)
[2020-05-13 17:01:11] Importing https.js.trap.gz (28 of 167)
[2020-05-13 17:01:11] Importing module.js.trap.gz (29 of 167)
[2020-05-13 17:01:11] Importing net.js.trap.gz (30 of 167)
[2020-05-13 17:01:11] Importing os.js.trap.gz (31 of 167)
[2020-05-13 17:01:11] Importing path.js.trap.gz (32 of 167)
[2020-05-13 17:01:11] Importing process.js.trap.gz (33 of 167)
[2020-05-13 17:01:11] Importing punycode.js.trap.gz (34 of 167)
[2020-05-13 17:01:11] Importing querystring.js.trap.gz (35 of 167)
[2020-05-13 17:01:11] Importing readline.js.trap.gz (36 of 167)
[2020-05-13 17:01:11] Importing repl.js.trap.gz (37 of 167)
[2020-05-13 17:01:11] Importing stream.js.trap.gz (38 of 167)
[2020-05-13 17:01:11] Importing string_decoder.js.trap.gz (39 of 167)
[2020-05-13 17:01:11] Importing sys.js.trap.gz (40 of 167)
[2020-05-13 17:01:11] Importing timers.js.trap.gz (41 of 167)
[2020-05-13 17:01:11] Importing tls.js.trap.gz (42 of 167)
[2020-05-13 17:01:11] Importing tty.js.trap.gz (43 of 167)
[2020-05-13 17:01:11] Importing url.js.trap.gz (44 of 167)
[2020-05-13 17:01:11] Importing util.js.trap.gz (45 of 167)
[2020-05-13 17:01:11] Importing v8.js.trap.gz (46 of 167)
[2020-05-13 17:01:11] Importing vm.js.trap.gz (47 of 167)
[2020-05-13 17:01:11] Importing zlib.js.trap.gz (48 of 167)
[2020-05-13 17:01:11] Importing jsshell.js.trap.gz (49 of 167)
[2020-05-13 17:01:11] Importing rhino.js.trap.gz (50 of 167)
[2020-05-13 17:01:11] Importing spidermonkey.js.trap.gz (51 of 167)
[2020-05-13 17:01:11] Importing v8.js.trap.gz (52 of 167)
[2020-05-13 17:01:11] Importing chrome.js.trap.gz (53 of 167)
[2020-05-13 17:01:11] Importing fetchapi.js.trap.gz (54 of 167)
[2020-05-13 17:01:11] Importing fileapi.js.trap.gz (55 of 167)
[2020-05-13 17:01:11] Importing flash.js.trap.gz (56 of 167)
[2020-05-13 17:01:11] Importing gecko_css.js.trap.gz (57 of 167)
[2020-05-13 17:01:11] Importing gecko_dom.js.trap.gz (58 of 167)
[2020-05-13 17:01:11] Importing gecko_event.js.trap.gz (59 of 167)
[2020-05-13 17:01:11] Importing gecko_ext.js.trap.gz (60 of 167)
[2020-05-13 17:01:11] Importing gecko_xml.js.trap.gz (61 of 167)
[2020-05-13 17:01:11] Importing html5.js.trap.gz (62 of 167)
[2020-05-13 17:01:12] Importing ie_css.js.trap.gz (63 of 167)
[2020-05-13 17:01:12] Importing ie_dom.js.trap.gz (64 of 167)
[2020-05-13 17:01:12] Importing ie_event.js.trap.gz (65 of 167)
[2020-05-13 17:01:12] Importing ie_vml.js.trap.gz (66 of 167)
[2020-05-13 17:01:12] Importing intl.js.trap.gz (67 of 167)
[2020-05-13 17:01:12] Importing iphone.js.trap.gz (68 of 167)
[2020-05-13 17:01:12] Importing mediasource.js.trap.gz (69 of 167)
[2020-05-13 17:01:12] Importing page_visibility.js.trap.gz (70 of 167)
[2020-05-13 17:01:12] Importing streamsapi.js.trap.gz (71 of 167)
[2020-05-13 17:01:12] Importing url.js.trap.gz (72 of 167)
[2020-05-13 17:01:12] Importing w3c_anim_timing.js.trap.gz (73 of 167)
[2020-05-13 17:01:12] Importing w3c_batterystatus.js.trap.gz (74 of 167)
[2020-05-13 17:01:12] Importing w3c_css.js.trap.gz (75 of 167)
[2020-05-13 17:01:12] Importing w3c_css3d.js.trap.gz (76 of 167)
[2020-05-13 17:01:12] Importing w3c_device_sensor_event.js.trap.gz (77 of 167)
[2020-05-13 17:01:12] Importing w3c_dom1.js.trap.gz (78 of 167)
[2020-05-13 17:01:12] Importing w3c_dom2.js.trap.gz (79 of 167)
[2020-05-13 17:01:12] Importing w3c_dom3.js.trap.gz (80 of 167)
[2020-05-13 17:01:12] Importing w3c_dom4.js.trap.gz (81 of 167)
[2020-05-13 17:01:12] Importing w3c_elementtraversal.js.trap.gz (82 of 167)
[2020-05-13 17:01:12] Importing w3c_encoding.js.trap.gz (83 of 167)
[2020-05-13 17:01:12] Importing w3c_event.js.trap.gz (84 of 167)
[2020-05-13 17:01:12] Importing w3c_event3.js.trap.gz (85 of 167)
[2020-05-13 17:01:12] Importing w3c_gamepad.js.trap.gz (86 of 167)
[2020-05-13 17:01:12] Importing w3c_geolocation.js.trap.gz (87 of 167)
[2020-05-13 17:01:12] Importing w3c_indexeddb.js.trap.gz (88 of 167)
[2020-05-13 17:01:12] Importing w3c_midi.js.trap.gz (89 of 167)
[2020-05-13 17:01:12] Importing w3c_navigation_timing.js.trap.gz (90 of 167)
[2020-05-13 17:01:12] Importing w3c_permissions.js.trap.gz (91 of 167)
[2020-05-13 17:01:12] Importing w3c_pointer_events.js.trap.gz (92 of 167)
[2020-05-13 17:01:12] Importing w3c_range.js.trap.gz (93 of 167)
[2020-05-13 17:01:12] Importing w3c_requestidlecallback.js.trap.gz (94 of 167)
[2020-05-13 17:01:12] Importing w3c_rtc.js.trap.gz (95 of 167)
[2020-05-13 17:01:12] Importing w3c_screen_orientation.js.trap.gz (96 of 167)
[2020-05-13 17:01:12] Importing w3c_selectors.js.trap.gz (97 of 167)
[2020-05-13 17:01:12] Importing w3c_serviceworker.js.trap.gz (98 of 167)
[2020-05-13 17:01:12] Importing w3c_touch_event.js.trap.gz (99 of 167)
[2020-05-13 17:01:12] Importing w3c_webcrypto.js.trap.gz (100 of 167)
[2020-05-13 17:01:12] Importing w3c_xml.js.trap.gz (101 of 167)
[2020-05-13 17:01:12] Importing webgl.js.trap.gz (102 of 167)
[2020-05-13 17:01:12] Importing webkit_css.js.trap.gz (103 of 167)
[2020-05-13 17:01:12] Importing webkit_dom.js.trap.gz (104 of 167)
[2020-05-13 17:01:12] Importing webkit_event.js.trap.gz (105 of 167)
[2020-05-13 17:01:12] Importing webkit_notifications.js.trap.gz (106 of 167)
[2020-05-13 17:01:12] Importing webkit_usercontent.js.trap.gz (107 of 167)
[2020-05-13 17:01:12] Importing webstorage.js.trap.gz (108 of 167)
[2020-05-13 17:01:12] Importing whatwg_encoding.js.trap.gz (109 of 167)
[2020-05-13 17:01:12] Importing window.js.trap.gz (110 of 167)
[2020-05-13 17:01:12] Importing options.js.trap.gz (111 of 167)
[2020-05-13 17:01:12] Importing browser-entry.js.trap.gz (112 of 167)
[2020-05-13 17:01:12] Importing index.js.trap.gz (113 of 167)
[2020-05-13 17:01:12] Importing growl.js.trap.gz (114 of 167)
[2020-05-13 17:01:12] Importing progress.js.trap.gz (115 of 167)
[2020-05-13 17:01:12] Importing template.html.trap.gz (116 of 167)
[2020-05-13 17:01:12] Importing tty.js.trap.gz (117 of 167)
[2020-05-13 17:01:12] Importing cli.js.trap.gz (118 of 167)
[2020-05-13 17:01:12] Importing collect-files.js.trap.gz (119 of 167)
[2020-05-13 17:01:12] Importing commands.js.trap.gz (120 of 167)
[2020-05-13 17:01:12] Importing config.js.trap.gz (121 of 167)
[2020-05-13 17:01:12] Importing index.js.trap.gz (122 of 167)
[2020-05-13 17:01:12] Importing init.js.trap.gz (123 of 167)
[2020-05-13 17:01:12] Importing node-flags.js.trap.gz (124 of 167)
[2020-05-13 17:01:12] Importing one-and-dones.js.trap.gz (125 of 167)
[2020-05-13 17:01:12] Importing options.js.trap.gz (126 of 167)
[2020-05-13 17:01:12] Importing run-helpers.js.trap.gz (127 of 167)
[2020-05-13 17:01:12] Importing run-option-metadata.js.trap.gz (128 of 167)
[2020-05-13 17:01:12] Importing run.js.trap.gz (129 of 167)
[2020-05-13 17:01:12] Importing watch-run.js.trap.gz (130 of 167)
[2020-05-13 17:01:12] Importing context.js.trap.gz (131 of 167)
[2020-05-13 17:01:12] Importing errors.js.trap.gz (132 of 167)
[2020-05-13 17:01:12] Importing growl.js.trap.gz (133 of 167)
[2020-05-13 17:01:12] Importing hook.js.trap.gz (134 of 167)
[2020-05-13 17:01:12] Importing bdd.js.trap.gz (135 of 167)
[2020-05-13 17:01:12] Importing common.js.trap.gz (136 of 167)
[2020-05-13 17:01:13] Importing exports.js.trap.gz (137 of 167)
[2020-05-13 17:01:13] Importing index.js.trap.gz (138 of 167)
[2020-05-13 17:01:13] Importing qunit.js.trap.gz (139 of 167)
[2020-05-13 17:01:13] Importing tdd.js.trap.gz (140 of 167)
[2020-05-13 17:01:13] Importing mocha.js.trap.gz (141 of 167)
[2020-05-13 17:01:13] Importing pending.js.trap.gz (142 of 167)
[2020-05-13 17:01:13] Importing base.js.trap.gz (143 of 167)
[2020-05-13 17:01:13] Importing doc.js.trap.gz (144 of 167)
[2020-05-13 17:01:13] Importing dot.js.trap.gz (145 of 167)
[2020-05-13 17:01:13] Importing html.js.trap.gz (146 of 167)
[2020-05-13 17:01:13] Importing index.js.trap.gz (147 of 167)
[2020-05-13 17:01:13] Importing json-stream.js.trap.gz (148 of 167)
[2020-05-13 17:01:13] Importing json.js.trap.gz (149 of 167)
[2020-05-13 17:01:13] Importing landing.js.trap.gz (150 of 167)
[2020-05-13 17:01:13] Importing list.js.trap.gz (151 of 167)
[2020-05-13 17:01:13] Importing markdown.js.trap.gz (152 of 167)
[2020-05-13 17:01:13] Importing min.js.trap.gz (153 of 167)
[2020-05-13 17:01:13] Importing nyan.js.trap.gz (154 of 167)
[2020-05-13 17:01:13] Importing progress.js.trap.gz (155 of 167)
[2020-05-13 17:01:13] Importing spec.js.trap.gz (156 of 167)
[2020-05-13 17:01:13] Importing tap.js.trap.gz (157 of 167)
[2020-05-13 17:01:13] Importing xunit.js.trap.gz (158 of 167)
[2020-05-13 17:01:13] Importing runnable.js.trap.gz (159 of 167)
[2020-05-13 17:01:13] Importing runner.js.trap.gz (160 of 167)
[2020-05-13 17:01:13] Importing stats-collector.js.trap.gz (161 of 167)
[2020-05-13 17:01:13] Importing suite.js.trap.gz (162 of 167)
[2020-05-13 17:01:13] Importing test.js.trap.gz (163 of 167)
[2020-05-13 17:01:13] Importing utils.js.trap.gz (164 of 167)
[2020-05-13 17:01:13] Importing mocha.js.trap.gz (165 of 167)
[2020-05-13 17:01:15] Importing package.json.trap.gz (166 of 167)
[2020-05-13 17:01:15] Importing sourceLocationPrefix.trap.gz (167 of 167)
[2020-05-13 17:01:15] Merging 1 fragments for files.
[2020-05-13 17:01:15] Merging 1 fragments for folders.
[2020-05-13 17:01:15] Merging 1 fragments for containerparent.
[2020-05-13 17:01:15] Merging 5 fragments for locations_default.
[2020-05-13 17:01:15] Merging 5 fragments for hasLocation.
[2020-05-13 17:01:16] Merging 1 fragments for extraction_data.
[2020-05-13 17:01:16] Merging 1 fragments for scopes.
[2020-05-13 17:01:16] Merging 1 fragments for comments.
[2020-05-13 17:01:16] Merging 1 fragments for indentation.
[2020-05-13 17:01:16] Merging 1 fragments for numlines.
[2020-05-13 17:01:16] Merging 3 fragments for tokeninfo.
[2020-05-13 17:01:16] Merging 1 fragments for next_token.
[2020-05-13 17:01:16] Merging 1 fragments for jsdoc.
[2020-05-13 17:01:16] Merging 1 fragments for jsdoc_tags.
[2020-05-13 17:01:16] Merging 1 fragments for jsdoc_tag_descriptions.
[2020-05-13 17:01:16] Merging 1 fragments for jsdoc_tag_names.
[2020-05-13 17:01:16] Merging 1 fragments for jsdoc_type_exprs.
[2020-05-13 17:01:16] Merging 1 fragments for toplevels.
[2020-05-13 17:01:16] Merging 1 fragments for stmts.
[2020-05-13 17:01:16] Merging 1 fragments for stmtContainers.
[2020-05-13 17:01:16] Merging 2 fragments for exprs.
[2020-05-13 17:01:16] Merging 2 fragments for enclosingStmt.
[2020-05-13 17:01:16] Merging 2 fragments for exprContainers.
[2020-05-13 17:01:16] Merging 1 fragments for literals.
[2020-05-13 17:01:16] Merging 1 fragments for variables.
[2020-05-13 17:01:16] Merging 1 fragments for bind.
[2020-05-13 17:01:16] Merging 1 fragments for scopenodes.
[2020-05-13 17:01:16] Merging 1 fragments for scopenesting.
[2020-05-13 17:01:16] Merging 1 fragments for decl.
[2020-05-13 17:01:16] Merging 1 fragments for isArgumentsObject.
[2020-05-13 17:01:16] Merging 1 fragments for entry_cfg_node.
[2020-05-13 17:01:16] Merging 1 fragments for exit_cfg_node.
[2020-05-13 17:01:16] Merging 2 fragments for successor.
[2020-05-13 17:01:16] Merging 1 fragments for isExterns.
[2020-05-13 17:01:16] Merging 1 fragments for filetype.
[2020-05-13 17:01:16] Merging 1 fragments for extraction_time.
[2020-05-13 17:01:16] Merging 1 fragments for jsdoc_prefix_qualifier.
[2020-05-13 17:01:16] Merging 1 fragments for jsdoc_errors.
[2020-05-13 17:01:16] Merging 1 fragments for jsdoc_record_field_name.
[2020-05-13 17:01:16] Merging 1 fragments for jsdoc_has_new_parameter.
[2020-05-13 17:01:16] Merging 1 fragments for properties.
[2020-05-13 17:01:16] Merging 1 fragments for regexpterm.
[2020-05-13 17:01:16] Merging 1 fragments for regexpConstValue.
[2020-05-13 17:01:16] Merging 1 fragments for guard_node.
[2020-05-13 17:01:16] Merging 1 fragments for isModule.
[2020-05-13 17:01:16] Merging 1 fragments for isNodejs.
[2020-05-13 17:01:16] Merging 1 fragments for arraySize.
[2020-05-13 17:01:16] Merging 1 fragments for xmlElements.
[2020-05-13 17:01:16] Merging 1 fragments for xmllocations.
[2020-05-13 17:01:16] Merging 1 fragments for xmlAttrs.
[2020-05-13 17:01:16] Merging 1 fragments for isCapture.
[2020-05-13 17:01:16] Merging 1 fragments for isGreedy.
[2020-05-13 17:01:16] Merging 1 fragments for isComputed.
[2020-05-13 17:01:16] Merging 1 fragments for hasRestParameter.
[2020-05-13 17:01:16] Merging 1 fragments for charClassEscape.
[2020-05-13 17:01:16] Merging 1 fragments for jumpTargets.
[2020-05-13 17:01:16] Merging 1 fragments for isInverted.
[2020-05-13 17:01:16] Merging 1 fragments for regexpParseErrors.
[2020-05-13 17:01:16] Merging 1 fragments for rangeQuantifierLowerBound.
[2020-05-13 17:01:16] Merging 1 fragments for rangeQuantifierUpperBound.
[2020-05-13 17:01:16] Merging 1 fragments for json.
[2020-05-13 17:01:16] Merging 1 fragments for json_locations.
[2020-05-13 17:01:16] Merging 1 fragments for json_literals.
[2020-05-13 17:01:16] Merging 1 fragments for json_properties.
[2020-05-13 17:01:16] Merging 1 fragments for sourceLocationPrefix.
[2020-05-13 17:01:16] Saving string and id pools to disk.
[2020-05-13 17:01:16] Finished importing trap files.
[2020-05-13 17:01:16] Stopped the world to close the cache at sequence stamp o+3
[2020-05-13 17:01:16] The disk cache is freshly trimmed; leave it be.
[2020-05-13 17:01:16] Starting the world again
[2020-05-13 17:01:16] Plumbing command codeql dataset import completed.
[2020-05-13 17:01:16] [PROGRESS] database finalize> TRAP import complete (7.5s).
[2020-05-13 17:01:16] Running plumbing command: codeql database cleanup --mode=normal -- /Users/alexoneill/Documents/GitHub/OSC-Code/Tools/LGTM/DB_Storage/mocha-6-2-0DB
[2020-05-13 17:01:17] [PROGRESS] database cleanup> Cleaning up existing TRAP files after import...
[2020-05-13 17:01:17] [PROGRESS] database cleanup> TRAP files cleaned up (36ms).
[2020-05-13 17:01:17] Running plumbing command: codeql dataset cleanup --mode=normal -- /Users/alexoneill/Documents/GitHub/OSC-Code/Tools/LGTM/DB_Storage/mocha-6-2-0DB/db-javascript
[2020-05-13 17:01:17] [PROGRESS] dataset cleanup> Cleaning up dataset in /Users/alexoneill/Documents/GitHub/OSC-Code/Tools/LGTM/DB_Storage/mocha-6-2-0DB/db-javascript.
[2020-05-13 17:01:17] Trimming disk cache at /Users/alexoneill/Documents/GitHub/OSC-Code/Tools/LGTM/DB_Storage/mocha-6-2-0DB/db-javascript/default/cache in mode normal.
[2020-05-13 17:01:17] Sequence stamp origin is -6727449179768735601
[2020-05-13 17:01:17] Stopped the world to zealously trim disk at sequence stamp o+0
[2020-05-13 17:01:17] Starting the world again
[2020-05-13 17:01:17] Trimming completed (2ms): Trimmed disposable data from cache.
[2020-05-13 17:01:17] Stopped the world to close the cache at sequence stamp o+1
[2020-05-13 17:01:17] The disk cache is freshly trimmed; leave it be.
[2020-05-13 17:01:17] Starting the world again
[2020-05-13 17:01:17] [PROGRESS] dataset cleanup> Trimmed disposable data from cache.
[2020-05-13 17:01:17] Plumbing command codeql dataset cleanup completed.
[2020-05-13 17:01:17] Plumbing command codeql database cleanup completed with status 0.
[2020-05-13 17:01:17] Plumbing command codeql database finalize completed with status 0.
[2020-05-13 17:01:17] [PROGRESS] database create> Successfully created database at /Users/alexoneill/Documents/GitHub/OSC-Code/Tools/LGTM/DB_Storage/mocha-6-2-0DB.
[2020-05-13 17:01:17] Terminating normally.
