[2020-05-13 17:01:19] This is codeql database analyze /Users/alexoneill/Documents/GitHub/OSC-Code/Tools/LGTM/DB_Storage/mocha-6-2-0DB /Users/alexoneill/Documents/GitHub/OSC-Code/Tools/LGTM/OSC_CodeQueries/customCodeInjection2.ql --format=csv --output=/Users/alexoneill/Documents/GitHub/OSC-Code/Tools/LGTM/Query_Results/mocha-6-2-0DB_customCodeInjection2.csv
[2020-05-13 17:01:19] Log file was started late.
[2020-05-13 17:01:19] [PROGRESS] database analyze> Running queries.
[2020-05-13 17:01:19] Running plumbing command: codeql database run-queries --ml-model-path= --native-library-path= --warnings=show --no-rerun -- /Users/alexoneill/Documents/GitHub/OSC-Code/Tools/LGTM/DB_Storage/mocha-6-2-0DB /Users/alexoneill/Documents/GitHub/OSC-Code/Tools/LGTM/OSC_CodeQueries/customCodeInjection2.ql
[2020-05-13 17:01:19] Calling plumbing command: codeql resolve ram --format=json
[2020-05-13 17:01:19] Plumbing command codeql resolve ram completed:
                      [
                        "-J-Xmx1024M",
                        "--off-heap-ram=1024"
                      ]
[2020-05-13 17:01:19] Spawning plumbing command: execute queries -J-Xmx1024M --off-heap-ram=1024 --verbosity=progress --logdir=/Users/alexoneill/Documents/GitHub/OSC-Code/Tools/LGTM/DB_Storage/mocha-6-2-0DB/log --ml-model-path=/Users/alexoneill/Documents/GitHub/OSC-Code/Tools/LGTM --native-library-path=/Users/alexoneill/Documents/GitHub/OSC-Code/Tools/LGTM --warnings=show --no-rerun --output=/Users/alexoneill/Documents/GitHub/OSC-Code/Tools/LGTM/DB_Storage/mocha-6-2-0DB/results -- /Users/alexoneill/Documents/GitHub/OSC-Code/Tools/LGTM/DB_Storage/mocha-6-2-0DB/db-javascript /Users/alexoneill/Documents/GitHub/OSC-Code/Tools/LGTM/OSC_CodeQueries/customCodeInjection2.ql
[2020-05-13 17:01:22] Plumbing command codeql execute queries terminated with status 0.
[2020-05-13 17:01:22] Plumbing command codeql database run-queries completed with status 0.
[2020-05-13 17:01:22] [PROGRESS] database analyze> Interpreting results.
[2020-05-13 17:01:22] Running plumbing command: codeql database interpret-results --format=csv -o=/Users/alexoneill/Documents/GitHub/OSC-Code/Tools/LGTM/Query_Results/mocha-6-2-0DB_customCodeInjection2.csv --max-paths=4 --csv-location-format=line-column -- /Users/alexoneill/Documents/GitHub/OSC-Code/Tools/LGTM/DB_Storage/mocha-6-2-0DB /Users/alexoneill/Documents/GitHub/OSC-Code/Tools/LGTM/OSC_CodeQueries/customCodeInjection2.ql
[2020-05-13 17:01:22] Calling plumbing command: codeql resolve queries --format=json -- /Users/alexoneill/Documents/GitHub/OSC-Code/Tools/LGTM/OSC_CodeQueries/customCodeInjection2.ql
[2020-05-13 17:01:22] Plumbing command codeql resolve queries completed:
                      [
                        "/Users/alexoneill/Documents/GitHub/OSC-Code/Tools/LGTM/OSC_CodeQueries/customCodeInjection2.ql"
                      ]
[2020-05-13 17:01:22] Calling plumbing command: codeql resolve library-path --query=/Users/alexoneill/Documents/GitHub/OSC-Code/Tools/LGTM/OSC_CodeQueries/customCodeInjection2.ql --full-library-path=none --dbscheme=none --format=json
[2020-05-13 17:01:22] [DETAILS] resolve library-path> Resolving query at normalized path /Users/alexoneill/Documents/GitHub/OSC-Code/Tools/LGTM/OSC_CodeQueries/customCodeInjection2.ql.
[2020-05-13 17:01:22] [DETAILS] resolve library-path> Found enclosing pack 'OSC-codeql-javascript' at /Users/alexoneill/Documents/GitHub/OSC-Code/Tools/LGTM/OSC_CodeQueries.
[2020-05-13 17:01:22] [DETAILS] resolve library-path> Adding compilation cache at /Users/alexoneill/Documents/GitHub/OSC-Code/Tools/LGTM/OSC_CodeQueries/.cache.
[2020-05-13 17:01:22] [DETAILS] resolve library-path> Dbscheme was explicitly overridden as /Users/alexoneill/Documents/GitHub/OSC-Code/Tools/LGTM/none
[2020-05-13 17:01:22] [DETAILS] resolve library-path> Library path was overridden on command line.
[2020-05-13 17:01:22] Plumbing command codeql resolve library-path completed:
                      {
                        "libraryPath" : [
                          "/Users/alexoneill/Documents/GitHub/OSC-Code/Tools/LGTM/none"
                        ],
                        "dbscheme" : "/Users/alexoneill/Documents/GitHub/OSC-Code/Tools/LGTM/none",
                        "compilationCache" : [
                          "/Users/alexoneill/Documents/GitHub/OSC-Code/Tools/LGTM/OSC_CodeQueries/.cache"
                        ],
                        "relativeName" : "OSC-codeql-javascript/customCodeInjection2.ql"
                      }
[2020-05-13 17:01:22] Plumbing command codeql database interpret-results completed.
[2020-05-13 17:01:22] Exiting with code 0
