[2020-05-14 16:38:34] This is codeql database upgrade /Users/alexoneill/Documents/GitHub/OSC-Code/Tools/LGTM/DB_Storage/ecc-jsbn-0-2-0DB
[2020-05-14 16:38:34] Log file was started late.
[2020-05-14 16:38:34] Running plumbing command: codeql dataset upgrade --ml-model-path= --native-library-path= -- /Users/alexoneill/Documents/GitHub/OSC-Code/Tools/LGTM/DB_Storage/ecc-jsbn-0-2-0DB/db-javascript
[2020-05-14 16:38:34] Calling plumbing command: codeql resolve upgrades --dbscheme=/Users/alexoneill/Documents/GitHub/OSC-Code/Tools/LGTM/DB_Storage/ecc-jsbn-0-2-0DB/db-javascript/semmlecode.javascript.dbscheme --format=json
[2020-05-14 16:38:34] [DETAILS] resolve upgrades> Searching for upgrades that apply to 03c078a7e6eec294f1457b3d20f9fec4427cb4af.
[2020-05-14 16:38:34] [DETAILS] resolve upgrades> Scanning for qlpack.yml from /Users/alexoneill/Documents/GitHub/OSC-Code/Tools/LGTM/codeql/.codeqlmanifest.json
[2020-05-14 16:38:34] [DETAILS] resolve upgrades> Scanning for qlpack.yml from /Users/alexoneill/Documents/GitHub/OSC-Code/Tools/LGTM/
[2020-05-14 16:38:34] [SPAMMIER] resolve upgrades> Recursing into /Users/alexoneill/Documents/GitHub/OSC-Code/Tools/LGTM.
[2020-05-14 16:38:34] [DETAILS] resolve upgrades> Not scanning from /Users/alexoneill/Documents/GitHub/OSC-Code/Tools/LGTM/codeql which is already done.
[2020-05-14 16:38:34] [DETAILS] resolve upgrades> Scanning for qlpack.yml from /Users/alexoneill/Documents/GitHub/OSC-Code/Tools/LGTM/ql/.codeqlmanifest.json
[2020-05-14 16:38:34] [SPAMMIER] resolve upgrades> Recursing into /Users/alexoneill/Documents/GitHub/OSC-Code/Tools/LGTM/ql.
[2020-05-14 16:38:34] [DETAILS] resolve upgrades> Will look for upgrades in /Users/alexoneill/Documents/GitHub/OSC-Code/Tools/LGTM/codeql/legacy-upgrades/upgrades
[2020-05-14 16:38:34] [DETAILS] resolve upgrades> Will look for upgrades in /Users/alexoneill/Documents/GitHub/OSC-Code/Tools/LGTM/ql/javascript/upgrades
[2020-05-14 16:38:34] Plumbing command codeql resolve upgrades completed:
                      {
                        "scripts" : [ ],
                        "finalDbscheme" : "/Users/alexoneill/Documents/GitHub/OSC-Code/Tools/LGTM/DB_Storage/ecc-jsbn-0-2-0DB/db-javascript/semmlecode.javascript.dbscheme"
                      }
[2020-05-14 16:38:34] [PROGRESS] dataset upgrade> /Users/alexoneill/Documents/GitHub/OSC-Code/Tools/LGTM/DB_Storage/ecc-jsbn-0-2-0DB/db-javascript is up to date.
[2020-05-14 16:38:34] Plumbing command codeql dataset upgrade completed.
[2020-05-14 16:38:34] Exiting with code 0
