[2020-05-13 16:56:26] This is codeql database create --language=javascript --source-root /Users/alexoneill/Documents/GitHub/OSC-Code/Tools/LGTM/ext_JS_src/ecc-jsbn-0.2.0 /Users/alexoneill/Documents/GitHub/OSC-Code/Tools/LGTM/DB_Storage/ecc-jsbn-0-2-0DB
[2020-05-13 16:56:26] Log file was started late.
[2020-05-13 16:56:26] Using autobuild script /Users/alexoneill/Documents/GitHub/OSC-Code/Tools/LGTM/codeql/javascript/tools/autobuild.sh.
[2020-05-13 16:56:26] [DETAILS] database create> Detected autobuild command: /Users/alexoneill/Documents/GitHub/OSC-Code/Tools/LGTM/codeql/javascript/tools/autobuild.sh.
[2020-05-13 16:56:26] [PROGRESS] database create> Running command [/Users/alexoneill/Documents/GitHub/OSC-Code/Tools/LGTM/codeql/javascript/tools/autobuild.sh] in /Users/alexoneill/Documents/GitHub/OSC-Code/Tools/LGTM/ext_JS_src/ecc-jsbn-0.2.0.
[2020-05-13 16:56:26] Running plumbing command: codeql database trace-command --working-dir=/Users/alexoneill/Documents/GitHub/OSC-Code/Tools/LGTM/ext_JS_src/ecc-jsbn-0.2.0 -- /Users/alexoneill/Documents/GitHub/OSC-Code/Tools/LGTM/DB_Storage/ecc-jsbn-0-2-0DB /Users/alexoneill/Documents/GitHub/OSC-Code/Tools/LGTM/codeql/javascript/tools/autobuild.sh
[2020-05-13 16:56:26] [PROGRESS] database trace-command> /Users/alexoneill/Documents/GitHub/OSC-Code/Tools/LGTM/DB_Storage/ecc-jsbn-0-2-0DB: Running in /Users/alexoneill/Documents/GitHub/OSC-Code/Tools/LGTM/ext_JS_src/ecc-jsbn-0.2.0: [/Users/alexoneill/Documents/GitHub/OSC-Code/Tools/LGTM/codeql/javascript/tools/autobuild.sh]
[2020-05-13 16:56:27] [build] Single-threaded extraction.
[2020-05-13 16:56:27] [build] Extracting /Users/alexoneill/Documents/GitHub/OSC-Code/Tools/LGTM/ext_JS_src/ecc-jsbn-0.2.0/package/test.js
[2020-05-13 16:56:27] [build] Done extracting /Users/alexoneill/Documents/GitHub/OSC-Code/Tools/LGTM/ext_JS_src/ecc-jsbn-0.2.0/package/test.js (161 ms)
[2020-05-13 16:56:27] [build] Extracting /Users/alexoneill/Documents/GitHub/OSC-Code/Tools/LGTM/ext_JS_src/ecc-jsbn-0.2.0/package/index.js
[2020-05-13 16:56:27] [build] Done extracting /Users/alexoneill/Documents/GitHub/OSC-Code/Tools/LGTM/ext_JS_src/ecc-jsbn-0.2.0/package/index.js (43 ms)
[2020-05-13 16:56:27] [build] Extracting /Users/alexoneill/Documents/GitHub/OSC-Code/Tools/LGTM/ext_JS_src/ecc-jsbn-0.2.0/package/package.json
[2020-05-13 16:56:27] [build] Done extracting /Users/alexoneill/Documents/GitHub/OSC-Code/Tools/LGTM/ext_JS_src/ecc-jsbn-0.2.0/package/package.json (6 ms)
[2020-05-13 16:56:27] [build] Extracting /Users/alexoneill/Documents/GitHub/OSC-Code/Tools/LGTM/ext_JS_src/ecc-jsbn-0.2.0/package/lib/ec.js
[2020-05-13 16:56:27] [build] Done extracting /Users/alexoneill/Documents/GitHub/OSC-Code/Tools/LGTM/ext_JS_src/ecc-jsbn-0.2.0/package/lib/ec.js (217 ms)
[2020-05-13 16:56:27] [build] Extracting /Users/alexoneill/Documents/GitHub/OSC-Code/Tools/LGTM/ext_JS_src/ecc-jsbn-0.2.0/package/lib/sec.js
[2020-05-13 16:56:27] [build] Done extracting /Users/alexoneill/Documents/GitHub/OSC-Code/Tools/LGTM/ext_JS_src/ecc-jsbn-0.2.0/package/lib/sec.js (49 ms)
[2020-05-13 16:56:27] [build-err] No externs trap cache found
[2020-05-13 16:56:27] [build] Extracting /Users/alexoneill/Documents/GitHub/OSC-Code/Tools/LGTM/codeql/javascript/tools/data/externs/nodejs/constants.js
[2020-05-13 16:56:27] [build] Done extracting /Users/alexoneill/Documents/GitHub/OSC-Code/Tools/LGTM/codeql/javascript/tools/data/externs/nodejs/constants.js (266 ms)
[2020-05-13 16:56:27] [build] Extracting /Users/alexoneill/Documents/GitHub/OSC-Code/Tools/LGTM/codeql/javascript/tools/data/externs/nodejs/net.js
[2020-05-13 16:56:27] [build] Done extracting /Users/alexoneill/Documents/GitHub/OSC-Code/Tools/LGTM/codeql/javascript/tools/data/externs/nodejs/net.js (87 ms)
[2020-05-13 16:56:27] [build] Extracting /Users/alexoneill/Documents/GitHub/OSC-Code/Tools/LGTM/codeql/javascript/tools/data/externs/nodejs/globals.js
[2020-05-13 16:56:28] [build] Done extracting /Users/alexoneill/Documents/GitHub/OSC-Code/Tools/LGTM/codeql/javascript/tools/data/externs/nodejs/globals.js (251 ms)
[2020-05-13 16:56:28] [build] Extracting /Users/alexoneill/Documents/GitHub/OSC-Code/Tools/LGTM/codeql/javascript/tools/data/externs/nodejs/events.js
[2020-05-13 16:56:28] [build] Done extracting /Users/alexoneill/Documents/GitHub/OSC-Code/Tools/LGTM/codeql/javascript/tools/data/externs/nodejs/events.js (14 ms)
[2020-05-13 16:56:28] [build] Extracting /Users/alexoneill/Documents/GitHub/OSC-Code/Tools/LGTM/codeql/javascript/tools/data/externs/nodejs/repl.js
[2020-05-13 16:56:28] [build] Done extracting /Users/alexoneill/Documents/GitHub/OSC-Code/Tools/LGTM/codeql/javascript/tools/data/externs/nodejs/repl.js (11 ms)
[2020-05-13 16:56:28] [build] Extracting /Users/alexoneill/Documents/GitHub/OSC-Code/Tools/LGTM/codeql/javascript/tools/data/externs/nodejs/util.js
[2020-05-13 16:56:28] [build] Done extracting /Users/alexoneill/Documents/GitHub/OSC-Code/Tools/LGTM/codeql/javascript/tools/data/externs/nodejs/util.js (34 ms)
[2020-05-13 16:56:28] [build] Extracting /Users/alexoneill/Documents/GitHub/OSC-Code/Tools/LGTM/codeql/javascript/tools/data/externs/nodejs/dgram.js
[2020-05-13 16:56:28] [build] Done extracting /Users/alexoneill/Documents/GitHub/OSC-Code/Tools/LGTM/codeql/javascript/tools/data/externs/nodejs/dgram.js (24 ms)
[2020-05-13 16:56:28] [build] Extracting /Users/alexoneill/Documents/GitHub/OSC-Code/Tools/LGTM/codeql/javascript/tools/data/externs/nodejs/vm.js
[2020-05-13 16:56:28] [build] Done extracting /Users/alexoneill/Documents/GitHub/OSC-Code/Tools/LGTM/codeql/javascript/tools/data/externs/nodejs/vm.js (35 ms)
[2020-05-13 16:56:28] [build] Extracting /Users/alexoneill/Documents/GitHub/OSC-Code/Tools/LGTM/codeql/javascript/tools/data/externs/nodejs/stream.js
[2020-05-13 16:56:28] [build] Done extracting /Users/alexoneill/Documents/GitHub/OSC-Code/Tools/LGTM/codeql/javascript/tools/data/externs/nodejs/stream.js (101 ms)
[2020-05-13 16:56:28] [build] Extracting /Users/alexoneill/Documents/GitHub/OSC-Code/Tools/LGTM/codeql/javascript/tools/data/externs/nodejs/child_process.js
[2020-05-13 16:56:28] [build] Done extracting /Users/alexoneill/Documents/GitHub/OSC-Code/Tools/LGTM/codeql/javascript/tools/data/externs/nodejs/child_process.js (106 ms)
[2020-05-13 16:56:28] [build] Extracting /Users/alexoneill/Documents/GitHub/OSC-Code/Tools/LGTM/codeql/javascript/tools/data/externs/nodejs/assert.js
[2020-05-13 16:56:28] [build] Done extracting /Users/alexoneill/Documents/GitHub/OSC-Code/Tools/LGTM/codeql/javascript/tools/data/externs/nodejs/assert.js (21 ms)
[2020-05-13 16:56:28] [build] Extracting /Users/alexoneill/Documents/GitHub/OSC-Code/Tools/LGTM/codeql/javascript/tools/data/externs/nodejs/os.js
[2020-05-13 16:56:28] [build] Done extracting /Users/alexoneill/Documents/GitHub/OSC-Code/Tools/LGTM/codeql/javascript/tools/data/externs/nodejs/os.js (28 ms)
[2020-05-13 16:56:28] [build] Extracting /Users/alexoneill/Documents/GitHub/OSC-Code/Tools/LGTM/codeql/javascript/tools/data/externs/nodejs/console.js
[2020-05-13 16:56:28] [build] Done extracting /Users/alexoneill/Documents/GitHub/OSC-Code/Tools/LGTM/codeql/javascript/tools/data/externs/nodejs/console.js (9 ms)
[2020-05-13 16:56:28] [build] Extracting /Users/alexoneill/Documents/GitHub/OSC-Code/Tools/LGTM/codeql/javascript/tools/data/externs/nodejs/readline.js
[2020-05-13 16:56:28] [build] Done extracting /Users/alexoneill/Documents/GitHub/OSC-Code/Tools/LGTM/codeql/javascript/tools/data/externs/nodejs/readline.js (24 ms)
[2020-05-13 16:56:28] [build] Extracting /Users/alexoneill/Documents/GitHub/OSC-Code/Tools/LGTM/codeql/javascript/tools/data/externs/nodejs/punycode.js
[2020-05-13 16:56:28] [build] Done extracting /Users/alexoneill/Documents/GitHub/OSC-Code/Tools/LGTM/codeql/javascript/tools/data/externs/nodejs/punycode.js (8 ms)
[2020-05-13 16:56:28] [build] Extracting /Users/alexoneill/Documents/GitHub/OSC-Code/Tools/LGTM/codeql/javascript/tools/data/externs/nodejs/https.js
[2020-05-13 16:56:28] [build] Done extracting /Users/alexoneill/Documents/GitHub/OSC-Code/Tools/LGTM/codeql/javascript/tools/data/externs/nodejs/https.js (21 ms)
[2020-05-13 16:56:28] [build] Extracting /Users/alexoneill/Documents/GitHub/OSC-Code/Tools/LGTM/codeql/javascript/tools/data/externs/nodejs/domain.js
[2020-05-13 16:56:28] [build] Done extracting /Users/alexoneill/Documents/GitHub/OSC-Code/Tools/LGTM/codeql/javascript/tools/data/externs/nodejs/domain.js (12 ms)
[2020-05-13 16:56:28] [build] Extracting /Users/alexoneill/Documents/GitHub/OSC-Code/Tools/LGTM/codeql/javascript/tools/data/externs/nodejs/dns.js
[2020-05-13 16:56:28] [build] Done extracting /Users/alexoneill/Documents/GitHub/OSC-Code/Tools/LGTM/codeql/javascript/tools/data/externs/nodejs/dns.js (35 ms)
[2020-05-13 16:56:28] [build] Extracting /Users/alexoneill/Documents/GitHub/OSC-Code/Tools/LGTM/codeql/javascript/tools/data/externs/nodejs/assert_legacy.js
[2020-05-13 16:56:28] [build] Done extracting /Users/alexoneill/Documents/GitHub/OSC-Code/Tools/LGTM/codeql/javascript/tools/data/externs/nodejs/assert_legacy.js (16 ms)
[2020-05-13 16:56:28] [build] Extracting /Users/alexoneill/Documents/GitHub/OSC-Code/Tools/LGTM/codeql/javascript/tools/data/externs/nodejs/tty.js
[2020-05-13 16:56:28] [build] Done extracting /Users/alexoneill/Documents/GitHub/OSC-Code/Tools/LGTM/codeql/javascript/tools/data/externs/nodejs/tty.js (17 ms)
[2020-05-13 16:56:28] [build] Extracting /Users/alexoneill/Documents/GitHub/OSC-Code/Tools/LGTM/codeql/javascript/tools/data/externs/nodejs/timers.js
[2020-05-13 16:56:28] [build] Done extracting /Users/alexoneill/Documents/GitHub/OSC-Code/Tools/LGTM/codeql/javascript/tools/data/externs/nodejs/timers.js (14 ms)
[2020-05-13 16:56:28] [build] Extracting /Users/alexoneill/Documents/GitHub/OSC-Code/Tools/LGTM/codeql/javascript/tools/data/externs/nodejs/querystring.js
[2020-05-13 16:56:28] [build] Done extracting /Users/alexoneill/Documents/GitHub/OSC-Code/Tools/LGTM/codeql/javascript/tools/data/externs/nodejs/querystring.js (12 ms)
[2020-05-13 16:56:28] [build] Extracting /Users/alexoneill/Documents/GitHub/OSC-Code/Tools/LGTM/codeql/javascript/tools/data/externs/nodejs/module.js
[2020-05-13 16:56:28] [build] Done extracting /Users/alexoneill/Documents/GitHub/OSC-Code/Tools/LGTM/codeql/javascript/tools/data/externs/nodejs/module.js (8 ms)
[2020-05-13 16:56:28] [build] Extracting /Users/alexoneill/Documents/GitHub/OSC-Code/Tools/LGTM/codeql/javascript/tools/data/externs/nodejs/sys.js
[2020-05-13 16:56:28] [build] Done extracting /Users/alexoneill/Documents/GitHub/OSC-Code/Tools/LGTM/codeql/javascript/tools/data/externs/nodejs/sys.js (5 ms)
[2020-05-13 16:56:28] [build] Extracting /Users/alexoneill/Documents/GitHub/OSC-Code/Tools/LGTM/codeql/javascript/tools/data/externs/nodejs/path.js
[2020-05-13 16:56:28] [build] Done extracting /Users/alexoneill/Documents/GitHub/OSC-Code/Tools/LGTM/codeql/javascript/tools/data/externs/nodejs/path.js (39 ms)
[2020-05-13 16:56:28] [build] Extracting /Users/alexoneill/Documents/GitHub/OSC-Code/Tools/LGTM/codeql/javascript/tools/data/externs/nodejs/string_decoder.js
[2020-05-13 16:56:28] [build] Done extracting /Users/alexoneill/Documents/GitHub/OSC-Code/Tools/LGTM/codeql/javascript/tools/data/externs/nodejs/string_decoder.js (7 ms)
[2020-05-13 16:56:28] [build] Extracting /Users/alexoneill/Documents/GitHub/OSC-Code/Tools/LGTM/codeql/javascript/tools/data/externs/nodejs/cluster.js
[2020-05-13 16:56:28] [build] Done extracting /Users/alexoneill/Documents/GitHub/OSC-Code/Tools/LGTM/codeql/javascript/tools/data/externs/nodejs/cluster.js (132 ms)
[2020-05-13 16:56:28] [build] Extracting /Users/alexoneill/Documents/GitHub/OSC-Code/Tools/LGTM/codeql/javascript/tools/data/externs/nodejs/v8.js
[2020-05-13 16:56:28] [build] Done extracting /Users/alexoneill/Documents/GitHub/OSC-Code/Tools/LGTM/codeql/javascript/tools/data/externs/nodejs/v8.js (7 ms)
[2020-05-13 16:56:28] [build] Extracting /Users/alexoneill/Documents/GitHub/OSC-Code/Tools/LGTM/codeql/javascript/tools/data/externs/nodejs/crypto.js
[2020-05-13 16:56:29] [build] Done extracting /Users/alexoneill/Documents/GitHub/OSC-Code/Tools/LGTM/codeql/javascript/tools/data/externs/nodejs/crypto.js (103 ms)
[2020-05-13 16:56:29] [build] Extracting /Users/alexoneill/Documents/GitHub/OSC-Code/Tools/LGTM/codeql/javascript/tools/data/externs/nodejs/zlib.js
[2020-05-13 16:56:29] [build] Done extracting /Users/alexoneill/Documents/GitHub/OSC-Code/Tools/LGTM/codeql/javascript/tools/data/externs/nodejs/zlib.js (60 ms)
[2020-05-13 16:56:29] [build] Extracting /Users/alexoneill/Documents/GitHub/OSC-Code/Tools/LGTM/codeql/javascript/tools/data/externs/nodejs/url.js
[2020-05-13 16:56:29] [build] Done extracting /Users/alexoneill/Documents/GitHub/OSC-Code/Tools/LGTM/codeql/javascript/tools/data/externs/nodejs/url.js (10 ms)
[2020-05-13 16:56:29] [build] Extracting /Users/alexoneill/Documents/GitHub/OSC-Code/Tools/LGTM/codeql/javascript/tools/data/externs/nodejs/tls.js
[2020-05-13 16:56:29] [build] Done extracting /Users/alexoneill/Documents/GitHub/OSC-Code/Tools/LGTM/codeql/javascript/tools/data/externs/nodejs/tls.js (49 ms)
[2020-05-13 16:56:29] [build] Extracting /Users/alexoneill/Documents/GitHub/OSC-Code/Tools/LGTM/codeql/javascript/tools/data/externs/nodejs/process.js
[2020-05-13 16:56:29] [build] Done extracting /Users/alexoneill/Documents/GitHub/OSC-Code/Tools/LGTM/codeql/javascript/tools/data/externs/nodejs/process.js (3 ms)
[2020-05-13 16:56:29] [build] Extracting /Users/alexoneill/Documents/GitHub/OSC-Code/Tools/LGTM/codeql/javascript/tools/data/externs/nodejs/http.js
[2020-05-13 16:56:29] [build] Done extracting /Users/alexoneill/Documents/GitHub/OSC-Code/Tools/LGTM/codeql/javascript/tools/data/externs/nodejs/http.js (46 ms)
[2020-05-13 16:56:29] [build] Extracting /Users/alexoneill/Documents/GitHub/OSC-Code/Tools/LGTM/codeql/javascript/tools/data/externs/nodejs/buffer.js
[2020-05-13 16:56:29] [build] Done extracting /Users/alexoneill/Documents/GitHub/OSC-Code/Tools/LGTM/codeql/javascript/tools/data/externs/nodejs/buffer.js (12 ms)
[2020-05-13 16:56:29] [build] Extracting /Users/alexoneill/Documents/GitHub/OSC-Code/Tools/LGTM/codeql/javascript/tools/data/externs/nodejs/fs.js
[2020-05-13 16:56:29] [build] Done extracting /Users/alexoneill/Documents/GitHub/OSC-Code/Tools/LGTM/codeql/javascript/tools/data/externs/nodejs/fs.js (155 ms)
[2020-05-13 16:56:29] [build] Extracting /Users/alexoneill/Documents/GitHub/OSC-Code/Tools/LGTM/codeql/javascript/tools/data/externs/web/ie_dom.js
[2020-05-13 16:56:29] [build] Done extracting /Users/alexoneill/Documents/GitHub/OSC-Code/Tools/LGTM/codeql/javascript/tools/data/externs/web/ie_dom.js (87 ms)
[2020-05-13 16:56:29] [build] Extracting /Users/alexoneill/Documents/GitHub/OSC-Code/Tools/LGTM/codeql/javascript/tools/data/externs/web/mediasource.js
[2020-05-13 16:56:29] [build] Done extracting /Users/alexoneill/Documents/GitHub/OSC-Code/Tools/LGTM/codeql/javascript/tools/data/externs/web/mediasource.js (13 ms)
[2020-05-13 16:56:29] [build] Extracting /Users/alexoneill/Documents/GitHub/OSC-Code/Tools/LGTM/codeql/javascript/tools/data/externs/web/html5.js
[2020-05-13 16:56:29] [build] Done extracting /Users/alexoneill/Documents/GitHub/OSC-Code/Tools/LGTM/codeql/javascript/tools/data/externs/web/html5.js (267 ms)
[2020-05-13 16:56:29] [build] Extracting /Users/alexoneill/Documents/GitHub/OSC-Code/Tools/LGTM/codeql/javascript/tools/data/externs/web/w3c_anim_timing.js
[2020-05-13 16:56:29] [build] Done extracting /Users/alexoneill/Documents/GitHub/OSC-Code/Tools/LGTM/codeql/javascript/tools/data/externs/web/w3c_anim_timing.js (6 ms)
[2020-05-13 16:56:29] [build] Extracting /Users/alexoneill/Documents/GitHub/OSC-Code/Tools/LGTM/codeql/javascript/tools/data/externs/web/w3c_dom3.js
[2020-05-13 16:56:29] [build] Done extracting /Users/alexoneill/Documents/GitHub/OSC-Code/Tools/LGTM/codeql/javascript/tools/data/externs/web/w3c_dom3.js (47 ms)
[2020-05-13 16:56:29] [build] Extracting /Users/alexoneill/Documents/GitHub/OSC-Code/Tools/LGTM/codeql/javascript/tools/data/externs/web/fetchapi.js
[2020-05-13 16:56:29] [build] Done extracting /Users/alexoneill/Documents/GitHub/OSC-Code/Tools/LGTM/codeql/javascript/tools/data/externs/web/fetchapi.js (43 ms)
[2020-05-13 16:56:29] [build] Extracting /Users/alexoneill/Documents/GitHub/OSC-Code/Tools/LGTM/codeql/javascript/tools/data/externs/web/streamsapi.js
[2020-05-13 16:56:29] [build] Done extracting /Users/alexoneill/Documents/GitHub/OSC-Code/Tools/LGTM/codeql/javascript/tools/data/externs/web/streamsapi.js (28 ms)
[2020-05-13 16:56:29] [build] Extracting /Users/alexoneill/Documents/GitHub/OSC-Code/Tools/LGTM/codeql/javascript/tools/data/externs/web/fileapi.js
[2020-05-13 16:56:29] [build] Done extracting /Users/alexoneill/Documents/GitHub/OSC-Code/Tools/LGTM/codeql/javascript/tools/data/externs/web/fileapi.js (55 ms)
[2020-05-13 16:56:29] [build] Extracting /Users/alexoneill/Documents/GitHub/OSC-Code/Tools/LGTM/codeql/javascript/tools/data/externs/web/w3c_navigation_timing.js
[2020-05-13 16:56:29] [build] Done extracting /Users/alexoneill/Documents/GitHub/OSC-Code/Tools/LGTM/codeql/javascript/tools/data/externs/web/w3c_navigation_timing.js (19 ms)
[2020-05-13 16:56:29] [build] Extracting /Users/alexoneill/Documents/GitHub/OSC-Code/Tools/LGTM/codeql/javascript/tools/data/externs/web/w3c_range.js
[2020-05-13 16:56:29] [build] Done extracting /Users/alexoneill/Documents/GitHub/OSC-Code/Tools/LGTM/codeql/javascript/tools/data/externs/web/w3c_range.js (14 ms)
[2020-05-13 16:56:29] [build] Extracting /Users/alexoneill/Documents/GitHub/OSC-Code/Tools/LGTM/codeql/javascript/tools/data/externs/web/w3c_indexeddb.js
[2020-05-13 16:56:30] [build] Done extracting /Users/alexoneill/Documents/GitHub/OSC-Code/Tools/LGTM/codeql/javascript/tools/data/externs/web/w3c_indexeddb.js (61 ms)
[2020-05-13 16:56:30] [build] Extracting /Users/alexoneill/Documents/GitHub/OSC-Code/Tools/LGTM/codeql/javascript/tools/data/externs/web/w3c_dom2.js
[2020-05-13 16:56:30] [build] Done extracting /Users/alexoneill/Documents/GitHub/OSC-Code/Tools/LGTM/codeql/javascript/tools/data/externs/web/w3c_dom2.js (124 ms)
[2020-05-13 16:56:30] [build] Extracting /Users/alexoneill/Documents/GitHub/OSC-Code/Tools/LGTM/codeql/javascript/tools/data/externs/web/w3c_elementtraversal.js
[2020-05-13 16:56:30] [build] Done extracting /Users/alexoneill/Documents/GitHub/OSC-Code/Tools/LGTM/codeql/javascript/tools/data/externs/web/w3c_elementtraversal.js (4 ms)
[2020-05-13 16:56:30] [build] Extracting /Users/alexoneill/Documents/GitHub/OSC-Code/Tools/LGTM/codeql/javascript/tools/data/externs/web/w3c_webcrypto.js
[2020-05-13 16:56:30] [build] Done extracting /Users/alexoneill/Documents/GitHub/OSC-Code/Tools/LGTM/codeql/javascript/tools/data/externs/web/w3c_webcrypto.js (24 ms)
[2020-05-13 16:56:30] [build] Extracting /Users/alexoneill/Documents/GitHub/OSC-Code/Tools/LGTM/codeql/javascript/tools/data/externs/web/ie_vml.js
[2020-05-13 16:56:30] [build] Done extracting /Users/alexoneill/Documents/GitHub/OSC-Code/Tools/LGTM/codeql/javascript/tools/data/externs/web/ie_vml.js (3 ms)
[2020-05-13 16:56:30] [build] Extracting /Users/alexoneill/Documents/GitHub/OSC-Code/Tools/LGTM/codeql/javascript/tools/data/externs/web/intl.js
[2020-05-13 16:56:30] [build] Done extracting /Users/alexoneill/Documents/GitHub/OSC-Code/Tools/LGTM/codeql/javascript/tools/data/externs/web/intl.js (16 ms)
[2020-05-13 16:56:30] [build] Extracting /Users/alexoneill/Documents/GitHub/OSC-Code/Tools/LGTM/codeql/javascript/tools/data/externs/web/w3c_rtc.js
[2020-05-13 16:56:30] [build] Done extracting /Users/alexoneill/Documents/GitHub/OSC-Code/Tools/LGTM/codeql/javascript/tools/data/externs/web/w3c_rtc.js (136 ms)
[2020-05-13 16:56:30] [build] Extracting /Users/alexoneill/Documents/GitHub/OSC-Code/Tools/LGTM/codeql/javascript/tools/data/externs/web/w3c_requestidlecallback.js
[2020-05-13 16:56:30] [build] Done extracting /Users/alexoneill/Documents/GitHub/OSC-Code/Tools/LGTM/codeql/javascript/tools/data/externs/web/w3c_requestidlecallback.js (4 ms)
[2020-05-13 16:56:30] [build] Extracting /Users/alexoneill/Documents/GitHub/OSC-Code/Tools/LGTM/codeql/javascript/tools/data/externs/web/w3c_geolocation.js
[2020-05-13 16:56:30] [build] Done extracting /Users/alexoneill/Documents/GitHub/OSC-Code/Tools/LGTM/codeql/javascript/tools/data/externs/web/w3c_geolocation.js (8 ms)
[2020-05-13 16:56:30] [build] Extracting /Users/alexoneill/Documents/GitHub/OSC-Code/Tools/LGTM/codeql/javascript/tools/data/externs/web/webstorage.js
[2020-05-13 16:56:30] [build] Done extracting /Users/alexoneill/Documents/GitHub/OSC-Code/Tools/LGTM/codeql/javascript/tools/data/externs/web/webstorage.js (9 ms)
[2020-05-13 16:56:30] [build] Extracting /Users/alexoneill/Documents/GitHub/OSC-Code/Tools/LGTM/codeql/javascript/tools/data/externs/web/webkit_usercontent.js
[2020-05-13 16:56:30] [build] Done extracting /Users/alexoneill/Documents/GitHub/OSC-Code/Tools/LGTM/codeql/javascript/tools/data/externs/web/webkit_usercontent.js (4 ms)
[2020-05-13 16:56:30] [build] Extracting /Users/alexoneill/Documents/GitHub/OSC-Code/Tools/LGTM/codeql/javascript/tools/data/externs/web/window.js
[2020-05-13 16:56:30] [build] Done extracting /Users/alexoneill/Documents/GitHub/OSC-Code/Tools/LGTM/codeql/javascript/tools/data/externs/web/window.js (10 ms)
[2020-05-13 16:56:30] [build] Extracting /Users/alexoneill/Documents/GitHub/OSC-Code/Tools/LGTM/codeql/javascript/tools/data/externs/web/page_visibility.js
[2020-05-13 16:56:30] [build] Done extracting /Users/alexoneill/Documents/GitHub/OSC-Code/Tools/LGTM/codeql/javascript/tools/data/externs/web/page_visibility.js (3 ms)
[2020-05-13 16:56:30] [build] Extracting /Users/alexoneill/Documents/GitHub/OSC-Code/Tools/LGTM/codeql/javascript/tools/data/externs/web/webgl.js
[2020-05-13 16:56:30] [build] Done extracting /Users/alexoneill/Documents/GitHub/OSC-Code/Tools/LGTM/codeql/javascript/tools/data/externs/web/webgl.js (220 ms)
[2020-05-13 16:56:30] [build] Extracting /Users/alexoneill/Documents/GitHub/OSC-Code/Tools/LGTM/codeql/javascript/tools/data/externs/web/w3c_touch_event.js
[2020-05-13 16:56:30] [build] Done extracting /Users/alexoneill/Documents/GitHub/OSC-Code/Tools/LGTM/codeql/javascript/tools/data/externs/web/w3c_touch_event.js (27 ms)
[2020-05-13 16:56:30] [build] Extracting /Users/alexoneill/Documents/GitHub/OSC-Code/Tools/LGTM/codeql/javascript/tools/data/externs/web/w3c_event.js
[2020-05-13 16:56:30] [build] Done extracting /Users/alexoneill/Documents/GitHub/OSC-Code/Tools/LGTM/codeql/javascript/tools/data/externs/web/w3c_event.js (31 ms)
[2020-05-13 16:56:30] [build] Extracting /Users/alexoneill/Documents/GitHub/OSC-Code/Tools/LGTM/codeql/javascript/tools/data/externs/web/whatwg_encoding.js
[2020-05-13 16:56:30] [build] Done extracting /Users/alexoneill/Documents/GitHub/OSC-Code/Tools/LGTM/codeql/javascript/tools/data/externs/web/whatwg_encoding.js (4 ms)
[2020-05-13 16:56:30] [build] Extracting /Users/alexoneill/Documents/GitHub/OSC-Code/Tools/LGTM/codeql/javascript/tools/data/externs/web/w3c_event3.js
[2020-05-13 16:56:30] [build] Done extracting /Users/alexoneill/Documents/GitHub/OSC-Code/Tools/LGTM/codeql/javascript/tools/data/externs/web/w3c_event3.js (4 ms)
[2020-05-13 16:56:30] [build] Extracting /Users/alexoneill/Documents/GitHub/OSC-Code/Tools/LGTM/codeql/javascript/tools/data/externs/web/gecko_xml.js
[2020-05-13 16:56:30] [build] Done extracting /Users/alexoneill/Documents/GitHub/OSC-Code/Tools/LGTM/codeql/javascript/tools/data/externs/web/gecko_xml.js (3 ms)
[2020-05-13 16:56:30] [build] Extracting /Users/alexoneill/Documents/GitHub/OSC-Code/Tools/LGTM/codeql/javascript/tools/data/externs/web/ie_event.js
[2020-05-13 16:56:30] [build] Done extracting /Users/alexoneill/Documents/GitHub/OSC-Code/Tools/LGTM/codeql/javascript/tools/data/externs/web/ie_event.js (16 ms)
[2020-05-13 16:56:30] [build] Extracting /Users/alexoneill/Documents/GitHub/OSC-Code/Tools/LGTM/codeql/javascript/tools/data/externs/web/w3c_css.js
[2020-05-13 16:56:30] [build] Done extracting /Users/alexoneill/Documents/GitHub/OSC-Code/Tools/LGTM/codeql/javascript/tools/data/externs/web/w3c_css.js (135 ms)
[2020-05-13 16:56:30] [build] Extracting /Users/alexoneill/Documents/GitHub/OSC-Code/Tools/LGTM/codeql/javascript/tools/data/externs/web/ie_css.js
[2020-05-13 16:56:30] [build] Done extracting /Users/alexoneill/Documents/GitHub/OSC-Code/Tools/LGTM/codeql/javascript/tools/data/externs/web/ie_css.js (18 ms)
[2020-05-13 16:56:30] [build] Extracting /Users/alexoneill/Documents/GitHub/OSC-Code/Tools/LGTM/codeql/javascript/tools/data/externs/web/webkit_css.js
[2020-05-13 16:56:30] [build] Done extracting /Users/alexoneill/Documents/GitHub/OSC-Code/Tools/LGTM/codeql/javascript/tools/data/externs/web/webkit_css.js (93 ms)
[2020-05-13 16:56:30] [build] Extracting /Users/alexoneill/Documents/GitHub/OSC-Code/Tools/LGTM/codeql/javascript/tools/data/externs/web/w3c_xml.js
[2020-05-13 16:56:30] [build] Done extracting /Users/alexoneill/Documents/GitHub/OSC-Code/Tools/LGTM/codeql/javascript/tools/data/externs/web/w3c_xml.js (22 ms)
[2020-05-13 16:56:30] [build] Extracting /Users/alexoneill/Documents/GitHub/OSC-Code/Tools/LGTM/codeql/javascript/tools/data/externs/web/gecko_css.js
[2020-05-13 16:56:30] [build] Done extracting /Users/alexoneill/Documents/GitHub/OSC-Code/Tools/LGTM/codeql/javascript/tools/data/externs/web/gecko_css.js (15 ms)
[2020-05-13 16:56:30] [build] Extracting /Users/alexoneill/Documents/GitHub/OSC-Code/Tools/LGTM/codeql/javascript/tools/data/externs/web/iphone.js
[2020-05-13 16:56:30] [build] Done extracting /Users/alexoneill/Documents/GitHub/OSC-Code/Tools/LGTM/codeql/javascript/tools/data/externs/web/iphone.js (9 ms)
[2020-05-13 16:56:30] [build] Extracting /Users/alexoneill/Documents/GitHub/OSC-Code/Tools/LGTM/codeql/javascript/tools/data/externs/web/w3c_selectors.js
[2020-05-13 16:56:31] [build] Done extracting /Users/alexoneill/Documents/GitHub/OSC-Code/Tools/LGTM/codeql/javascript/tools/data/externs/web/w3c_selectors.js (6 ms)
[2020-05-13 16:56:31] [build] Extracting /Users/alexoneill/Documents/GitHub/OSC-Code/Tools/LGTM/codeql/javascript/tools/data/externs/web/chrome.js
[2020-05-13 16:56:31] [build] Done extracting /Users/alexoneill/Documents/GitHub/OSC-Code/Tools/LGTM/codeql/javascript/tools/data/externs/web/chrome.js (45 ms)
[2020-05-13 16:56:31] [build] Extracting /Users/alexoneill/Documents/GitHub/OSC-Code/Tools/LGTM/codeql/javascript/tools/data/externs/web/w3c_batterystatus.js
[2020-05-13 16:56:31] [build] Done extracting /Users/alexoneill/Documents/GitHub/OSC-Code/Tools/LGTM/codeql/javascript/tools/data/externs/web/w3c_batterystatus.js (3 ms)
[2020-05-13 16:56:31] [build] Extracting /Users/alexoneill/Documents/GitHub/OSC-Code/Tools/LGTM/codeql/javascript/tools/data/externs/web/webkit_notifications.js
[2020-05-13 16:56:31] [build] Done extracting /Users/alexoneill/Documents/GitHub/OSC-Code/Tools/LGTM/codeql/javascript/tools/data/externs/web/webkit_notifications.js (13 ms)
[2020-05-13 16:56:31] [build] Extracting /Users/alexoneill/Documents/GitHub/OSC-Code/Tools/LGTM/codeql/javascript/tools/data/externs/web/w3c_screen_orientation.js
[2020-05-13 16:56:31] [build] Done extracting /Users/alexoneill/Documents/GitHub/OSC-Code/Tools/LGTM/codeql/javascript/tools/data/externs/web/w3c_screen_orientation.js (4 ms)
[2020-05-13 16:56:31] [build] Extracting /Users/alexoneill/Documents/GitHub/OSC-Code/Tools/LGTM/codeql/javascript/tools/data/externs/web/w3c_midi.js
[2020-05-13 16:56:31] [build] Done extracting /Users/alexoneill/Documents/GitHub/OSC-Code/Tools/LGTM/codeql/javascript/tools/data/externs/web/w3c_midi.js (14 ms)
[2020-05-13 16:56:31] [build] Extracting /Users/alexoneill/Documents/GitHub/OSC-Code/Tools/LGTM/codeql/javascript/tools/data/externs/web/w3c_serviceworker.js
[2020-05-13 16:56:31] [build] Done extracting /Users/alexoneill/Documents/GitHub/OSC-Code/Tools/LGTM/codeql/javascript/tools/data/externs/web/w3c_serviceworker.js (31 ms)
[2020-05-13 16:56:31] [build] Extracting /Users/alexoneill/Documents/GitHub/OSC-Code/Tools/LGTM/codeql/javascript/tools/data/externs/web/w3c_device_sensor_event.js
[2020-05-13 16:56:31] [build] Done extracting /Users/alexoneill/Documents/GitHub/OSC-Code/Tools/LGTM/codeql/javascript/tools/data/externs/web/w3c_device_sensor_event.js (5 ms)
[2020-05-13 16:56:31] [build] Extracting /Users/alexoneill/Documents/GitHub/OSC-Code/Tools/LGTM/codeql/javascript/tools/data/externs/web/webkit_event.js
[2020-05-13 16:56:31] [build] Done extracting /Users/alexoneill/Documents/GitHub/OSC-Code/Tools/LGTM/codeql/javascript/tools/data/externs/web/webkit_event.js (2 ms)
[2020-05-13 16:56:31] [build] Extracting /Users/alexoneill/Documents/GitHub/OSC-Code/Tools/LGTM/codeql/javascript/tools/data/externs/web/w3c_permissions.js
[2020-05-13 16:56:31] [build] Done extracting /Users/alexoneill/Documents/GitHub/OSC-Code/Tools/LGTM/codeql/javascript/tools/data/externs/web/w3c_permissions.js (6 ms)
[2020-05-13 16:56:31] [build] Extracting /Users/alexoneill/Documents/GitHub/OSC-Code/Tools/LGTM/codeql/javascript/tools/data/externs/web/w3c_gamepad.js
[2020-05-13 16:56:31] [build] Done extracting /Users/alexoneill/Documents/GitHub/OSC-Code/Tools/LGTM/codeql/javascript/tools/data/externs/web/w3c_gamepad.js (4 ms)
[2020-05-13 16:56:31] [build] Extracting /Users/alexoneill/Documents/GitHub/OSC-Code/Tools/LGTM/codeql/javascript/tools/data/externs/web/w3c_dom1.js
[2020-05-13 16:56:31] [build] Done extracting /Users/alexoneill/Documents/GitHub/OSC-Code/Tools/LGTM/codeql/javascript/tools/data/externs/web/w3c_dom1.js (57 ms)
[2020-05-13 16:56:31] [build] Extracting /Users/alexoneill/Documents/GitHub/OSC-Code/Tools/LGTM/codeql/javascript/tools/data/externs/web/url.js
[2020-05-13 16:56:31] [build] Done extracting /Users/alexoneill/Documents/GitHub/OSC-Code/Tools/LGTM/codeql/javascript/tools/data/externs/web/url.js (18 ms)
[2020-05-13 16:56:31] [build] Extracting /Users/alexoneill/Documents/GitHub/OSC-Code/Tools/LGTM/codeql/javascript/tools/data/externs/web/gecko_event.js
[2020-05-13 16:56:31] [build] Done extracting /Users/alexoneill/Documents/GitHub/OSC-Code/Tools/LGTM/codeql/javascript/tools/data/externs/web/gecko_event.js (10 ms)
[2020-05-13 16:56:31] [build] Extracting /Users/alexoneill/Documents/GitHub/OSC-Code/Tools/LGTM/codeql/javascript/tools/data/externs/web/w3c_encoding.js
[2020-05-13 16:56:31] [build] Done extracting /Users/alexoneill/Documents/GitHub/OSC-Code/Tools/LGTM/codeql/javascript/tools/data/externs/web/w3c_encoding.js (4 ms)
[2020-05-13 16:56:31] [build] Extracting /Users/alexoneill/Documents/GitHub/OSC-Code/Tools/LGTM/codeql/javascript/tools/data/externs/web/flash.js
[2020-05-13 16:56:31] [build] Done extracting /Users/alexoneill/Documents/GitHub/OSC-Code/Tools/LGTM/codeql/javascript/tools/data/externs/web/flash.js (13 ms)
[2020-05-13 16:56:31] [build] Extracting /Users/alexoneill/Documents/GitHub/OSC-Code/Tools/LGTM/codeql/javascript/tools/data/externs/web/w3c_pointer_events.js
[2020-05-13 16:56:31] [build] Done extracting /Users/alexoneill/Documents/GitHub/OSC-Code/Tools/LGTM/codeql/javascript/tools/data/externs/web/w3c_pointer_events.js (6 ms)
[2020-05-13 16:56:31] [build] Extracting /Users/alexoneill/Documents/GitHub/OSC-Code/Tools/LGTM/codeql/javascript/tools/data/externs/web/gecko_ext.js
[2020-05-13 16:56:31] [build] Done extracting /Users/alexoneill/Documents/GitHub/OSC-Code/Tools/LGTM/codeql/javascript/tools/data/externs/web/gecko_ext.js (2 ms)
[2020-05-13 16:56:31] [build] Extracting /Users/alexoneill/Documents/GitHub/OSC-Code/Tools/LGTM/codeql/javascript/tools/data/externs/web/gecko_dom.js
[2020-05-13 16:56:31] [build] Done extracting /Users/alexoneill/Documents/GitHub/OSC-Code/Tools/LGTM/codeql/javascript/tools/data/externs/web/gecko_dom.js (50 ms)
[2020-05-13 16:56:31] [build] Extracting /Users/alexoneill/Documents/GitHub/OSC-Code/Tools/LGTM/codeql/javascript/tools/data/externs/web/webkit_dom.js
[2020-05-13 16:56:31] [build] Done extracting /Users/alexoneill/Documents/GitHub/OSC-Code/Tools/LGTM/codeql/javascript/tools/data/externs/web/webkit_dom.js (19 ms)
[2020-05-13 16:56:31] [build] Extracting /Users/alexoneill/Documents/GitHub/OSC-Code/Tools/LGTM/codeql/javascript/tools/data/externs/web/w3c_css3d.js
[2020-05-13 16:56:31] [build] Done extracting /Users/alexoneill/Documents/GitHub/OSC-Code/Tools/LGTM/codeql/javascript/tools/data/externs/web/w3c_css3d.js (9 ms)
[2020-05-13 16:56:31] [build] Extracting /Users/alexoneill/Documents/GitHub/OSC-Code/Tools/LGTM/codeql/javascript/tools/data/externs/web/w3c_dom4.js
[2020-05-13 16:56:31] [build] Done extracting /Users/alexoneill/Documents/GitHub/OSC-Code/Tools/LGTM/codeql/javascript/tools/data/externs/web/w3c_dom4.js (3 ms)
[2020-05-13 16:56:31] [build] Extracting /Users/alexoneill/Documents/GitHub/OSC-Code/Tools/LGTM/codeql/javascript/tools/data/externs/vm/rhino.js
[2020-05-13 16:56:31] [build] Done extracting /Users/alexoneill/Documents/GitHub/OSC-Code/Tools/LGTM/codeql/javascript/tools/data/externs/vm/rhino.js (10 ms)
[2020-05-13 16:56:31] [build] Extracting /Users/alexoneill/Documents/GitHub/OSC-Code/Tools/LGTM/codeql/javascript/tools/data/externs/vm/v8.js
[2020-05-13 16:56:31] [build] Done extracting /Users/alexoneill/Documents/GitHub/OSC-Code/Tools/LGTM/codeql/javascript/tools/data/externs/vm/v8.js (6 ms)
[2020-05-13 16:56:31] [build] Extracting /Users/alexoneill/Documents/GitHub/OSC-Code/Tools/LGTM/codeql/javascript/tools/data/externs/vm/spidermonkey.js
[2020-05-13 16:56:31] [build] Done extracting /Users/alexoneill/Documents/GitHub/OSC-Code/Tools/LGTM/codeql/javascript/tools/data/externs/vm/spidermonkey.js (8 ms)
[2020-05-13 16:56:31] [build] Extracting /Users/alexoneill/Documents/GitHub/OSC-Code/Tools/LGTM/codeql/javascript/tools/data/externs/vm/jsshell.js
[2020-05-13 16:56:31] [build] Done extracting /Users/alexoneill/Documents/GitHub/OSC-Code/Tools/LGTM/codeql/javascript/tools/data/externs/vm/jsshell.js (41 ms)
[2020-05-13 16:56:31] [build] Extracting /Users/alexoneill/Documents/GitHub/OSC-Code/Tools/LGTM/codeql/javascript/tools/data/externs/lib/jquery-3.2.js
[2020-05-13 16:56:31] [build] Done extracting /Users/alexoneill/Documents/GitHub/OSC-Code/Tools/LGTM/codeql/javascript/tools/data/externs/lib/jquery-3.2.js (157 ms)
[2020-05-13 16:56:31] [build] Extracting /Users/alexoneill/Documents/GitHub/OSC-Code/Tools/LGTM/codeql/javascript/tools/data/externs/lib/bdd.js
[2020-05-13 16:56:31] [build] Done extracting /Users/alexoneill/Documents/GitHub/OSC-Code/Tools/LGTM/codeql/javascript/tools/data/externs/lib/bdd.js (6 ms)
[2020-05-13 16:56:31] [build] Extracting /Users/alexoneill/Documents/GitHub/OSC-Code/Tools/LGTM/codeql/javascript/tools/data/externs/lib/should.js
[2020-05-13 16:56:31] [build] Done extracting /Users/alexoneill/Documents/GitHub/OSC-Code/Tools/LGTM/codeql/javascript/tools/data/externs/lib/should.js (20 ms)
[2020-05-13 16:56:31] [build] Extracting /Users/alexoneill/Documents/GitHub/OSC-Code/Tools/LGTM/codeql/javascript/tools/data/externs/lib/vows.js
[2020-05-13 16:56:31] [build] Done extracting /Users/alexoneill/Documents/GitHub/OSC-Code/Tools/LGTM/codeql/javascript/tools/data/externs/lib/vows.js (32 ms)
[2020-05-13 16:56:31] [build] Extracting /Users/alexoneill/Documents/GitHub/OSC-Code/Tools/LGTM/codeql/javascript/tools/data/externs/es/proxy.js
[2020-05-13 16:56:31] [build] Done extracting /Users/alexoneill/Documents/GitHub/OSC-Code/Tools/LGTM/codeql/javascript/tools/data/externs/es/proxy.js (2 ms)
[2020-05-13 16:56:31] [build] Extracting /Users/alexoneill/Documents/GitHub/OSC-Code/Tools/LGTM/codeql/javascript/tools/data/externs/es/es5.js
[2020-05-13 16:56:31] [build] Done extracting /Users/alexoneill/Documents/GitHub/OSC-Code/Tools/LGTM/codeql/javascript/tools/data/externs/es/es5.js (13 ms)
[2020-05-13 16:56:31] [build] Extracting /Users/alexoneill/Documents/GitHub/OSC-Code/Tools/LGTM/codeql/javascript/tools/data/externs/es/intl.js
[2020-05-13 16:56:31] [build] Done extracting /Users/alexoneill/Documents/GitHub/OSC-Code/Tools/LGTM/codeql/javascript/tools/data/externs/es/intl.js (14 ms)
[2020-05-13 16:56:31] [build] Extracting /Users/alexoneill/Documents/GitHub/OSC-Code/Tools/LGTM/codeql/javascript/tools/data/externs/es/es6_collections.js
[2020-05-13 16:56:31] [build] Done extracting /Users/alexoneill/Documents/GitHub/OSC-Code/Tools/LGTM/codeql/javascript/tools/data/externs/es/es6_collections.js (11 ms)
[2020-05-13 16:56:31] [build] Extracting /Users/alexoneill/Documents/GitHub/OSC-Code/Tools/LGTM/codeql/javascript/tools/data/externs/es/es6.js
[2020-05-13 16:56:31] [build] Done extracting /Users/alexoneill/Documents/GitHub/OSC-Code/Tools/LGTM/codeql/javascript/tools/data/externs/es/es6.js (82 ms)
[2020-05-13 16:56:31] [build] Extracting /Users/alexoneill/Documents/GitHub/OSC-Code/Tools/LGTM/codeql/javascript/tools/data/externs/es/es2017.js
[2020-05-13 16:56:31] [build] Done extracting /Users/alexoneill/Documents/GitHub/OSC-Code/Tools/LGTM/codeql/javascript/tools/data/externs/es/es2017.js (5 ms)
[2020-05-13 16:56:31] [build] Extracting /Users/alexoneill/Documents/GitHub/OSC-Code/Tools/LGTM/codeql/javascript/tools/data/externs/es/es3.js
[2020-05-13 16:56:31] [build] Done extracting /Users/alexoneill/Documents/GitHub/OSC-Code/Tools/LGTM/codeql/javascript/tools/data/externs/es/es3.js (127 ms)
[2020-05-13 16:56:31] [build] Extracting /Users/alexoneill/Documents/GitHub/OSC-Code/Tools/LGTM/codeql/javascript/tools/data/externs/es/es2016.js
[2020-05-13 16:56:31] [build] Done extracting /Users/alexoneill/Documents/GitHub/OSC-Code/Tools/LGTM/codeql/javascript/tools/data/externs/es/es2016.js (1 ms)
[2020-05-13 16:56:31] Plumbing command codeql database trace-command completed.
[2020-05-13 16:56:31] [PROGRESS] database create> Finalizing database at /Users/alexoneill/Documents/GitHub/OSC-Code/Tools/LGTM/DB_Storage/ecc-jsbn-0-2-0DB.
[2020-05-13 16:56:31] Running plumbing command: codeql database finalize --mode=normal -- /Users/alexoneill/Documents/GitHub/OSC-Code/Tools/LGTM/DB_Storage/ecc-jsbn-0-2-0DB
[2020-05-13 16:56:31] [PROGRESS] database finalize> Running TRAP import for CodeQL database at /Users/alexoneill/Documents/GitHub/OSC-Code/Tools/LGTM/DB_Storage/ecc-jsbn-0-2-0DB...
[2020-05-13 16:56:31] Running plumbing command: codeql dataset import --dbscheme=/Users/alexoneill/Documents/GitHub/OSC-Code/Tools/LGTM/codeql/javascript/semmlecode.javascript.dbscheme -- /Users/alexoneill/Documents/GitHub/OSC-Code/Tools/LGTM/DB_Storage/ecc-jsbn-0-2-0DB/db-javascript /Users/alexoneill/Documents/GitHub/OSC-Code/Tools/LGTM/DB_Storage/ecc-jsbn-0-2-0DB/trap/javascript
[2020-05-13 16:56:32] Clearing disk cache since the version file /Users/alexoneill/Documents/GitHub/OSC-Code/Tools/LGTM/DB_Storage/ecc-jsbn-0-2-0DB/db-javascript/default/cache/version does not exist
[2020-05-13 16:56:32] Tuple pool not found. Clearing relations with cached strings
[2020-05-13 16:56:32] Trimming disk cache at /Users/alexoneill/Documents/GitHub/OSC-Code/Tools/LGTM/DB_Storage/ecc-jsbn-0-2-0DB/db-javascript/default/cache in mode brutal.
[2020-05-13 16:56:32] Sequence stamp origin is -6727450404739214246
[2020-05-13 16:56:32] Stopped the world to hard-clear memory at sequence stamp o+0
[2020-05-13 16:56:32] Starting the world again
[2020-05-13 16:56:32] Stopped the world to quickly trim disk at sequence stamp o+1
[2020-05-13 16:56:32] Starting the world again
[2020-05-13 16:56:32] Stopped the world to zealously trim disk at sequence stamp o+2
[2020-05-13 16:56:32] Starting the world again
[2020-05-13 16:56:32] Trimming completed (10ms): Purged everything.
[2020-05-13 16:56:32] Scanning for files in /Users/alexoneill/Documents/GitHub/OSC-Code/Tools/LGTM/DB_Storage/ecc-jsbn-0-2-0DB/trap/javascript
[2020-05-13 16:56:32] Importing es2016.js.trap.gz (1 of 116)
[2020-05-13 16:56:32] Importing es2017.js.trap.gz (2 of 116)
[2020-05-13 16:56:32] Importing es3.js.trap.gz (3 of 116)
[2020-05-13 16:56:32] Importing es5.js.trap.gz (4 of 116)
[2020-05-13 16:56:32] Importing es6.js.trap.gz (5 of 116)
[2020-05-13 16:56:32] Importing es6_collections.js.trap.gz (6 of 116)
[2020-05-13 16:56:32] Importing intl.js.trap.gz (7 of 116)
[2020-05-13 16:56:32] Importing proxy.js.trap.gz (8 of 116)
[2020-05-13 16:56:32] Importing bdd.js.trap.gz (9 of 116)
[2020-05-13 16:56:32] Importing jquery-3.2.js.trap.gz (10 of 116)
[2020-05-13 16:56:32] Importing should.js.trap.gz (11 of 116)
[2020-05-13 16:56:32] Importing vows.js.trap.gz (12 of 116)
[2020-05-13 16:56:33] Importing assert.js.trap.gz (13 of 116)
[2020-05-13 16:56:33] Importing assert_legacy.js.trap.gz (14 of 116)
[2020-05-13 16:56:33] Importing buffer.js.trap.gz (15 of 116)
[2020-05-13 16:56:33] Importing child_process.js.trap.gz (16 of 116)
[2020-05-13 16:56:33] Importing cluster.js.trap.gz (17 of 116)
[2020-05-13 16:56:33] Importing console.js.trap.gz (18 of 116)
[2020-05-13 16:56:33] Importing constants.js.trap.gz (19 of 116)
[2020-05-13 16:56:33] Importing crypto.js.trap.gz (20 of 116)
[2020-05-13 16:56:33] Importing dgram.js.trap.gz (21 of 116)
[2020-05-13 16:56:33] Importing dns.js.trap.gz (22 of 116)
[2020-05-13 16:56:33] Importing domain.js.trap.gz (23 of 116)
[2020-05-13 16:56:33] Importing events.js.trap.gz (24 of 116)
[2020-05-13 16:56:33] Importing fs.js.trap.gz (25 of 116)
[2020-05-13 16:56:33] Importing globals.js.trap.gz (26 of 116)
[2020-05-13 16:56:33] Importing http.js.trap.gz (27 of 116)
[2020-05-13 16:56:33] Importing https.js.trap.gz (28 of 116)
[2020-05-13 16:56:33] Importing module.js.trap.gz (29 of 116)
[2020-05-13 16:56:33] Importing net.js.trap.gz (30 of 116)
[2020-05-13 16:56:33] Importing os.js.trap.gz (31 of 116)
[2020-05-13 16:56:33] Importing path.js.trap.gz (32 of 116)
[2020-05-13 16:56:33] Importing process.js.trap.gz (33 of 116)
[2020-05-13 16:56:33] Importing punycode.js.trap.gz (34 of 116)
[2020-05-13 16:56:33] Importing querystring.js.trap.gz (35 of 116)
[2020-05-13 16:56:33] Importing readline.js.trap.gz (36 of 116)
[2020-05-13 16:56:33] Importing repl.js.trap.gz (37 of 116)
[2020-05-13 16:56:33] Importing stream.js.trap.gz (38 of 116)
[2020-05-13 16:56:33] Importing string_decoder.js.trap.gz (39 of 116)
[2020-05-13 16:56:33] Importing sys.js.trap.gz (40 of 116)
[2020-05-13 16:56:33] Importing timers.js.trap.gz (41 of 116)
[2020-05-13 16:56:33] Importing tls.js.trap.gz (42 of 116)
[2020-05-13 16:56:33] Importing tty.js.trap.gz (43 of 116)
[2020-05-13 16:56:33] Importing url.js.trap.gz (44 of 116)
[2020-05-13 16:56:33] Importing util.js.trap.gz (45 of 116)
[2020-05-13 16:56:33] Importing v8.js.trap.gz (46 of 116)
[2020-05-13 16:56:33] Importing vm.js.trap.gz (47 of 116)
[2020-05-13 16:56:33] Importing zlib.js.trap.gz (48 of 116)
[2020-05-13 16:56:33] Importing jsshell.js.trap.gz (49 of 116)
[2020-05-13 16:56:34] Importing rhino.js.trap.gz (50 of 116)
[2020-05-13 16:56:34] Importing spidermonkey.js.trap.gz (51 of 116)
[2020-05-13 16:56:34] Importing v8.js.trap.gz (52 of 116)
[2020-05-13 16:56:34] Importing chrome.js.trap.gz (53 of 116)
[2020-05-13 16:56:34] Importing fetchapi.js.trap.gz (54 of 116)
[2020-05-13 16:56:34] Importing fileapi.js.trap.gz (55 of 116)
[2020-05-13 16:56:34] Importing flash.js.trap.gz (56 of 116)
[2020-05-13 16:56:34] Importing gecko_css.js.trap.gz (57 of 116)
[2020-05-13 16:56:34] Importing gecko_dom.js.trap.gz (58 of 116)
[2020-05-13 16:56:34] Importing gecko_event.js.trap.gz (59 of 116)
[2020-05-13 16:56:34] Importing gecko_ext.js.trap.gz (60 of 116)
[2020-05-13 16:56:34] Importing gecko_xml.js.trap.gz (61 of 116)
[2020-05-13 16:56:34] Importing html5.js.trap.gz (62 of 116)
[2020-05-13 16:56:34] Importing ie_css.js.trap.gz (63 of 116)
[2020-05-13 16:56:34] Importing ie_dom.js.trap.gz (64 of 116)
[2020-05-13 16:56:34] Importing ie_event.js.trap.gz (65 of 116)
[2020-05-13 16:56:34] Importing ie_vml.js.trap.gz (66 of 116)
[2020-05-13 16:56:34] Importing intl.js.trap.gz (67 of 116)
[2020-05-13 16:56:34] Importing iphone.js.trap.gz (68 of 116)
[2020-05-13 16:56:34] Importing mediasource.js.trap.gz (69 of 116)
[2020-05-13 16:56:34] Importing page_visibility.js.trap.gz (70 of 116)
[2020-05-13 16:56:34] Importing streamsapi.js.trap.gz (71 of 116)
[2020-05-13 16:56:34] Importing url.js.trap.gz (72 of 116)
[2020-05-13 16:56:34] Importing w3c_anim_timing.js.trap.gz (73 of 116)
[2020-05-13 16:56:34] Importing w3c_batterystatus.js.trap.gz (74 of 116)
[2020-05-13 16:56:34] Importing w3c_css.js.trap.gz (75 of 116)
[2020-05-13 16:56:34] Importing w3c_css3d.js.trap.gz (76 of 116)
[2020-05-13 16:56:34] Importing w3c_device_sensor_event.js.trap.gz (77 of 116)
[2020-05-13 16:56:34] Importing w3c_dom1.js.trap.gz (78 of 116)
[2020-05-13 16:56:34] Importing w3c_dom2.js.trap.gz (79 of 116)
[2020-05-13 16:56:34] Importing w3c_dom3.js.trap.gz (80 of 116)
[2020-05-13 16:56:34] Importing w3c_dom4.js.trap.gz (81 of 116)
[2020-05-13 16:56:34] Importing w3c_elementtraversal.js.trap.gz (82 of 116)
[2020-05-13 16:56:34] Importing w3c_encoding.js.trap.gz (83 of 116)
[2020-05-13 16:56:34] Importing w3c_event.js.trap.gz (84 of 116)
[2020-05-13 16:56:34] Importing w3c_event3.js.trap.gz (85 of 116)
[2020-05-13 16:56:34] Importing w3c_gamepad.js.trap.gz (86 of 116)
[2020-05-13 16:56:34] Importing w3c_geolocation.js.trap.gz (87 of 116)
[2020-05-13 16:56:34] Importing w3c_indexeddb.js.trap.gz (88 of 116)
[2020-05-13 16:56:34] Importing w3c_midi.js.trap.gz (89 of 116)
[2020-05-13 16:56:34] Importing w3c_navigation_timing.js.trap.gz (90 of 116)
[2020-05-13 16:56:34] Importing w3c_permissions.js.trap.gz (91 of 116)
[2020-05-13 16:56:34] Importing w3c_pointer_events.js.trap.gz (92 of 116)
[2020-05-13 16:56:34] Importing w3c_range.js.trap.gz (93 of 116)
[2020-05-13 16:56:34] Importing w3c_requestidlecallback.js.trap.gz (94 of 116)
[2020-05-13 16:56:34] Importing w3c_rtc.js.trap.gz (95 of 116)
[2020-05-13 16:56:34] Importing w3c_screen_orientation.js.trap.gz (96 of 116)
[2020-05-13 16:56:34] Importing w3c_selectors.js.trap.gz (97 of 116)
[2020-05-13 16:56:34] Importing w3c_serviceworker.js.trap.gz (98 of 116)
[2020-05-13 16:56:34] Importing w3c_touch_event.js.trap.gz (99 of 116)
[2020-05-13 16:56:34] Importing w3c_webcrypto.js.trap.gz (100 of 116)
[2020-05-13 16:56:34] Importing w3c_xml.js.trap.gz (101 of 116)
[2020-05-13 16:56:34] Importing webgl.js.trap.gz (102 of 116)
[2020-05-13 16:56:35] Importing webkit_css.js.trap.gz (103 of 116)
[2020-05-13 16:56:35] Importing webkit_dom.js.trap.gz (104 of 116)
[2020-05-13 16:56:35] Importing webkit_event.js.trap.gz (105 of 116)
[2020-05-13 16:56:35] Importing webkit_notifications.js.trap.gz (106 of 116)
[2020-05-13 16:56:35] Importing webkit_usercontent.js.trap.gz (107 of 116)
[2020-05-13 16:56:35] Importing webstorage.js.trap.gz (108 of 116)
[2020-05-13 16:56:35] Importing whatwg_encoding.js.trap.gz (109 of 116)
[2020-05-13 16:56:35] Importing window.js.trap.gz (110 of 116)
[2020-05-13 16:56:35] Importing index.js.trap.gz (111 of 116)
[2020-05-13 16:56:35] Importing ec.js.trap.gz (112 of 116)
[2020-05-13 16:56:35] Importing sec.js.trap.gz (113 of 116)
[2020-05-13 16:56:35] Importing package.json.trap.gz (114 of 116)
[2020-05-13 16:56:35] Importing test.js.trap.gz (115 of 116)
[2020-05-13 16:56:35] Importing sourceLocationPrefix.trap.gz (116 of 116)
[2020-05-13 16:56:35] Merging 1 fragments for files.
[2020-05-13 16:56:35] Merging 1 fragments for folders.
[2020-05-13 16:56:35] Merging 1 fragments for containerparent.
[2020-05-13 16:56:35] Merging 2 fragments for locations_default.
[2020-05-13 16:56:35] Merging 3 fragments for hasLocation.
[2020-05-13 16:56:36] Merging 1 fragments for extraction_data.
[2020-05-13 16:56:36] Merging 1 fragments for scopes.
[2020-05-13 16:56:36] Merging 1 fragments for comments.
[2020-05-13 16:56:36] Merging 1 fragments for indentation.
[2020-05-13 16:56:36] Merging 1 fragments for numlines.
[2020-05-13 16:56:36] Merging 1 fragments for tokeninfo.
[2020-05-13 16:56:36] Merging 1 fragments for next_token.
[2020-05-13 16:56:36] Merging 1 fragments for jsdoc.
[2020-05-13 16:56:36] Merging 1 fragments for jsdoc_tags.
[2020-05-13 16:56:36] Merging 1 fragments for jsdoc_tag_descriptions.
[2020-05-13 16:56:36] Merging 1 fragments for jsdoc_tag_names.
[2020-05-13 16:56:36] Merging 1 fragments for jsdoc_type_exprs.
[2020-05-13 16:56:36] Merging 1 fragments for toplevels.
[2020-05-13 16:56:36] Merging 1 fragments for stmts.
[2020-05-13 16:56:36] Merging 1 fragments for stmtContainers.
[2020-05-13 16:56:36] Merging 1 fragments for exprs.
[2020-05-13 16:56:36] Merging 1 fragments for enclosingStmt.
[2020-05-13 16:56:36] Merging 1 fragments for exprContainers.
[2020-05-13 16:56:36] Merging 1 fragments for literals.
[2020-05-13 16:56:36] Merging 1 fragments for variables.
[2020-05-13 16:56:36] Merging 1 fragments for bind.
[2020-05-13 16:56:36] Merging 1 fragments for scopenodes.
[2020-05-13 16:56:36] Merging 1 fragments for scopenesting.
[2020-05-13 16:56:36] Merging 1 fragments for decl.
[2020-05-13 16:56:36] Merging 1 fragments for isArgumentsObject.
[2020-05-13 16:56:36] Merging 1 fragments for entry_cfg_node.
[2020-05-13 16:56:36] Merging 1 fragments for exit_cfg_node.
[2020-05-13 16:56:36] Merging 1 fragments for successor.
[2020-05-13 16:56:36] Merging 1 fragments for isExterns.
[2020-05-13 16:56:36] Merging 1 fragments for filetype.
[2020-05-13 16:56:36] Merging 1 fragments for extraction_time.
[2020-05-13 16:56:36] Merging 1 fragments for jsdoc_prefix_qualifier.
[2020-05-13 16:56:36] Merging 1 fragments for jsdoc_errors.
[2020-05-13 16:56:36] Merging 1 fragments for jsdoc_record_field_name.
[2020-05-13 16:56:36] Merging 1 fragments for jsdoc_has_new_parameter.
[2020-05-13 16:56:36] Merging 1 fragments for properties.
[2020-05-13 16:56:36] Merging 1 fragments for regexpterm.
[2020-05-13 16:56:36] Merging 1 fragments for regexpConstValue.
[2020-05-13 16:56:36] Merging 1 fragments for guard_node.
[2020-05-13 16:56:36] Merging 1 fragments for isModule.
[2020-05-13 16:56:36] Merging 1 fragments for isNodejs.
[2020-05-13 16:56:36] Merging 1 fragments for local_type_names.
[2020-05-13 16:56:36] Merging 1 fragments for typedecl.
[2020-05-13 16:56:36] Merging 1 fragments for isMethod.
[2020-05-13 16:56:36] Merging 1 fragments for arraySize.
[2020-05-13 16:56:36] Merging 1 fragments for json.
[2020-05-13 16:56:36] Merging 1 fragments for json_locations.
[2020-05-13 16:56:36] Merging 1 fragments for json_literals.
[2020-05-13 16:56:36] Merging 1 fragments for json_properties.
[2020-05-13 16:56:36] Merging 1 fragments for sourceLocationPrefix.
[2020-05-13 16:56:36] Saving string and id pools to disk.
[2020-05-13 16:56:36] Finished importing trap files.
[2020-05-13 16:56:36] Stopped the world to close the cache at sequence stamp o+3
[2020-05-13 16:56:36] The disk cache is freshly trimmed; leave it be.
[2020-05-13 16:56:36] Starting the world again
[2020-05-13 16:56:36] Plumbing command codeql dataset import completed.
[2020-05-13 16:56:36] [PROGRESS] database finalize> TRAP import complete (4.6s).
[2020-05-13 16:56:36] Running plumbing command: codeql database cleanup --mode=normal -- /Users/alexoneill/Documents/GitHub/OSC-Code/Tools/LGTM/DB_Storage/ecc-jsbn-0-2-0DB
[2020-05-13 16:56:36] [PROGRESS] database cleanup> Cleaning up existing TRAP files after import...
[2020-05-13 16:56:36] [PROGRESS] database cleanup> TRAP files cleaned up (25ms).
[2020-05-13 16:56:36] Running plumbing command: codeql dataset cleanup --mode=normal -- /Users/alexoneill/Documents/GitHub/OSC-Code/Tools/LGTM/DB_Storage/ecc-jsbn-0-2-0DB/db-javascript
[2020-05-13 16:56:36] [PROGRESS] dataset cleanup> Cleaning up dataset in /Users/alexoneill/Documents/GitHub/OSC-Code/Tools/LGTM/DB_Storage/ecc-jsbn-0-2-0DB/db-javascript.
[2020-05-13 16:56:36] Trimming disk cache at /Users/alexoneill/Documents/GitHub/OSC-Code/Tools/LGTM/DB_Storage/ecc-jsbn-0-2-0DB/db-javascript/default/cache in mode normal.
[2020-05-13 16:56:36] Sequence stamp origin is -6727450384772087381
[2020-05-13 16:56:36] Stopped the world to zealously trim disk at sequence stamp o+0
[2020-05-13 16:56:36] Starting the world again
[2020-05-13 16:56:36] Trimming completed (1ms): Trimmed disposable data from cache.
[2020-05-13 16:56:36] Stopped the world to close the cache at sequence stamp o+1
[2020-05-13 16:56:36] The disk cache is freshly trimmed; leave it be.
[2020-05-13 16:56:36] Starting the world again
[2020-05-13 16:56:36] [PROGRESS] dataset cleanup> Trimmed disposable data from cache.
[2020-05-13 16:56:36] Plumbing command codeql dataset cleanup completed.
[2020-05-13 16:56:36] Plumbing command codeql database cleanup completed with status 0.
[2020-05-13 16:56:36] Plumbing command codeql database finalize completed with status 0.
[2020-05-13 16:56:36] [PROGRESS] database create> Successfully created database at /Users/alexoneill/Documents/GitHub/OSC-Code/Tools/LGTM/DB_Storage/ecc-jsbn-0-2-0DB.
[2020-05-13 16:56:36] Terminating normally.
