[2020-04-30 17:30:08] This is codeql execute queries -J-Xmx1024M --off-heap-ram=1024 --verbosity=progress --logdir=/Users/alexoneill/Documents/GitHub/OSC-Code/Tools/LGTM/DB_Storage/jade1-0-0DB/log --ml-model-path=/Users/alexoneill/Documents/GitHub/OSC-Code/Tools/LGTM --native-library-path=/Users/alexoneill/Documents/GitHub/OSC-Code/Tools/LGTM --warnings=show --no-rerun --output=/Users/alexoneill/Documents/GitHub/OSC-Code/Tools/LGTM/DB_Storage/jade1-0-0DB/results -- /Users/alexoneill/Documents/GitHub/OSC-Code/Tools/LGTM/DB_Storage/jade1-0-0DB/db-javascript /Users/alexoneill/Documents/GitHub/OSC-Code/Tools/LGTM/OSC_CodeQueries/customCodeInjection2.ql
[2020-04-30 17:30:08] Calling plumbing command: codeql resolve queries --format=json -- /Users/alexoneill/Documents/GitHub/OSC-Code/Tools/LGTM/OSC_CodeQueries/customCodeInjection2.ql
[2020-04-30 17:30:08] Plumbing command codeql resolve queries completed:
                      [
                        "/Users/alexoneill/Documents/GitHub/OSC-Code/Tools/LGTM/OSC_CodeQueries/customCodeInjection2.ql"
                      ]
[2020-04-30 17:30:08] Creating executor with 1 threads.
[2020-04-30 17:30:09] Calling plumbing command: codeql resolve library-path --query=/Users/alexoneill/Documents/GitHub/OSC-Code/Tools/LGTM/OSC_CodeQueries/customCodeInjection2.ql --format=json
[2020-04-30 17:30:09] [DETAILS] resolve library-path> Resolving query at normalized path /Users/alexoneill/Documents/GitHub/OSC-Code/Tools/LGTM/OSC_CodeQueries/customCodeInjection2.ql.
[2020-04-30 17:30:09] [DETAILS] resolve library-path> Found enclosing pack 'OSC-codeql-javascript' at /Users/alexoneill/Documents/GitHub/OSC-Code/Tools/LGTM/OSC_CodeQueries.
[2020-04-30 17:30:09] [DETAILS] resolve library-path> Adding compilation cache at /Users/alexoneill/Documents/GitHub/OSC-Code/Tools/LGTM/OSC_CodeQueries/.cache.
[2020-04-30 17:30:09] [DETAILS] resolve library-path> Resolving library dependencies from /Users/alexoneill/Documents/GitHub/OSC-Code/Tools/LGTM/OSC_CodeQueries/qlpack.yml.
[2020-04-30 17:30:09] [SPAMMIER] resolve library-path> Recursing into /Users/alexoneill/Documents/GitHub/OSC-Code/Tools/LGTM/codeql-home.
[2020-04-30 17:30:09] [ERROR] resolve library-path> ERROR: Dependency not found: codeql-javascript (/Users/alexoneill/Documents/GitHub/OSC-Code/Tools/LGTM/OSC_CodeQueries/qlpack.yml:1,1-1)
[2020-04-30 17:30:09] [ERROR] Exception collected asynchronously; saving it while cancelling everything
                              com.semmle.util.exception.UserError: Could not resolve library path for /Users/alexoneill/Documents/GitHub/OSC-Code/Tools/LGTM/OSC_CodeQueries
                              	at com.semmle.cli2.resolve.ResolveLibraryPathCommand.executeJSON(ResolveLibraryPathCommand.java:228)
                              	at com.semmle.cli2.resolve.ResolveLibraryPathCommand.executeJSON(ResolveLibraryPathCommand.java:44)
                              	at com.semmle.cli2.picocli.SimpleJsonSubcommand.executeInsistingOnJSON(SimpleJsonSubcommand.java:101)
                              	at com.semmle.cli2.picocli.PlumbingRunner.call(PlumbingRunner.java:49)
                              	at com.semmle.cli2.picocli.SubcommandCommon.callPlumbingInProcess(SubcommandCommon.java:114)
                              	at com.semmle.cli2.execute.ExecuteQueriesCommand.lambda$executeSubcommand$0(ExecuteQueriesCommand.java:137)
                              	at com.semmle.cli2.ql.Paralleliser$1.lambda$next$0(Paralleliser.java:68)
                              	at com.semmle.util.concurrent.FutureUtils.supplyCompose(FutureUtils.java:217)
                              	at com.semmle.cli2.ql.Paralleliser.lambda$startMoreJobs$1(Paralleliser.java:98)
                              	at java.base/java.util.concurrent.ThreadPoolExecutor.runWorker(Unknown Source)
                              	at java.base/java.util.concurrent.ThreadPoolExecutor$Worker.run(Unknown Source)
                              	at java.base/java.lang.Thread.run(Unknown Source)
[2020-04-30 17:30:09] Sequence stamp origin is -6732265849651146765
[2020-04-30 17:30:09] Stopped the world to close the cache at sequence stamp o+0
[2020-04-30 17:30:09] The disk cache is freshly trimmed; leave it be.
[2020-04-30 17:30:09] Starting the world again
[2020-04-30 17:30:09] Excption caught in async task: Could not resolve library path for /Users/alexoneill/Documents/GitHub/OSC-Code/Tools/LGTM/OSC_CodeQueries
                      com.semmle.cli2.resolve.ResolveLibraryPathCommand.executeJSON(ResolveLibraryPathCommand.java:228)
                      com.semmle.cli2.resolve.ResolveLibraryPathCommand.executeJSON(ResolveLibraryPathCommand.java:44)
                      com.semmle.cli2.picocli.SimpleJsonSubcommand.executeInsistingOnJSON(SimpleJsonSubcommand.java:101)
                      com.semmle.cli2.picocli.PlumbingRunner.call(PlumbingRunner.java:49)
                      com.semmle.cli2.picocli.SubcommandCommon.callPlumbingInProcess(SubcommandCommon.java:114)
                      com.semmle.cli2.execute.ExecuteQueriesCommand.lambda$executeSubcommand$0(ExecuteQueriesCommand.java:137)
                      com.semmle.cli2.ql.Paralleliser$1.lambda$next$0(Paralleliser.java:68)
                      com.semmle.util.concurrent.FutureUtils.supplyCompose(FutureUtils.java:217)
                      com.semmle.cli2.ql.Paralleliser.lambda$startMoreJobs$1(Paralleliser.java:98)
                      java.base/java.util.concurrent.ThreadPoolExecutor.runWorker(Unknown Source)
                      java.base/java.util.concurrent.ThreadPoolExecutor$Worker.run(Unknown Source)
                      java.base/java.lang.Thread.run(Unknown Source)
