[2020-05-13 16:56:42] This is codeql database create --language=javascript --source-root /Users/alexoneill/Documents/GitHub/OSC-Code/Tools/LGTM/ext_JS_src/ember-data-3.11.4 /Users/alexoneill/Documents/GitHub/OSC-Code/Tools/LGTM/DB_Storage/ember-data-3-11-4DB
[2020-05-13 16:56:42] Log file was started late.
[2020-05-13 16:56:42] Using autobuild script /Users/alexoneill/Documents/GitHub/OSC-Code/Tools/LGTM/codeql/javascript/tools/autobuild.sh.
[2020-05-13 16:56:42] [DETAILS] database create> Detected autobuild command: /Users/alexoneill/Documents/GitHub/OSC-Code/Tools/LGTM/codeql/javascript/tools/autobuild.sh.
[2020-05-13 16:56:42] [PROGRESS] database create> Running command [/Users/alexoneill/Documents/GitHub/OSC-Code/Tools/LGTM/codeql/javascript/tools/autobuild.sh] in /Users/alexoneill/Documents/GitHub/OSC-Code/Tools/LGTM/ext_JS_src/ember-data-3.11.4.
[2020-05-13 16:56:42] Running plumbing command: codeql database trace-command --working-dir=/Users/alexoneill/Documents/GitHub/OSC-Code/Tools/LGTM/ext_JS_src/ember-data-3.11.4 -- /Users/alexoneill/Documents/GitHub/OSC-Code/Tools/LGTM/DB_Storage/ember-data-3-11-4DB /Users/alexoneill/Documents/GitHub/OSC-Code/Tools/LGTM/codeql/javascript/tools/autobuild.sh
[2020-05-13 16:56:42] [PROGRESS] database trace-command> /Users/alexoneill/Documents/GitHub/OSC-Code/Tools/LGTM/DB_Storage/ember-data-3-11-4DB: Running in /Users/alexoneill/Documents/GitHub/OSC-Code/Tools/LGTM/ext_JS_src/ember-data-3.11.4: [/Users/alexoneill/Documents/GitHub/OSC-Code/Tools/LGTM/codeql/javascript/tools/autobuild.sh]
[2020-05-13 16:56:42] [build] Single-threaded extraction.
[2020-05-13 16:56:42] [build] Found Node.js at: node
[2020-05-13 16:56:42] [build] Found Node.js version: v10.16.3
[2020-05-13 16:56:42] [build] Opening project /Users/alexoneill/Documents/GitHub/OSC-Code/Tools/LGTM/ext_JS_src/ember-data-3.11.4/package/tsconfig.json
[2020-05-13 16:56:43] [build] Done opening project /Users/alexoneill/Documents/GitHub/OSC-Code/Tools/LGTM/ext_JS_src/ember-data-3.11.4/package/tsconfig.json (1375 ms)
[2020-05-13 16:56:43] [build] Extracting /Users/alexoneill/Documents/GitHub/OSC-Code/Tools/LGTM/ext_JS_src/ember-data-3.11.4/package/blueprints/serializer/index.js
[2020-05-13 16:56:44] [build] Done extracting /Users/alexoneill/Documents/GitHub/OSC-Code/Tools/LGTM/ext_JS_src/ember-data-3.11.4/package/blueprints/serializer/index.js (118 ms)
[2020-05-13 16:56:44] [build] Extracting /Users/alexoneill/Documents/GitHub/OSC-Code/Tools/LGTM/ext_JS_src/ember-data-3.11.4/package/blueprints/transform-test/index.js
[2020-05-13 16:56:44] [build] Done extracting /Users/alexoneill/Documents/GitHub/OSC-Code/Tools/LGTM/ext_JS_src/ember-data-3.11.4/package/blueprints/transform-test/index.js (3 ms)
[2020-05-13 16:56:44] [build] Extracting /Users/alexoneill/Documents/GitHub/OSC-Code/Tools/LGTM/ext_JS_src/ember-data-3.11.4/package/blueprints/adapter/index.js
[2020-05-13 16:56:44] [build] Done extracting /Users/alexoneill/Documents/GitHub/OSC-Code/Tools/LGTM/ext_JS_src/ember-data-3.11.4/package/blueprints/adapter/index.js (3 ms)
[2020-05-13 16:56:44] [build] Extracting /Users/alexoneill/Documents/GitHub/OSC-Code/Tools/LGTM/ext_JS_src/ember-data-3.11.4/package/blueprints/serializer-test/index.js
[2020-05-13 16:56:44] [build] Done extracting /Users/alexoneill/Documents/GitHub/OSC-Code/Tools/LGTM/ext_JS_src/ember-data-3.11.4/package/blueprints/serializer-test/index.js (3 ms)
[2020-05-13 16:56:44] [build] Extracting /Users/alexoneill/Documents/GitHub/OSC-Code/Tools/LGTM/ext_JS_src/ember-data-3.11.4/package/blueprints/model/index.js
[2020-05-13 16:56:44] [build] Done extracting /Users/alexoneill/Documents/GitHub/OSC-Code/Tools/LGTM/ext_JS_src/ember-data-3.11.4/package/blueprints/model/index.js (3 ms)
[2020-05-13 16:56:44] [build] Extracting /Users/alexoneill/Documents/GitHub/OSC-Code/Tools/LGTM/ext_JS_src/ember-data-3.11.4/package/blueprints/model-test/index.js
[2020-05-13 16:56:44] [build] Done extracting /Users/alexoneill/Documents/GitHub/OSC-Code/Tools/LGTM/ext_JS_src/ember-data-3.11.4/package/blueprints/model-test/index.js (3 ms)
[2020-05-13 16:56:44] [build] Extracting /Users/alexoneill/Documents/GitHub/OSC-Code/Tools/LGTM/ext_JS_src/ember-data-3.11.4/package/blueprints/transform/index.js
[2020-05-13 16:56:44] [build] Done extracting /Users/alexoneill/Documents/GitHub/OSC-Code/Tools/LGTM/ext_JS_src/ember-data-3.11.4/package/blueprints/transform/index.js (4 ms)
[2020-05-13 16:56:44] [build] Extracting /Users/alexoneill/Documents/GitHub/OSC-Code/Tools/LGTM/ext_JS_src/ember-data-3.11.4/package/blueprints/adapter-test/index.js
[2020-05-13 16:56:44] [build] Done extracting /Users/alexoneill/Documents/GitHub/OSC-Code/Tools/LGTM/ext_JS_src/ember-data-3.11.4/package/blueprints/adapter-test/index.js (3 ms)
[2020-05-13 16:56:44] [build] Extracting /Users/alexoneill/Documents/GitHub/OSC-Code/Tools/LGTM/ext_JS_src/ember-data-3.11.4/package/app/instance-initializers/ember-data.js
[2020-05-13 16:56:44] [build] Done extracting /Users/alexoneill/Documents/GitHub/OSC-Code/Tools/LGTM/ext_JS_src/ember-data-3.11.4/package/app/instance-initializers/ember-data.js (6 ms)
[2020-05-13 16:56:44] [build] Extracting /Users/alexoneill/Documents/GitHub/OSC-Code/Tools/LGTM/ext_JS_src/ember-data-3.11.4/package/app/initializers/ember-data.js
[2020-05-13 16:56:44] [build] Done extracting /Users/alexoneill/Documents/GitHub/OSC-Code/Tools/LGTM/ext_JS_src/ember-data-3.11.4/package/app/initializers/ember-data.js (4 ms)
[2020-05-13 16:56:44] [build] Extracting /Users/alexoneill/Documents/GitHub/OSC-Code/Tools/LGTM/ext_JS_src/ember-data-3.11.4/package/config/environment.js
[2020-05-13 16:56:44] [build] Done extracting /Users/alexoneill/Documents/GitHub/OSC-Code/Tools/LGTM/ext_JS_src/ember-data-3.11.4/package/config/environment.js (6 ms)
[2020-05-13 16:56:44] [build] Extracting /Users/alexoneill/Documents/GitHub/OSC-Code/Tools/LGTM/ext_JS_src/ember-data-3.11.4/package/index.js
[2020-05-13 16:56:44] [build] Done extracting /Users/alexoneill/Documents/GitHub/OSC-Code/Tools/LGTM/ext_JS_src/ember-data-3.11.4/package/index.js (8 ms)
[2020-05-13 16:56:44] [build] Extracting /Users/alexoneill/Documents/GitHub/OSC-Code/Tools/LGTM/ext_JS_src/ember-data-3.11.4/package/package.json
[2020-05-13 16:56:44] [build] Done extracting /Users/alexoneill/Documents/GitHub/OSC-Code/Tools/LGTM/ext_JS_src/ember-data-3.11.4/package/package.json (7 ms)
[2020-05-13 16:56:44] [build] Extracting /Users/alexoneill/Documents/GitHub/OSC-Code/Tools/LGTM/ext_JS_src/ember-data-3.11.4/package/addon/adapter.js
[2020-05-13 16:56:44] [build] Done extracting /Users/alexoneill/Documents/GitHub/OSC-Code/Tools/LGTM/ext_JS_src/ember-data-3.11.4/package/addon/adapter.js (5 ms)
[2020-05-13 16:56:44] [build] Extracting /Users/alexoneill/Documents/GitHub/OSC-Code/Tools/LGTM/ext_JS_src/ember-data-3.11.4/package/addon/-private/features.js
[2020-05-13 16:56:44] [build] Done extracting /Users/alexoneill/Documents/GitHub/OSC-Code/Tools/LGTM/ext_JS_src/ember-data-3.11.4/package/addon/-private/features.js (3 ms)
[2020-05-13 16:56:44] [build] Extracting /Users/alexoneill/Documents/GitHub/OSC-Code/Tools/LGTM/ext_JS_src/ember-data-3.11.4/package/addon/-private/core.js
[2020-05-13 16:56:44] [build] Done extracting /Users/alexoneill/Documents/GitHub/OSC-Code/Tools/LGTM/ext_JS_src/ember-data-3.11.4/package/addon/-private/core.js (9 ms)
[2020-05-13 16:56:44] [build] Extracting /Users/alexoneill/Documents/GitHub/OSC-Code/Tools/LGTM/ext_JS_src/ember-data-3.11.4/package/addon/-private/index.js
[2020-05-13 16:56:44] [build] Done extracting /Users/alexoneill/Documents/GitHub/OSC-Code/Tools/LGTM/ext_JS_src/ember-data-3.11.4/package/addon/-private/index.js (7 ms)
[2020-05-13 16:56:44] [build] Extracting /Users/alexoneill/Documents/GitHub/OSC-Code/Tools/LGTM/ext_JS_src/ember-data-3.11.4/package/addon/-private/system/debug/debug-adapter.js
[2020-05-13 16:56:44] [build] Done extracting /Users/alexoneill/Documents/GitHub/OSC-Code/Tools/LGTM/ext_JS_src/ember-data-3.11.4/package/addon/-private/system/debug/debug-adapter.js (47 ms)
[2020-05-13 16:56:44] [build] Extracting /Users/alexoneill/Documents/GitHub/OSC-Code/Tools/LGTM/ext_JS_src/ember-data-3.11.4/package/addon/store.js
[2020-05-13 16:56:44] [build] Done extracting /Users/alexoneill/Documents/GitHub/OSC-Code/Tools/LGTM/ext_JS_src/ember-data-3.11.4/package/addon/store.js (2 ms)
[2020-05-13 16:56:44] [build] Extracting /Users/alexoneill/Documents/GitHub/OSC-Code/Tools/LGTM/ext_JS_src/ember-data-3.11.4/package/addon/index.js
[2020-05-13 16:56:44] [build] Done extracting /Users/alexoneill/Documents/GitHub/OSC-Code/Tools/LGTM/ext_JS_src/ember-data-3.11.4/package/addon/index.js (42 ms)
[2020-05-13 16:56:44] [build] Extracting /Users/alexoneill/Documents/GitHub/OSC-Code/Tools/LGTM/ext_JS_src/ember-data-3.11.4/package/addon/adapters/rest.js
[2020-05-13 16:56:44] [build] Done extracting /Users/alexoneill/Documents/GitHub/OSC-Code/Tools/LGTM/ext_JS_src/ember-data-3.11.4/package/addon/adapters/rest.js (2 ms)
[2020-05-13 16:56:44] [build] Extracting /Users/alexoneill/Documents/GitHub/OSC-Code/Tools/LGTM/ext_JS_src/ember-data-3.11.4/package/addon/adapters/errors.js
[2020-05-13 16:56:44] [build] Done extracting /Users/alexoneill/Documents/GitHub/OSC-Code/Tools/LGTM/ext_JS_src/ember-data-3.11.4/package/addon/adapters/errors.js (3 ms)
[2020-05-13 16:56:44] [build] Extracting /Users/alexoneill/Documents/GitHub/OSC-Code/Tools/LGTM/ext_JS_src/ember-data-3.11.4/package/addon/adapters/json-api.js
[2020-05-13 16:56:44] [build] Done extracting /Users/alexoneill/Documents/GitHub/OSC-Code/Tools/LGTM/ext_JS_src/ember-data-3.11.4/package/addon/adapters/json-api.js (2 ms)
[2020-05-13 16:56:44] [build] Extracting /Users/alexoneill/Documents/GitHub/OSC-Code/Tools/LGTM/ext_JS_src/ember-data-3.11.4/package/addon/serializers/rest.js
[2020-05-13 16:56:44] [build] Done extracting /Users/alexoneill/Documents/GitHub/OSC-Code/Tools/LGTM/ext_JS_src/ember-data-3.11.4/package/addon/serializers/rest.js (2 ms)
[2020-05-13 16:56:44] [build] Extracting /Users/alexoneill/Documents/GitHub/OSC-Code/Tools/LGTM/ext_JS_src/ember-data-3.11.4/package/addon/serializers/json-api.js
[2020-05-13 16:56:44] [build] Done extracting /Users/alexoneill/Documents/GitHub/OSC-Code/Tools/LGTM/ext_JS_src/ember-data-3.11.4/package/addon/serializers/json-api.js (1 ms)
[2020-05-13 16:56:44] [build] Extracting /Users/alexoneill/Documents/GitHub/OSC-Code/Tools/LGTM/ext_JS_src/ember-data-3.11.4/package/addon/serializers/json.js
[2020-05-13 16:56:44] [build] Done extracting /Users/alexoneill/Documents/GitHub/OSC-Code/Tools/LGTM/ext_JS_src/ember-data-3.11.4/package/addon/serializers/json.js (2 ms)
[2020-05-13 16:56:44] [build] Extracting /Users/alexoneill/Documents/GitHub/OSC-Code/Tools/LGTM/ext_JS_src/ember-data-3.11.4/package/addon/serializers/embedded-records-mixin.js
[2020-05-13 16:56:44] [build] Done extracting /Users/alexoneill/Documents/GitHub/OSC-Code/Tools/LGTM/ext_JS_src/ember-data-3.11.4/package/addon/serializers/embedded-records-mixin.js (2 ms)
[2020-05-13 16:56:44] [build] Extracting /Users/alexoneill/Documents/GitHub/OSC-Code/Tools/LGTM/ext_JS_src/ember-data-3.11.4/package/addon/relationships.js
[2020-05-13 16:56:44] [build] Done extracting /Users/alexoneill/Documents/GitHub/OSC-Code/Tools/LGTM/ext_JS_src/ember-data-3.11.4/package/addon/relationships.js (1 ms)
[2020-05-13 16:56:44] [build] Extracting /Users/alexoneill/Documents/GitHub/OSC-Code/Tools/LGTM/ext_JS_src/ember-data-3.11.4/package/addon/attr.js
[2020-05-13 16:56:44] [build] Done extracting /Users/alexoneill/Documents/GitHub/OSC-Code/Tools/LGTM/ext_JS_src/ember-data-3.11.4/package/addon/attr.js (1 ms)
[2020-05-13 16:56:44] [build] Extracting /Users/alexoneill/Documents/GitHub/OSC-Code/Tools/LGTM/ext_JS_src/ember-data-3.11.4/package/addon/setup-container.js
[2020-05-13 16:56:44] [build] Done extracting /Users/alexoneill/Documents/GitHub/OSC-Code/Tools/LGTM/ext_JS_src/ember-data-3.11.4/package/addon/setup-container.js (17 ms)
[2020-05-13 16:56:44] [build] Extracting /Users/alexoneill/Documents/GitHub/OSC-Code/Tools/LGTM/ext_JS_src/ember-data-3.11.4/package/addon/-debug/index.js
[2020-05-13 16:56:44] [build] Done extracting /Users/alexoneill/Documents/GitHub/OSC-Code/Tools/LGTM/ext_JS_src/ember-data-3.11.4/package/addon/-debug/index.js (12 ms)
[2020-05-13 16:56:44] [build] Extracting /Users/alexoneill/Documents/GitHub/OSC-Code/Tools/LGTM/ext_JS_src/ember-data-3.11.4/package/addon/model.js
[2020-05-13 16:56:44] [build] Done extracting /Users/alexoneill/Documents/GitHub/OSC-Code/Tools/LGTM/ext_JS_src/ember-data-3.11.4/package/addon/model.js (2 ms)
[2020-05-13 16:56:44] [build] Extracting /Users/alexoneill/Documents/GitHub/OSC-Code/Tools/LGTM/ext_JS_src/ember-data-3.11.4/package/addon/serializer.js
[2020-05-13 16:56:44] [build] Done extracting /Users/alexoneill/Documents/GitHub/OSC-Code/Tools/LGTM/ext_JS_src/ember-data-3.11.4/package/addon/serializer.js (2 ms)
[2020-05-13 16:56:44] [build] Extracting /Users/alexoneill/Documents/GitHub/OSC-Code/Tools/LGTM/ext_JS_src/ember-data-3.11.4/package/addon/transform.js
[2020-05-13 16:56:44] [build] Done extracting /Users/alexoneill/Documents/GitHub/OSC-Code/Tools/LGTM/ext_JS_src/ember-data-3.11.4/package/addon/transform.js (2 ms)
[2020-05-13 16:56:44] [build] Extracting /Users/alexoneill/Documents/GitHub/OSC-Code/Tools/LGTM/ext_JS_src/ember-data-3.11.4/package/addon/initialize-store-service.js
[2020-05-13 16:56:44] [build] Done extracting /Users/alexoneill/Documents/GitHub/OSC-Code/Tools/LGTM/ext_JS_src/ember-data-3.11.4/package/addon/initialize-store-service.js (3 ms)
[2020-05-13 16:56:44] [build] Extracting /Users/alexoneill/Documents/GitHub/OSC-Code/Tools/LGTM/ext_JS_src/ember-data-3.11.4/package/tsconfig.json
[2020-05-13 16:56:44] [build] Done extracting /Users/alexoneill/Documents/GitHub/OSC-Code/Tools/LGTM/ext_JS_src/ember-data-3.11.4/package/tsconfig.json (3 ms)
[2020-05-13 16:56:44] [build-err] No externs trap cache found
[2020-05-13 16:56:44] [build] Extracting /Users/alexoneill/Documents/GitHub/OSC-Code/Tools/LGTM/codeql/javascript/tools/data/externs/nodejs/constants.js
[2020-05-13 16:56:44] [build] Done extracting /Users/alexoneill/Documents/GitHub/OSC-Code/Tools/LGTM/codeql/javascript/tools/data/externs/nodejs/constants.js (260 ms)
[2020-05-13 16:56:44] [build] Extracting /Users/alexoneill/Documents/GitHub/OSC-Code/Tools/LGTM/codeql/javascript/tools/data/externs/nodejs/net.js
[2020-05-13 16:56:44] [build] Done extracting /Users/alexoneill/Documents/GitHub/OSC-Code/Tools/LGTM/codeql/javascript/tools/data/externs/nodejs/net.js (83 ms)
[2020-05-13 16:56:44] [build] Extracting /Users/alexoneill/Documents/GitHub/OSC-Code/Tools/LGTM/codeql/javascript/tools/data/externs/nodejs/globals.js
[2020-05-13 16:56:44] [build] Done extracting /Users/alexoneill/Documents/GitHub/OSC-Code/Tools/LGTM/codeql/javascript/tools/data/externs/nodejs/globals.js (226 ms)
[2020-05-13 16:56:44] [build] Extracting /Users/alexoneill/Documents/GitHub/OSC-Code/Tools/LGTM/codeql/javascript/tools/data/externs/nodejs/events.js
[2020-05-13 16:56:44] [build] Done extracting /Users/alexoneill/Documents/GitHub/OSC-Code/Tools/LGTM/codeql/javascript/tools/data/externs/nodejs/events.js (18 ms)
[2020-05-13 16:56:44] [build] Extracting /Users/alexoneill/Documents/GitHub/OSC-Code/Tools/LGTM/codeql/javascript/tools/data/externs/nodejs/repl.js
[2020-05-13 16:56:44] [build] Done extracting /Users/alexoneill/Documents/GitHub/OSC-Code/Tools/LGTM/codeql/javascript/tools/data/externs/nodejs/repl.js (12 ms)
[2020-05-13 16:56:44] [build] Extracting /Users/alexoneill/Documents/GitHub/OSC-Code/Tools/LGTM/codeql/javascript/tools/data/externs/nodejs/util.js
[2020-05-13 16:56:44] [build] Done extracting /Users/alexoneill/Documents/GitHub/OSC-Code/Tools/LGTM/codeql/javascript/tools/data/externs/nodejs/util.js (25 ms)
[2020-05-13 16:56:44] [build] Extracting /Users/alexoneill/Documents/GitHub/OSC-Code/Tools/LGTM/codeql/javascript/tools/data/externs/nodejs/dgram.js
[2020-05-13 16:56:44] [build] Done extracting /Users/alexoneill/Documents/GitHub/OSC-Code/Tools/LGTM/codeql/javascript/tools/data/externs/nodejs/dgram.js (19 ms)
[2020-05-13 16:56:44] [build] Extracting /Users/alexoneill/Documents/GitHub/OSC-Code/Tools/LGTM/codeql/javascript/tools/data/externs/nodejs/vm.js
[2020-05-13 16:56:44] [build] Done extracting /Users/alexoneill/Documents/GitHub/OSC-Code/Tools/LGTM/codeql/javascript/tools/data/externs/nodejs/vm.js (16 ms)
[2020-05-13 16:56:44] [build] Extracting /Users/alexoneill/Documents/GitHub/OSC-Code/Tools/LGTM/codeql/javascript/tools/data/externs/nodejs/stream.js
[2020-05-13 16:56:45] [build] Done extracting /Users/alexoneill/Documents/GitHub/OSC-Code/Tools/LGTM/codeql/javascript/tools/data/externs/nodejs/stream.js (98 ms)
[2020-05-13 16:56:45] [build] Extracting /Users/alexoneill/Documents/GitHub/OSC-Code/Tools/LGTM/codeql/javascript/tools/data/externs/nodejs/child_process.js
[2020-05-13 16:56:45] [build] Done extracting /Users/alexoneill/Documents/GitHub/OSC-Code/Tools/LGTM/codeql/javascript/tools/data/externs/nodejs/child_process.js (78 ms)
[2020-05-13 16:56:45] [build] Extracting /Users/alexoneill/Documents/GitHub/OSC-Code/Tools/LGTM/codeql/javascript/tools/data/externs/nodejs/assert.js
[2020-05-13 16:56:45] [build] Done extracting /Users/alexoneill/Documents/GitHub/OSC-Code/Tools/LGTM/codeql/javascript/tools/data/externs/nodejs/assert.js (14 ms)
[2020-05-13 16:56:45] [build] Extracting /Users/alexoneill/Documents/GitHub/OSC-Code/Tools/LGTM/codeql/javascript/tools/data/externs/nodejs/os.js
[2020-05-13 16:56:45] [build] Done extracting /Users/alexoneill/Documents/GitHub/OSC-Code/Tools/LGTM/codeql/javascript/tools/data/externs/nodejs/os.js (23 ms)
[2020-05-13 16:56:45] [build] Extracting /Users/alexoneill/Documents/GitHub/OSC-Code/Tools/LGTM/codeql/javascript/tools/data/externs/nodejs/console.js
[2020-05-13 16:56:45] [build] Done extracting /Users/alexoneill/Documents/GitHub/OSC-Code/Tools/LGTM/codeql/javascript/tools/data/externs/nodejs/console.js (2 ms)
[2020-05-13 16:56:45] [build] Extracting /Users/alexoneill/Documents/GitHub/OSC-Code/Tools/LGTM/codeql/javascript/tools/data/externs/nodejs/readline.js
[2020-05-13 16:56:45] [build] Done extracting /Users/alexoneill/Documents/GitHub/OSC-Code/Tools/LGTM/codeql/javascript/tools/data/externs/nodejs/readline.js (23 ms)
[2020-05-13 16:56:45] [build] Extracting /Users/alexoneill/Documents/GitHub/OSC-Code/Tools/LGTM/codeql/javascript/tools/data/externs/nodejs/punycode.js
[2020-05-13 16:56:45] [build] Done extracting /Users/alexoneill/Documents/GitHub/OSC-Code/Tools/LGTM/codeql/javascript/tools/data/externs/nodejs/punycode.js (10 ms)
[2020-05-13 16:56:45] [build] Extracting /Users/alexoneill/Documents/GitHub/OSC-Code/Tools/LGTM/codeql/javascript/tools/data/externs/nodejs/https.js
[2020-05-13 16:56:45] [build] Done extracting /Users/alexoneill/Documents/GitHub/OSC-Code/Tools/LGTM/codeql/javascript/tools/data/externs/nodejs/https.js (44 ms)
[2020-05-13 16:56:45] [build] Extracting /Users/alexoneill/Documents/GitHub/OSC-Code/Tools/LGTM/codeql/javascript/tools/data/externs/nodejs/domain.js
[2020-05-13 16:56:45] [build] Done extracting /Users/alexoneill/Documents/GitHub/OSC-Code/Tools/LGTM/codeql/javascript/tools/data/externs/nodejs/domain.js (12 ms)
[2020-05-13 16:56:45] [build] Extracting /Users/alexoneill/Documents/GitHub/OSC-Code/Tools/LGTM/codeql/javascript/tools/data/externs/nodejs/dns.js
[2020-05-13 16:56:45] [build] Done extracting /Users/alexoneill/Documents/GitHub/OSC-Code/Tools/LGTM/codeql/javascript/tools/data/externs/nodejs/dns.js (51 ms)
[2020-05-13 16:56:45] [build] Extracting /Users/alexoneill/Documents/GitHub/OSC-Code/Tools/LGTM/codeql/javascript/tools/data/externs/nodejs/assert_legacy.js
[2020-05-13 16:56:45] [build] Done extracting /Users/alexoneill/Documents/GitHub/OSC-Code/Tools/LGTM/codeql/javascript/tools/data/externs/nodejs/assert_legacy.js (4 ms)
[2020-05-13 16:56:45] [build] Extracting /Users/alexoneill/Documents/GitHub/OSC-Code/Tools/LGTM/codeql/javascript/tools/data/externs/nodejs/tty.js
[2020-05-13 16:56:45] [build] Done extracting /Users/alexoneill/Documents/GitHub/OSC-Code/Tools/LGTM/codeql/javascript/tools/data/externs/nodejs/tty.js (14 ms)
[2020-05-13 16:56:45] [build] Extracting /Users/alexoneill/Documents/GitHub/OSC-Code/Tools/LGTM/codeql/javascript/tools/data/externs/nodejs/timers.js
[2020-05-13 16:56:45] [build] Done extracting /Users/alexoneill/Documents/GitHub/OSC-Code/Tools/LGTM/codeql/javascript/tools/data/externs/nodejs/timers.js (13 ms)
[2020-05-13 16:56:45] [build] Extracting /Users/alexoneill/Documents/GitHub/OSC-Code/Tools/LGTM/codeql/javascript/tools/data/externs/nodejs/querystring.js
[2020-05-13 16:56:45] [build] Done extracting /Users/alexoneill/Documents/GitHub/OSC-Code/Tools/LGTM/codeql/javascript/tools/data/externs/nodejs/querystring.js (10 ms)
[2020-05-13 16:56:45] [build] Extracting /Users/alexoneill/Documents/GitHub/OSC-Code/Tools/LGTM/codeql/javascript/tools/data/externs/nodejs/module.js
[2020-05-13 16:56:45] [build] Done extracting /Users/alexoneill/Documents/GitHub/OSC-Code/Tools/LGTM/codeql/javascript/tools/data/externs/nodejs/module.js (9 ms)
[2020-05-13 16:56:45] [build] Extracting /Users/alexoneill/Documents/GitHub/OSC-Code/Tools/LGTM/codeql/javascript/tools/data/externs/nodejs/sys.js
[2020-05-13 16:56:45] [build] Done extracting /Users/alexoneill/Documents/GitHub/OSC-Code/Tools/LGTM/codeql/javascript/tools/data/externs/nodejs/sys.js (4 ms)
[2020-05-13 16:56:45] [build] Extracting /Users/alexoneill/Documents/GitHub/OSC-Code/Tools/LGTM/codeql/javascript/tools/data/externs/nodejs/path.js
[2020-05-13 16:56:45] [build] Done extracting /Users/alexoneill/Documents/GitHub/OSC-Code/Tools/LGTM/codeql/javascript/tools/data/externs/nodejs/path.js (30 ms)
[2020-05-13 16:56:45] [build] Extracting /Users/alexoneill/Documents/GitHub/OSC-Code/Tools/LGTM/codeql/javascript/tools/data/externs/nodejs/string_decoder.js
[2020-05-13 16:56:45] [build] Done extracting /Users/alexoneill/Documents/GitHub/OSC-Code/Tools/LGTM/codeql/javascript/tools/data/externs/nodejs/string_decoder.js (5 ms)
[2020-05-13 16:56:45] [build] Extracting /Users/alexoneill/Documents/GitHub/OSC-Code/Tools/LGTM/codeql/javascript/tools/data/externs/nodejs/cluster.js
[2020-05-13 16:56:45] [build] Done extracting /Users/alexoneill/Documents/GitHub/OSC-Code/Tools/LGTM/codeql/javascript/tools/data/externs/nodejs/cluster.js (102 ms)
[2020-05-13 16:56:45] [build] Extracting /Users/alexoneill/Documents/GitHub/OSC-Code/Tools/LGTM/codeql/javascript/tools/data/externs/nodejs/v8.js
[2020-05-13 16:56:45] [build] Done extracting /Users/alexoneill/Documents/GitHub/OSC-Code/Tools/LGTM/codeql/javascript/tools/data/externs/nodejs/v8.js (9 ms)
[2020-05-13 16:56:45] [build] Extracting /Users/alexoneill/Documents/GitHub/OSC-Code/Tools/LGTM/codeql/javascript/tools/data/externs/nodejs/crypto.js
[2020-05-13 16:56:45] [build] Done extracting /Users/alexoneill/Documents/GitHub/OSC-Code/Tools/LGTM/codeql/javascript/tools/data/externs/nodejs/crypto.js (100 ms)
[2020-05-13 16:56:45] [build] Extracting /Users/alexoneill/Documents/GitHub/OSC-Code/Tools/LGTM/codeql/javascript/tools/data/externs/nodejs/zlib.js
[2020-05-13 16:56:45] [build] Done extracting /Users/alexoneill/Documents/GitHub/OSC-Code/Tools/LGTM/codeql/javascript/tools/data/externs/nodejs/zlib.js (41 ms)
[2020-05-13 16:56:45] [build] Extracting /Users/alexoneill/Documents/GitHub/OSC-Code/Tools/LGTM/codeql/javascript/tools/data/externs/nodejs/url.js
[2020-05-13 16:56:45] [build] Done extracting /Users/alexoneill/Documents/GitHub/OSC-Code/Tools/LGTM/codeql/javascript/tools/data/externs/nodejs/url.js (12 ms)
[2020-05-13 16:56:45] [build] Extracting /Users/alexoneill/Documents/GitHub/OSC-Code/Tools/LGTM/codeql/javascript/tools/data/externs/nodejs/tls.js
[2020-05-13 16:56:45] [build] Done extracting /Users/alexoneill/Documents/GitHub/OSC-Code/Tools/LGTM/codeql/javascript/tools/data/externs/nodejs/tls.js (59 ms)
[2020-05-13 16:56:45] [build] Extracting /Users/alexoneill/Documents/GitHub/OSC-Code/Tools/LGTM/codeql/javascript/tools/data/externs/nodejs/process.js
[2020-05-13 16:56:45] [build] Done extracting /Users/alexoneill/Documents/GitHub/OSC-Code/Tools/LGTM/codeql/javascript/tools/data/externs/nodejs/process.js (2 ms)
[2020-05-13 16:56:45] [build] Extracting /Users/alexoneill/Documents/GitHub/OSC-Code/Tools/LGTM/codeql/javascript/tools/data/externs/nodejs/http.js
[2020-05-13 16:56:45] [build] Done extracting /Users/alexoneill/Documents/GitHub/OSC-Code/Tools/LGTM/codeql/javascript/tools/data/externs/nodejs/http.js (51 ms)
[2020-05-13 16:56:45] [build] Extracting /Users/alexoneill/Documents/GitHub/OSC-Code/Tools/LGTM/codeql/javascript/tools/data/externs/nodejs/buffer.js
[2020-05-13 16:56:45] [build] Done extracting /Users/alexoneill/Documents/GitHub/OSC-Code/Tools/LGTM/codeql/javascript/tools/data/externs/nodejs/buffer.js (12 ms)
[2020-05-13 16:56:45] [build] Extracting /Users/alexoneill/Documents/GitHub/OSC-Code/Tools/LGTM/codeql/javascript/tools/data/externs/nodejs/fs.js
[2020-05-13 16:56:45] [build] Done extracting /Users/alexoneill/Documents/GitHub/OSC-Code/Tools/LGTM/codeql/javascript/tools/data/externs/nodejs/fs.js (154 ms)
[2020-05-13 16:56:45] [build] Extracting /Users/alexoneill/Documents/GitHub/OSC-Code/Tools/LGTM/codeql/javascript/tools/data/externs/web/ie_dom.js
[2020-05-13 16:56:46] [build] Done extracting /Users/alexoneill/Documents/GitHub/OSC-Code/Tools/LGTM/codeql/javascript/tools/data/externs/web/ie_dom.js (85 ms)
[2020-05-13 16:56:46] [build] Extracting /Users/alexoneill/Documents/GitHub/OSC-Code/Tools/LGTM/codeql/javascript/tools/data/externs/web/mediasource.js
[2020-05-13 16:56:46] [build] Done extracting /Users/alexoneill/Documents/GitHub/OSC-Code/Tools/LGTM/codeql/javascript/tools/data/externs/web/mediasource.js (12 ms)
[2020-05-13 16:56:46] [build] Extracting /Users/alexoneill/Documents/GitHub/OSC-Code/Tools/LGTM/codeql/javascript/tools/data/externs/web/html5.js
[2020-05-13 16:56:46] [build] Done extracting /Users/alexoneill/Documents/GitHub/OSC-Code/Tools/LGTM/codeql/javascript/tools/data/externs/web/html5.js (304 ms)
[2020-05-13 16:56:46] [build] Extracting /Users/alexoneill/Documents/GitHub/OSC-Code/Tools/LGTM/codeql/javascript/tools/data/externs/web/w3c_anim_timing.js
[2020-05-13 16:56:46] [build] Done extracting /Users/alexoneill/Documents/GitHub/OSC-Code/Tools/LGTM/codeql/javascript/tools/data/externs/web/w3c_anim_timing.js (6 ms)
[2020-05-13 16:56:46] [build] Extracting /Users/alexoneill/Documents/GitHub/OSC-Code/Tools/LGTM/codeql/javascript/tools/data/externs/web/w3c_dom3.js
[2020-05-13 16:56:46] [build] Done extracting /Users/alexoneill/Documents/GitHub/OSC-Code/Tools/LGTM/codeql/javascript/tools/data/externs/web/w3c_dom3.js (43 ms)
[2020-05-13 16:56:46] [build] Extracting /Users/alexoneill/Documents/GitHub/OSC-Code/Tools/LGTM/codeql/javascript/tools/data/externs/web/fetchapi.js
[2020-05-13 16:56:46] [build] Done extracting /Users/alexoneill/Documents/GitHub/OSC-Code/Tools/LGTM/codeql/javascript/tools/data/externs/web/fetchapi.js (49 ms)
[2020-05-13 16:56:46] [build] Extracting /Users/alexoneill/Documents/GitHub/OSC-Code/Tools/LGTM/codeql/javascript/tools/data/externs/web/streamsapi.js
[2020-05-13 16:56:46] [build] Done extracting /Users/alexoneill/Documents/GitHub/OSC-Code/Tools/LGTM/codeql/javascript/tools/data/externs/web/streamsapi.js (34 ms)
[2020-05-13 16:56:46] [build] Extracting /Users/alexoneill/Documents/GitHub/OSC-Code/Tools/LGTM/codeql/javascript/tools/data/externs/web/fileapi.js
[2020-05-13 16:56:46] [build] Done extracting /Users/alexoneill/Documents/GitHub/OSC-Code/Tools/LGTM/codeql/javascript/tools/data/externs/web/fileapi.js (58 ms)
[2020-05-13 16:56:46] [build] Extracting /Users/alexoneill/Documents/GitHub/OSC-Code/Tools/LGTM/codeql/javascript/tools/data/externs/web/w3c_navigation_timing.js
[2020-05-13 16:56:46] [build] Done extracting /Users/alexoneill/Documents/GitHub/OSC-Code/Tools/LGTM/codeql/javascript/tools/data/externs/web/w3c_navigation_timing.js (21 ms)
[2020-05-13 16:56:46] [build] Extracting /Users/alexoneill/Documents/GitHub/OSC-Code/Tools/LGTM/codeql/javascript/tools/data/externs/web/w3c_range.js
[2020-05-13 16:56:46] [build] Done extracting /Users/alexoneill/Documents/GitHub/OSC-Code/Tools/LGTM/codeql/javascript/tools/data/externs/web/w3c_range.js (18 ms)
[2020-05-13 16:56:46] [build] Extracting /Users/alexoneill/Documents/GitHub/OSC-Code/Tools/LGTM/codeql/javascript/tools/data/externs/web/w3c_indexeddb.js
[2020-05-13 16:56:46] [build] Done extracting /Users/alexoneill/Documents/GitHub/OSC-Code/Tools/LGTM/codeql/javascript/tools/data/externs/web/w3c_indexeddb.js (69 ms)
[2020-05-13 16:56:46] [build] Extracting /Users/alexoneill/Documents/GitHub/OSC-Code/Tools/LGTM/codeql/javascript/tools/data/externs/web/w3c_dom2.js
[2020-05-13 16:56:46] [build] Done extracting /Users/alexoneill/Documents/GitHub/OSC-Code/Tools/LGTM/codeql/javascript/tools/data/externs/web/w3c_dom2.js (142 ms)
[2020-05-13 16:56:46] [build] Extracting /Users/alexoneill/Documents/GitHub/OSC-Code/Tools/LGTM/codeql/javascript/tools/data/externs/web/w3c_elementtraversal.js
[2020-05-13 16:56:46] [build] Done extracting /Users/alexoneill/Documents/GitHub/OSC-Code/Tools/LGTM/codeql/javascript/tools/data/externs/web/w3c_elementtraversal.js (6 ms)
[2020-05-13 16:56:46] [build] Extracting /Users/alexoneill/Documents/GitHub/OSC-Code/Tools/LGTM/codeql/javascript/tools/data/externs/web/w3c_webcrypto.js
[2020-05-13 16:56:46] [build] Done extracting /Users/alexoneill/Documents/GitHub/OSC-Code/Tools/LGTM/codeql/javascript/tools/data/externs/web/w3c_webcrypto.js (27 ms)
[2020-05-13 16:56:46] [build] Extracting /Users/alexoneill/Documents/GitHub/OSC-Code/Tools/LGTM/codeql/javascript/tools/data/externs/web/ie_vml.js
[2020-05-13 16:56:46] [build] Done extracting /Users/alexoneill/Documents/GitHub/OSC-Code/Tools/LGTM/codeql/javascript/tools/data/externs/web/ie_vml.js (3 ms)
[2020-05-13 16:56:46] [build] Extracting /Users/alexoneill/Documents/GitHub/OSC-Code/Tools/LGTM/codeql/javascript/tools/data/externs/web/intl.js
[2020-05-13 16:56:46] [build] Done extracting /Users/alexoneill/Documents/GitHub/OSC-Code/Tools/LGTM/codeql/javascript/tools/data/externs/web/intl.js (17 ms)
[2020-05-13 16:56:46] [build] Extracting /Users/alexoneill/Documents/GitHub/OSC-Code/Tools/LGTM/codeql/javascript/tools/data/externs/web/w3c_rtc.js
[2020-05-13 16:56:47] [build] Done extracting /Users/alexoneill/Documents/GitHub/OSC-Code/Tools/LGTM/codeql/javascript/tools/data/externs/web/w3c_rtc.js (141 ms)
[2020-05-13 16:56:47] [build] Extracting /Users/alexoneill/Documents/GitHub/OSC-Code/Tools/LGTM/codeql/javascript/tools/data/externs/web/w3c_requestidlecallback.js
[2020-05-13 16:56:47] [build] Done extracting /Users/alexoneill/Documents/GitHub/OSC-Code/Tools/LGTM/codeql/javascript/tools/data/externs/web/w3c_requestidlecallback.js (3 ms)
[2020-05-13 16:56:47] [build] Extracting /Users/alexoneill/Documents/GitHub/OSC-Code/Tools/LGTM/codeql/javascript/tools/data/externs/web/w3c_geolocation.js
[2020-05-13 16:56:47] [build] Done extracting /Users/alexoneill/Documents/GitHub/OSC-Code/Tools/LGTM/codeql/javascript/tools/data/externs/web/w3c_geolocation.js (10 ms)
[2020-05-13 16:56:47] [build] Extracting /Users/alexoneill/Documents/GitHub/OSC-Code/Tools/LGTM/codeql/javascript/tools/data/externs/web/webstorage.js
[2020-05-13 16:56:47] [build] Done extracting /Users/alexoneill/Documents/GitHub/OSC-Code/Tools/LGTM/codeql/javascript/tools/data/externs/web/webstorage.js (9 ms)
[2020-05-13 16:56:47] [build] Extracting /Users/alexoneill/Documents/GitHub/OSC-Code/Tools/LGTM/codeql/javascript/tools/data/externs/web/webkit_usercontent.js
[2020-05-13 16:56:47] [build] Done extracting /Users/alexoneill/Documents/GitHub/OSC-Code/Tools/LGTM/codeql/javascript/tools/data/externs/web/webkit_usercontent.js (4 ms)
[2020-05-13 16:56:47] [build] Extracting /Users/alexoneill/Documents/GitHub/OSC-Code/Tools/LGTM/codeql/javascript/tools/data/externs/web/window.js
[2020-05-13 16:56:47] [build] Done extracting /Users/alexoneill/Documents/GitHub/OSC-Code/Tools/LGTM/codeql/javascript/tools/data/externs/web/window.js (8 ms)
[2020-05-13 16:56:47] [build] Extracting /Users/alexoneill/Documents/GitHub/OSC-Code/Tools/LGTM/codeql/javascript/tools/data/externs/web/page_visibility.js
[2020-05-13 16:56:47] [build] Done extracting /Users/alexoneill/Documents/GitHub/OSC-Code/Tools/LGTM/codeql/javascript/tools/data/externs/web/page_visibility.js (2 ms)
[2020-05-13 16:56:47] [build] Extracting /Users/alexoneill/Documents/GitHub/OSC-Code/Tools/LGTM/codeql/javascript/tools/data/externs/web/webgl.js
[2020-05-13 16:56:47] [build] Done extracting /Users/alexoneill/Documents/GitHub/OSC-Code/Tools/LGTM/codeql/javascript/tools/data/externs/web/webgl.js (238 ms)
[2020-05-13 16:56:47] [build] Extracting /Users/alexoneill/Documents/GitHub/OSC-Code/Tools/LGTM/codeql/javascript/tools/data/externs/web/w3c_touch_event.js
[2020-05-13 16:56:47] [build] Done extracting /Users/alexoneill/Documents/GitHub/OSC-Code/Tools/LGTM/codeql/javascript/tools/data/externs/web/w3c_touch_event.js (16 ms)
[2020-05-13 16:56:47] [build] Extracting /Users/alexoneill/Documents/GitHub/OSC-Code/Tools/LGTM/codeql/javascript/tools/data/externs/web/w3c_event.js
[2020-05-13 16:56:47] [build] Done extracting /Users/alexoneill/Documents/GitHub/OSC-Code/Tools/LGTM/codeql/javascript/tools/data/externs/web/w3c_event.js (44 ms)
[2020-05-13 16:56:47] [build] Extracting /Users/alexoneill/Documents/GitHub/OSC-Code/Tools/LGTM/codeql/javascript/tools/data/externs/web/whatwg_encoding.js
[2020-05-13 16:56:47] [build] Done extracting /Users/alexoneill/Documents/GitHub/OSC-Code/Tools/LGTM/codeql/javascript/tools/data/externs/web/whatwg_encoding.js (4 ms)
[2020-05-13 16:56:47] [build] Extracting /Users/alexoneill/Documents/GitHub/OSC-Code/Tools/LGTM/codeql/javascript/tools/data/externs/web/w3c_event3.js
[2020-05-13 16:56:47] [build] Done extracting /Users/alexoneill/Documents/GitHub/OSC-Code/Tools/LGTM/codeql/javascript/tools/data/externs/web/w3c_event3.js (4 ms)
[2020-05-13 16:56:47] [build] Extracting /Users/alexoneill/Documents/GitHub/OSC-Code/Tools/LGTM/codeql/javascript/tools/data/externs/web/gecko_xml.js
[2020-05-13 16:56:47] [build] Done extracting /Users/alexoneill/Documents/GitHub/OSC-Code/Tools/LGTM/codeql/javascript/tools/data/externs/web/gecko_xml.js (4 ms)
[2020-05-13 16:56:47] [build] Extracting /Users/alexoneill/Documents/GitHub/OSC-Code/Tools/LGTM/codeql/javascript/tools/data/externs/web/ie_event.js
[2020-05-13 16:56:47] [build] Done extracting /Users/alexoneill/Documents/GitHub/OSC-Code/Tools/LGTM/codeql/javascript/tools/data/externs/web/ie_event.js (19 ms)
[2020-05-13 16:56:47] [build] Extracting /Users/alexoneill/Documents/GitHub/OSC-Code/Tools/LGTM/codeql/javascript/tools/data/externs/web/w3c_css.js
[2020-05-13 16:56:47] [build] Done extracting /Users/alexoneill/Documents/GitHub/OSC-Code/Tools/LGTM/codeql/javascript/tools/data/externs/web/w3c_css.js (124 ms)
[2020-05-13 16:56:47] [build] Extracting /Users/alexoneill/Documents/GitHub/OSC-Code/Tools/LGTM/codeql/javascript/tools/data/externs/web/ie_css.js
[2020-05-13 16:56:47] [build] Done extracting /Users/alexoneill/Documents/GitHub/OSC-Code/Tools/LGTM/codeql/javascript/tools/data/externs/web/ie_css.js (18 ms)
[2020-05-13 16:56:47] [build] Extracting /Users/alexoneill/Documents/GitHub/OSC-Code/Tools/LGTM/codeql/javascript/tools/data/externs/web/webkit_css.js
[2020-05-13 16:56:47] [build] Done extracting /Users/alexoneill/Documents/GitHub/OSC-Code/Tools/LGTM/codeql/javascript/tools/data/externs/web/webkit_css.js (97 ms)
[2020-05-13 16:56:47] [build] Extracting /Users/alexoneill/Documents/GitHub/OSC-Code/Tools/LGTM/codeql/javascript/tools/data/externs/web/w3c_xml.js
[2020-05-13 16:56:47] [build] Done extracting /Users/alexoneill/Documents/GitHub/OSC-Code/Tools/LGTM/codeql/javascript/tools/data/externs/web/w3c_xml.js (22 ms)
[2020-05-13 16:56:47] [build] Extracting /Users/alexoneill/Documents/GitHub/OSC-Code/Tools/LGTM/codeql/javascript/tools/data/externs/web/gecko_css.js
[2020-05-13 16:56:47] [build] Done extracting /Users/alexoneill/Documents/GitHub/OSC-Code/Tools/LGTM/codeql/javascript/tools/data/externs/web/gecko_css.js (16 ms)
[2020-05-13 16:56:47] [build] Extracting /Users/alexoneill/Documents/GitHub/OSC-Code/Tools/LGTM/codeql/javascript/tools/data/externs/web/iphone.js
[2020-05-13 16:56:47] [build] Done extracting /Users/alexoneill/Documents/GitHub/OSC-Code/Tools/LGTM/codeql/javascript/tools/data/externs/web/iphone.js (9 ms)
[2020-05-13 16:56:47] [build] Extracting /Users/alexoneill/Documents/GitHub/OSC-Code/Tools/LGTM/codeql/javascript/tools/data/externs/web/w3c_selectors.js
[2020-05-13 16:56:47] [build] Done extracting /Users/alexoneill/Documents/GitHub/OSC-Code/Tools/LGTM/codeql/javascript/tools/data/externs/web/w3c_selectors.js (6 ms)
[2020-05-13 16:56:47] [build] Extracting /Users/alexoneill/Documents/GitHub/OSC-Code/Tools/LGTM/codeql/javascript/tools/data/externs/web/chrome.js
[2020-05-13 16:56:47] [build] Done extracting /Users/alexoneill/Documents/GitHub/OSC-Code/Tools/LGTM/codeql/javascript/tools/data/externs/web/chrome.js (34 ms)
[2020-05-13 16:56:47] [build] Extracting /Users/alexoneill/Documents/GitHub/OSC-Code/Tools/LGTM/codeql/javascript/tools/data/externs/web/w3c_batterystatus.js
[2020-05-13 16:56:47] [build] Done extracting /Users/alexoneill/Documents/GitHub/OSC-Code/Tools/LGTM/codeql/javascript/tools/data/externs/web/w3c_batterystatus.js (3 ms)
[2020-05-13 16:56:47] [build] Extracting /Users/alexoneill/Documents/GitHub/OSC-Code/Tools/LGTM/codeql/javascript/tools/data/externs/web/webkit_notifications.js
[2020-05-13 16:56:47] [build] Done extracting /Users/alexoneill/Documents/GitHub/OSC-Code/Tools/LGTM/codeql/javascript/tools/data/externs/web/webkit_notifications.js (32 ms)
[2020-05-13 16:56:47] [build] Extracting /Users/alexoneill/Documents/GitHub/OSC-Code/Tools/LGTM/codeql/javascript/tools/data/externs/web/w3c_screen_orientation.js
[2020-05-13 16:56:47] [build] Done extracting /Users/alexoneill/Documents/GitHub/OSC-Code/Tools/LGTM/codeql/javascript/tools/data/externs/web/w3c_screen_orientation.js (5 ms)
[2020-05-13 16:56:47] [build] Extracting /Users/alexoneill/Documents/GitHub/OSC-Code/Tools/LGTM/codeql/javascript/tools/data/externs/web/w3c_midi.js
[2020-05-13 16:56:47] [build] Done extracting /Users/alexoneill/Documents/GitHub/OSC-Code/Tools/LGTM/codeql/javascript/tools/data/externs/web/w3c_midi.js (16 ms)
[2020-05-13 16:56:47] [build] Extracting /Users/alexoneill/Documents/GitHub/OSC-Code/Tools/LGTM/codeql/javascript/tools/data/externs/web/w3c_serviceworker.js
[2020-05-13 16:56:47] [build] Done extracting /Users/alexoneill/Documents/GitHub/OSC-Code/Tools/LGTM/codeql/javascript/tools/data/externs/web/w3c_serviceworker.js (36 ms)
[2020-05-13 16:56:47] [build] Extracting /Users/alexoneill/Documents/GitHub/OSC-Code/Tools/LGTM/codeql/javascript/tools/data/externs/web/w3c_device_sensor_event.js
[2020-05-13 16:56:47] [build] Done extracting /Users/alexoneill/Documents/GitHub/OSC-Code/Tools/LGTM/codeql/javascript/tools/data/externs/web/w3c_device_sensor_event.js (5 ms)
[2020-05-13 16:56:47] [build] Extracting /Users/alexoneill/Documents/GitHub/OSC-Code/Tools/LGTM/codeql/javascript/tools/data/externs/web/webkit_event.js
[2020-05-13 16:56:47] [build] Done extracting /Users/alexoneill/Documents/GitHub/OSC-Code/Tools/LGTM/codeql/javascript/tools/data/externs/web/webkit_event.js (3 ms)
[2020-05-13 16:56:47] [build] Extracting /Users/alexoneill/Documents/GitHub/OSC-Code/Tools/LGTM/codeql/javascript/tools/data/externs/web/w3c_permissions.js
[2020-05-13 16:56:47] [build] Done extracting /Users/alexoneill/Documents/GitHub/OSC-Code/Tools/LGTM/codeql/javascript/tools/data/externs/web/w3c_permissions.js (6 ms)
[2020-05-13 16:56:47] [build] Extracting /Users/alexoneill/Documents/GitHub/OSC-Code/Tools/LGTM/codeql/javascript/tools/data/externs/web/w3c_gamepad.js
[2020-05-13 16:56:47] [build] Done extracting /Users/alexoneill/Documents/GitHub/OSC-Code/Tools/LGTM/codeql/javascript/tools/data/externs/web/w3c_gamepad.js (6 ms)
[2020-05-13 16:56:47] [build] Extracting /Users/alexoneill/Documents/GitHub/OSC-Code/Tools/LGTM/codeql/javascript/tools/data/externs/web/w3c_dom1.js
[2020-05-13 16:56:47] [build] Done extracting /Users/alexoneill/Documents/GitHub/OSC-Code/Tools/LGTM/codeql/javascript/tools/data/externs/web/w3c_dom1.js (63 ms)
[2020-05-13 16:56:47] [build] Extracting /Users/alexoneill/Documents/GitHub/OSC-Code/Tools/LGTM/codeql/javascript/tools/data/externs/web/url.js
[2020-05-13 16:56:47] [build] Done extracting /Users/alexoneill/Documents/GitHub/OSC-Code/Tools/LGTM/codeql/javascript/tools/data/externs/web/url.js (10 ms)
[2020-05-13 16:56:47] [build] Extracting /Users/alexoneill/Documents/GitHub/OSC-Code/Tools/LGTM/codeql/javascript/tools/data/externs/web/gecko_event.js
[2020-05-13 16:56:47] [build] Done extracting /Users/alexoneill/Documents/GitHub/OSC-Code/Tools/LGTM/codeql/javascript/tools/data/externs/web/gecko_event.js (7 ms)
[2020-05-13 16:56:47] [build] Extracting /Users/alexoneill/Documents/GitHub/OSC-Code/Tools/LGTM/codeql/javascript/tools/data/externs/web/w3c_encoding.js
[2020-05-13 16:56:47] [build] Done extracting /Users/alexoneill/Documents/GitHub/OSC-Code/Tools/LGTM/codeql/javascript/tools/data/externs/web/w3c_encoding.js (4 ms)
[2020-05-13 16:56:47] [build] Extracting /Users/alexoneill/Documents/GitHub/OSC-Code/Tools/LGTM/codeql/javascript/tools/data/externs/web/flash.js
[2020-05-13 16:56:47] [build] Done extracting /Users/alexoneill/Documents/GitHub/OSC-Code/Tools/LGTM/codeql/javascript/tools/data/externs/web/flash.js (14 ms)
[2020-05-13 16:56:47] [build] Extracting /Users/alexoneill/Documents/GitHub/OSC-Code/Tools/LGTM/codeql/javascript/tools/data/externs/web/w3c_pointer_events.js
[2020-05-13 16:56:47] [build] Done extracting /Users/alexoneill/Documents/GitHub/OSC-Code/Tools/LGTM/codeql/javascript/tools/data/externs/web/w3c_pointer_events.js (8 ms)
[2020-05-13 16:56:47] [build] Extracting /Users/alexoneill/Documents/GitHub/OSC-Code/Tools/LGTM/codeql/javascript/tools/data/externs/web/gecko_ext.js
[2020-05-13 16:56:47] [build] Done extracting /Users/alexoneill/Documents/GitHub/OSC-Code/Tools/LGTM/codeql/javascript/tools/data/externs/web/gecko_ext.js (3 ms)
[2020-05-13 16:56:47] [build] Extracting /Users/alexoneill/Documents/GitHub/OSC-Code/Tools/LGTM/codeql/javascript/tools/data/externs/web/gecko_dom.js
[2020-05-13 16:56:48] [build] Done extracting /Users/alexoneill/Documents/GitHub/OSC-Code/Tools/LGTM/codeql/javascript/tools/data/externs/web/gecko_dom.js (64 ms)
[2020-05-13 16:56:48] [build] Extracting /Users/alexoneill/Documents/GitHub/OSC-Code/Tools/LGTM/codeql/javascript/tools/data/externs/web/webkit_dom.js
[2020-05-13 16:56:48] [build] Done extracting /Users/alexoneill/Documents/GitHub/OSC-Code/Tools/LGTM/codeql/javascript/tools/data/externs/web/webkit_dom.js (26 ms)
[2020-05-13 16:56:48] [build] Extracting /Users/alexoneill/Documents/GitHub/OSC-Code/Tools/LGTM/codeql/javascript/tools/data/externs/web/w3c_css3d.js
[2020-05-13 16:56:48] [build] Done extracting /Users/alexoneill/Documents/GitHub/OSC-Code/Tools/LGTM/codeql/javascript/tools/data/externs/web/w3c_css3d.js (11 ms)
[2020-05-13 16:56:48] [build] Extracting /Users/alexoneill/Documents/GitHub/OSC-Code/Tools/LGTM/codeql/javascript/tools/data/externs/web/w3c_dom4.js
[2020-05-13 16:56:48] [build] Done extracting /Users/alexoneill/Documents/GitHub/OSC-Code/Tools/LGTM/codeql/javascript/tools/data/externs/web/w3c_dom4.js (4 ms)
[2020-05-13 16:56:48] [build] Extracting /Users/alexoneill/Documents/GitHub/OSC-Code/Tools/LGTM/codeql/javascript/tools/data/externs/vm/rhino.js
[2020-05-13 16:56:48] [build] Done extracting /Users/alexoneill/Documents/GitHub/OSC-Code/Tools/LGTM/codeql/javascript/tools/data/externs/vm/rhino.js (5 ms)
[2020-05-13 16:56:48] [build] Extracting /Users/alexoneill/Documents/GitHub/OSC-Code/Tools/LGTM/codeql/javascript/tools/data/externs/vm/v8.js
[2020-05-13 16:56:48] [build] Done extracting /Users/alexoneill/Documents/GitHub/OSC-Code/Tools/LGTM/codeql/javascript/tools/data/externs/vm/v8.js (8 ms)
[2020-05-13 16:56:48] [build] Extracting /Users/alexoneill/Documents/GitHub/OSC-Code/Tools/LGTM/codeql/javascript/tools/data/externs/vm/spidermonkey.js
[2020-05-13 16:56:48] [build] Done extracting /Users/alexoneill/Documents/GitHub/OSC-Code/Tools/LGTM/codeql/javascript/tools/data/externs/vm/spidermonkey.js (2 ms)
[2020-05-13 16:56:48] [build] Extracting /Users/alexoneill/Documents/GitHub/OSC-Code/Tools/LGTM/codeql/javascript/tools/data/externs/vm/jsshell.js
[2020-05-13 16:56:48] [build] Done extracting /Users/alexoneill/Documents/GitHub/OSC-Code/Tools/LGTM/codeql/javascript/tools/data/externs/vm/jsshell.js (42 ms)
[2020-05-13 16:56:48] [build] Extracting /Users/alexoneill/Documents/GitHub/OSC-Code/Tools/LGTM/codeql/javascript/tools/data/externs/lib/jquery-3.2.js
[2020-05-13 16:56:48] [build] Done extracting /Users/alexoneill/Documents/GitHub/OSC-Code/Tools/LGTM/codeql/javascript/tools/data/externs/lib/jquery-3.2.js (194 ms)
[2020-05-13 16:56:48] [build] Extracting /Users/alexoneill/Documents/GitHub/OSC-Code/Tools/LGTM/codeql/javascript/tools/data/externs/lib/bdd.js
[2020-05-13 16:56:48] [build] Done extracting /Users/alexoneill/Documents/GitHub/OSC-Code/Tools/LGTM/codeql/javascript/tools/data/externs/lib/bdd.js (7 ms)
[2020-05-13 16:56:48] [build] Extracting /Users/alexoneill/Documents/GitHub/OSC-Code/Tools/LGTM/codeql/javascript/tools/data/externs/lib/should.js
[2020-05-13 16:56:48] [build] Done extracting /Users/alexoneill/Documents/GitHub/OSC-Code/Tools/LGTM/codeql/javascript/tools/data/externs/lib/should.js (21 ms)
[2020-05-13 16:56:48] [build] Extracting /Users/alexoneill/Documents/GitHub/OSC-Code/Tools/LGTM/codeql/javascript/tools/data/externs/lib/vows.js
[2020-05-13 16:56:48] [build] Done extracting /Users/alexoneill/Documents/GitHub/OSC-Code/Tools/LGTM/codeql/javascript/tools/data/externs/lib/vows.js (22 ms)
[2020-05-13 16:56:48] [build] Extracting /Users/alexoneill/Documents/GitHub/OSC-Code/Tools/LGTM/codeql/javascript/tools/data/externs/es/proxy.js
[2020-05-13 16:56:48] [build] Done extracting /Users/alexoneill/Documents/GitHub/OSC-Code/Tools/LGTM/codeql/javascript/tools/data/externs/es/proxy.js (3 ms)
[2020-05-13 16:56:48] [build] Extracting /Users/alexoneill/Documents/GitHub/OSC-Code/Tools/LGTM/codeql/javascript/tools/data/externs/es/es5.js
[2020-05-13 16:56:48] [build] Done extracting /Users/alexoneill/Documents/GitHub/OSC-Code/Tools/LGTM/codeql/javascript/tools/data/externs/es/es5.js (15 ms)
[2020-05-13 16:56:48] [build] Extracting /Users/alexoneill/Documents/GitHub/OSC-Code/Tools/LGTM/codeql/javascript/tools/data/externs/es/intl.js
[2020-05-13 16:56:48] [build] Done extracting /Users/alexoneill/Documents/GitHub/OSC-Code/Tools/LGTM/codeql/javascript/tools/data/externs/es/intl.js (16 ms)
[2020-05-13 16:56:48] [build] Extracting /Users/alexoneill/Documents/GitHub/OSC-Code/Tools/LGTM/codeql/javascript/tools/data/externs/es/es6_collections.js
[2020-05-13 16:56:48] [build] Done extracting /Users/alexoneill/Documents/GitHub/OSC-Code/Tools/LGTM/codeql/javascript/tools/data/externs/es/es6_collections.js (23 ms)
[2020-05-13 16:56:48] [build] Extracting /Users/alexoneill/Documents/GitHub/OSC-Code/Tools/LGTM/codeql/javascript/tools/data/externs/es/es6.js
[2020-05-13 16:56:48] [build] Done extracting /Users/alexoneill/Documents/GitHub/OSC-Code/Tools/LGTM/codeql/javascript/tools/data/externs/es/es6.js (93 ms)
[2020-05-13 16:56:48] [build] Extracting /Users/alexoneill/Documents/GitHub/OSC-Code/Tools/LGTM/codeql/javascript/tools/data/externs/es/es2017.js
[2020-05-13 16:56:48] [build] Done extracting /Users/alexoneill/Documents/GitHub/OSC-Code/Tools/LGTM/codeql/javascript/tools/data/externs/es/es2017.js (4 ms)
[2020-05-13 16:56:48] [build] Extracting /Users/alexoneill/Documents/GitHub/OSC-Code/Tools/LGTM/codeql/javascript/tools/data/externs/es/es3.js
[2020-05-13 16:56:48] [build] Done extracting /Users/alexoneill/Documents/GitHub/OSC-Code/Tools/LGTM/codeql/javascript/tools/data/externs/es/es3.js (140 ms)
[2020-05-13 16:56:48] [build] Extracting /Users/alexoneill/Documents/GitHub/OSC-Code/Tools/LGTM/codeql/javascript/tools/data/externs/es/es2016.js
[2020-05-13 16:56:48] [build] Done extracting /Users/alexoneill/Documents/GitHub/OSC-Code/Tools/LGTM/codeql/javascript/tools/data/externs/es/es2016.js (2 ms)
[2020-05-13 16:56:48] Plumbing command codeql database trace-command completed.
[2020-05-13 16:56:48] [PROGRESS] database create> Finalizing database at /Users/alexoneill/Documents/GitHub/OSC-Code/Tools/LGTM/DB_Storage/ember-data-3-11-4DB.
[2020-05-13 16:56:48] Running plumbing command: codeql database finalize --mode=normal -- /Users/alexoneill/Documents/GitHub/OSC-Code/Tools/LGTM/DB_Storage/ember-data-3-11-4DB
[2020-05-13 16:56:48] [PROGRESS] database finalize> Running TRAP import for CodeQL database at /Users/alexoneill/Documents/GitHub/OSC-Code/Tools/LGTM/DB_Storage/ember-data-3-11-4DB...
[2020-05-13 16:56:48] Running plumbing command: codeql dataset import --dbscheme=/Users/alexoneill/Documents/GitHub/OSC-Code/Tools/LGTM/codeql/javascript/semmlecode.javascript.dbscheme -- /Users/alexoneill/Documents/GitHub/OSC-Code/Tools/LGTM/DB_Storage/ember-data-3-11-4DB/db-javascript /Users/alexoneill/Documents/GitHub/OSC-Code/Tools/LGTM/DB_Storage/ember-data-3-11-4DB/trap/javascript
[2020-05-13 16:56:48] Clearing disk cache since the version file /Users/alexoneill/Documents/GitHub/OSC-Code/Tools/LGTM/DB_Storage/ember-data-3-11-4DB/db-javascript/default/cache/version does not exist
[2020-05-13 16:56:48] Tuple pool not found. Clearing relations with cached strings
[2020-05-13 16:56:48] Trimming disk cache at /Users/alexoneill/Documents/GitHub/OSC-Code/Tools/LGTM/DB_Storage/ember-data-3-11-4DB/db-javascript/default/cache in mode brutal.
[2020-05-13 16:56:48] Sequence stamp origin is -6727450332400205361
[2020-05-13 16:56:48] Stopped the world to hard-clear memory at sequence stamp o+0
[2020-05-13 16:56:48] Starting the world again
[2020-05-13 16:56:48] Stopped the world to quickly trim disk at sequence stamp o+1
[2020-05-13 16:56:48] Starting the world again
[2020-05-13 16:56:48] Stopped the world to zealously trim disk at sequence stamp o+2
[2020-05-13 16:56:48] Starting the world again
[2020-05-13 16:56:48] Trimming completed (13ms): Purged everything.
[2020-05-13 16:56:49] Scanning for files in /Users/alexoneill/Documents/GitHub/OSC-Code/Tools/LGTM/DB_Storage/ember-data-3-11-4DB/trap/javascript
[2020-05-13 16:56:49] Importing es2016.js.trap.gz (1 of 148)
[2020-05-13 16:56:49] Importing es2017.js.trap.gz (2 of 148)
[2020-05-13 16:56:49] Importing es3.js.trap.gz (3 of 148)
[2020-05-13 16:56:49] Importing es5.js.trap.gz (4 of 148)
[2020-05-13 16:56:49] Importing es6.js.trap.gz (5 of 148)
[2020-05-13 16:56:49] Importing es6_collections.js.trap.gz (6 of 148)
[2020-05-13 16:56:49] Importing intl.js.trap.gz (7 of 148)
[2020-05-13 16:56:49] Importing proxy.js.trap.gz (8 of 148)
[2020-05-13 16:56:49] Importing bdd.js.trap.gz (9 of 148)
[2020-05-13 16:56:49] Importing jquery-3.2.js.trap.gz (10 of 148)
[2020-05-13 16:56:49] Importing should.js.trap.gz (11 of 148)
[2020-05-13 16:56:49] Importing vows.js.trap.gz (12 of 148)
[2020-05-13 16:56:49] Importing assert.js.trap.gz (13 of 148)
[2020-05-13 16:56:49] Importing assert_legacy.js.trap.gz (14 of 148)
[2020-05-13 16:56:49] Importing buffer.js.trap.gz (15 of 148)
[2020-05-13 16:56:49] Importing child_process.js.trap.gz (16 of 148)
[2020-05-13 16:56:50] Importing cluster.js.trap.gz (17 of 148)
[2020-05-13 16:56:50] Importing console.js.trap.gz (18 of 148)
[2020-05-13 16:56:50] Importing constants.js.trap.gz (19 of 148)
[2020-05-13 16:56:50] Importing crypto.js.trap.gz (20 of 148)
[2020-05-13 16:56:50] Importing dgram.js.trap.gz (21 of 148)
[2020-05-13 16:56:50] Importing dns.js.trap.gz (22 of 148)
[2020-05-13 16:56:50] Importing domain.js.trap.gz (23 of 148)
[2020-05-13 16:56:50] Importing events.js.trap.gz (24 of 148)
[2020-05-13 16:56:50] Importing fs.js.trap.gz (25 of 148)
[2020-05-13 16:56:50] Importing globals.js.trap.gz (26 of 148)
[2020-05-13 16:56:50] Importing http.js.trap.gz (27 of 148)
[2020-05-13 16:56:50] Importing https.js.trap.gz (28 of 148)
[2020-05-13 16:56:50] Importing module.js.trap.gz (29 of 148)
[2020-05-13 16:56:50] Importing net.js.trap.gz (30 of 148)
[2020-05-13 16:56:50] Importing os.js.trap.gz (31 of 148)
[2020-05-13 16:56:50] Importing path.js.trap.gz (32 of 148)
[2020-05-13 16:56:50] Importing process.js.trap.gz (33 of 148)
[2020-05-13 16:56:50] Importing punycode.js.trap.gz (34 of 148)
[2020-05-13 16:56:50] Importing querystring.js.trap.gz (35 of 148)
[2020-05-13 16:56:50] Importing readline.js.trap.gz (36 of 148)
[2020-05-13 16:56:50] Importing repl.js.trap.gz (37 of 148)
[2020-05-13 16:56:50] Importing stream.js.trap.gz (38 of 148)
[2020-05-13 16:56:50] Importing string_decoder.js.trap.gz (39 of 148)
[2020-05-13 16:56:50] Importing sys.js.trap.gz (40 of 148)
[2020-05-13 16:56:50] Importing timers.js.trap.gz (41 of 148)
[2020-05-13 16:56:50] Importing tls.js.trap.gz (42 of 148)
[2020-05-13 16:56:50] Importing tty.js.trap.gz (43 of 148)
[2020-05-13 16:56:50] Importing url.js.trap.gz (44 of 148)
[2020-05-13 16:56:50] Importing util.js.trap.gz (45 of 148)
[2020-05-13 16:56:50] Importing v8.js.trap.gz (46 of 148)
[2020-05-13 16:56:50] Importing vm.js.trap.gz (47 of 148)
[2020-05-13 16:56:50] Importing zlib.js.trap.gz (48 of 148)
[2020-05-13 16:56:50] Importing jsshell.js.trap.gz (49 of 148)
[2020-05-13 16:56:50] Importing rhino.js.trap.gz (50 of 148)
[2020-05-13 16:56:50] Importing spidermonkey.js.trap.gz (51 of 148)
[2020-05-13 16:56:50] Importing v8.js.trap.gz (52 of 148)
[2020-05-13 16:56:50] Importing chrome.js.trap.gz (53 of 148)
[2020-05-13 16:56:50] Importing fetchapi.js.trap.gz (54 of 148)
[2020-05-13 16:56:50] Importing fileapi.js.trap.gz (55 of 148)
[2020-05-13 16:56:50] Importing flash.js.trap.gz (56 of 148)
[2020-05-13 16:56:50] Importing gecko_css.js.trap.gz (57 of 148)
[2020-05-13 16:56:50] Importing gecko_dom.js.trap.gz (58 of 148)
[2020-05-13 16:56:51] Importing gecko_event.js.trap.gz (59 of 148)
[2020-05-13 16:56:51] Importing gecko_ext.js.trap.gz (60 of 148)
[2020-05-13 16:56:51] Importing gecko_xml.js.trap.gz (61 of 148)
[2020-05-13 16:56:51] Importing html5.js.trap.gz (62 of 148)
[2020-05-13 16:56:51] Importing ie_css.js.trap.gz (63 of 148)
[2020-05-13 16:56:51] Importing ie_dom.js.trap.gz (64 of 148)
[2020-05-13 16:56:51] Importing ie_event.js.trap.gz (65 of 148)
[2020-05-13 16:56:51] Importing ie_vml.js.trap.gz (66 of 148)
[2020-05-13 16:56:51] Importing intl.js.trap.gz (67 of 148)
[2020-05-13 16:56:51] Importing iphone.js.trap.gz (68 of 148)
[2020-05-13 16:56:51] Importing mediasource.js.trap.gz (69 of 148)
[2020-05-13 16:56:51] Importing page_visibility.js.trap.gz (70 of 148)
[2020-05-13 16:56:51] Importing streamsapi.js.trap.gz (71 of 148)
[2020-05-13 16:56:51] Importing url.js.trap.gz (72 of 148)
[2020-05-13 16:56:51] Importing w3c_anim_timing.js.trap.gz (73 of 148)
[2020-05-13 16:56:51] Importing w3c_batterystatus.js.trap.gz (74 of 148)
[2020-05-13 16:56:51] Importing w3c_css.js.trap.gz (75 of 148)
[2020-05-13 16:56:51] Importing w3c_css3d.js.trap.gz (76 of 148)
[2020-05-13 16:56:51] Importing w3c_device_sensor_event.js.trap.gz (77 of 148)
[2020-05-13 16:56:51] Importing w3c_dom1.js.trap.gz (78 of 148)
[2020-05-13 16:56:51] Importing w3c_dom2.js.trap.gz (79 of 148)
[2020-05-13 16:56:51] Importing w3c_dom3.js.trap.gz (80 of 148)
[2020-05-13 16:56:51] Importing w3c_dom4.js.trap.gz (81 of 148)
[2020-05-13 16:56:51] Importing w3c_elementtraversal.js.trap.gz (82 of 148)
[2020-05-13 16:56:51] Importing w3c_encoding.js.trap.gz (83 of 148)
[2020-05-13 16:56:51] Importing w3c_event.js.trap.gz (84 of 148)
[2020-05-13 16:56:51] Importing w3c_event3.js.trap.gz (85 of 148)
[2020-05-13 16:56:51] Importing w3c_gamepad.js.trap.gz (86 of 148)
[2020-05-13 16:56:51] Importing w3c_geolocation.js.trap.gz (87 of 148)
[2020-05-13 16:56:51] Importing w3c_indexeddb.js.trap.gz (88 of 148)
[2020-05-13 16:56:51] Importing w3c_midi.js.trap.gz (89 of 148)
[2020-05-13 16:56:51] Importing w3c_navigation_timing.js.trap.gz (90 of 148)
[2020-05-13 16:56:51] Importing w3c_permissions.js.trap.gz (91 of 148)
[2020-05-13 16:56:51] Importing w3c_pointer_events.js.trap.gz (92 of 148)
[2020-05-13 16:56:51] Importing w3c_range.js.trap.gz (93 of 148)
[2020-05-13 16:56:51] Importing w3c_requestidlecallback.js.trap.gz (94 of 148)
[2020-05-13 16:56:51] Importing w3c_rtc.js.trap.gz (95 of 148)
[2020-05-13 16:56:51] Importing w3c_screen_orientation.js.trap.gz (96 of 148)
[2020-05-13 16:56:51] Importing w3c_selectors.js.trap.gz (97 of 148)
[2020-05-13 16:56:51] Importing w3c_serviceworker.js.trap.gz (98 of 148)
[2020-05-13 16:56:51] Importing w3c_touch_event.js.trap.gz (99 of 148)
[2020-05-13 16:56:51] Importing w3c_webcrypto.js.trap.gz (100 of 148)
[2020-05-13 16:56:51] Importing w3c_xml.js.trap.gz (101 of 148)
[2020-05-13 16:56:51] Importing webgl.js.trap.gz (102 of 148)
[2020-05-13 16:56:51] Importing webkit_css.js.trap.gz (103 of 148)
[2020-05-13 16:56:51] Importing webkit_dom.js.trap.gz (104 of 148)
[2020-05-13 16:56:51] Importing webkit_event.js.trap.gz (105 of 148)
[2020-05-13 16:56:51] Importing webkit_notifications.js.trap.gz (106 of 148)
[2020-05-13 16:56:51] Importing webkit_usercontent.js.trap.gz (107 of 148)
[2020-05-13 16:56:51] Importing webstorage.js.trap.gz (108 of 148)
[2020-05-13 16:56:51] Importing whatwg_encoding.js.trap.gz (109 of 148)
[2020-05-13 16:56:51] Importing window.js.trap.gz (110 of 148)
[2020-05-13 16:56:51] Importing index.js.trap.gz (111 of 148)
[2020-05-13 16:56:51] Importing core.js.trap.gz (112 of 148)
[2020-05-13 16:56:51] Importing features.js.trap.gz (113 of 148)
[2020-05-13 16:56:51] Importing index.js.trap.gz (114 of 148)
[2020-05-13 16:56:51] Importing debug-adapter.js.trap.gz (115 of 148)
[2020-05-13 16:56:51] Importing adapter.js.trap.gz (116 of 148)
[2020-05-13 16:56:51] Importing errors.js.trap.gz (117 of 148)
[2020-05-13 16:56:51] Importing json-api.js.trap.gz (118 of 148)
[2020-05-13 16:56:51] Importing rest.js.trap.gz (119 of 148)
[2020-05-13 16:56:51] Importing attr.js.trap.gz (120 of 148)
[2020-05-13 16:56:51] Importing index.js.trap.gz (121 of 148)
[2020-05-13 16:56:51] Importing initialize-store-service.js.trap.gz (122 of 148)
[2020-05-13 16:56:51] Importing model.js.trap.gz (123 of 148)
[2020-05-13 16:56:51] Importing relationships.js.trap.gz (124 of 148)
[2020-05-13 16:56:51] Importing serializer.js.trap.gz (125 of 148)
[2020-05-13 16:56:51] Importing embedded-records-mixin.js.trap.gz (126 of 148)
[2020-05-13 16:56:51] Importing json-api.js.trap.gz (127 of 148)
[2020-05-13 16:56:51] Importing json.js.trap.gz (128 of 148)
[2020-05-13 16:56:51] Importing rest.js.trap.gz (129 of 148)
[2020-05-13 16:56:51] Importing setup-container.js.trap.gz (130 of 148)
[2020-05-13 16:56:51] Importing store.js.trap.gz (131 of 148)
[2020-05-13 16:56:51] Importing transform.js.trap.gz (132 of 148)
[2020-05-13 16:56:51] Importing ember-data.js.trap.gz (133 of 148)
[2020-05-13 16:56:51] Importing ember-data.js.trap.gz (134 of 148)
[2020-05-13 16:56:51] Importing index.js.trap.gz (135 of 148)
[2020-05-13 16:56:51] Importing index.js.trap.gz (136 of 148)
[2020-05-13 16:56:51] Importing index.js.trap.gz (137 of 148)
[2020-05-13 16:56:51] Importing index.js.trap.gz (138 of 148)
[2020-05-13 16:56:51] Importing index.js.trap.gz (139 of 148)
[2020-05-13 16:56:51] Importing index.js.trap.gz (140 of 148)
[2020-05-13 16:56:51] Importing index.js.trap.gz (141 of 148)
[2020-05-13 16:56:51] Importing index.js.trap.gz (142 of 148)
[2020-05-13 16:56:51] Importing environment.js.trap.gz (143 of 148)
[2020-05-13 16:56:51] Importing index.js.trap.gz (144 of 148)
[2020-05-13 16:56:51] Importing package.json.trap.gz (145 of 148)
[2020-05-13 16:56:51] Importing tsconfig.json.codeql-typescript-typetable.trap.gz (146 of 148)
[2020-05-13 16:56:51] Importing tsconfig.json.trap.gz (147 of 148)
[2020-05-13 16:56:51] Importing sourceLocationPrefix.trap.gz (148 of 148)
[2020-05-13 16:56:52] Merging 1 fragments for files.
[2020-05-13 16:56:52] Merging 1 fragments for folders.
[2020-05-13 16:56:52] Merging 1 fragments for containerparent.
[2020-05-13 16:56:52] Merging 2 fragments for locations_default.
[2020-05-13 16:56:52] Merging 3 fragments for hasLocation.
[2020-05-13 16:56:52] Merging 1 fragments for extraction_data.
[2020-05-13 16:56:52] Merging 1 fragments for scopes.
[2020-05-13 16:56:52] Merging 1 fragments for comments.
[2020-05-13 16:56:52] Merging 1 fragments for indentation.
[2020-05-13 16:56:52] Merging 1 fragments for numlines.
[2020-05-13 16:56:52] Merging 1 fragments for tokeninfo.
[2020-05-13 16:56:52] Merging 1 fragments for next_token.
[2020-05-13 16:56:52] Merging 1 fragments for jsdoc.
[2020-05-13 16:56:52] Merging 1 fragments for jsdoc_tags.
[2020-05-13 16:56:52] Merging 1 fragments for jsdoc_tag_descriptions.
[2020-05-13 16:56:52] Merging 1 fragments for jsdoc_tag_names.
[2020-05-13 16:56:52] Merging 1 fragments for jsdoc_type_exprs.
[2020-05-13 16:56:52] Merging 1 fragments for toplevels.
[2020-05-13 16:56:52] Merging 1 fragments for stmts.
[2020-05-13 16:56:52] Merging 1 fragments for stmtContainers.
[2020-05-13 16:56:52] Merging 1 fragments for exprs.
[2020-05-13 16:56:52] Merging 1 fragments for enclosingStmt.
[2020-05-13 16:56:52] Merging 1 fragments for exprContainers.
[2020-05-13 16:56:52] Merging 1 fragments for literals.
[2020-05-13 16:56:52] Merging 1 fragments for variables.
[2020-05-13 16:56:52] Merging 1 fragments for bind.
[2020-05-13 16:56:52] Merging 1 fragments for scopenodes.
[2020-05-13 16:56:52] Merging 1 fragments for scopenesting.
[2020-05-13 16:56:52] Merging 1 fragments for decl.
[2020-05-13 16:56:52] Merging 1 fragments for isArgumentsObject.
[2020-05-13 16:56:52] Merging 1 fragments for entry_cfg_node.
[2020-05-13 16:56:52] Merging 1 fragments for exit_cfg_node.
[2020-05-13 16:56:52] Merging 1 fragments for successor.
[2020-05-13 16:56:52] Merging 1 fragments for isExterns.
[2020-05-13 16:56:52] Merging 1 fragments for filetype.
[2020-05-13 16:56:52] Merging 1 fragments for extraction_time.
[2020-05-13 16:56:52] Merging 1 fragments for jsdoc_prefix_qualifier.
[2020-05-13 16:56:52] Merging 1 fragments for jsdoc_errors.
[2020-05-13 16:56:52] Merging 1 fragments for jsdoc_record_field_name.
[2020-05-13 16:56:52] Merging 1 fragments for jsdoc_has_new_parameter.
[2020-05-13 16:56:52] Merging 1 fragments for properties.
[2020-05-13 16:56:52] Merging 1 fragments for regexpterm.
[2020-05-13 16:56:52] Merging 1 fragments for regexpConstValue.
[2020-05-13 16:56:52] Merging 1 fragments for guard_node.
[2020-05-13 16:56:52] Merging 1 fragments for isModule.
[2020-05-13 16:56:52] Merging 1 fragments for isNodejs.
[2020-05-13 16:56:52] Merging 1 fragments for isES2015Module.
[2020-05-13 16:56:52] Merging 1 fragments for local_type_names.
[2020-05-13 16:56:52] Merging 1 fragments for local_namespace_names.
[2020-05-13 16:56:52] Merging 1 fragments for typedecl.
[2020-05-13 16:56:52] Merging 1 fragments for namespacedecl.
[2020-05-13 16:56:52] Merging 1 fragments for arraySize.
[2020-05-13 16:56:52] Merging 1 fragments for isMethod.
[2020-05-13 16:56:52] Merging 1 fragments for isCapture.
[2020-05-13 16:56:52] Merging 1 fragments for isGreedy.
[2020-05-13 16:56:52] Merging 1 fragments for typebind.
[2020-05-13 16:56:52] Merging 1 fragments for namespacebind.
[2020-05-13 16:56:52] Merging 1 fragments for json.
[2020-05-13 16:56:52] Merging 1 fragments for json_locations.
[2020-05-13 16:56:52] Merging 1 fragments for json_literals.
[2020-05-13 16:56:52] Merging 1 fragments for json_properties.
[2020-05-13 16:56:52] Merging 1 fragments for symbols.
[2020-05-13 16:56:52] Merging 1 fragments for symbol_module.
[2020-05-13 16:56:52] Merging 1 fragments for sourceLocationPrefix.
[2020-05-13 16:56:52] Saving string and id pools to disk.
[2020-05-13 16:56:53] Finished importing trap files.
[2020-05-13 16:56:53] Stopped the world to close the cache at sequence stamp o+3
[2020-05-13 16:56:53] The disk cache is freshly trimmed; leave it be.
[2020-05-13 16:56:53] Starting the world again
[2020-05-13 16:56:53] Plumbing command codeql dataset import completed.
[2020-05-13 16:56:53] [PROGRESS] database finalize> TRAP import complete (4.3s).
[2020-05-13 16:56:53] Running plumbing command: codeql database cleanup --mode=normal -- /Users/alexoneill/Documents/GitHub/OSC-Code/Tools/LGTM/DB_Storage/ember-data-3-11-4DB
[2020-05-13 16:56:53] [PROGRESS] database cleanup> Cleaning up existing TRAP files after import...
[2020-05-13 16:56:53] [PROGRESS] database cleanup> TRAP files cleaned up (35ms).
[2020-05-13 16:56:53] Running plumbing command: codeql dataset cleanup --mode=normal -- /Users/alexoneill/Documents/GitHub/OSC-Code/Tools/LGTM/DB_Storage/ember-data-3-11-4DB/db-javascript
[2020-05-13 16:56:53] [PROGRESS] dataset cleanup> Cleaning up dataset in /Users/alexoneill/Documents/GitHub/OSC-Code/Tools/LGTM/DB_Storage/ember-data-3-11-4DB/db-javascript.
[2020-05-13 16:56:53] Trimming disk cache at /Users/alexoneill/Documents/GitHub/OSC-Code/Tools/LGTM/DB_Storage/ember-data-3-11-4DB/db-javascript/default/cache in mode normal.
[2020-05-13 16:56:53] Sequence stamp origin is -6727450313585332322
[2020-05-13 16:56:53] Stopped the world to zealously trim disk at sequence stamp o+0
[2020-05-13 16:56:53] Starting the world again
[2020-05-13 16:56:53] Trimming completed (1ms): Trimmed disposable data from cache.
[2020-05-13 16:56:53] Stopped the world to close the cache at sequence stamp o+1
[2020-05-13 16:56:53] The disk cache is freshly trimmed; leave it be.
[2020-05-13 16:56:53] Starting the world again
[2020-05-13 16:56:53] [PROGRESS] dataset cleanup> Trimmed disposable data from cache.
[2020-05-13 16:56:53] Plumbing command codeql dataset cleanup completed.
[2020-05-13 16:56:53] Plumbing command codeql database cleanup completed with status 0.
[2020-05-13 16:56:53] Plumbing command codeql database finalize completed with status 0.
[2020-05-13 16:56:53] [PROGRESS] database create> Successfully created database at /Users/alexoneill/Documents/GitHub/OSC-Code/Tools/LGTM/DB_Storage/ember-data-3-11-4DB.
[2020-05-13 16:56:53] Terminating normally.
