[2020-05-13 17:03:15] This is codeql database create --language=javascript --source-root /Users/alexoneill/Documents/GitHub/OSC-Code/Tools/LGTM/ext_JS_src/should-13.2.3 /Users/alexoneill/Documents/GitHub/OSC-Code/Tools/LGTM/DB_Storage/should-13-2-3DB
[2020-05-13 17:03:15] Log file was started late.
[2020-05-13 17:03:15] Using autobuild script /Users/alexoneill/Documents/GitHub/OSC-Code/Tools/LGTM/codeql/javascript/tools/autobuild.sh.
[2020-05-13 17:03:15] [DETAILS] database create> Detected autobuild command: /Users/alexoneill/Documents/GitHub/OSC-Code/Tools/LGTM/codeql/javascript/tools/autobuild.sh.
[2020-05-13 17:03:15] [PROGRESS] database create> Running command [/Users/alexoneill/Documents/GitHub/OSC-Code/Tools/LGTM/codeql/javascript/tools/autobuild.sh] in /Users/alexoneill/Documents/GitHub/OSC-Code/Tools/LGTM/ext_JS_src/should-13.2.3.
[2020-05-13 17:03:15] Running plumbing command: codeql database trace-command --working-dir=/Users/alexoneill/Documents/GitHub/OSC-Code/Tools/LGTM/ext_JS_src/should-13.2.3 -- /Users/alexoneill/Documents/GitHub/OSC-Code/Tools/LGTM/DB_Storage/should-13-2-3DB /Users/alexoneill/Documents/GitHub/OSC-Code/Tools/LGTM/codeql/javascript/tools/autobuild.sh
[2020-05-13 17:03:15] [PROGRESS] database trace-command> /Users/alexoneill/Documents/GitHub/OSC-Code/Tools/LGTM/DB_Storage/should-13-2-3DB: Running in /Users/alexoneill/Documents/GitHub/OSC-Code/Tools/LGTM/ext_JS_src/should-13.2.3: [/Users/alexoneill/Documents/GitHub/OSC-Code/Tools/LGTM/codeql/javascript/tools/autobuild.sh]
[2020-05-13 17:03:16] [build] Single-threaded extraction.
[2020-05-13 17:03:16] [build] Found Node.js at: node
[2020-05-13 17:03:16] [build] Found Node.js version: v10.16.3
[2020-05-13 17:03:16] [build] Extracting /Users/alexoneill/Documents/GitHub/OSC-Code/Tools/LGTM/ext_JS_src/should-13.2.3/package/should.d.ts
[2020-05-13 17:03:16] [build] Done extracting /Users/alexoneill/Documents/GitHub/OSC-Code/Tools/LGTM/ext_JS_src/should-13.2.3/package/should.d.ts (272 ms)
[2020-05-13 17:03:16] [build] Extracting /Users/alexoneill/Documents/GitHub/OSC-Code/Tools/LGTM/ext_JS_src/should-13.2.3/package/as-function.js
[2020-05-13 17:03:17] [build] Done extracting /Users/alexoneill/Documents/GitHub/OSC-Code/Tools/LGTM/ext_JS_src/should-13.2.3/package/as-function.js (486 ms)
[2020-05-13 17:03:17] [build] Extracting /Users/alexoneill/Documents/GitHub/OSC-Code/Tools/LGTM/ext_JS_src/should-13.2.3/package/should.js
[2020-05-13 17:03:18] [build] Done extracting /Users/alexoneill/Documents/GitHub/OSC-Code/Tools/LGTM/ext_JS_src/should-13.2.3/package/should.js (572 ms)
[2020-05-13 17:03:18] [build] Extracting /Users/alexoneill/Documents/GitHub/OSC-Code/Tools/LGTM/ext_JS_src/should-13.2.3/package/package.json
[2020-05-13 17:03:18] [build] Done extracting /Users/alexoneill/Documents/GitHub/OSC-Code/Tools/LGTM/ext_JS_src/should-13.2.3/package/package.json (5 ms)
[2020-05-13 17:03:18] [build] Extracting /Users/alexoneill/Documents/GitHub/OSC-Code/Tools/LGTM/ext_JS_src/should-13.2.3/package/es6/should.js
[2020-05-13 17:03:18] [build] Done extracting /Users/alexoneill/Documents/GitHub/OSC-Code/Tools/LGTM/ext_JS_src/should-13.2.3/package/es6/should.js (276 ms)
[2020-05-13 17:03:18] [build] Extracting /Users/alexoneill/Documents/GitHub/OSC-Code/Tools/LGTM/ext_JS_src/should-13.2.3/package/cjs/should.js
[2020-05-13 17:03:18] [build] Done extracting /Users/alexoneill/Documents/GitHub/OSC-Code/Tools/LGTM/ext_JS_src/should-13.2.3/package/cjs/should.js (232 ms)
[2020-05-13 17:03:18] [build-err] No externs trap cache found
[2020-05-13 17:03:18] [build] Extracting /Users/alexoneill/Documents/GitHub/OSC-Code/Tools/LGTM/codeql/javascript/tools/data/externs/nodejs/constants.js
[2020-05-13 17:03:18] [build] Done extracting /Users/alexoneill/Documents/GitHub/OSC-Code/Tools/LGTM/codeql/javascript/tools/data/externs/nodejs/constants.js (170 ms)
[2020-05-13 17:03:18] [build] Extracting /Users/alexoneill/Documents/GitHub/OSC-Code/Tools/LGTM/codeql/javascript/tools/data/externs/nodejs/net.js
[2020-05-13 17:03:18] [build] Done extracting /Users/alexoneill/Documents/GitHub/OSC-Code/Tools/LGTM/codeql/javascript/tools/data/externs/nodejs/net.js (41 ms)
[2020-05-13 17:03:18] [build] Extracting /Users/alexoneill/Documents/GitHub/OSC-Code/Tools/LGTM/codeql/javascript/tools/data/externs/nodejs/globals.js
[2020-05-13 17:03:18] [build] Done extracting /Users/alexoneill/Documents/GitHub/OSC-Code/Tools/LGTM/codeql/javascript/tools/data/externs/nodejs/globals.js (148 ms)
[2020-05-13 17:03:18] [build] Extracting /Users/alexoneill/Documents/GitHub/OSC-Code/Tools/LGTM/codeql/javascript/tools/data/externs/nodejs/events.js
[2020-05-13 17:03:18] [build] Done extracting /Users/alexoneill/Documents/GitHub/OSC-Code/Tools/LGTM/codeql/javascript/tools/data/externs/nodejs/events.js (11 ms)
[2020-05-13 17:03:18] [build] Extracting /Users/alexoneill/Documents/GitHub/OSC-Code/Tools/LGTM/codeql/javascript/tools/data/externs/nodejs/repl.js
[2020-05-13 17:03:18] [build] Done extracting /Users/alexoneill/Documents/GitHub/OSC-Code/Tools/LGTM/codeql/javascript/tools/data/externs/nodejs/repl.js (8 ms)
[2020-05-13 17:03:18] [build] Extracting /Users/alexoneill/Documents/GitHub/OSC-Code/Tools/LGTM/codeql/javascript/tools/data/externs/nodejs/util.js
[2020-05-13 17:03:18] [build] Done extracting /Users/alexoneill/Documents/GitHub/OSC-Code/Tools/LGTM/codeql/javascript/tools/data/externs/nodejs/util.js (24 ms)
[2020-05-13 17:03:18] [build] Extracting /Users/alexoneill/Documents/GitHub/OSC-Code/Tools/LGTM/codeql/javascript/tools/data/externs/nodejs/dgram.js
[2020-05-13 17:03:18] [build] Done extracting /Users/alexoneill/Documents/GitHub/OSC-Code/Tools/LGTM/codeql/javascript/tools/data/externs/nodejs/dgram.js (14 ms)
[2020-05-13 17:03:18] [build] Extracting /Users/alexoneill/Documents/GitHub/OSC-Code/Tools/LGTM/codeql/javascript/tools/data/externs/nodejs/vm.js
[2020-05-13 17:03:18] [build] Done extracting /Users/alexoneill/Documents/GitHub/OSC-Code/Tools/LGTM/codeql/javascript/tools/data/externs/nodejs/vm.js (14 ms)
[2020-05-13 17:03:18] [build] Extracting /Users/alexoneill/Documents/GitHub/OSC-Code/Tools/LGTM/codeql/javascript/tools/data/externs/nodejs/stream.js
[2020-05-13 17:03:19] [build] Done extracting /Users/alexoneill/Documents/GitHub/OSC-Code/Tools/LGTM/codeql/javascript/tools/data/externs/nodejs/stream.js (70 ms)
[2020-05-13 17:03:19] [build] Extracting /Users/alexoneill/Documents/GitHub/OSC-Code/Tools/LGTM/codeql/javascript/tools/data/externs/nodejs/child_process.js
[2020-05-13 17:03:19] [build] Done extracting /Users/alexoneill/Documents/GitHub/OSC-Code/Tools/LGTM/codeql/javascript/tools/data/externs/nodejs/child_process.js (68 ms)
[2020-05-13 17:03:19] [build] Extracting /Users/alexoneill/Documents/GitHub/OSC-Code/Tools/LGTM/codeql/javascript/tools/data/externs/nodejs/assert.js
[2020-05-13 17:03:19] [build] Done extracting /Users/alexoneill/Documents/GitHub/OSC-Code/Tools/LGTM/codeql/javascript/tools/data/externs/nodejs/assert.js (11 ms)
[2020-05-13 17:03:19] [build] Extracting /Users/alexoneill/Documents/GitHub/OSC-Code/Tools/LGTM/codeql/javascript/tools/data/externs/nodejs/os.js
[2020-05-13 17:03:19] [build] Done extracting /Users/alexoneill/Documents/GitHub/OSC-Code/Tools/LGTM/codeql/javascript/tools/data/externs/nodejs/os.js (21 ms)
[2020-05-13 17:03:19] [build] Extracting /Users/alexoneill/Documents/GitHub/OSC-Code/Tools/LGTM/codeql/javascript/tools/data/externs/nodejs/console.js
[2020-05-13 17:03:19] [build] Done extracting /Users/alexoneill/Documents/GitHub/OSC-Code/Tools/LGTM/codeql/javascript/tools/data/externs/nodejs/console.js (3 ms)
[2020-05-13 17:03:19] [build] Extracting /Users/alexoneill/Documents/GitHub/OSC-Code/Tools/LGTM/codeql/javascript/tools/data/externs/nodejs/readline.js
[2020-05-13 17:03:19] [build] Done extracting /Users/alexoneill/Documents/GitHub/OSC-Code/Tools/LGTM/codeql/javascript/tools/data/externs/nodejs/readline.js (28 ms)
[2020-05-13 17:03:19] [build] Extracting /Users/alexoneill/Documents/GitHub/OSC-Code/Tools/LGTM/codeql/javascript/tools/data/externs/nodejs/punycode.js
[2020-05-13 17:03:19] [build] Done extracting /Users/alexoneill/Documents/GitHub/OSC-Code/Tools/LGTM/codeql/javascript/tools/data/externs/nodejs/punycode.js (6 ms)
[2020-05-13 17:03:19] [build] Extracting /Users/alexoneill/Documents/GitHub/OSC-Code/Tools/LGTM/codeql/javascript/tools/data/externs/nodejs/https.js
[2020-05-13 17:03:19] [build] Done extracting /Users/alexoneill/Documents/GitHub/OSC-Code/Tools/LGTM/codeql/javascript/tools/data/externs/nodejs/https.js (14 ms)
[2020-05-13 17:03:19] [build] Extracting /Users/alexoneill/Documents/GitHub/OSC-Code/Tools/LGTM/codeql/javascript/tools/data/externs/nodejs/domain.js
[2020-05-13 17:03:19] [build] Done extracting /Users/alexoneill/Documents/GitHub/OSC-Code/Tools/LGTM/codeql/javascript/tools/data/externs/nodejs/domain.js (7 ms)
[2020-05-13 17:03:19] [build] Extracting /Users/alexoneill/Documents/GitHub/OSC-Code/Tools/LGTM/codeql/javascript/tools/data/externs/nodejs/dns.js
[2020-05-13 17:03:19] [build] Done extracting /Users/alexoneill/Documents/GitHub/OSC-Code/Tools/LGTM/codeql/javascript/tools/data/externs/nodejs/dns.js (20 ms)
[2020-05-13 17:03:19] [build] Extracting /Users/alexoneill/Documents/GitHub/OSC-Code/Tools/LGTM/codeql/javascript/tools/data/externs/nodejs/assert_legacy.js
[2020-05-13 17:03:19] [build] Done extracting /Users/alexoneill/Documents/GitHub/OSC-Code/Tools/LGTM/codeql/javascript/tools/data/externs/nodejs/assert_legacy.js (2 ms)
[2020-05-13 17:03:19] [build] Extracting /Users/alexoneill/Documents/GitHub/OSC-Code/Tools/LGTM/codeql/javascript/tools/data/externs/nodejs/tty.js
[2020-05-13 17:03:19] [build] Done extracting /Users/alexoneill/Documents/GitHub/OSC-Code/Tools/LGTM/codeql/javascript/tools/data/externs/nodejs/tty.js (8 ms)
[2020-05-13 17:03:19] [build] Extracting /Users/alexoneill/Documents/GitHub/OSC-Code/Tools/LGTM/codeql/javascript/tools/data/externs/nodejs/timers.js
[2020-05-13 17:03:19] [build] Done extracting /Users/alexoneill/Documents/GitHub/OSC-Code/Tools/LGTM/codeql/javascript/tools/data/externs/nodejs/timers.js (9 ms)
[2020-05-13 17:03:19] [build] Extracting /Users/alexoneill/Documents/GitHub/OSC-Code/Tools/LGTM/codeql/javascript/tools/data/externs/nodejs/querystring.js
[2020-05-13 17:03:19] [build] Done extracting /Users/alexoneill/Documents/GitHub/OSC-Code/Tools/LGTM/codeql/javascript/tools/data/externs/nodejs/querystring.js (7 ms)
[2020-05-13 17:03:19] [build] Extracting /Users/alexoneill/Documents/GitHub/OSC-Code/Tools/LGTM/codeql/javascript/tools/data/externs/nodejs/module.js
[2020-05-13 17:03:19] [build] Done extracting /Users/alexoneill/Documents/GitHub/OSC-Code/Tools/LGTM/codeql/javascript/tools/data/externs/nodejs/module.js (8 ms)
[2020-05-13 17:03:19] [build] Extracting /Users/alexoneill/Documents/GitHub/OSC-Code/Tools/LGTM/codeql/javascript/tools/data/externs/nodejs/sys.js
[2020-05-13 17:03:19] [build] Done extracting /Users/alexoneill/Documents/GitHub/OSC-Code/Tools/LGTM/codeql/javascript/tools/data/externs/nodejs/sys.js (3 ms)
[2020-05-13 17:03:19] [build] Extracting /Users/alexoneill/Documents/GitHub/OSC-Code/Tools/LGTM/codeql/javascript/tools/data/externs/nodejs/path.js
[2020-05-13 17:03:19] [build] Done extracting /Users/alexoneill/Documents/GitHub/OSC-Code/Tools/LGTM/codeql/javascript/tools/data/externs/nodejs/path.js (23 ms)
[2020-05-13 17:03:19] [build] Extracting /Users/alexoneill/Documents/GitHub/OSC-Code/Tools/LGTM/codeql/javascript/tools/data/externs/nodejs/string_decoder.js
[2020-05-13 17:03:19] [build] Done extracting /Users/alexoneill/Documents/GitHub/OSC-Code/Tools/LGTM/codeql/javascript/tools/data/externs/nodejs/string_decoder.js (4 ms)
[2020-05-13 17:03:19] [build] Extracting /Users/alexoneill/Documents/GitHub/OSC-Code/Tools/LGTM/codeql/javascript/tools/data/externs/nodejs/cluster.js
[2020-05-13 17:03:19] [build] Done extracting /Users/alexoneill/Documents/GitHub/OSC-Code/Tools/LGTM/codeql/javascript/tools/data/externs/nodejs/cluster.js (74 ms)
[2020-05-13 17:03:19] [build] Extracting /Users/alexoneill/Documents/GitHub/OSC-Code/Tools/LGTM/codeql/javascript/tools/data/externs/nodejs/v8.js
[2020-05-13 17:03:19] [build] Done extracting /Users/alexoneill/Documents/GitHub/OSC-Code/Tools/LGTM/codeql/javascript/tools/data/externs/nodejs/v8.js (5 ms)
[2020-05-13 17:03:19] [build] Extracting /Users/alexoneill/Documents/GitHub/OSC-Code/Tools/LGTM/codeql/javascript/tools/data/externs/nodejs/crypto.js
[2020-05-13 17:03:19] [build] Done extracting /Users/alexoneill/Documents/GitHub/OSC-Code/Tools/LGTM/codeql/javascript/tools/data/externs/nodejs/crypto.js (91 ms)
[2020-05-13 17:03:19] [build] Extracting /Users/alexoneill/Documents/GitHub/OSC-Code/Tools/LGTM/codeql/javascript/tools/data/externs/nodejs/zlib.js
[2020-05-13 17:03:19] [build] Done extracting /Users/alexoneill/Documents/GitHub/OSC-Code/Tools/LGTM/codeql/javascript/tools/data/externs/nodejs/zlib.js (33 ms)
[2020-05-13 17:03:19] [build] Extracting /Users/alexoneill/Documents/GitHub/OSC-Code/Tools/LGTM/codeql/javascript/tools/data/externs/nodejs/url.js
[2020-05-13 17:03:19] [build] Done extracting /Users/alexoneill/Documents/GitHub/OSC-Code/Tools/LGTM/codeql/javascript/tools/data/externs/nodejs/url.js (7 ms)
[2020-05-13 17:03:19] [build] Extracting /Users/alexoneill/Documents/GitHub/OSC-Code/Tools/LGTM/codeql/javascript/tools/data/externs/nodejs/tls.js
[2020-05-13 17:03:19] [build] Done extracting /Users/alexoneill/Documents/GitHub/OSC-Code/Tools/LGTM/codeql/javascript/tools/data/externs/nodejs/tls.js (38 ms)
[2020-05-13 17:03:19] [build] Extracting /Users/alexoneill/Documents/GitHub/OSC-Code/Tools/LGTM/codeql/javascript/tools/data/externs/nodejs/process.js
[2020-05-13 17:03:19] [build] Done extracting /Users/alexoneill/Documents/GitHub/OSC-Code/Tools/LGTM/codeql/javascript/tools/data/externs/nodejs/process.js (2 ms)
[2020-05-13 17:03:19] [build] Extracting /Users/alexoneill/Documents/GitHub/OSC-Code/Tools/LGTM/codeql/javascript/tools/data/externs/nodejs/http.js
[2020-05-13 17:03:19] [build] Done extracting /Users/alexoneill/Documents/GitHub/OSC-Code/Tools/LGTM/codeql/javascript/tools/data/externs/nodejs/http.js (38 ms)
[2020-05-13 17:03:19] [build] Extracting /Users/alexoneill/Documents/GitHub/OSC-Code/Tools/LGTM/codeql/javascript/tools/data/externs/nodejs/buffer.js
[2020-05-13 17:03:19] [build] Done extracting /Users/alexoneill/Documents/GitHub/OSC-Code/Tools/LGTM/codeql/javascript/tools/data/externs/nodejs/buffer.js (9 ms)
[2020-05-13 17:03:19] [build] Extracting /Users/alexoneill/Documents/GitHub/OSC-Code/Tools/LGTM/codeql/javascript/tools/data/externs/nodejs/fs.js
[2020-05-13 17:03:19] [build] Done extracting /Users/alexoneill/Documents/GitHub/OSC-Code/Tools/LGTM/codeql/javascript/tools/data/externs/nodejs/fs.js (135 ms)
[2020-05-13 17:03:19] [build] Extracting /Users/alexoneill/Documents/GitHub/OSC-Code/Tools/LGTM/codeql/javascript/tools/data/externs/web/ie_dom.js
[2020-05-13 17:03:19] [build] Done extracting /Users/alexoneill/Documents/GitHub/OSC-Code/Tools/LGTM/codeql/javascript/tools/data/externs/web/ie_dom.js (63 ms)
[2020-05-13 17:03:19] [build] Extracting /Users/alexoneill/Documents/GitHub/OSC-Code/Tools/LGTM/codeql/javascript/tools/data/externs/web/mediasource.js
[2020-05-13 17:03:19] [build] Done extracting /Users/alexoneill/Documents/GitHub/OSC-Code/Tools/LGTM/codeql/javascript/tools/data/externs/web/mediasource.js (10 ms)
[2020-05-13 17:03:19] [build] Extracting /Users/alexoneill/Documents/GitHub/OSC-Code/Tools/LGTM/codeql/javascript/tools/data/externs/web/html5.js
[2020-05-13 17:03:20] [build] Done extracting /Users/alexoneill/Documents/GitHub/OSC-Code/Tools/LGTM/codeql/javascript/tools/data/externs/web/html5.js (272 ms)
[2020-05-13 17:03:20] [build] Extracting /Users/alexoneill/Documents/GitHub/OSC-Code/Tools/LGTM/codeql/javascript/tools/data/externs/web/w3c_anim_timing.js
[2020-05-13 17:03:20] [build] Done extracting /Users/alexoneill/Documents/GitHub/OSC-Code/Tools/LGTM/codeql/javascript/tools/data/externs/web/w3c_anim_timing.js (9 ms)
[2020-05-13 17:03:20] [build] Extracting /Users/alexoneill/Documents/GitHub/OSC-Code/Tools/LGTM/codeql/javascript/tools/data/externs/web/w3c_dom3.js
[2020-05-13 17:03:20] [build] Done extracting /Users/alexoneill/Documents/GitHub/OSC-Code/Tools/LGTM/codeql/javascript/tools/data/externs/web/w3c_dom3.js (48 ms)
[2020-05-13 17:03:20] [build] Extracting /Users/alexoneill/Documents/GitHub/OSC-Code/Tools/LGTM/codeql/javascript/tools/data/externs/web/fetchapi.js
[2020-05-13 17:03:20] [build] Done extracting /Users/alexoneill/Documents/GitHub/OSC-Code/Tools/LGTM/codeql/javascript/tools/data/externs/web/fetchapi.js (25 ms)
[2020-05-13 17:03:20] [build] Extracting /Users/alexoneill/Documents/GitHub/OSC-Code/Tools/LGTM/codeql/javascript/tools/data/externs/web/streamsapi.js
[2020-05-13 17:03:20] [build] Done extracting /Users/alexoneill/Documents/GitHub/OSC-Code/Tools/LGTM/codeql/javascript/tools/data/externs/web/streamsapi.js (29 ms)
[2020-05-13 17:03:20] [build] Extracting /Users/alexoneill/Documents/GitHub/OSC-Code/Tools/LGTM/codeql/javascript/tools/data/externs/web/fileapi.js
[2020-05-13 17:03:20] [build] Done extracting /Users/alexoneill/Documents/GitHub/OSC-Code/Tools/LGTM/codeql/javascript/tools/data/externs/web/fileapi.js (64 ms)
[2020-05-13 17:03:20] [build] Extracting /Users/alexoneill/Documents/GitHub/OSC-Code/Tools/LGTM/codeql/javascript/tools/data/externs/web/w3c_navigation_timing.js
[2020-05-13 17:03:20] [build] Done extracting /Users/alexoneill/Documents/GitHub/OSC-Code/Tools/LGTM/codeql/javascript/tools/data/externs/web/w3c_navigation_timing.js (20 ms)
[2020-05-13 17:03:20] [build] Extracting /Users/alexoneill/Documents/GitHub/OSC-Code/Tools/LGTM/codeql/javascript/tools/data/externs/web/w3c_range.js
[2020-05-13 17:03:20] [build] Done extracting /Users/alexoneill/Documents/GitHub/OSC-Code/Tools/LGTM/codeql/javascript/tools/data/externs/web/w3c_range.js (19 ms)
[2020-05-13 17:03:20] [build] Extracting /Users/alexoneill/Documents/GitHub/OSC-Code/Tools/LGTM/codeql/javascript/tools/data/externs/web/w3c_indexeddb.js
[2020-05-13 17:03:20] [build] Done extracting /Users/alexoneill/Documents/GitHub/OSC-Code/Tools/LGTM/codeql/javascript/tools/data/externs/web/w3c_indexeddb.js (60 ms)
[2020-05-13 17:03:20] [build] Extracting /Users/alexoneill/Documents/GitHub/OSC-Code/Tools/LGTM/codeql/javascript/tools/data/externs/web/w3c_dom2.js
[2020-05-13 17:03:20] [build] Done extracting /Users/alexoneill/Documents/GitHub/OSC-Code/Tools/LGTM/codeql/javascript/tools/data/externs/web/w3c_dom2.js (111 ms)
[2020-05-13 17:03:20] [build] Extracting /Users/alexoneill/Documents/GitHub/OSC-Code/Tools/LGTM/codeql/javascript/tools/data/externs/web/w3c_elementtraversal.js
[2020-05-13 17:03:20] [build] Done extracting /Users/alexoneill/Documents/GitHub/OSC-Code/Tools/LGTM/codeql/javascript/tools/data/externs/web/w3c_elementtraversal.js (5 ms)
[2020-05-13 17:03:20] [build] Extracting /Users/alexoneill/Documents/GitHub/OSC-Code/Tools/LGTM/codeql/javascript/tools/data/externs/web/w3c_webcrypto.js
[2020-05-13 17:03:20] [build] Done extracting /Users/alexoneill/Documents/GitHub/OSC-Code/Tools/LGTM/codeql/javascript/tools/data/externs/web/w3c_webcrypto.js (19 ms)
[2020-05-13 17:03:20] [build] Extracting /Users/alexoneill/Documents/GitHub/OSC-Code/Tools/LGTM/codeql/javascript/tools/data/externs/web/ie_vml.js
[2020-05-13 17:03:20] [build] Done extracting /Users/alexoneill/Documents/GitHub/OSC-Code/Tools/LGTM/codeql/javascript/tools/data/externs/web/ie_vml.js (4 ms)
[2020-05-13 17:03:20] [build] Extracting /Users/alexoneill/Documents/GitHub/OSC-Code/Tools/LGTM/codeql/javascript/tools/data/externs/web/intl.js
[2020-05-13 17:03:20] [build] Done extracting /Users/alexoneill/Documents/GitHub/OSC-Code/Tools/LGTM/codeql/javascript/tools/data/externs/web/intl.js (17 ms)
[2020-05-13 17:03:20] [build] Extracting /Users/alexoneill/Documents/GitHub/OSC-Code/Tools/LGTM/codeql/javascript/tools/data/externs/web/w3c_rtc.js
[2020-05-13 17:03:20] [build] Done extracting /Users/alexoneill/Documents/GitHub/OSC-Code/Tools/LGTM/codeql/javascript/tools/data/externs/web/w3c_rtc.js (133 ms)
[2020-05-13 17:03:20] [build] Extracting /Users/alexoneill/Documents/GitHub/OSC-Code/Tools/LGTM/codeql/javascript/tools/data/externs/web/w3c_requestidlecallback.js
[2020-05-13 17:03:20] [build] Done extracting /Users/alexoneill/Documents/GitHub/OSC-Code/Tools/LGTM/codeql/javascript/tools/data/externs/web/w3c_requestidlecallback.js (4 ms)
[2020-05-13 17:03:20] [build] Extracting /Users/alexoneill/Documents/GitHub/OSC-Code/Tools/LGTM/codeql/javascript/tools/data/externs/web/w3c_geolocation.js
[2020-05-13 17:03:20] [build] Done extracting /Users/alexoneill/Documents/GitHub/OSC-Code/Tools/LGTM/codeql/javascript/tools/data/externs/web/w3c_geolocation.js (9 ms)
[2020-05-13 17:03:20] [build] Extracting /Users/alexoneill/Documents/GitHub/OSC-Code/Tools/LGTM/codeql/javascript/tools/data/externs/web/webstorage.js
[2020-05-13 17:03:20] [build] Done extracting /Users/alexoneill/Documents/GitHub/OSC-Code/Tools/LGTM/codeql/javascript/tools/data/externs/web/webstorage.js (8 ms)
[2020-05-13 17:03:20] [build] Extracting /Users/alexoneill/Documents/GitHub/OSC-Code/Tools/LGTM/codeql/javascript/tools/data/externs/web/webkit_usercontent.js
[2020-05-13 17:03:20] [build] Done extracting /Users/alexoneill/Documents/GitHub/OSC-Code/Tools/LGTM/codeql/javascript/tools/data/externs/web/webkit_usercontent.js (4 ms)
[2020-05-13 17:03:20] [build] Extracting /Users/alexoneill/Documents/GitHub/OSC-Code/Tools/LGTM/codeql/javascript/tools/data/externs/web/window.js
[2020-05-13 17:03:20] [build] Done extracting /Users/alexoneill/Documents/GitHub/OSC-Code/Tools/LGTM/codeql/javascript/tools/data/externs/web/window.js (9 ms)
[2020-05-13 17:03:20] [build] Extracting /Users/alexoneill/Documents/GitHub/OSC-Code/Tools/LGTM/codeql/javascript/tools/data/externs/web/page_visibility.js
[2020-05-13 17:03:20] [build] Done extracting /Users/alexoneill/Documents/GitHub/OSC-Code/Tools/LGTM/codeql/javascript/tools/data/externs/web/page_visibility.js (1 ms)
[2020-05-13 17:03:20] [build] Extracting /Users/alexoneill/Documents/GitHub/OSC-Code/Tools/LGTM/codeql/javascript/tools/data/externs/web/webgl.js
[2020-05-13 17:03:20] [build] Done extracting /Users/alexoneill/Documents/GitHub/OSC-Code/Tools/LGTM/codeql/javascript/tools/data/externs/web/webgl.js (196 ms)
[2020-05-13 17:03:20] [build] Extracting /Users/alexoneill/Documents/GitHub/OSC-Code/Tools/LGTM/codeql/javascript/tools/data/externs/web/w3c_touch_event.js
[2020-05-13 17:03:20] [build] Done extracting /Users/alexoneill/Documents/GitHub/OSC-Code/Tools/LGTM/codeql/javascript/tools/data/externs/web/w3c_touch_event.js (12 ms)
[2020-05-13 17:03:20] [build] Extracting /Users/alexoneill/Documents/GitHub/OSC-Code/Tools/LGTM/codeql/javascript/tools/data/externs/web/w3c_event.js
[2020-05-13 17:03:20] [build] Done extracting /Users/alexoneill/Documents/GitHub/OSC-Code/Tools/LGTM/codeql/javascript/tools/data/externs/web/w3c_event.js (32 ms)
[2020-05-13 17:03:20] [build] Extracting /Users/alexoneill/Documents/GitHub/OSC-Code/Tools/LGTM/codeql/javascript/tools/data/externs/web/whatwg_encoding.js
[2020-05-13 17:03:20] [build] Done extracting /Users/alexoneill/Documents/GitHub/OSC-Code/Tools/LGTM/codeql/javascript/tools/data/externs/web/whatwg_encoding.js (5 ms)
[2020-05-13 17:03:20] [build] Extracting /Users/alexoneill/Documents/GitHub/OSC-Code/Tools/LGTM/codeql/javascript/tools/data/externs/web/w3c_event3.js
[2020-05-13 17:03:20] [build] Done extracting /Users/alexoneill/Documents/GitHub/OSC-Code/Tools/LGTM/codeql/javascript/tools/data/externs/web/w3c_event3.js (4 ms)
[2020-05-13 17:03:20] [build] Extracting /Users/alexoneill/Documents/GitHub/OSC-Code/Tools/LGTM/codeql/javascript/tools/data/externs/web/gecko_xml.js
[2020-05-13 17:03:20] [build] Done extracting /Users/alexoneill/Documents/GitHub/OSC-Code/Tools/LGTM/codeql/javascript/tools/data/externs/web/gecko_xml.js (3 ms)
[2020-05-13 17:03:20] [build] Extracting /Users/alexoneill/Documents/GitHub/OSC-Code/Tools/LGTM/codeql/javascript/tools/data/externs/web/ie_event.js
[2020-05-13 17:03:20] [build] Done extracting /Users/alexoneill/Documents/GitHub/OSC-Code/Tools/LGTM/codeql/javascript/tools/data/externs/web/ie_event.js (15 ms)
[2020-05-13 17:03:20] [build] Extracting /Users/alexoneill/Documents/GitHub/OSC-Code/Tools/LGTM/codeql/javascript/tools/data/externs/web/w3c_css.js
[2020-05-13 17:03:21] [build] Done extracting /Users/alexoneill/Documents/GitHub/OSC-Code/Tools/LGTM/codeql/javascript/tools/data/externs/web/w3c_css.js (106 ms)
[2020-05-13 17:03:21] [build] Extracting /Users/alexoneill/Documents/GitHub/OSC-Code/Tools/LGTM/codeql/javascript/tools/data/externs/web/ie_css.js
[2020-05-13 17:03:21] [build] Done extracting /Users/alexoneill/Documents/GitHub/OSC-Code/Tools/LGTM/codeql/javascript/tools/data/externs/web/ie_css.js (16 ms)
[2020-05-13 17:03:21] [build] Extracting /Users/alexoneill/Documents/GitHub/OSC-Code/Tools/LGTM/codeql/javascript/tools/data/externs/web/webkit_css.js
[2020-05-13 17:03:21] [build] Done extracting /Users/alexoneill/Documents/GitHub/OSC-Code/Tools/LGTM/codeql/javascript/tools/data/externs/web/webkit_css.js (89 ms)
[2020-05-13 17:03:21] [build] Extracting /Users/alexoneill/Documents/GitHub/OSC-Code/Tools/LGTM/codeql/javascript/tools/data/externs/web/w3c_xml.js
[2020-05-13 17:03:21] [build] Done extracting /Users/alexoneill/Documents/GitHub/OSC-Code/Tools/LGTM/codeql/javascript/tools/data/externs/web/w3c_xml.js (19 ms)
[2020-05-13 17:03:21] [build] Extracting /Users/alexoneill/Documents/GitHub/OSC-Code/Tools/LGTM/codeql/javascript/tools/data/externs/web/gecko_css.js
[2020-05-13 17:03:21] [build] Done extracting /Users/alexoneill/Documents/GitHub/OSC-Code/Tools/LGTM/codeql/javascript/tools/data/externs/web/gecko_css.js (13 ms)
[2020-05-13 17:03:21] [build] Extracting /Users/alexoneill/Documents/GitHub/OSC-Code/Tools/LGTM/codeql/javascript/tools/data/externs/web/iphone.js
[2020-05-13 17:03:21] [build] Done extracting /Users/alexoneill/Documents/GitHub/OSC-Code/Tools/LGTM/codeql/javascript/tools/data/externs/web/iphone.js (8 ms)
[2020-05-13 17:03:21] [build] Extracting /Users/alexoneill/Documents/GitHub/OSC-Code/Tools/LGTM/codeql/javascript/tools/data/externs/web/w3c_selectors.js
[2020-05-13 17:03:21] [build] Done extracting /Users/alexoneill/Documents/GitHub/OSC-Code/Tools/LGTM/codeql/javascript/tools/data/externs/web/w3c_selectors.js (6 ms)
[2020-05-13 17:03:21] [build] Extracting /Users/alexoneill/Documents/GitHub/OSC-Code/Tools/LGTM/codeql/javascript/tools/data/externs/web/chrome.js
[2020-05-13 17:03:21] [build] Done extracting /Users/alexoneill/Documents/GitHub/OSC-Code/Tools/LGTM/codeql/javascript/tools/data/externs/web/chrome.js (31 ms)
[2020-05-13 17:03:21] [build] Extracting /Users/alexoneill/Documents/GitHub/OSC-Code/Tools/LGTM/codeql/javascript/tools/data/externs/web/w3c_batterystatus.js
[2020-05-13 17:03:21] [build] Done extracting /Users/alexoneill/Documents/GitHub/OSC-Code/Tools/LGTM/codeql/javascript/tools/data/externs/web/w3c_batterystatus.js (3 ms)
[2020-05-13 17:03:21] [build] Extracting /Users/alexoneill/Documents/GitHub/OSC-Code/Tools/LGTM/codeql/javascript/tools/data/externs/web/webkit_notifications.js
[2020-05-13 17:03:21] [build] Done extracting /Users/alexoneill/Documents/GitHub/OSC-Code/Tools/LGTM/codeql/javascript/tools/data/externs/web/webkit_notifications.js (12 ms)
[2020-05-13 17:03:21] [build] Extracting /Users/alexoneill/Documents/GitHub/OSC-Code/Tools/LGTM/codeql/javascript/tools/data/externs/web/w3c_screen_orientation.js
[2020-05-13 17:03:21] [build] Done extracting /Users/alexoneill/Documents/GitHub/OSC-Code/Tools/LGTM/codeql/javascript/tools/data/externs/web/w3c_screen_orientation.js (3 ms)
[2020-05-13 17:03:21] [build] Extracting /Users/alexoneill/Documents/GitHub/OSC-Code/Tools/LGTM/codeql/javascript/tools/data/externs/web/w3c_midi.js
[2020-05-13 17:03:21] [build] Done extracting /Users/alexoneill/Documents/GitHub/OSC-Code/Tools/LGTM/codeql/javascript/tools/data/externs/web/w3c_midi.js (13 ms)
[2020-05-13 17:03:21] [build] Extracting /Users/alexoneill/Documents/GitHub/OSC-Code/Tools/LGTM/codeql/javascript/tools/data/externs/web/w3c_serviceworker.js
[2020-05-13 17:03:21] [build] Done extracting /Users/alexoneill/Documents/GitHub/OSC-Code/Tools/LGTM/codeql/javascript/tools/data/externs/web/w3c_serviceworker.js (35 ms)
[2020-05-13 17:03:21] [build] Extracting /Users/alexoneill/Documents/GitHub/OSC-Code/Tools/LGTM/codeql/javascript/tools/data/externs/web/w3c_device_sensor_event.js
[2020-05-13 17:03:21] [build] Done extracting /Users/alexoneill/Documents/GitHub/OSC-Code/Tools/LGTM/codeql/javascript/tools/data/externs/web/w3c_device_sensor_event.js (5 ms)
[2020-05-13 17:03:21] [build] Extracting /Users/alexoneill/Documents/GitHub/OSC-Code/Tools/LGTM/codeql/javascript/tools/data/externs/web/webkit_event.js
[2020-05-13 17:03:21] [build] Done extracting /Users/alexoneill/Documents/GitHub/OSC-Code/Tools/LGTM/codeql/javascript/tools/data/externs/web/webkit_event.js (3 ms)
[2020-05-13 17:03:21] [build] Extracting /Users/alexoneill/Documents/GitHub/OSC-Code/Tools/LGTM/codeql/javascript/tools/data/externs/web/w3c_permissions.js
[2020-05-13 17:03:21] [build] Done extracting /Users/alexoneill/Documents/GitHub/OSC-Code/Tools/LGTM/codeql/javascript/tools/data/externs/web/w3c_permissions.js (6 ms)
[2020-05-13 17:03:21] [build] Extracting /Users/alexoneill/Documents/GitHub/OSC-Code/Tools/LGTM/codeql/javascript/tools/data/externs/web/w3c_gamepad.js
[2020-05-13 17:03:21] [build] Done extracting /Users/alexoneill/Documents/GitHub/OSC-Code/Tools/LGTM/codeql/javascript/tools/data/externs/web/w3c_gamepad.js (4 ms)
[2020-05-13 17:03:21] [build] Extracting /Users/alexoneill/Documents/GitHub/OSC-Code/Tools/LGTM/codeql/javascript/tools/data/externs/web/w3c_dom1.js
[2020-05-13 17:03:21] [build] Done extracting /Users/alexoneill/Documents/GitHub/OSC-Code/Tools/LGTM/codeql/javascript/tools/data/externs/web/w3c_dom1.js (53 ms)
[2020-05-13 17:03:21] [build] Extracting /Users/alexoneill/Documents/GitHub/OSC-Code/Tools/LGTM/codeql/javascript/tools/data/externs/web/url.js
[2020-05-13 17:03:21] [build] Done extracting /Users/alexoneill/Documents/GitHub/OSC-Code/Tools/LGTM/codeql/javascript/tools/data/externs/web/url.js (8 ms)
[2020-05-13 17:03:21] [build] Extracting /Users/alexoneill/Documents/GitHub/OSC-Code/Tools/LGTM/codeql/javascript/tools/data/externs/web/gecko_event.js
[2020-05-13 17:03:21] [build] Done extracting /Users/alexoneill/Documents/GitHub/OSC-Code/Tools/LGTM/codeql/javascript/tools/data/externs/web/gecko_event.js (8 ms)
[2020-05-13 17:03:21] [build] Extracting /Users/alexoneill/Documents/GitHub/OSC-Code/Tools/LGTM/codeql/javascript/tools/data/externs/web/w3c_encoding.js
[2020-05-13 17:03:21] [build] Done extracting /Users/alexoneill/Documents/GitHub/OSC-Code/Tools/LGTM/codeql/javascript/tools/data/externs/web/w3c_encoding.js (5 ms)
[2020-05-13 17:03:21] [build] Extracting /Users/alexoneill/Documents/GitHub/OSC-Code/Tools/LGTM/codeql/javascript/tools/data/externs/web/flash.js
[2020-05-13 17:03:21] [build] Done extracting /Users/alexoneill/Documents/GitHub/OSC-Code/Tools/LGTM/codeql/javascript/tools/data/externs/web/flash.js (27 ms)
[2020-05-13 17:03:21] [build] Extracting /Users/alexoneill/Documents/GitHub/OSC-Code/Tools/LGTM/codeql/javascript/tools/data/externs/web/w3c_pointer_events.js
[2020-05-13 17:03:21] [build] Done extracting /Users/alexoneill/Documents/GitHub/OSC-Code/Tools/LGTM/codeql/javascript/tools/data/externs/web/w3c_pointer_events.js (6 ms)
[2020-05-13 17:03:21] [build] Extracting /Users/alexoneill/Documents/GitHub/OSC-Code/Tools/LGTM/codeql/javascript/tools/data/externs/web/gecko_ext.js
[2020-05-13 17:03:21] [build] Done extracting /Users/alexoneill/Documents/GitHub/OSC-Code/Tools/LGTM/codeql/javascript/tools/data/externs/web/gecko_ext.js (2 ms)
[2020-05-13 17:03:21] [build] Extracting /Users/alexoneill/Documents/GitHub/OSC-Code/Tools/LGTM/codeql/javascript/tools/data/externs/web/gecko_dom.js
[2020-05-13 17:03:21] [build] Done extracting /Users/alexoneill/Documents/GitHub/OSC-Code/Tools/LGTM/codeql/javascript/tools/data/externs/web/gecko_dom.js (48 ms)
[2020-05-13 17:03:21] [build] Extracting /Users/alexoneill/Documents/GitHub/OSC-Code/Tools/LGTM/codeql/javascript/tools/data/externs/web/webkit_dom.js
[2020-05-13 17:03:21] [build] Done extracting /Users/alexoneill/Documents/GitHub/OSC-Code/Tools/LGTM/codeql/javascript/tools/data/externs/web/webkit_dom.js (22 ms)
[2020-05-13 17:03:21] [build] Extracting /Users/alexoneill/Documents/GitHub/OSC-Code/Tools/LGTM/codeql/javascript/tools/data/externs/web/w3c_css3d.js
[2020-05-13 17:03:21] [build] Done extracting /Users/alexoneill/Documents/GitHub/OSC-Code/Tools/LGTM/codeql/javascript/tools/data/externs/web/w3c_css3d.js (13 ms)
[2020-05-13 17:03:21] [build] Extracting /Users/alexoneill/Documents/GitHub/OSC-Code/Tools/LGTM/codeql/javascript/tools/data/externs/web/w3c_dom4.js
[2020-05-13 17:03:21] [build] Done extracting /Users/alexoneill/Documents/GitHub/OSC-Code/Tools/LGTM/codeql/javascript/tools/data/externs/web/w3c_dom4.js (3 ms)
[2020-05-13 17:03:21] [build] Extracting /Users/alexoneill/Documents/GitHub/OSC-Code/Tools/LGTM/codeql/javascript/tools/data/externs/vm/rhino.js
[2020-05-13 17:03:21] [build] Done extracting /Users/alexoneill/Documents/GitHub/OSC-Code/Tools/LGTM/codeql/javascript/tools/data/externs/vm/rhino.js (5 ms)
[2020-05-13 17:03:21] [build] Extracting /Users/alexoneill/Documents/GitHub/OSC-Code/Tools/LGTM/codeql/javascript/tools/data/externs/vm/v8.js
[2020-05-13 17:03:21] [build] Done extracting /Users/alexoneill/Documents/GitHub/OSC-Code/Tools/LGTM/codeql/javascript/tools/data/externs/vm/v8.js (6 ms)
[2020-05-13 17:03:21] [build] Extracting /Users/alexoneill/Documents/GitHub/OSC-Code/Tools/LGTM/codeql/javascript/tools/data/externs/vm/spidermonkey.js
[2020-05-13 17:03:21] [build] Done extracting /Users/alexoneill/Documents/GitHub/OSC-Code/Tools/LGTM/codeql/javascript/tools/data/externs/vm/spidermonkey.js (2 ms)
[2020-05-13 17:03:21] [build] Extracting /Users/alexoneill/Documents/GitHub/OSC-Code/Tools/LGTM/codeql/javascript/tools/data/externs/vm/jsshell.js
[2020-05-13 17:03:21] [build] Done extracting /Users/alexoneill/Documents/GitHub/OSC-Code/Tools/LGTM/codeql/javascript/tools/data/externs/vm/jsshell.js (35 ms)
[2020-05-13 17:03:21] [build] Extracting /Users/alexoneill/Documents/GitHub/OSC-Code/Tools/LGTM/codeql/javascript/tools/data/externs/lib/jquery-3.2.js
[2020-05-13 17:03:21] [build] Done extracting /Users/alexoneill/Documents/GitHub/OSC-Code/Tools/LGTM/codeql/javascript/tools/data/externs/lib/jquery-3.2.js (159 ms)
[2020-05-13 17:03:21] [build] Extracting /Users/alexoneill/Documents/GitHub/OSC-Code/Tools/LGTM/codeql/javascript/tools/data/externs/lib/bdd.js
[2020-05-13 17:03:21] [build] Done extracting /Users/alexoneill/Documents/GitHub/OSC-Code/Tools/LGTM/codeql/javascript/tools/data/externs/lib/bdd.js (8 ms)
[2020-05-13 17:03:21] [build] Extracting /Users/alexoneill/Documents/GitHub/OSC-Code/Tools/LGTM/codeql/javascript/tools/data/externs/lib/should.js
[2020-05-13 17:03:21] [build] Done extracting /Users/alexoneill/Documents/GitHub/OSC-Code/Tools/LGTM/codeql/javascript/tools/data/externs/lib/should.js (22 ms)
[2020-05-13 17:03:21] [build] Extracting /Users/alexoneill/Documents/GitHub/OSC-Code/Tools/LGTM/codeql/javascript/tools/data/externs/lib/vows.js
[2020-05-13 17:03:21] [build] Done extracting /Users/alexoneill/Documents/GitHub/OSC-Code/Tools/LGTM/codeql/javascript/tools/data/externs/lib/vows.js (22 ms)
[2020-05-13 17:03:21] [build] Extracting /Users/alexoneill/Documents/GitHub/OSC-Code/Tools/LGTM/codeql/javascript/tools/data/externs/es/proxy.js
[2020-05-13 17:03:21] [build] Done extracting /Users/alexoneill/Documents/GitHub/OSC-Code/Tools/LGTM/codeql/javascript/tools/data/externs/es/proxy.js (2 ms)
[2020-05-13 17:03:21] [build] Extracting /Users/alexoneill/Documents/GitHub/OSC-Code/Tools/LGTM/codeql/javascript/tools/data/externs/es/es5.js
[2020-05-13 17:03:21] [build] Done extracting /Users/alexoneill/Documents/GitHub/OSC-Code/Tools/LGTM/codeql/javascript/tools/data/externs/es/es5.js (15 ms)
[2020-05-13 17:03:21] [build] Extracting /Users/alexoneill/Documents/GitHub/OSC-Code/Tools/LGTM/codeql/javascript/tools/data/externs/es/intl.js
[2020-05-13 17:03:21] [build] Done extracting /Users/alexoneill/Documents/GitHub/OSC-Code/Tools/LGTM/codeql/javascript/tools/data/externs/es/intl.js (11 ms)
[2020-05-13 17:03:21] [build] Extracting /Users/alexoneill/Documents/GitHub/OSC-Code/Tools/LGTM/codeql/javascript/tools/data/externs/es/es6_collections.js
[2020-05-13 17:03:21] [build] Done extracting /Users/alexoneill/Documents/GitHub/OSC-Code/Tools/LGTM/codeql/javascript/tools/data/externs/es/es6_collections.js (11 ms)
[2020-05-13 17:03:21] [build] Extracting /Users/alexoneill/Documents/GitHub/OSC-Code/Tools/LGTM/codeql/javascript/tools/data/externs/es/es6.js
[2020-05-13 17:03:21] [build] Done extracting /Users/alexoneill/Documents/GitHub/OSC-Code/Tools/LGTM/codeql/javascript/tools/data/externs/es/es6.js (82 ms)
[2020-05-13 17:03:21] [build] Extracting /Users/alexoneill/Documents/GitHub/OSC-Code/Tools/LGTM/codeql/javascript/tools/data/externs/es/es2017.js
[2020-05-13 17:03:21] [build] Done extracting /Users/alexoneill/Documents/GitHub/OSC-Code/Tools/LGTM/codeql/javascript/tools/data/externs/es/es2017.js (3 ms)
[2020-05-13 17:03:21] [build] Extracting /Users/alexoneill/Documents/GitHub/OSC-Code/Tools/LGTM/codeql/javascript/tools/data/externs/es/es3.js
[2020-05-13 17:03:22] [build] Done extracting /Users/alexoneill/Documents/GitHub/OSC-Code/Tools/LGTM/codeql/javascript/tools/data/externs/es/es3.js (132 ms)
[2020-05-13 17:03:22] [build] Extracting /Users/alexoneill/Documents/GitHub/OSC-Code/Tools/LGTM/codeql/javascript/tools/data/externs/es/es2016.js
[2020-05-13 17:03:22] [build] Done extracting /Users/alexoneill/Documents/GitHub/OSC-Code/Tools/LGTM/codeql/javascript/tools/data/externs/es/es2016.js (2 ms)
[2020-05-13 17:03:22] Plumbing command codeql database trace-command completed.
[2020-05-13 17:03:22] [PROGRESS] database create> Finalizing database at /Users/alexoneill/Documents/GitHub/OSC-Code/Tools/LGTM/DB_Storage/should-13-2-3DB.
[2020-05-13 17:03:22] Running plumbing command: codeql database finalize --mode=normal -- /Users/alexoneill/Documents/GitHub/OSC-Code/Tools/LGTM/DB_Storage/should-13-2-3DB
[2020-05-13 17:03:22] [PROGRESS] database finalize> Running TRAP import for CodeQL database at /Users/alexoneill/Documents/GitHub/OSC-Code/Tools/LGTM/DB_Storage/should-13-2-3DB...
[2020-05-13 17:03:22] Running plumbing command: codeql dataset import --dbscheme=/Users/alexoneill/Documents/GitHub/OSC-Code/Tools/LGTM/codeql/javascript/semmlecode.javascript.dbscheme -- /Users/alexoneill/Documents/GitHub/OSC-Code/Tools/LGTM/DB_Storage/should-13-2-3DB/db-javascript /Users/alexoneill/Documents/GitHub/OSC-Code/Tools/LGTM/DB_Storage/should-13-2-3DB/trap/javascript
[2020-05-13 17:03:22] Clearing disk cache since the version file /Users/alexoneill/Documents/GitHub/OSC-Code/Tools/LGTM/DB_Storage/should-13-2-3DB/db-javascript/default/cache/version does not exist
[2020-05-13 17:03:22] Tuple pool not found. Clearing relations with cached strings
[2020-05-13 17:03:22] Trimming disk cache at /Users/alexoneill/Documents/GitHub/OSC-Code/Tools/LGTM/DB_Storage/should-13-2-3DB/db-javascript/default/cache in mode brutal.
[2020-05-13 17:03:22] Sequence stamp origin is -6727448642904863052
[2020-05-13 17:03:22] Stopped the world to hard-clear memory at sequence stamp o+0
[2020-05-13 17:03:22] Starting the world again
[2020-05-13 17:03:22] Stopped the world to quickly trim disk at sequence stamp o+1
[2020-05-13 17:03:22] Starting the world again
[2020-05-13 17:03:22] Stopped the world to zealously trim disk at sequence stamp o+2
[2020-05-13 17:03:22] Starting the world again
[2020-05-13 17:03:22] Trimming completed (12ms): Purged everything.
[2020-05-13 17:03:22] Scanning for files in /Users/alexoneill/Documents/GitHub/OSC-Code/Tools/LGTM/DB_Storage/should-13-2-3DB/trap/javascript
[2020-05-13 17:03:22] Importing es2016.js.trap.gz (1 of 117)
[2020-05-13 17:03:22] Importing es2017.js.trap.gz (2 of 117)
[2020-05-13 17:03:22] Importing es3.js.trap.gz (3 of 117)
[2020-05-13 17:03:22] Importing es5.js.trap.gz (4 of 117)
[2020-05-13 17:03:22] Importing es6.js.trap.gz (5 of 117)
[2020-05-13 17:03:23] Importing es6_collections.js.trap.gz (6 of 117)
[2020-05-13 17:03:23] Importing intl.js.trap.gz (7 of 117)
[2020-05-13 17:03:23] Importing proxy.js.trap.gz (8 of 117)
[2020-05-13 17:03:23] Importing bdd.js.trap.gz (9 of 117)
[2020-05-13 17:03:23] Importing jquery-3.2.js.trap.gz (10 of 117)
[2020-05-13 17:03:23] Importing should.js.trap.gz (11 of 117)
[2020-05-13 17:03:23] Importing vows.js.trap.gz (12 of 117)
[2020-05-13 17:03:23] Importing assert.js.trap.gz (13 of 117)
[2020-05-13 17:03:23] Importing assert_legacy.js.trap.gz (14 of 117)
[2020-05-13 17:03:23] Importing buffer.js.trap.gz (15 of 117)
[2020-05-13 17:03:23] Importing child_process.js.trap.gz (16 of 117)
[2020-05-13 17:03:23] Importing cluster.js.trap.gz (17 of 117)
[2020-05-13 17:03:23] Importing console.js.trap.gz (18 of 117)
[2020-05-13 17:03:23] Importing constants.js.trap.gz (19 of 117)
[2020-05-13 17:03:23] Importing crypto.js.trap.gz (20 of 117)
[2020-05-13 17:03:23] Importing dgram.js.trap.gz (21 of 117)
[2020-05-13 17:03:23] Importing dns.js.trap.gz (22 of 117)
[2020-05-13 17:03:23] Importing domain.js.trap.gz (23 of 117)
[2020-05-13 17:03:23] Importing events.js.trap.gz (24 of 117)
[2020-05-13 17:03:23] Importing fs.js.trap.gz (25 of 117)
[2020-05-13 17:03:23] Importing globals.js.trap.gz (26 of 117)
[2020-05-13 17:03:24] Importing http.js.trap.gz (27 of 117)
[2020-05-13 17:03:24] Importing https.js.trap.gz (28 of 117)
[2020-05-13 17:03:24] Importing module.js.trap.gz (29 of 117)
[2020-05-13 17:03:24] Importing net.js.trap.gz (30 of 117)
[2020-05-13 17:03:24] Importing os.js.trap.gz (31 of 117)
[2020-05-13 17:03:24] Importing path.js.trap.gz (32 of 117)
[2020-05-13 17:03:24] Importing process.js.trap.gz (33 of 117)
[2020-05-13 17:03:24] Importing punycode.js.trap.gz (34 of 117)
[2020-05-13 17:03:24] Importing querystring.js.trap.gz (35 of 117)
[2020-05-13 17:03:24] Importing readline.js.trap.gz (36 of 117)
[2020-05-13 17:03:24] Importing repl.js.trap.gz (37 of 117)
[2020-05-13 17:03:24] Importing stream.js.trap.gz (38 of 117)
[2020-05-13 17:03:24] Importing string_decoder.js.trap.gz (39 of 117)
[2020-05-13 17:03:24] Importing sys.js.trap.gz (40 of 117)
[2020-05-13 17:03:24] Importing timers.js.trap.gz (41 of 117)
[2020-05-13 17:03:24] Importing tls.js.trap.gz (42 of 117)
[2020-05-13 17:03:24] Importing tty.js.trap.gz (43 of 117)
[2020-05-13 17:03:24] Importing url.js.trap.gz (44 of 117)
[2020-05-13 17:03:24] Importing util.js.trap.gz (45 of 117)
[2020-05-13 17:03:24] Importing v8.js.trap.gz (46 of 117)
[2020-05-13 17:03:24] Importing vm.js.trap.gz (47 of 117)
[2020-05-13 17:03:24] Importing zlib.js.trap.gz (48 of 117)
[2020-05-13 17:03:24] Importing jsshell.js.trap.gz (49 of 117)
[2020-05-13 17:03:24] Importing rhino.js.trap.gz (50 of 117)
[2020-05-13 17:03:24] Importing spidermonkey.js.trap.gz (51 of 117)
[2020-05-13 17:03:24] Importing v8.js.trap.gz (52 of 117)
[2020-05-13 17:03:24] Importing chrome.js.trap.gz (53 of 117)
[2020-05-13 17:03:24] Importing fetchapi.js.trap.gz (54 of 117)
[2020-05-13 17:03:24] Importing fileapi.js.trap.gz (55 of 117)
[2020-05-13 17:03:24] Importing flash.js.trap.gz (56 of 117)
[2020-05-13 17:03:24] Importing gecko_css.js.trap.gz (57 of 117)
[2020-05-13 17:03:24] Importing gecko_dom.js.trap.gz (58 of 117)
[2020-05-13 17:03:24] Importing gecko_event.js.trap.gz (59 of 117)
[2020-05-13 17:03:24] Importing gecko_ext.js.trap.gz (60 of 117)
[2020-05-13 17:03:24] Importing gecko_xml.js.trap.gz (61 of 117)
[2020-05-13 17:03:24] Importing html5.js.trap.gz (62 of 117)
[2020-05-13 17:03:24] Importing ie_css.js.trap.gz (63 of 117)
[2020-05-13 17:03:24] Importing ie_dom.js.trap.gz (64 of 117)
[2020-05-13 17:03:24] Importing ie_event.js.trap.gz (65 of 117)
[2020-05-13 17:03:24] Importing ie_vml.js.trap.gz (66 of 117)
[2020-05-13 17:03:24] Importing intl.js.trap.gz (67 of 117)
[2020-05-13 17:03:24] Importing iphone.js.trap.gz (68 of 117)
[2020-05-13 17:03:24] Importing mediasource.js.trap.gz (69 of 117)
[2020-05-13 17:03:24] Importing page_visibility.js.trap.gz (70 of 117)
[2020-05-13 17:03:24] Importing streamsapi.js.trap.gz (71 of 117)
[2020-05-13 17:03:24] Importing url.js.trap.gz (72 of 117)
[2020-05-13 17:03:24] Importing w3c_anim_timing.js.trap.gz (73 of 117)
[2020-05-13 17:03:24] Importing w3c_batterystatus.js.trap.gz (74 of 117)
[2020-05-13 17:03:24] Importing w3c_css.js.trap.gz (75 of 117)
[2020-05-13 17:03:25] Importing w3c_css3d.js.trap.gz (76 of 117)
[2020-05-13 17:03:25] Importing w3c_device_sensor_event.js.trap.gz (77 of 117)
[2020-05-13 17:03:25] Importing w3c_dom1.js.trap.gz (78 of 117)
[2020-05-13 17:03:25] Importing w3c_dom2.js.trap.gz (79 of 117)
[2020-05-13 17:03:25] Importing w3c_dom3.js.trap.gz (80 of 117)
[2020-05-13 17:03:25] Importing w3c_dom4.js.trap.gz (81 of 117)
[2020-05-13 17:03:25] Importing w3c_elementtraversal.js.trap.gz (82 of 117)
[2020-05-13 17:03:25] Importing w3c_encoding.js.trap.gz (83 of 117)
[2020-05-13 17:03:25] Importing w3c_event.js.trap.gz (84 of 117)
[2020-05-13 17:03:25] Importing w3c_event3.js.trap.gz (85 of 117)
[2020-05-13 17:03:25] Importing w3c_gamepad.js.trap.gz (86 of 117)
[2020-05-13 17:03:25] Importing w3c_geolocation.js.trap.gz (87 of 117)
[2020-05-13 17:03:25] Importing w3c_indexeddb.js.trap.gz (88 of 117)
[2020-05-13 17:03:25] Importing w3c_midi.js.trap.gz (89 of 117)
[2020-05-13 17:03:25] Importing w3c_navigation_timing.js.trap.gz (90 of 117)
[2020-05-13 17:03:25] Importing w3c_permissions.js.trap.gz (91 of 117)
[2020-05-13 17:03:25] Importing w3c_pointer_events.js.trap.gz (92 of 117)
[2020-05-13 17:03:25] Importing w3c_range.js.trap.gz (93 of 117)
[2020-05-13 17:03:25] Importing w3c_requestidlecallback.js.trap.gz (94 of 117)
[2020-05-13 17:03:25] Importing w3c_rtc.js.trap.gz (95 of 117)
[2020-05-13 17:03:25] Importing w3c_screen_orientation.js.trap.gz (96 of 117)
[2020-05-13 17:03:25] Importing w3c_selectors.js.trap.gz (97 of 117)
[2020-05-13 17:03:25] Importing w3c_serviceworker.js.trap.gz (98 of 117)
[2020-05-13 17:03:25] Importing w3c_touch_event.js.trap.gz (99 of 117)
[2020-05-13 17:03:25] Importing w3c_webcrypto.js.trap.gz (100 of 117)
[2020-05-13 17:03:25] Importing w3c_xml.js.trap.gz (101 of 117)
[2020-05-13 17:03:25] Importing webgl.js.trap.gz (102 of 117)
[2020-05-13 17:03:25] Importing webkit_css.js.trap.gz (103 of 117)
[2020-05-13 17:03:25] Importing webkit_dom.js.trap.gz (104 of 117)
[2020-05-13 17:03:25] Importing webkit_event.js.trap.gz (105 of 117)
[2020-05-13 17:03:25] Importing webkit_notifications.js.trap.gz (106 of 117)
[2020-05-13 17:03:25] Importing webkit_usercontent.js.trap.gz (107 of 117)
[2020-05-13 17:03:25] Importing webstorage.js.trap.gz (108 of 117)
[2020-05-13 17:03:25] Importing whatwg_encoding.js.trap.gz (109 of 117)
[2020-05-13 17:03:25] Importing window.js.trap.gz (110 of 117)
[2020-05-13 17:03:25] Importing as-function.js.trap.gz (111 of 117)
[2020-05-13 17:03:25] Importing should.js.trap.gz (112 of 117)
[2020-05-13 17:03:25] Importing should.js.trap.gz (113 of 117)
[2020-05-13 17:03:26] Importing package.json.trap.gz (114 of 117)
[2020-05-13 17:03:26] Importing should.d.ts.trap.gz (115 of 117)
[2020-05-13 17:03:26] Importing should.js.trap.gz (116 of 117)
[2020-05-13 17:03:26] Importing sourceLocationPrefix.trap.gz (117 of 117)
[2020-05-13 17:03:26] Merging 1 fragments for files.
[2020-05-13 17:03:26] Merging 1 fragments for folders.
[2020-05-13 17:03:26] Merging 1 fragments for containerparent.
[2020-05-13 17:03:26] Merging 3 fragments for locations_default.
[2020-05-13 17:03:26] Merging 4 fragments for hasLocation.
[2020-05-13 17:03:27] Merging 1 fragments for extraction_data.
[2020-05-13 17:03:27] Merging 1 fragments for scopes.
[2020-05-13 17:03:27] Merging 1 fragments for comments.
[2020-05-13 17:03:27] Merging 1 fragments for indentation.
[2020-05-13 17:03:27] Merging 1 fragments for numlines.
[2020-05-13 17:03:27] Merging 2 fragments for tokeninfo.
[2020-05-13 17:03:27] Merging 1 fragments for next_token.
[2020-05-13 17:03:27] Merging 1 fragments for jsdoc.
[2020-05-13 17:03:27] Merging 1 fragments for jsdoc_tags.
[2020-05-13 17:03:27] Merging 1 fragments for jsdoc_tag_descriptions.
[2020-05-13 17:03:27] Merging 1 fragments for jsdoc_tag_names.
[2020-05-13 17:03:27] Merging 1 fragments for jsdoc_type_exprs.
[2020-05-13 17:03:27] Merging 1 fragments for toplevels.
[2020-05-13 17:03:27] Merging 1 fragments for stmts.
[2020-05-13 17:03:27] Merging 1 fragments for stmtContainers.
[2020-05-13 17:03:27] Merging 1 fragments for exprs.
[2020-05-13 17:03:27] Merging 1 fragments for enclosingStmt.
[2020-05-13 17:03:27] Merging 1 fragments for exprContainers.
[2020-05-13 17:03:27] Merging 1 fragments for literals.
[2020-05-13 17:03:27] Merging 1 fragments for variables.
[2020-05-13 17:03:27] Merging 1 fragments for bind.
[2020-05-13 17:03:27] Merging 1 fragments for scopenodes.
[2020-05-13 17:03:27] Merging 1 fragments for scopenesting.
[2020-05-13 17:03:27] Merging 1 fragments for decl.
[2020-05-13 17:03:27] Merging 1 fragments for isArgumentsObject.
[2020-05-13 17:03:27] Merging 1 fragments for entry_cfg_node.
[2020-05-13 17:03:27] Merging 1 fragments for exit_cfg_node.
[2020-05-13 17:03:27] Merging 2 fragments for successor.
[2020-05-13 17:03:27] Merging 1 fragments for isExterns.
[2020-05-13 17:03:27] Merging 1 fragments for filetype.
[2020-05-13 17:03:27] Merging 1 fragments for extraction_time.
[2020-05-13 17:03:27] Merging 1 fragments for jsdoc_prefix_qualifier.
[2020-05-13 17:03:27] Merging 1 fragments for jsdoc_errors.
[2020-05-13 17:03:27] Merging 1 fragments for jsdoc_record_field_name.
[2020-05-13 17:03:27] Merging 1 fragments for jsdoc_has_new_parameter.
[2020-05-13 17:03:27] Merging 1 fragments for properties.
[2020-05-13 17:03:27] Merging 1 fragments for regexpterm.
[2020-05-13 17:03:27] Merging 1 fragments for regexpConstValue.
[2020-05-13 17:03:27] Merging 1 fragments for guard_node.
[2020-05-13 17:03:27] Merging 1 fragments for isModule.
[2020-05-13 17:03:27] Merging 1 fragments for isNodejs.
[2020-05-13 17:03:27] Merging 1 fragments for arraySize.
[2020-05-13 17:03:27] Merging 1 fragments for isES2015Module.
[2020-05-13 17:03:27] Merging 1 fragments for local_type_names.
[2020-05-13 17:03:27] Merging 1 fragments for local_namespace_names.
[2020-05-13 17:03:27] Merging 1 fragments for typedecl.
[2020-05-13 17:03:27] Merging 1 fragments for namespacedecl.
[2020-05-13 17:03:27] Merging 1 fragments for json.
[2020-05-13 17:03:27] Merging 1 fragments for json_locations.
[2020-05-13 17:03:27] Merging 1 fragments for json_literals.
[2020-05-13 17:03:27] Merging 1 fragments for json_properties.
[2020-05-13 17:03:27] Merging 1 fragments for hasDeclareKeyword.
[2020-05-13 17:03:27] Merging 1 fragments for typeexprs.
[2020-05-13 17:03:27] Merging 1 fragments for namespacebind.
[2020-05-13 17:03:27] Merging 1 fragments for isOptionalParameterDeclaration.
[2020-05-13 17:03:27] Merging 1 fragments for isMethod.
[2020-05-13 17:03:27] Merging 1 fragments for isAbstractMember.
[2020-05-13 17:03:27] Merging 1 fragments for typebind.
[2020-05-13 17:03:27] Merging 1 fragments for hasRestParameter.
[2020-05-13 17:03:27] Merging 1 fragments for isInstantiated.
[2020-05-13 17:03:27] Merging 1 fragments for isCapture.
[2020-05-13 17:03:27] Merging 1 fragments for isGreedy.
[2020-05-13 17:03:27] Merging 1 fragments for charClassEscape.
[2020-05-13 17:03:27] Merging 1 fragments for jumpTargets.
[2020-05-13 17:03:27] Merging 1 fragments for sourceLocationPrefix.
[2020-05-13 17:03:27] Saving string and id pools to disk.
[2020-05-13 17:03:27] Finished importing trap files.
[2020-05-13 17:03:27] Stopped the world to close the cache at sequence stamp o+3
[2020-05-13 17:03:27] The disk cache is freshly trimmed; leave it be.
[2020-05-13 17:03:27] Starting the world again
[2020-05-13 17:03:27] Plumbing command codeql dataset import completed.
[2020-05-13 17:03:27] [PROGRESS] database finalize> TRAP import complete (5.6s).
[2020-05-13 17:03:27] Running plumbing command: codeql database cleanup --mode=normal -- /Users/alexoneill/Documents/GitHub/OSC-Code/Tools/LGTM/DB_Storage/should-13-2-3DB
[2020-05-13 17:03:27] [PROGRESS] database cleanup> Cleaning up existing TRAP files after import...
[2020-05-13 17:03:27] [PROGRESS] database cleanup> TRAP files cleaned up (24ms).
[2020-05-13 17:03:27] Running plumbing command: codeql dataset cleanup --mode=normal -- /Users/alexoneill/Documents/GitHub/OSC-Code/Tools/LGTM/DB_Storage/should-13-2-3DB/db-javascript
[2020-05-13 17:03:27] [PROGRESS] dataset cleanup> Cleaning up dataset in /Users/alexoneill/Documents/GitHub/OSC-Code/Tools/LGTM/DB_Storage/should-13-2-3DB/db-javascript.
[2020-05-13 17:03:27] Trimming disk cache at /Users/alexoneill/Documents/GitHub/OSC-Code/Tools/LGTM/DB_Storage/should-13-2-3DB/db-javascript/default/cache in mode normal.
[2020-05-13 17:03:27] Sequence stamp origin is -6727448618600106981
[2020-05-13 17:03:27] Stopped the world to zealously trim disk at sequence stamp o+0
[2020-05-13 17:03:27] Starting the world again
[2020-05-13 17:03:27] Trimming completed (1ms): Trimmed disposable data from cache.
[2020-05-13 17:03:27] Stopped the world to close the cache at sequence stamp o+1
[2020-05-13 17:03:27] The disk cache is freshly trimmed; leave it be.
[2020-05-13 17:03:27] Starting the world again
[2020-05-13 17:03:27] [PROGRESS] dataset cleanup> Trimmed disposable data from cache.
[2020-05-13 17:03:27] Plumbing command codeql dataset cleanup completed.
[2020-05-13 17:03:27] Plumbing command codeql database cleanup completed with status 0.
[2020-05-13 17:03:27] Plumbing command codeql database finalize completed with status 0.
[2020-05-13 17:03:27] [PROGRESS] database create> Successfully created database at /Users/alexoneill/Documents/GitHub/OSC-Code/Tools/LGTM/DB_Storage/should-13-2-3DB.
[2020-05-13 17:03:27] Terminating normally.
